[2015-12-23 02:31:04] /shop/cate-478-0-4-0-0-0-0-0-0.html ( act=search&op=index ) 
ERR: Db Error: Unknown column 'goods_id' in 'where clause'
SELECT COUNT(*) AS nc_count FROM `shopwwi_goods_common` WHERE ( gc_id_3 = '478' ) AND ( goods_id IN ('100096','100107','100116','100117','100121','100122','100126','100127','100128','100129','100130','100131','100134','100141') ) LIMIT 1  
[2015-12-23 02:31:04] /shop/cate-478-0-4-0-0-0-0-0-0.html ( act=search&op=index ) 
ERR: Db Error: Unknown column 'goods_id' in 'where clause'
SELECT COUNT(*) AS nc_count FROM `shopwwi_goods_common` WHERE ( gc_id_3 = '478' ) AND ( goods_id IN ('100096','100107','100116','100117','100121','100122','100126','100127','100128','100129','100130','100131','100134','100141') ) LIMIT 1  
[2015-12-23 02:31:43] /shop/cate-478-0-4-0-0-0-0-0-0.html ( act=search&op=index ) 
ERR: Db Error: Unknown column 'goods_id' in 'where clause'
SELECT COUNT(*) AS nc_count FROM `shopwwi_goods_common` WHERE ( gc_id_3 = '478' ) AND ( goods_id IN ('100096','100107','100116','100117','100121','100122','100126','100127','100128','100129','100130','100131','100134','100141') ) LIMIT 1  
[2015-12-23 02:31:44] /shop/cate-478-0-4-0-0-0-0-0-0.html ( act=search&op=index ) 
ERR: Db Error: Unknown column 'goods_id' in 'where clause'
SELECT COUNT(*) AS nc_count FROM `shopwwi_goods_common` WHERE ( gc_id_3 = '478' ) AND ( goods_id IN ('100096','100107','100116','100117','100121','100122','100126','100127','100128','100129','100130','100131','100134','100141') ) LIMIT 1  
[2015-12-23 08:26:10] /circle/ ( act=index&op=index ) 
ERR: Db Error: Unknown table 'circle'
SELECT circle.*, is_hot*rand() as rand FROM `shopwwi_circle` WHERE ( circle_status = '1' ) AND ( is_hot = '1' ) ORDER BY rand desc LIMIT 3  
[2015-12-23 08:26:10] /circle/ ( act=index&op=index ) 
ERR: Db Error: Unknown table 'circle'
SELECT circle.*, is_recommend*rand() as rand FROM `shopwwi_circle` WHERE ( circle_status = '1' ) AND ( is_recommend = '1' ) ORDER BY rand desc LIMIT 20  
[2015-12-23 08:26:10] /circle/ ( act=index&op=index ) 
ERR: Db Error: Unknown table 'circle_theme'
SELECT circle_theme.*, is_recommend*rand() as rand FROM `shopwwi_circle_theme` WHERE ( has_affix = '1' ) AND ( is_closed = '0' ) AND ( is_recommend = '1' ) ORDER BY rand desc LIMIT 8  
[2015-12-23 08:26:10] /circle/ ( act=index&op=index ) 
ERR: Db Error: Unknown table 'circle_member'
SELECT circle_member.*, is_recommend*rand() as rand FROM `shopwwi_circle_member` WHERE ( is_recommend = '1' ) ORDER BY rand desc LIMIT 5  
[2015-12-23 13:49:18] /circle/ ( act=index&op=index ) 
ERR: Db Error: Unknown table 'circle'
SELECT circle.*, is_hot*rand() as rand FROM `shopwwi_circle` WHERE ( circle_status = '1' ) AND ( is_hot = '1' ) ORDER BY rand desc LIMIT 3  
[2015-12-23 13:49:18] /circle/ ( act=index&op=index ) 
ERR: Db Error: Unknown table 'circle'
SELECT circle.*, is_recommend*rand() as rand FROM `shopwwi_circle` WHERE ( circle_status = '1' ) AND ( is_recommend = '1' ) ORDER BY rand desc LIMIT 20  
[2015-12-23 13:49:18] /circle/ ( act=index&op=index ) 
ERR: Db Error: Unknown table 'circle_theme'
SELECT circle_theme.*, is_recommend*rand() as rand FROM `shopwwi_circle_theme` WHERE ( has_affix = '1' ) AND ( is_closed = '0' ) AND ( is_recommend = '1' ) ORDER BY rand desc LIMIT 8  
[2015-12-23 13:49:18] /circle/ ( act=index&op=index ) 
ERR: Db Error: Unknown table 'circle_member'
SELECT circle_member.*, is_recommend*rand() as rand FROM `shopwwi_circle_member` WHERE ( is_recommend = '1' ) ORDER BY rand desc LIMIT 5  
[2015-12-23 16:33:15] /shop/index.php?order=&act=store_list&cate_id=0&keyword=&area_info= ( act=store_list&op=index ) 
ERR: Db Error: Table 'shopwwi.shopwwi_order' doesn't exist
SELECT store_id,count(*) as order_count FROM `shopwwi_order` WHERE ( store_id IN ('1','2') ) AND ( add_time > '1443083595' ) GROUP BY store_id LIMIT 1000  
[2015-12-23 16:33:33] /shop/index.php?act=store_list&op=index ( act=store_list&op=index ) 
ERR: Db Error: Table 'shopwwi.shopwwi_order' doesn't exist
SELECT store_id,count(*) as order_count FROM `shopwwi_order` WHERE ( store_id IN ('1','2') ) AND ( add_time > '1443083613' ) GROUP BY store_id LIMIT 1000  
[2015-12-23 16:36:27] /shop/index.php?act=store_list&op=index ( act=store_list&op=index ) 
ERR: Db Error: Table 'shopwwi.shopwwi_order' doesn't exist
SELECT store_id,count(*) as order_count FROM `shopwwi_order` WHERE ( store_id IN ('1','2') ) AND ( add_time > '1443083787' ) GROUP BY store_id LIMIT 1000  
[2015-12-23 17:14:45] /shop/cate-478-0-2-0-0-0-0-0-0.html ( act=search&op=index ) 
ERR: Db Error: Unknown column 'goods_id' in 'where clause'
SELECT COUNT(*) AS nc_count FROM `shopwwi_goods_common` WHERE ( gc_id_3 = '478' ) AND ( goods_id IN ('100094','100095','100097','100099','100100','100102','100103','100105','100106','100108','100136','100138','100145','100146') ) LIMIT 1  
[2015-12-23 17:14:53] /shop/cate-478-0-2_22-0-0-0-0-0-0.html ( act=search&op=index ) 
ERR: Db Error: Unknown column 'goods_id' in 'where clause'
SELECT COUNT(*) AS nc_count FROM `shopwwi_goods_common` WHERE ( gc_id_3 = '478' ) AND ( goods_id IN ('100094','100097','100099','100103','100105','100108','100136') ) LIMIT 1  
[2015-12-23 17:15:04] /shop/cate-478-0-2_22_25-0-0-0-0-0-0.html ( act=search&op=index ) 
ERR: Db Error: Unknown column 'goods_id' in 'where clause'
SELECT COUNT(*) AS nc_count FROM `shopwwi_goods_common` WHERE ( gc_id_3 = '478' ) AND ( goods_id IN ('100094','100097','100099','100103','100105','100108','100136') ) LIMIT 1  
[2015-12-23 19:33:56] /shop/cate-478-0-11-0-0-0-0-0-0.html ( act=search&op=index ) 
ERR: Db Error: Unknown column 'goods_id' in 'where clause'
SELECT COUNT(*) AS nc_count FROM `shopwwi_goods_common` WHERE ( gc_id_3 = '478' ) AND ( goods_id IN ('100097') ) LIMIT 1  
[2015-12-23 20:20:45] /circle/ ( act=index&op=index ) 
ERR: Db Error: Unknown table 'circle'
SELECT circle.*, is_hot*rand() as rand FROM `shopwwi_circle` WHERE ( circle_status = '1' ) AND ( is_hot = '1' ) ORDER BY rand desc LIMIT 3  
[2015-12-23 20:20:45] /circle/ ( act=index&op=index ) 
ERR: Db Error: Unknown table 'circle'
SELECT circle.*, is_recommend*rand() as rand FROM `shopwwi_circle` WHERE ( circle_status = '1' ) AND ( is_recommend = '1' ) ORDER BY rand desc LIMIT 20  
[2015-12-23 20:20:45] /circle/ ( act=index&op=index ) 
ERR: Db Error: Unknown table 'circle_theme'
SELECT circle_theme.*, is_recommend*rand() as rand FROM `shopwwi_circle_theme` WHERE ( has_affix = '1' ) AND ( is_closed = '0' ) AND ( is_recommend = '1' ) ORDER BY rand desc LIMIT 8  
[2015-12-23 20:20:45] /circle/ ( act=index&op=index ) 
ERR: Db Error: Unknown table 'circle_member'
SELECT circle_member.*, is_recommend*rand() as rand FROM `shopwwi_circle_member` WHERE ( is_recommend = '1' ) ORDER BY rand desc LIMIT 5  
[2015-12-23 22:33:13] /circle/ ( act=index&op=index ) 
ERR: Db Error: Unknown table 'circle'
SELECT circle.*, is_hot*rand() as rand FROM `shopwwi_circle` WHERE ( circle_status = '1' ) AND ( is_hot = '1' ) ORDER BY rand desc LIMIT 3  
[2015-12-23 22:33:13] /circle/ ( act=index&op=index ) 
ERR: Db Error: Unknown table 'circle'
SELECT circle.*, is_recommend*rand() as rand FROM `shopwwi_circle` WHERE ( circle_status = '1' ) AND ( is_recommend = '1' ) ORDER BY rand desc LIMIT 20  
[2015-12-23 22:33:13] /circle/ ( act=index&op=index ) 
ERR: Db Error: Unknown table 'circle_theme'
SELECT circle_theme.*, is_recommend*rand() as rand FROM `shopwwi_circle_theme` WHERE ( has_affix = '1' ) AND ( is_closed = '0' ) AND ( is_recommend = '1' ) ORDER BY rand desc LIMIT 8  
[2015-12-23 22:33:13] /circle/ ( act=index&op=index ) 
ERR: Db Error: Unknown table 'circle_member'
SELECT circle_member.*, is_recommend*rand() as rand FROM `shopwwi_circle_member` WHERE ( is_recommend = '1' ) ORDER BY rand desc LIMIT 5  
[2015-12-23 22:55:54] /circle/ ( act=index&op=index ) 
ERR: Db Error: Unknown table 'circle'
SELECT circle.*, is_hot*rand() as rand FROM `shopwwi_circle` WHERE ( circle_status = '1' ) AND ( is_hot = '1' ) ORDER BY rand desc LIMIT 3  
[2015-12-23 22:55:54] /circle/ ( act=index&op=index ) 
ERR: Db Error: Unknown table 'circle'
SELECT circle.*, is_recommend*rand() as rand FROM `shopwwi_circle` WHERE ( circle_status = '1' ) AND ( is_recommend = '1' ) ORDER BY rand desc LIMIT 20  
[2015-12-23 22:55:54] /circle/ ( act=index&op=index ) 
ERR: Db Error: Unknown table 'circle_theme'
SELECT circle_theme.*, is_recommend*rand() as rand FROM `shopwwi_circle_theme` WHERE ( has_affix = '1' ) AND ( is_closed = '0' ) AND ( is_recommend = '1' ) ORDER BY rand desc LIMIT 8  
[2015-12-23 22:55:54] /circle/ ( act=index&op=index ) 
ERR: Db Error: Unknown table 'circle_member'
SELECT circle_member.*, is_recommend*rand() as rand FROM `shopwwi_circle_member` WHERE ( is_recommend = '1' ) ORDER BY rand desc LIMIT 5  
[2015-12-23 22:56:09] /circle/ ( act=index&op=index ) 
ERR: Db Error: Unknown table 'circle'
SELECT circle.*, is_hot*rand() as rand FROM `shopwwi_circle` WHERE ( circle_status = '1' ) AND ( is_hot = '1' ) ORDER BY rand desc LIMIT 3  
[2015-12-23 22:56:09] /circle/ ( act=index&op=index ) 
ERR: Db Error: Unknown table 'circle'
SELECT circle.*, is_recommend*rand() as rand FROM `shopwwi_circle` WHERE ( circle_status = '1' ) AND ( is_recommend = '1' ) ORDER BY rand desc LIMIT 20  
[2015-12-23 22:56:09] /circle/ ( act=index&op=index ) 
ERR: Db Error: Unknown table 'circle_theme'
SELECT circle_theme.*, is_recommend*rand() as rand FROM `shopwwi_circle_theme` WHERE ( has_affix = '1' ) AND ( is_closed = '0' ) AND ( is_recommend = '1' ) ORDER BY rand desc LIMIT 8  
[2015-12-23 22:56:09] /circle/ ( act=index&op=index ) 
ERR: Db Error: Unknown table 'circle_member'
SELECT circle_member.*, is_recommend*rand() as rand FROM `shopwwi_circle_member` WHERE ( is_recommend = '1' ) ORDER BY rand desc LIMIT 5  
[2015-12-23 22:56:13] /circle/ ( act=index&op=index ) 
ERR: Db Error: Unknown table 'circle'
SELECT circle.*, is_hot*rand() as rand FROM `shopwwi_circle` WHERE ( circle_status = '1' ) AND ( is_hot = '1' ) ORDER BY rand desc LIMIT 3  
[2015-12-23 22:56:13] /circle/ ( act=index&op=index ) 
ERR: Db Error: Unknown table 'circle'
SELECT circle.*, is_recommend*rand() as rand FROM `shopwwi_circle` WHERE ( circle_status = '1' ) AND ( is_recommend = '1' ) ORDER BY rand desc LIMIT 20  
[2015-12-23 22:56:13] /circle/ ( act=index&op=index ) 
ERR: Db Error: Unknown table 'circle_theme'
SELECT circle_theme.*, is_recommend*rand() as rand FROM `shopwwi_circle_theme` WHERE ( has_affix = '1' ) AND ( is_closed = '0' ) AND ( is_recommend = '1' ) ORDER BY rand desc LIMIT 8  
[2015-12-23 22:56:13] /circle/ ( act=index&op=index ) 
ERR: Db Error: Unknown table 'circle_member'
SELECT circle_member.*, is_recommend*rand() as rand FROM `shopwwi_circle_member` WHERE ( is_recommend = '1' ) ORDER BY rand desc LIMIT 5  
