[2015-12-21 00:39:39] /shop/cate-478-0-1-0-0-0-0-0-0.html ( act=search&op=index ) 
ERR: Db Error: Unknown column 'goods_id' in 'where clause'
SELECT COUNT(*) AS nc_count FROM `shopwwi_goods_common` WHERE ( gc_id_3 = '478' ) AND ( goods_id IN ('100093') ) LIMIT 1  
[2015-12-21 00:39:40] /shop/cate-478-0-1-0-0-0-0-0-0.html ( act=search&op=index ) 
ERR: Db Error: Unknown column 'goods_id' in 'where clause'
SELECT COUNT(*) AS nc_count FROM `shopwwi_goods_common` WHERE ( gc_id_3 = '478' ) AND ( goods_id IN ('100093') ) LIMIT 1  
[2015-12-21 00:39:46] /shop/cate-478-0-1-0-0-0-0-0-0.html ( act=search&op=index ) 
ERR: Db Error: Unknown column 'goods_id' in 'where clause'
SELECT COUNT(*) AS nc_count FROM `shopwwi_goods_common` WHERE ( gc_id_3 = '478' ) AND ( goods_id IN ('100093') ) LIMIT 1  
[2015-12-21 01:10:51] /circle/ ( act=index&op=index ) 
ERR: Db Error: Unknown table 'circle'
SELECT circle.*, is_hot*rand() as rand FROM `shopwwi_circle` WHERE ( circle_status = '1' ) AND ( is_hot = '1' ) ORDER BY rand desc LIMIT 3  
[2015-12-21 01:10:51] /circle/ ( act=index&op=index ) 
ERR: Db Error: Unknown table 'circle'
SELECT circle.*, is_recommend*rand() as rand FROM `shopwwi_circle` WHERE ( circle_status = '1' ) AND ( is_recommend = '1' ) ORDER BY rand desc LIMIT 20  
[2015-12-21 01:10:51] /circle/ ( act=index&op=index ) 
ERR: Db Error: Unknown table 'circle_theme'
SELECT circle_theme.*, is_recommend*rand() as rand FROM `shopwwi_circle_theme` WHERE ( has_affix = '1' ) AND ( is_closed = '0' ) AND ( is_recommend = '1' ) ORDER BY rand desc LIMIT 8  
[2015-12-21 01:10:51] /circle/ ( act=index&op=index ) 
ERR: Db Error: Unknown table 'circle_member'
SELECT circle_member.*, is_recommend*rand() as rand FROM `shopwwi_circle_member` WHERE ( is_recommend = '1' ) ORDER BY rand desc LIMIT 5  
[2015-12-21 05:11:38] /circle/ ( act=index&op=index ) 
ERR: Db Error: Unknown table 'circle'
SELECT circle.*, is_hot*rand() as rand FROM `shopwwi_circle` WHERE ( circle_status = '1' ) AND ( is_hot = '1' ) ORDER BY rand desc LIMIT 3  
[2015-12-21 05:11:38] /circle/ ( act=index&op=index ) 
ERR: Db Error: Unknown table 'circle'
SELECT circle.*, is_recommend*rand() as rand FROM `shopwwi_circle` WHERE ( circle_status = '1' ) AND ( is_recommend = '1' ) ORDER BY rand desc LIMIT 20  
[2015-12-21 05:11:38] /circle/ ( act=index&op=index ) 
ERR: Db Error: Unknown table 'circle_theme'
SELECT circle_theme.*, is_recommend*rand() as rand FROM `shopwwi_circle_theme` WHERE ( has_affix = '1' ) AND ( is_closed = '0' ) AND ( is_recommend = '1' ) ORDER BY rand desc LIMIT 8  
[2015-12-21 05:11:38] /circle/ ( act=index&op=index ) 
ERR: Db Error: Unknown table 'circle_member'
SELECT circle_member.*, is_recommend*rand() as rand FROM `shopwwi_circle_member` WHERE ( is_recommend = '1' ) ORDER BY rand desc LIMIT 5  
[2015-12-21 12:19:31] /circle/ ( act=index&op=index ) 
ERR: Db Error: Unknown table 'circle'
SELECT circle.*, is_hot*rand() as rand FROM `shopwwi_circle` WHERE ( circle_status = '1' ) AND ( is_hot = '1' ) ORDER BY rand desc LIMIT 3  
[2015-12-21 12:19:31] /circle/ ( act=index&op=index ) 
ERR: Db Error: Unknown table 'circle'
SELECT circle.*, is_recommend*rand() as rand FROM `shopwwi_circle` WHERE ( circle_status = '1' ) AND ( is_recommend = '1' ) ORDER BY rand desc LIMIT 20  
[2015-12-21 12:19:31] /circle/ ( act=index&op=index ) 
ERR: Db Error: Unknown table 'circle_theme'
SELECT circle_theme.*, is_recommend*rand() as rand FROM `shopwwi_circle_theme` WHERE ( has_affix = '1' ) AND ( is_closed = '0' ) AND ( is_recommend = '1' ) ORDER BY rand desc LIMIT 8  
[2015-12-21 12:19:31] /circle/ ( act=index&op=index ) 
ERR: Db Error: Unknown table 'circle_member'
SELECT circle_member.*, is_recommend*rand() as rand FROM `shopwwi_circle_member` WHERE ( is_recommend = '1' ) ORDER BY rand desc LIMIT 5  
[2015-12-21 14:11:52] /shop/cate-478-0-8-0-0-0-0-0-0.html ( act=search&op=index ) 
ERR: Db Error: Unknown column 'goods_id' in 'where clause'
SELECT COUNT(*) AS nc_count FROM `shopwwi_goods_common` WHERE ( gc_id_3 = '478' ) AND ( goods_id IN ('100093','100094','100097','100098','100099','100100','100101','100102','100105','100109','100110','100111','100115','100116','100117','100119','100124','100126','100128','100129','100132','100135','100140','100142') ) LIMIT 1  
[2015-12-21 14:12:21] /shop/index.php?act=search&op=index&keyword=%E5%8A%B3%E5%8A%9B%E5%A3%AB&ci=1 ( act=search&op=index ) 
ERR: Db Error: Unknown column 'contract_1' in 'where clause'
SELECT COUNT(*) AS nc_count FROM `shopwwi_goods_common` WHERE ( (goods_name LIKE '%劳力士%') OR (goods_jingle LIKE '%劳力士%') ) AND ( contract_1 = '1' ) LIMIT 1  
[2015-12-21 14:31:30] /circle/ ( act=index&op=index ) 
ERR: Db Error: Unknown table 'circle'
SELECT circle.*, is_hot*rand() as rand FROM `shopwwi_circle` WHERE ( circle_status = '1' ) AND ( is_hot = '1' ) ORDER BY rand desc LIMIT 3  
[2015-12-21 14:31:30] /circle/ ( act=index&op=index ) 
ERR: Db Error: Unknown table 'circle'
SELECT circle.*, is_recommend*rand() as rand FROM `shopwwi_circle` WHERE ( circle_status = '1' ) AND ( is_recommend = '1' ) ORDER BY rand desc LIMIT 20  
[2015-12-21 14:31:30] /circle/ ( act=index&op=index ) 
ERR: Db Error: Unknown table 'circle_theme'
SELECT circle_theme.*, is_recommend*rand() as rand FROM `shopwwi_circle_theme` WHERE ( has_affix = '1' ) AND ( is_closed = '0' ) AND ( is_recommend = '1' ) ORDER BY rand desc LIMIT 8  
[2015-12-21 14:31:30] /circle/ ( act=index&op=index ) 
ERR: Db Error: Unknown table 'circle_member'
SELECT circle_member.*, is_recommend*rand() as rand FROM `shopwwi_circle_member` WHERE ( is_recommend = '1' ) ORDER BY rand desc LIMIT 5  
[2015-12-21 20:26:34] /shop/cate-478-0-1-0-0-0-0-0-0.html ( act=search&op=index ) 
ERR: Db Error: Unknown column 'goods_id' in 'where clause'
SELECT COUNT(*) AS nc_count FROM `shopwwi_goods_common` WHERE ( gc_id_3 = '478' ) AND ( goods_id IN ('100093') ) LIMIT 1  
[2015-12-21 20:26:40] /shop/cate-478-0-23-0-0-0-0-0-0.html ( act=search&op=index ) 
ERR: Db Error: Unknown column 'goods_id' in 'where clause'
SELECT COUNT(*) AS nc_count FROM `shopwwi_goods_common` WHERE ( gc_id_3 = '478' ) AND ( goods_id IN ('100093','100096','100104','100118','100121') ) LIMIT 1  
[2015-12-21 20:26:41] /shop/cate-478-0-8-0-0-0-0-0-0.html ( act=search&op=index ) 
ERR: Db Error: Unknown column 'goods_id' in 'where clause'
SELECT COUNT(*) AS nc_count FROM `shopwwi_goods_common` WHERE ( gc_id_3 = '478' ) AND ( goods_id IN ('100093','100094','100097','100098','100099','100100','100101','100102','100105','100109','100110','100111','100115','100116','100117','100119','100124','100126','100128','100129','100132','100135','100140','100142') ) LIMIT 1  
[2015-12-21 20:26:41] /shop/cate-478-0-13-0-0-0-0-0-0.html ( act=search&op=index ) 
ERR: Db Error: Unknown column 'goods_id' in 'where clause'
SELECT COUNT(*) AS nc_count FROM `shopwwi_goods_common` WHERE ( gc_id_3 = '478' ) AND ( goods_id IN ('100095','100096','100098','100099','100100','100101','100104','100105','100106','100108','100113','100115','100116','100117','100118','100120','100123','100124','100127','100129','100130','100133','100136','100137','100139','100140','100141') ) LIMIT 1  
[2015-12-21 20:26:49] /shop/cate-478-0-23_7-0-0-0-0-0-0.html ( act=search&op=index ) 
ERR: Db Error: Unknown column 'goods_id' in 'where clause'
SELECT COUNT(*) AS nc_count FROM `shopwwi_goods_common` WHERE ( gc_id_3 = '478' ) AND ( goods_id IN('') ) LIMIT 1  
[2015-12-21 20:27:04] /shop/cate-478-127-23_7-0-0-0-0-0-0.html ( act=search&op=index ) 
ERR: Db Error: Unknown column 'goods_id' in 'where clause'
SELECT COUNT(*) AS nc_count FROM `shopwwi_goods_common` WHERE ( gc_id_3 = '478' ) AND ( brand_id = '127' ) AND ( goods_id IN('') ) LIMIT 1  
[2015-12-21 20:27:10] /shop/cate-478-127-23_7_25-0-0-0-0-0-0.html ( act=search&op=index ) 
ERR: Db Error: Unknown column 'goods_id' in 'where clause'
SELECT COUNT(*) AS nc_count FROM `shopwwi_goods_common` WHERE ( gc_id_3 = '478' ) AND ( brand_id = '127' ) AND ( goods_id IN('') ) LIMIT 1  
[2015-12-21 20:27:15] /shop/cate-478-0-23_7_25-0-0-0-0-0-0.html ( act=search&op=index ) 
ERR: Db Error: Unknown column 'goods_id' in 'where clause'
SELECT COUNT(*) AS nc_count FROM `shopwwi_goods_common` WHERE ( gc_id_3 = '478' ) AND ( goods_id IN('') ) LIMIT 1  
[2015-12-21 20:59:03] /circle/ ( act=index&op=index ) 
ERR: Db Error: Unknown table 'circle'
SELECT circle.*, is_hot*rand() as rand FROM `shopwwi_circle` WHERE ( circle_status = '1' ) AND ( is_hot = '1' ) ORDER BY rand desc LIMIT 3  
[2015-12-21 20:59:03] /circle/ ( act=index&op=index ) 
ERR: Db Error: Unknown table 'circle'
SELECT circle.*, is_recommend*rand() as rand FROM `shopwwi_circle` WHERE ( circle_status = '1' ) AND ( is_recommend = '1' ) ORDER BY rand desc LIMIT 20  
[2015-12-21 20:59:03] /circle/ ( act=index&op=index ) 
ERR: Db Error: Unknown table 'circle_theme'
SELECT circle_theme.*, is_recommend*rand() as rand FROM `shopwwi_circle_theme` WHERE ( has_affix = '1' ) AND ( is_closed = '0' ) AND ( is_recommend = '1' ) ORDER BY rand desc LIMIT 8  
[2015-12-21 20:59:03] /circle/ ( act=index&op=index ) 
ERR: Db Error: Unknown table 'circle_member'
SELECT circle_member.*, is_recommend*rand() as rand FROM `shopwwi_circle_member` WHERE ( is_recommend = '1' ) ORDER BY rand desc LIMIT 5  
[2015-12-21 22:37:46] /crontab/index.php?act=date&op=index ( act=date&op=index ) 
ERR: Db Error: Unknown column 'orders.order_id' in 'field list'
SELECT  orders.order_id,orders.add_time,orders.buyer_id,orders.buyer_name,orders.order_amount,order_log.log_orderstate,orders.payment_code FROM `shopwwi_pd_log` WHERE (  (lg_add_time BETWEEN '1450022400' AND '1450108799' ) ) GROUP BY lg_member_id ORDER BY lg_member_id LIMIT 1000  
[2015-12-21 22:37:46] /crontab/index.php?act=date&op=index ( act=date&op=index ) 
ERR: Db Error: Unknown column 'orders.order_id' in 'field list'
SELECT  orders.order_id,orders.add_time,orders.buyer_id,orders.buyer_name,orders.order_amount,order_log.log_orderstate,orders.payment_code FROM `shopwwi_points_log` WHERE (  (pl_addtime BETWEEN '1450022400' AND '1450108799' ) ) GROUP BY pl_memberid LIMIT 1000  
[2015-12-21 22:37:46] /crontab/index.php?act=date&op=index ( act=date&op=index ) 
ERR: Db Error: Unknown column 'orders.order_id' in 'field list'
SELECT  orders.order_id,orders.add_time,orders.buyer_id,orders.buyer_name,orders.order_amount,order_log.log_orderstate,orders.payment_code FROM `shopwwi_pd_log` WHERE (  (lg_add_time BETWEEN '1450108800' AND '1450195199' ) ) GROUP BY lg_member_id ORDER BY lg_member_id LIMIT 1000  
[2015-12-21 22:37:46] /crontab/index.php?act=date&op=index ( act=date&op=index ) 
ERR: Db Error: Unknown column 'orders.order_id' in 'field list'
SELECT  orders.order_id,orders.add_time,orders.buyer_id,orders.buyer_name,orders.order_amount,order_log.log_orderstate,orders.payment_code FROM `shopwwi_points_log` WHERE (  (pl_addtime BETWEEN '1450108800' AND '1450195199' ) ) GROUP BY pl_memberid LIMIT 1000  
[2015-12-21 22:37:46] /crontab/index.php?act=date&op=index ( act=date&op=index ) 
ERR: Db Error: Unknown column 'orders.order_id' in 'field list'
SELECT  orders.order_id,orders.add_time,orders.buyer_id,orders.buyer_name,orders.order_amount,order_log.log_orderstate,orders.payment_code FROM `shopwwi_pd_log` WHERE (  (lg_add_time BETWEEN '1450195200' AND '1450281599' ) ) GROUP BY lg_member_id ORDER BY lg_member_id LIMIT 1000  
[2015-12-21 22:37:46] /crontab/index.php?act=date&op=index ( act=date&op=index ) 
ERR: Db Error: Unknown column 'orders.order_id' in 'field list'
SELECT  orders.order_id,orders.add_time,orders.buyer_id,orders.buyer_name,orders.order_amount,order_log.log_orderstate,orders.payment_code FROM `shopwwi_points_log` WHERE (  (pl_addtime BETWEEN '1450195200' AND '1450281599' ) ) GROUP BY pl_memberid LIMIT 1000  
[2015-12-21 22:37:46] /crontab/index.php?act=date&op=index ( act=date&op=index ) 
ERR: Db Error: Unknown column 'orders.order_id' in 'field list'
SELECT  orders.order_id,orders.add_time,orders.buyer_id,orders.buyer_name,orders.order_amount,order_log.log_orderstate,orders.payment_code FROM `shopwwi_pd_log` WHERE (  (lg_add_time BETWEEN '1450281600' AND '1450367999' ) ) GROUP BY lg_member_id ORDER BY lg_member_id LIMIT 1000  
[2015-12-21 22:37:46] /crontab/index.php?act=date&op=index ( act=date&op=index ) 
ERR: Db Error: Unknown column 'orders.order_id' in 'field list'
SELECT  orders.order_id,orders.add_time,orders.buyer_id,orders.buyer_name,orders.order_amount,order_log.log_orderstate,orders.payment_code FROM `shopwwi_points_log` WHERE (  (pl_addtime BETWEEN '1450281600' AND '1450367999' ) ) GROUP BY pl_memberid LIMIT 1000  
[2015-12-21 22:37:46] /crontab/index.php?act=date&op=index ( act=date&op=index ) 
ERR: Db Error: Unknown column 'orders.order_id' in 'field list'
SELECT  orders.order_id,orders.add_time,orders.buyer_id,orders.buyer_name,orders.order_amount,order_log.log_orderstate,orders.payment_code FROM `shopwwi_pd_log` WHERE (  (lg_add_time BETWEEN '1450368000' AND '1450454399' ) ) GROUP BY lg_member_id ORDER BY lg_member_id LIMIT 1000  
[2015-12-21 22:37:46] /crontab/index.php?act=date&op=index ( act=date&op=index ) 
ERR: Db Error: Unknown column 'orders.order_id' in 'field list'
SELECT  orders.order_id,orders.add_time,orders.buyer_id,orders.buyer_name,orders.order_amount,order_log.log_orderstate,orders.payment_code FROM `shopwwi_points_log` WHERE (  (pl_addtime BETWEEN '1450368000' AND '1450454399' ) ) GROUP BY pl_memberid LIMIT 1000  
[2015-12-21 22:37:46] /crontab/index.php?act=date&op=index ( act=date&op=index ) 
ERR: Db Error: Unknown column 'orders.order_id' in 'field list'
SELECT  orders.order_id,orders.add_time,orders.buyer_id,orders.buyer_name,orders.order_amount,order_log.log_orderstate,orders.payment_code FROM `shopwwi_pd_log` WHERE (  (lg_add_time BETWEEN '1450454400' AND '1450540799' ) ) GROUP BY lg_member_id ORDER BY lg_member_id LIMIT 1000  
[2015-12-21 22:37:46] /crontab/index.php?act=date&op=index ( act=date&op=index ) 
ERR: Db Error: Unknown column 'orders.order_id' in 'field list'
SELECT  orders.order_id,orders.add_time,orders.buyer_id,orders.buyer_name,orders.order_amount,order_log.log_orderstate,orders.payment_code FROM `shopwwi_points_log` WHERE (  (pl_addtime BETWEEN '1450454400' AND '1450540799' ) ) GROUP BY pl_memberid LIMIT 1000  
[2015-12-21 22:37:46] /crontab/index.php?act=date&op=index ( act=date&op=index ) 
ERR: Db Error: Unknown column 'orders.order_id' in 'field list'
SELECT  orders.order_id,orders.add_time,orders.buyer_id,orders.buyer_name,orders.order_amount,order_log.log_orderstate,orders.payment_code FROM `shopwwi_pd_log` WHERE (  (lg_add_time BETWEEN '1450540800' AND '1450627199' ) ) GROUP BY lg_member_id ORDER BY lg_member_id LIMIT 1000  
[2015-12-21 22:37:46] /crontab/index.php?act=date&op=index ( act=date&op=index ) 
ERR: Db Error: Unknown column 'orders.order_id' in 'field list'
SELECT  orders.order_id,orders.add_time,orders.buyer_id,orders.buyer_name,orders.order_amount,order_log.log_orderstate,orders.payment_code FROM `shopwwi_points_log` WHERE (  (pl_addtime BETWEEN '1450540800' AND '1450627199' ) ) GROUP BY pl_memberid LIMIT 1000  
[2015-12-21 22:37:46] /crontab/index.php?act=date&op=index ( act=date&op=index ) 
ERR: Db Error: Unknown column 'orders.order_id' in 'field list'
SELECT  orders.order_id,orders.add_time,orders.buyer_id,orders.buyer_name,orders.order_amount,order_log.log_orderstate,orders.payment_code FROM `shopwwi_pd_log` WHERE (  (lg_add_time BETWEEN '1450627200' AND '1450713599' ) ) GROUP BY lg_member_id ORDER BY lg_member_id LIMIT 1000  
[2015-12-21 22:37:46] /crontab/index.php?act=date&op=index ( act=date&op=index ) 
ERR: Db Error: Unknown column 'orders.order_id' in 'field list'
SELECT  orders.order_id,orders.add_time,orders.buyer_id,orders.buyer_name,orders.order_amount,order_log.log_orderstate,orders.payment_code FROM `shopwwi_points_log` WHERE (  (pl_addtime BETWEEN '1450627200' AND '1450713599' ) ) GROUP BY pl_memberid LIMIT 1000  
[2015-12-21 22:45:56] /circle/ ( act=index&op=index ) 
ERR: Db Error: Unknown table 'circle'
SELECT circle.*, is_hot*rand() as rand FROM `shopwwi_circle` WHERE ( circle_status = '1' ) AND ( is_hot = '1' ) ORDER BY rand desc LIMIT 3  
[2015-12-21 22:45:56] /circle/ ( act=index&op=index ) 
ERR: Db Error: Unknown table 'circle'
SELECT circle.*, is_recommend*rand() as rand FROM `shopwwi_circle` WHERE ( circle_status = '1' ) AND ( is_recommend = '1' ) ORDER BY rand desc LIMIT 20  
[2015-12-21 22:45:56] /circle/ ( act=index&op=index ) 
ERR: Db Error: Unknown table 'circle_theme'
SELECT circle_theme.*, is_recommend*rand() as rand FROM `shopwwi_circle_theme` WHERE ( has_affix = '1' ) AND ( is_closed = '0' ) AND ( is_recommend = '1' ) ORDER BY rand desc LIMIT 8  
[2015-12-21 22:45:56] /circle/ ( act=index&op=index ) 
ERR: Db Error: Unknown table 'circle_member'
SELECT circle_member.*, is_recommend*rand() as rand FROM `shopwwi_circle_member` WHERE ( is_recommend = '1' ) ORDER BY rand desc LIMIT 5  
[2015-12-21 23:46:06] /circle/ ( act=index&op=index ) 
ERR: Db Error: Unknown table 'circle'
SELECT circle.*, is_hot*rand() as rand FROM `shopwwi_circle` WHERE ( circle_status = '1' ) AND ( is_hot = '1' ) ORDER BY rand desc LIMIT 3  
[2015-12-21 23:46:06] /circle/ ( act=index&op=index ) 
ERR: Db Error: Unknown table 'circle'
SELECT circle.*, is_recommend*rand() as rand FROM `shopwwi_circle` WHERE ( circle_status = '1' ) AND ( is_recommend = '1' ) ORDER BY rand desc LIMIT 20  
[2015-12-21 23:46:06] /circle/ ( act=index&op=index ) 
ERR: Db Error: Unknown table 'circle_theme'
SELECT circle_theme.*, is_recommend*rand() as rand FROM `shopwwi_circle_theme` WHERE ( has_affix = '1' ) AND ( is_closed = '0' ) AND ( is_recommend = '1' ) ORDER BY rand desc LIMIT 8  
[2015-12-21 23:46:06] /circle/ ( act=index&op=index ) 
ERR: Db Error: Unknown table 'circle_member'
SELECT circle_member.*, is_recommend*rand() as rand FROM `shopwwi_circle_member` WHERE ( is_recommend = '1' ) ORDER BY rand desc LIMIT 5  
