[2015-12-26 02:47:07] /circle/ ( act=index&op=index ) 
ERR: Db Error: Unknown table 'circle'
SELECT circle.*, is_hot*rand() as rand FROM `shopwwi_circle` WHERE ( circle_status = '1' ) AND ( is_hot = '1' ) ORDER BY rand desc LIMIT 3  
[2015-12-26 02:47:07] /circle/ ( act=index&op=index ) 
ERR: Db Error: Unknown table 'circle'
SELECT circle.*, is_recommend*rand() as rand FROM `shopwwi_circle` WHERE ( circle_status = '1' ) AND ( is_recommend = '1' ) ORDER BY rand desc LIMIT 20  
[2015-12-26 02:47:07] /circle/ ( act=index&op=index ) 
ERR: Db Error: Unknown table 'circle_theme'
SELECT circle_theme.*, is_recommend*rand() as rand FROM `shopwwi_circle_theme` WHERE ( has_affix = '1' ) AND ( is_closed = '0' ) AND ( is_recommend = '1' ) ORDER BY rand desc LIMIT 8  
[2015-12-26 02:47:07] /circle/ ( act=index&op=index ) 
ERR: Db Error: Unknown table 'circle_member'
SELECT circle_member.*, is_recommend*rand() as rand FROM `shopwwi_circle_member` WHERE ( is_recommend = '1' ) ORDER BY rand desc LIMIT 5  
[2015-12-26 14:55:47] /circle/ ( act=index&op=index ) 
ERR: Db Error: Unknown table 'circle'
SELECT circle.*, is_hot*rand() as rand FROM `shopwwi_circle` WHERE ( circle_status = '1' ) AND ( is_hot = '1' ) ORDER BY rand desc LIMIT 3  
[2015-12-26 14:55:47] /circle/ ( act=index&op=index ) 
ERR: Db Error: Unknown table 'circle'
SELECT circle.*, is_recommend*rand() as rand FROM `shopwwi_circle` WHERE ( circle_status = '1' ) AND ( is_recommend = '1' ) ORDER BY rand desc LIMIT 20  
[2015-12-26 14:55:47] /circle/ ( act=index&op=index ) 
ERR: Db Error: Unknown table 'circle_theme'
SELECT circle_theme.*, is_recommend*rand() as rand FROM `shopwwi_circle_theme` WHERE ( has_affix = '1' ) AND ( is_closed = '0' ) AND ( is_recommend = '1' ) ORDER BY rand desc LIMIT 8  
[2015-12-26 14:55:47] /circle/ ( act=index&op=index ) 
ERR: Db Error: Unknown table 'circle_member'
SELECT circle_member.*, is_recommend*rand() as rand FROM `shopwwi_circle_member` WHERE ( is_recommend = '1' ) ORDER BY rand desc LIMIT 5  
[2015-12-26 14:55:58] /circle/ ( act=index&op=index ) 
ERR: Db Error: Unknown table 'circle'
SELECT circle.*, is_hot*rand() as rand FROM `shopwwi_circle` WHERE ( circle_status = '1' ) AND ( is_hot = '1' ) ORDER BY rand desc LIMIT 3  
[2015-12-26 14:55:58] /circle/ ( act=index&op=index ) 
ERR: Db Error: Unknown table 'circle'
SELECT circle.*, is_recommend*rand() as rand FROM `shopwwi_circle` WHERE ( circle_status = '1' ) AND ( is_recommend = '1' ) ORDER BY rand desc LIMIT 20  
[2015-12-26 14:55:58] /circle/ ( act=index&op=index ) 
ERR: Db Error: Unknown table 'circle_theme'
SELECT circle_theme.*, is_recommend*rand() as rand FROM `shopwwi_circle_theme` WHERE ( has_affix = '1' ) AND ( is_closed = '0' ) AND ( is_recommend = '1' ) ORDER BY rand desc LIMIT 8  
[2015-12-26 14:55:58] /circle/ ( act=index&op=index ) 
ERR: Db Error: Unknown table 'circle_member'
SELECT circle_member.*, is_recommend*rand() as rand FROM `shopwwi_circle_member` WHERE ( is_recommend = '1' ) ORDER BY rand desc LIMIT 5  
[2015-12-26 16:14:33] /circle/ ( act=index&op=index ) 
ERR: Db Error: Unknown table 'circle'
SELECT circle.*, is_hot*rand() as rand FROM `shopwwi_circle` WHERE ( circle_status = '1' ) AND ( is_hot = '1' ) ORDER BY rand desc LIMIT 3  
[2015-12-26 16:14:33] /circle/ ( act=index&op=index ) 
ERR: Db Error: Unknown table 'circle'
SELECT circle.*, is_recommend*rand() as rand FROM `shopwwi_circle` WHERE ( circle_status = '1' ) AND ( is_recommend = '1' ) ORDER BY rand desc LIMIT 20  
[2015-12-26 16:14:33] /circle/ ( act=index&op=index ) 
ERR: Db Error: Unknown table 'circle_theme'
SELECT circle_theme.*, is_recommend*rand() as rand FROM `shopwwi_circle_theme` WHERE ( has_affix = '1' ) AND ( is_closed = '0' ) AND ( is_recommend = '1' ) ORDER BY rand desc LIMIT 8  
[2015-12-26 16:14:33] /circle/ ( act=index&op=index ) 
ERR: Db Error: Unknown table 'circle_member'
SELECT circle_member.*, is_recommend*rand() as rand FROM `shopwwi_circle_member` WHERE ( is_recommend = '1' ) ORDER BY rand desc LIMIT 5  
[2015-12-26 17:47:15] /circle/ ( act=index&op=index ) 
ERR: Db Error: Unknown table 'circle'
SELECT circle.*, is_hot*rand() as rand FROM `shopwwi_circle` WHERE ( circle_status = '1' ) AND ( is_hot = '1' ) ORDER BY rand desc LIMIT 3  
[2015-12-26 17:47:15] /circle/ ( act=index&op=index ) 
ERR: Db Error: Unknown table 'circle'
SELECT circle.*, is_recommend*rand() as rand FROM `shopwwi_circle` WHERE ( circle_status = '1' ) AND ( is_recommend = '1' ) ORDER BY rand desc LIMIT 20  
[2015-12-26 17:47:15] /circle/ ( act=index&op=index ) 
ERR: Db Error: Unknown table 'circle_theme'
SELECT circle_theme.*, is_recommend*rand() as rand FROM `shopwwi_circle_theme` WHERE ( has_affix = '1' ) AND ( is_closed = '0' ) AND ( is_recommend = '1' ) ORDER BY rand desc LIMIT 8  
[2015-12-26 17:47:15] /circle/ ( act=index&op=index ) 
ERR: Db Error: Unknown table 'circle_member'
SELECT circle_member.*, is_recommend*rand() as rand FROM `shopwwi_circle_member` WHERE ( is_recommend = '1' ) ORDER BY rand desc LIMIT 5  
[2015-12-26 20:41:03] /circle/ ( act=index&op=index ) 
ERR: Db Error: Unknown table 'circle'
SELECT circle.*, is_hot*rand() as rand FROM `shopwwi_circle` WHERE ( circle_status = '1' ) AND ( is_hot = '1' ) ORDER BY rand desc LIMIT 3  
[2015-12-26 20:41:03] /circle/ ( act=index&op=index ) 
ERR: Db Error: Unknown table 'circle'
SELECT circle.*, is_recommend*rand() as rand FROM `shopwwi_circle` WHERE ( circle_status = '1' ) AND ( is_recommend = '1' ) ORDER BY rand desc LIMIT 20  
[2015-12-26 20:41:03] /circle/ ( act=index&op=index ) 
ERR: Db Error: Unknown table 'circle_theme'
SELECT circle_theme.*, is_recommend*rand() as rand FROM `shopwwi_circle_theme` WHERE ( has_affix = '1' ) AND ( is_closed = '0' ) AND ( is_recommend = '1' ) ORDER BY rand desc LIMIT 8  
[2015-12-26 20:41:03] /circle/ ( act=index&op=index ) 
ERR: Db Error: Unknown table 'circle_member'
SELECT circle_member.*, is_recommend*rand() as rand FROM `shopwwi_circle_member` WHERE ( is_recommend = '1' ) ORDER BY rand desc LIMIT 5  
[2015-12-26 23:28:56] /circle/ ( act=index&op=index ) 
ERR: Db Error: Unknown table 'circle'
SELECT circle.*, is_hot*rand() as rand FROM `shopwwi_circle` WHERE ( circle_status = '1' ) AND ( is_hot = '1' ) ORDER BY rand desc LIMIT 3  
[2015-12-26 23:28:56] /circle/ ( act=index&op=index ) 
ERR: Db Error: Unknown table 'circle'
SELECT circle.*, is_recommend*rand() as rand FROM `shopwwi_circle` WHERE ( circle_status = '1' ) AND ( is_recommend = '1' ) ORDER BY rand desc LIMIT 20  
[2015-12-26 23:28:56] /circle/ ( act=index&op=index ) 
ERR: Db Error: Unknown table 'circle_theme'
SELECT circle_theme.*, is_recommend*rand() as rand FROM `shopwwi_circle_theme` WHERE ( has_affix = '1' ) AND ( is_closed = '0' ) AND ( is_recommend = '1' ) ORDER BY rand desc LIMIT 8  
[2015-12-26 23:28:56] /circle/ ( act=index&op=index ) 
ERR: Db Error: Unknown table 'circle_member'
SELECT circle_member.*, is_recommend*rand() as rand FROM `shopwwi_circle_member` WHERE ( is_recommend = '1' ) ORDER BY rand desc LIMIT 5  
[2015-12-26 23:59:34] /circle/ ( act=index&op=index ) 
ERR: Db Error: Unknown table 'circle'
SELECT circle.*, is_hot*rand() as rand FROM `shopwwi_circle` WHERE ( circle_status = '1' ) AND ( is_hot = '1' ) ORDER BY rand desc LIMIT 3  
[2015-12-26 23:59:34] /circle/ ( act=index&op=index ) 
ERR: Db Error: Unknown table 'circle'
SELECT circle.*, is_recommend*rand() as rand FROM `shopwwi_circle` WHERE ( circle_status = '1' ) AND ( is_recommend = '1' ) ORDER BY rand desc LIMIT 20  
[2015-12-26 23:59:34] /circle/ ( act=index&op=index ) 
ERR: Db Error: Unknown table 'circle_theme'
SELECT circle_theme.*, is_recommend*rand() as rand FROM `shopwwi_circle_theme` WHERE ( has_affix = '1' ) AND ( is_closed = '0' ) AND ( is_recommend = '1' ) ORDER BY rand desc LIMIT 8  
[2015-12-26 23:59:34] /circle/ ( act=index&op=index ) 
ERR: Db Error: Unknown table 'circle_member'
SELECT circle_member.*, is_recommend*rand() as rand FROM `shopwwi_circle_member` WHERE ( is_recommend = '1' ) ORDER BY rand desc LIMIT 5  
[2015-12-26 23:59:38] /circle/ ( act=index&op=index ) 
ERR: Db Error: Unknown table 'circle'
SELECT circle.*, is_hot*rand() as rand FROM `shopwwi_circle` WHERE ( circle_status = '1' ) AND ( is_hot = '1' ) ORDER BY rand desc LIMIT 3  
[2015-12-26 23:59:38] /circle/ ( act=index&op=index ) 
ERR: Db Error: Unknown table 'circle'
SELECT circle.*, is_recommend*rand() as rand FROM `shopwwi_circle` WHERE ( circle_status = '1' ) AND ( is_recommend = '1' ) ORDER BY rand desc LIMIT 20  
[2015-12-26 23:59:38] /circle/ ( act=index&op=index ) 
ERR: Db Error: Unknown table 'circle_theme'
SELECT circle_theme.*, is_recommend*rand() as rand FROM `shopwwi_circle_theme` WHERE ( has_affix = '1' ) AND ( is_closed = '0' ) AND ( is_recommend = '1' ) ORDER BY rand desc LIMIT 8  
[2015-12-26 23:59:38] /circle/ ( act=index&op=index ) 
ERR: Db Error: Unknown table 'circle_member'
SELECT circle_member.*, is_recommend*rand() as rand FROM `shopwwi_circle_member` WHERE ( is_recommend = '1' ) ORDER BY rand desc LIMIT 5  
