[2015-12-20 10:47:19] /circle/ ( act=index&op=index ) 
ERR: Db Error: Unknown table 'circle'
SELECT circle.*, is_hot*rand() as rand FROM `shopwwi_circle` WHERE ( circle_status = '1' ) AND ( is_hot = '1' ) ORDER BY rand desc LIMIT 3  
[2015-12-20 10:47:19] /circle/ ( act=index&op=index ) 
ERR: Db Error: Unknown table 'circle'
SELECT circle.*, is_recommend*rand() as rand FROM `shopwwi_circle` WHERE ( circle_status = '1' ) AND ( is_recommend = '1' ) ORDER BY rand desc LIMIT 20  
[2015-12-20 10:47:19] /circle/ ( act=index&op=index ) 
ERR: Db Error: Unknown table 'circle_theme'
SELECT circle_theme.*, is_recommend*rand() as rand FROM `shopwwi_circle_theme` WHERE ( has_affix = '1' ) AND ( is_closed = '0' ) AND ( is_recommend = '1' ) ORDER BY rand desc LIMIT 8  
[2015-12-20 10:47:19] /circle/ ( act=index&op=index ) 
ERR: Db Error: Unknown table 'circle_member'
SELECT circle_member.*, is_recommend*rand() as rand FROM `shopwwi_circle_member` WHERE ( is_recommend = '1' ) ORDER BY rand desc LIMIT 5  
[2015-12-20 11:40:15] /circle/ ( act=index&op=index ) 
ERR: Db Error: Unknown table 'circle'
SELECT circle.*, is_hot*rand() as rand FROM `shopwwi_circle` WHERE ( circle_status = '1' ) AND ( is_hot = '1' ) ORDER BY rand desc LIMIT 3  
[2015-12-20 11:40:15] /circle/ ( act=index&op=index ) 
ERR: Db Error: Unknown table 'circle'
SELECT circle.*, is_recommend*rand() as rand FROM `shopwwi_circle` WHERE ( circle_status = '1' ) AND ( is_recommend = '1' ) ORDER BY rand desc LIMIT 20  
[2015-12-20 11:40:15] /circle/ ( act=index&op=index ) 
ERR: Db Error: Unknown table 'circle_theme'
SELECT circle_theme.*, is_recommend*rand() as rand FROM `shopwwi_circle_theme` WHERE ( has_affix = '1' ) AND ( is_closed = '0' ) AND ( is_recommend = '1' ) ORDER BY rand desc LIMIT 8  
[2015-12-20 11:40:15] /circle/ ( act=index&op=index ) 
ERR: Db Error: Unknown table 'circle_member'
SELECT circle_member.*, is_recommend*rand() as rand FROM `shopwwi_circle_member` WHERE ( is_recommend = '1' ) ORDER BY rand desc LIMIT 5  
[2015-12-20 11:42:47] /circle/ ( act=index&op=index ) 
ERR: Db Error: Unknown table 'circle'
SELECT circle.*, is_hot*rand() as rand FROM `shopwwi_circle` WHERE ( circle_status = '1' ) AND ( is_hot = '1' ) ORDER BY rand desc LIMIT 3  
[2015-12-20 11:42:47] /circle/ ( act=index&op=index ) 
ERR: Db Error: Unknown table 'circle'
SELECT circle.*, is_recommend*rand() as rand FROM `shopwwi_circle` WHERE ( circle_status = '1' ) AND ( is_recommend = '1' ) ORDER BY rand desc LIMIT 20  
[2015-12-20 11:42:47] /circle/ ( act=index&op=index ) 
ERR: Db Error: Unknown table 'circle_theme'
SELECT circle_theme.*, is_recommend*rand() as rand FROM `shopwwi_circle_theme` WHERE ( has_affix = '1' ) AND ( is_closed = '0' ) AND ( is_recommend = '1' ) ORDER BY rand desc LIMIT 8  
[2015-12-20 11:42:47] /circle/ ( act=index&op=index ) 
ERR: Db Error: Unknown table 'circle_member'
SELECT circle_member.*, is_recommend*rand() as rand FROM `shopwwi_circle_member` WHERE ( is_recommend = '1' ) ORDER BY rand desc LIMIT 5  
[2015-12-20 11:42:47] /circle/ ( act=index&op=index ) 
ERR: Db Error: Unknown table 'circle'
SELECT circle.*, is_hot*rand() as rand FROM `shopwwi_circle` WHERE ( circle_status = '1' ) AND ( is_hot = '1' ) ORDER BY rand desc LIMIT 3  
[2015-12-20 11:42:47] /circle/ ( act=index&op=index ) 
ERR: Db Error: Unknown table 'circle'
SELECT circle.*, is_recommend*rand() as rand FROM `shopwwi_circle` WHERE ( circle_status = '1' ) AND ( is_recommend = '1' ) ORDER BY rand desc LIMIT 20  
[2015-12-20 11:42:47] /circle/ ( act=index&op=index ) 
ERR: Db Error: Unknown table 'circle_theme'
SELECT circle_theme.*, is_recommend*rand() as rand FROM `shopwwi_circle_theme` WHERE ( has_affix = '1' ) AND ( is_closed = '0' ) AND ( is_recommend = '1' ) ORDER BY rand desc LIMIT 8  
[2015-12-20 11:42:47] /circle/ ( act=index&op=index ) 
ERR: Db Error: Unknown table 'circle_member'
SELECT circle_member.*, is_recommend*rand() as rand FROM `shopwwi_circle_member` WHERE ( is_recommend = '1' ) ORDER BY rand desc LIMIT 5  
[2015-12-20 12:22:47] /circle/ ( act=index&op=index ) 
ERR: Db Error: Unknown table 'circle'
SELECT circle.*, is_hot*rand() as rand FROM `shopwwi_circle` WHERE ( circle_status = '1' ) AND ( is_hot = '1' ) ORDER BY rand desc LIMIT 3  
[2015-12-20 12:22:47] /circle/ ( act=index&op=index ) 
ERR: Db Error: Unknown table 'circle'
SELECT circle.*, is_recommend*rand() as rand FROM `shopwwi_circle` WHERE ( circle_status = '1' ) AND ( is_recommend = '1' ) ORDER BY rand desc LIMIT 20  
[2015-12-20 12:22:47] /circle/ ( act=index&op=index ) 
ERR: Db Error: Unknown table 'circle_theme'
SELECT circle_theme.*, is_recommend*rand() as rand FROM `shopwwi_circle_theme` WHERE ( has_affix = '1' ) AND ( is_closed = '0' ) AND ( is_recommend = '1' ) ORDER BY rand desc LIMIT 8  
[2015-12-20 12:22:47] /circle/ ( act=index&op=index ) 
ERR: Db Error: Unknown table 'circle_member'
SELECT circle_member.*, is_recommend*rand() as rand FROM `shopwwi_circle_member` WHERE ( is_recommend = '1' ) ORDER BY rand desc LIMIT 5  
[2015-12-20 12:22:48] /circle/ ( act=index&op=index ) 
ERR: Db Error: Unknown table 'circle'
SELECT circle.*, is_hot*rand() as rand FROM `shopwwi_circle` WHERE ( circle_status = '1' ) AND ( is_hot = '1' ) ORDER BY rand desc LIMIT 3  
[2015-12-20 12:22:48] /circle/ ( act=index&op=index ) 
ERR: Db Error: Unknown table 'circle'
SELECT circle.*, is_recommend*rand() as rand FROM `shopwwi_circle` WHERE ( circle_status = '1' ) AND ( is_recommend = '1' ) ORDER BY rand desc LIMIT 20  
[2015-12-20 12:22:48] /circle/ ( act=index&op=index ) 
ERR: Db Error: Unknown table 'circle_theme'
SELECT circle_theme.*, is_recommend*rand() as rand FROM `shopwwi_circle_theme` WHERE ( has_affix = '1' ) AND ( is_closed = '0' ) AND ( is_recommend = '1' ) ORDER BY rand desc LIMIT 8  
[2015-12-20 12:22:48] /circle/ ( act=index&op=index ) 
ERR: Db Error: Unknown table 'circle_member'
SELECT circle_member.*, is_recommend*rand() as rand FROM `shopwwi_circle_member` WHERE ( is_recommend = '1' ) ORDER BY rand desc LIMIT 5  
[2015-12-20 12:48:38] /circle/ ( act=index&op=index ) 
ERR: Db Error: Unknown table 'circle'
SELECT circle.*, is_hot*rand() as rand FROM `shopwwi_circle` WHERE ( circle_status = '1' ) AND ( is_hot = '1' ) ORDER BY rand desc LIMIT 3  
[2015-12-20 12:48:38] /circle/ ( act=index&op=index ) 
ERR: Db Error: Unknown table 'circle'
SELECT circle.*, is_recommend*rand() as rand FROM `shopwwi_circle` WHERE ( circle_status = '1' ) AND ( is_recommend = '1' ) ORDER BY rand desc LIMIT 20  
[2015-12-20 12:48:38] /circle/ ( act=index&op=index ) 
ERR: Db Error: Unknown table 'circle_theme'
SELECT circle_theme.*, is_recommend*rand() as rand FROM `shopwwi_circle_theme` WHERE ( has_affix = '1' ) AND ( is_closed = '0' ) AND ( is_recommend = '1' ) ORDER BY rand desc LIMIT 8  
[2015-12-20 12:48:38] /circle/ ( act=index&op=index ) 
ERR: Db Error: Unknown table 'circle_member'
SELECT circle_member.*, is_recommend*rand() as rand FROM `shopwwi_circle_member` WHERE ( is_recommend = '1' ) ORDER BY rand desc LIMIT 5  
[2015-12-20 13:57:49] /circle/ ( act=index&op=index ) 
ERR: Db Error: Unknown table 'circle'
SELECT circle.*, is_hot*rand() as rand FROM `shopwwi_circle` WHERE ( circle_status = '1' ) AND ( is_hot = '1' ) ORDER BY rand desc LIMIT 3  
[2015-12-20 13:57:49] /circle/ ( act=index&op=index ) 
ERR: Db Error: Unknown table 'circle'
SELECT circle.*, is_recommend*rand() as rand FROM `shopwwi_circle` WHERE ( circle_status = '1' ) AND ( is_recommend = '1' ) ORDER BY rand desc LIMIT 20  
[2015-12-20 13:57:49] /circle/ ( act=index&op=index ) 
ERR: Db Error: Unknown table 'circle_theme'
SELECT circle_theme.*, is_recommend*rand() as rand FROM `shopwwi_circle_theme` WHERE ( has_affix = '1' ) AND ( is_closed = '0' ) AND ( is_recommend = '1' ) ORDER BY rand desc LIMIT 8  
[2015-12-20 13:57:49] /circle/ ( act=index&op=index ) 
ERR: Db Error: Unknown table 'circle_member'
SELECT circle_member.*, is_recommend*rand() as rand FROM `shopwwi_circle_member` WHERE ( is_recommend = '1' ) ORDER BY rand desc LIMIT 5  
[2015-12-20 14:04:04] /circle/ ( act=index&op=index ) 
ERR: Db Error: Unknown table 'circle'
SELECT circle.*, is_hot*rand() as rand FROM `shopwwi_circle` WHERE ( circle_status = '1' ) AND ( is_hot = '1' ) ORDER BY rand desc LIMIT 3  
[2015-12-20 14:04:04] /circle/ ( act=index&op=index ) 
ERR: Db Error: Unknown table 'circle'
SELECT circle.*, is_recommend*rand() as rand FROM `shopwwi_circle` WHERE ( circle_status = '1' ) AND ( is_recommend = '1' ) ORDER BY rand desc LIMIT 20  
[2015-12-20 14:04:04] /circle/ ( act=index&op=index ) 
ERR: Db Error: Unknown table 'circle_theme'
SELECT circle_theme.*, is_recommend*rand() as rand FROM `shopwwi_circle_theme` WHERE ( has_affix = '1' ) AND ( is_closed = '0' ) AND ( is_recommend = '1' ) ORDER BY rand desc LIMIT 8  
[2015-12-20 14:04:04] /circle/ ( act=index&op=index ) 
ERR: Db Error: Unknown table 'circle_member'
SELECT circle_member.*, is_recommend*rand() as rand FROM `shopwwi_circle_member` WHERE ( is_recommend = '1' ) ORDER BY rand desc LIMIT 5  
[2015-12-20 16:12:46] /circle/ ( act=index&op=index ) 
ERR: Db Error: Unknown table 'circle'
SELECT circle.*, is_hot*rand() as rand FROM `shopwwi_circle` WHERE ( circle_status = '1' ) AND ( is_hot = '1' ) ORDER BY rand desc LIMIT 3  
[2015-12-20 16:12:46] /circle/ ( act=index&op=index ) 
ERR: Db Error: Unknown table 'circle'
SELECT circle.*, is_recommend*rand() as rand FROM `shopwwi_circle` WHERE ( circle_status = '1' ) AND ( is_recommend = '1' ) ORDER BY rand desc LIMIT 20  
[2015-12-20 16:12:46] /circle/ ( act=index&op=index ) 
ERR: Db Error: Unknown table 'circle_theme'
SELECT circle_theme.*, is_recommend*rand() as rand FROM `shopwwi_circle_theme` WHERE ( has_affix = '1' ) AND ( is_closed = '0' ) AND ( is_recommend = '1' ) ORDER BY rand desc LIMIT 8  
[2015-12-20 16:12:46] /circle/ ( act=index&op=index ) 
ERR: Db Error: Unknown table 'circle_member'
SELECT circle_member.*, is_recommend*rand() as rand FROM `shopwwi_circle_member` WHERE ( is_recommend = '1' ) ORDER BY rand desc LIMIT 5  
[2015-12-20 16:12:47] /circle/ ( act=index&op=index ) 
ERR: Db Error: Unknown table 'circle'
SELECT circle.*, is_hot*rand() as rand FROM `shopwwi_circle` WHERE ( circle_status = '1' ) AND ( is_hot = '1' ) ORDER BY rand desc LIMIT 3  
[2015-12-20 16:12:47] /circle/ ( act=index&op=index ) 
ERR: Db Error: Unknown table 'circle'
SELECT circle.*, is_recommend*rand() as rand FROM `shopwwi_circle` WHERE ( circle_status = '1' ) AND ( is_recommend = '1' ) ORDER BY rand desc LIMIT 20  
[2015-12-20 16:12:47] /circle/ ( act=index&op=index ) 
ERR: Db Error: Unknown table 'circle_theme'
SELECT circle_theme.*, is_recommend*rand() as rand FROM `shopwwi_circle_theme` WHERE ( has_affix = '1' ) AND ( is_closed = '0' ) AND ( is_recommend = '1' ) ORDER BY rand desc LIMIT 8  
[2015-12-20 16:12:47] /circle/ ( act=index&op=index ) 
ERR: Db Error: Unknown table 'circle_member'
SELECT circle_member.*, is_recommend*rand() as rand FROM `shopwwi_circle_member` WHERE ( is_recommend = '1' ) ORDER BY rand desc LIMIT 5  
[2015-12-20 21:35:10] /circle/ ( act=index&op=index ) 
ERR: Db Error: Unknown table 'circle'
SELECT circle.*, is_hot*rand() as rand FROM `shopwwi_circle` WHERE ( circle_status = '1' ) AND ( is_hot = '1' ) ORDER BY rand desc LIMIT 3  
[2015-12-20 21:35:10] /circle/ ( act=index&op=index ) 
ERR: Db Error: Unknown table 'circle'
SELECT circle.*, is_recommend*rand() as rand FROM `shopwwi_circle` WHERE ( circle_status = '1' ) AND ( is_recommend = '1' ) ORDER BY rand desc LIMIT 20  
[2015-12-20 21:35:10] /circle/ ( act=index&op=index ) 
ERR: Db Error: Unknown table 'circle_theme'
SELECT circle_theme.*, is_recommend*rand() as rand FROM `shopwwi_circle_theme` WHERE ( has_affix = '1' ) AND ( is_closed = '0' ) AND ( is_recommend = '1' ) ORDER BY rand desc LIMIT 8  
[2015-12-20 21:35:10] /circle/ ( act=index&op=index ) 
ERR: Db Error: Unknown table 'circle_member'
SELECT circle_member.*, is_recommend*rand() as rand FROM `shopwwi_circle_member` WHERE ( is_recommend = '1' ) ORDER BY rand desc LIMIT 5  
[2015-12-20 22:44:48] /shop/cate-2-0-0-0-0-0-1-0-0.html ( act=search&op=index ) 
ERR: Db Error: Unknown column 'have_gift' in 'where clause'
SELECT COUNT(*) AS nc_count FROM `shopwwi_goods_common` WHERE ( gc_id_1 = '2' ) AND ( have_gift = '1' ) LIMIT 1  
