[2016-02-15 00:23:19] /circle/ ( act=index&op=index ) 
ERR: Db Error: Unknown table 'shopwwi.circle'
SELECT circle.*, is_hot*rand() as rand FROM `shopwwi_circle` WHERE ( circle_status = '1' ) AND ( is_hot = '1' ) ORDER BY rand desc LIMIT 3  
[2016-02-15 00:23:19] /circle/ ( act=index&op=index ) 
ERR: Db Error: Unknown table 'shopwwi.circle'
SELECT circle.*, is_recommend*rand() as rand FROM `shopwwi_circle` WHERE ( circle_status = '1' ) AND ( is_recommend = '1' ) ORDER BY rand desc LIMIT 20  
[2016-02-15 00:23:19] /circle/ ( act=index&op=index ) 
ERR: Db Error: Unknown table 'shopwwi.circle_theme'
SELECT circle_theme.*, is_recommend*rand() as rand FROM `shopwwi_circle_theme` WHERE ( has_affix = '1' ) AND ( is_closed = '0' ) AND ( is_recommend = '1' ) ORDER BY rand desc LIMIT 8  
[2016-02-15 00:23:19] /circle/ ( act=index&op=index ) 
ERR: Db Error: Unknown table 'shopwwi.circle_member'
SELECT circle_member.*, is_recommend*rand() as rand FROM `shopwwi_circle_member` WHERE ( is_recommend = '1' ) ORDER BY rand desc LIMIT 5  
[2016-02-15 01:23:22] /shop/cate-339-0-0-0-0-0-1-33-0.html ( act=search&op=index ) 
ERR: Db Error: Unknown column 'have_gift' in 'where clause'
SELECT COUNT(*) AS nc_count FROM `shopwwi_goods_common` WHERE ( gc_id_3 = '339' ) AND ( areaid_1 = '33' ) AND ( have_gift = '1' ) LIMIT 1  
[2016-02-15 01:27:21] /shop/cate-339-0-0-0-0-0-1-25-0.html ( act=search&op=index ) 
ERR: Db Error: Unknown column 'have_gift' in 'where clause'
SELECT COUNT(*) AS nc_count FROM `shopwwi_goods_common` WHERE ( gc_id_3 = '339' ) AND ( areaid_1 = '25' ) AND ( have_gift = '1' ) LIMIT 1  
[2016-02-15 01:27:32] /shop/cate-339-0-0-0-0-0-1-3-0.html ( act=search&op=index ) 
ERR: Db Error: Unknown column 'have_gift' in 'where clause'
SELECT COUNT(*) AS nc_count FROM `shopwwi_goods_common` WHERE ( gc_id_3 = '339' ) AND ( areaid_1 = '3' ) AND ( have_gift = '1' ) LIMIT 1  
[2016-02-15 01:27:45] /shop/cate-339-0-0-0-0-0-1-2-0.html ( act=search&op=index ) 
ERR: Db Error: Unknown column 'have_gift' in 'where clause'
SELECT COUNT(*) AS nc_count FROM `shopwwi_goods_common` WHERE ( gc_id_3 = '339' ) AND ( areaid_1 = '2' ) AND ( have_gift = '1' ) LIMIT 1  
[2016-02-15 01:28:12] /shop/cate-339-0-0-0-0-0-1-8-0.html ( act=search&op=index ) 
ERR: Db Error: Unknown column 'have_gift' in 'where clause'
SELECT COUNT(*) AS nc_count FROM `shopwwi_goods_common` WHERE ( gc_id_3 = '339' ) AND ( areaid_1 = '8' ) AND ( have_gift = '1' ) LIMIT 1  
[2016-02-15 01:28:33] /shop/cate-339-0-0-0-0-0-1-9-0.html ( act=search&op=index ) 
ERR: Db Error: Unknown column 'have_gift' in 'where clause'
SELECT COUNT(*) AS nc_count FROM `shopwwi_goods_common` WHERE ( gc_id_3 = '339' ) AND ( areaid_1 = '9' ) AND ( have_gift = '1' ) LIMIT 1  
[2016-02-15 01:29:58] /shop/cate-339-0-0-0-0-0-1-12-0.html ( act=search&op=index ) 
ERR: Db Error: Unknown column 'have_gift' in 'where clause'
SELECT COUNT(*) AS nc_count FROM `shopwwi_goods_common` WHERE ( gc_id_3 = '339' ) AND ( areaid_1 = '12' ) AND ( have_gift = '1' ) LIMIT 1  
[2016-02-15 01:30:19] /shop/cate-339-0-0-0-0-0-1-32-0.html ( act=search&op=index ) 
ERR: Db Error: Unknown column 'have_gift' in 'where clause'
SELECT COUNT(*) AS nc_count FROM `shopwwi_goods_common` WHERE ( gc_id_3 = '339' ) AND ( areaid_1 = '32' ) AND ( have_gift = '1' ) LIMIT 1  
[2016-02-15 01:31:35] /shop/cate-339-0-0-0-0-0-1-10-0.html ( act=search&op=index ) 
ERR: Db Error: Unknown column 'have_gift' in 'where clause'
SELECT COUNT(*) AS nc_count FROM `shopwwi_goods_common` WHERE ( gc_id_3 = '339' ) AND ( areaid_1 = '10' ) AND ( have_gift = '1' ) LIMIT 1  
[2016-02-15 01:45:28] /shop/cate-339-0-0-3-1-0-1-1-0.html ( act=search&op=index ) 
ERR: Db Error: Unknown column 'have_gift' in 'where clause'
SELECT COUNT(*) AS nc_count FROM `shopwwi_goods_common` WHERE ( gc_id_3 = '339' ) AND ( areaid_1 = '1' ) AND ( have_gift = '1' ) LIMIT 1  
[2016-02-15 01:49:15] /shop/cate-339-0-0-3-1-0-1-8-0.html ( act=search&op=index ) 
ERR: Db Error: Unknown column 'have_gift' in 'where clause'
SELECT COUNT(*) AS nc_count FROM `shopwwi_goods_common` WHERE ( gc_id_3 = '339' ) AND ( areaid_1 = '8' ) AND ( have_gift = '1' ) LIMIT 1  
[2016-02-15 01:53:01] /shop/cate-339-0-0-3-1-1-1-8-0.html ( act=search&op=index ) 
ERR: Db Error: Unknown column 'have_gift' in 'where clause'
SELECT COUNT(*) AS nc_count FROM `shopwwi_goods_common` WHERE ( gc_id_3 = '339' ) AND ( areaid_1 = '8' ) AND ( is_own_shop = '1' ) AND ( have_gift = '1' ) LIMIT 1  
[2016-02-15 01:57:45] /shop/cate-339-0-0-3-1-1-1-21-0.html ( act=search&op=index ) 
ERR: Db Error: Unknown column 'have_gift' in 'where clause'
SELECT COUNT(*) AS nc_count FROM `shopwwi_goods_common` WHERE ( gc_id_3 = '339' ) AND ( areaid_1 = '21' ) AND ( is_own_shop = '1' ) AND ( have_gift = '1' ) LIMIT 1  
[2016-02-15 02:00:36] /shop/cate-339-0-0-3-1-1-1-6-0.html ( act=search&op=index ) 
ERR: Db Error: Unknown column 'have_gift' in 'where clause'
SELECT COUNT(*) AS nc_count FROM `shopwwi_goods_common` WHERE ( gc_id_3 = '339' ) AND ( areaid_1 = '6' ) AND ( is_own_shop = '1' ) AND ( have_gift = '1' ) LIMIT 1  
[2016-02-15 02:04:23] /shop/cate-339-0-0-2-2-1-1-6-0.html ( act=search&op=index ) 
ERR: Db Error: Unknown column 'have_gift' in 'where clause'
SELECT COUNT(*) AS nc_count FROM `shopwwi_goods_common` WHERE ( gc_id_3 = '339' ) AND ( areaid_1 = '6' ) AND ( is_own_shop = '1' ) AND ( have_gift = '1' ) LIMIT 1  
[2016-02-15 02:11:57] /shop/cate-829-0-0-0-0-0-1-34-0.html ( act=search&op=index ) 
ERR: Db Error: Unknown column 'have_gift' in 'where clause'
SELECT COUNT(*) AS nc_count FROM `shopwwi_goods_common` WHERE ( gc_id_2 = '829' ) AND ( areaid_1 = '34' ) AND ( have_gift = '1' ) LIMIT 1  
[2016-02-15 04:08:22] /shop/cate-3-0-0-1-2-0-1-1-0.html ( act=search&op=index ) 
ERR: Db Error: Unknown column 'have_gift' in 'where clause'
SELECT COUNT(*) AS nc_count FROM `shopwwi_goods_common` WHERE ( gc_id_1 = '3' ) AND ( areaid_1 = '1' ) AND ( have_gift = '1' ) LIMIT 1  
[2016-02-15 04:13:11] /shop/cate-3-0-0-2-2-0-1-7-0.html ( act=search&op=index ) 
ERR: Db Error: Unknown column 'have_gift' in 'where clause'
SELECT COUNT(*) AS nc_count FROM `shopwwi_goods_common` WHERE ( gc_id_1 = '3' ) AND ( areaid_1 = '7' ) AND ( have_gift = '1' ) LIMIT 1  
[2016-02-15 04:20:45] /shop/cate-3-0-0-2-2-0-1-3-0.html ( act=search&op=index ) 
ERR: Db Error: Unknown column 'have_gift' in 'where clause'
SELECT COUNT(*) AS nc_count FROM `shopwwi_goods_common` WHERE ( gc_id_1 = '3' ) AND ( areaid_1 = '3' ) AND ( have_gift = '1' ) LIMIT 1  
[2016-02-15 04:24:32] /shop/cate-3-0-0-3-2-0-1-3-0.html ( act=search&op=index ) 
ERR: Db Error: Unknown column 'have_gift' in 'where clause'
SELECT COUNT(*) AS nc_count FROM `shopwwi_goods_common` WHERE ( gc_id_1 = '3' ) AND ( areaid_1 = '3' ) AND ( have_gift = '1' ) LIMIT 1  
[2016-02-15 04:28:19] /shop/cate-3-0-0-3-2-0-1-8-0.html ( act=search&op=index ) 
ERR: Db Error: Unknown column 'have_gift' in 'where clause'
SELECT COUNT(*) AS nc_count FROM `shopwwi_goods_common` WHERE ( gc_id_1 = '3' ) AND ( areaid_1 = '8' ) AND ( have_gift = '1' ) LIMIT 1  
[2016-02-15 04:32:36] /shop/cate-3-0-0-3-2-1-1-8-0.html ( act=search&op=index ) 
ERR: Db Error: Unknown column 'have_gift' in 'where clause'
SELECT COUNT(*) AS nc_count FROM `shopwwi_goods_common` WHERE ( gc_id_1 = '3' ) AND ( areaid_1 = '8' ) AND ( is_own_shop = '1' ) AND ( have_gift = '1' ) LIMIT 1  
[2016-02-15 04:36:06] /shop/cate-3-0-0-3-1-0-1-8-0.html ( act=search&op=index ) 
ERR: Db Error: Unknown column 'have_gift' in 'where clause'
SELECT COUNT(*) AS nc_count FROM `shopwwi_goods_common` WHERE ( gc_id_1 = '3' ) AND ( areaid_1 = '8' ) AND ( have_gift = '1' ) LIMIT 1  
[2016-02-15 04:39:40] /shop/cate-3-0-0-3-2-1-1-4-0.html ( act=search&op=index ) 
ERR: Db Error: Unknown column 'have_gift' in 'where clause'
SELECT COUNT(*) AS nc_count FROM `shopwwi_goods_common` WHERE ( gc_id_1 = '3' ) AND ( areaid_1 = '4' ) AND ( is_own_shop = '1' ) AND ( have_gift = '1' ) LIMIT 1  
[2016-02-15 05:13:43] /shop/cate-3-0-0-1-1-1-1-0-0.html ( act=search&op=index ) 
ERR: Db Error: Unknown column 'have_gift' in 'where clause'
SELECT COUNT(*) AS nc_count FROM `shopwwi_goods_common` WHERE ( gc_id_1 = '3' ) AND ( is_own_shop = '1' ) AND ( have_gift = '1' ) LIMIT 1  
[2016-02-15 05:17:30] /shop/cate-3-0-0-1-1-1-1-1-0.html ( act=search&op=index ) 
ERR: Db Error: Unknown column 'have_gift' in 'where clause'
SELECT COUNT(*) AS nc_count FROM `shopwwi_goods_common` WHERE ( gc_id_1 = '3' ) AND ( areaid_1 = '1' ) AND ( is_own_shop = '1' ) AND ( have_gift = '1' ) LIMIT 1  
[2016-02-15 05:21:18] /shop/cate-3-0-0-1-1-0-1-0-0.html ( act=search&op=index ) 
ERR: Db Error: Unknown column 'have_gift' in 'where clause'
SELECT COUNT(*) AS nc_count FROM `shopwwi_goods_common` WHERE ( gc_id_1 = '3' ) AND ( have_gift = '1' ) LIMIT 1  
[2016-02-15 05:25:05] /shop/cate-3-0-0-1-1-0-1-3-0.html ( act=search&op=index ) 
ERR: Db Error: Unknown column 'have_gift' in 'where clause'
SELECT COUNT(*) AS nc_count FROM `shopwwi_goods_common` WHERE ( gc_id_1 = '3' ) AND ( areaid_1 = '3' ) AND ( have_gift = '1' ) LIMIT 1  
[2016-02-15 05:29:35] /shop/cate-496-131-20-0-0-0-0-0-0.html ( act=search&op=index ) 
ERR: Db Error: Unknown column 'goods_id' in 'where clause'
SELECT COUNT(*) AS nc_count FROM `shopwwi_goods_common` WHERE ( gc_id_3 = '496' ) AND ( brand_id = '131' ) AND ( goods_id IN('') ) LIMIT 1  
[2016-02-15 07:59:35] /shop/cate-496-0-5-0-0-0-0-10-0.html ( act=search&op=index ) 
ERR: Db Error: Unknown column 'goods_id' in 'where clause'
SELECT COUNT(*) AS nc_count FROM `shopwwi_goods_common` WHERE ( gc_id_3 = '496' ) AND ( areaid_1 = '10' ) AND ( goods_id IN ('100115','100118','100119','100133','100139') ) LIMIT 1  
[2016-02-15 08:44:35] /shop/cate-480-120-13-0-0-0-0-0-0.html ( act=search&op=index ) 
ERR: Db Error: Unknown column 'goods_id' in 'where clause'
SELECT COUNT(*) AS nc_count FROM `shopwwi_goods_common` WHERE ( gc_id_3 = '480' ) AND ( brand_id = '120' ) AND ( goods_id IN ('100095','100096','100098','100099','100100','100101','100104','100105','100106','100108','100113','100115','100116','100117','100118','100120','100123','100124','100127','100129','100130','100133','100136','100137','100139','100140','100141') ) LIMIT 1  
[2016-02-15 09:04:40] /circle/ ( act=index&op=index ) 
ERR: Db Error: Unknown table 'shopwwi.circle'
SELECT circle.*, is_hot*rand() as rand FROM `shopwwi_circle` WHERE ( circle_status = '1' ) AND ( is_hot = '1' ) ORDER BY rand desc LIMIT 3  
[2016-02-15 09:04:40] /circle/ ( act=index&op=index ) 
ERR: Db Error: Unknown table 'shopwwi.circle'
SELECT circle.*, is_recommend*rand() as rand FROM `shopwwi_circle` WHERE ( circle_status = '1' ) AND ( is_recommend = '1' ) ORDER BY rand desc LIMIT 20  
[2016-02-15 09:04:40] /circle/ ( act=index&op=index ) 
ERR: Db Error: Unknown table 'shopwwi.circle_theme'
SELECT circle_theme.*, is_recommend*rand() as rand FROM `shopwwi_circle_theme` WHERE ( has_affix = '1' ) AND ( is_closed = '0' ) AND ( is_recommend = '1' ) ORDER BY rand desc LIMIT 8  
[2016-02-15 09:04:40] /circle/ ( act=index&op=index ) 
ERR: Db Error: Unknown table 'shopwwi.circle_member'
SELECT circle_member.*, is_recommend*rand() as rand FROM `shopwwi_circle_member` WHERE ( is_recommend = '1' ) ORDER BY rand desc LIMIT 5  
[2016-02-15 09:06:08] /circle/ ( act=index&op=index ) 
ERR: Db Error: Unknown table 'shopwwi.circle'
SELECT circle.*, is_hot*rand() as rand FROM `shopwwi_circle` WHERE ( circle_status = '1' ) AND ( is_hot = '1' ) ORDER BY rand desc LIMIT 3  
[2016-02-15 09:06:08] /circle/ ( act=index&op=index ) 
ERR: Db Error: Unknown table 'shopwwi.circle'
SELECT circle.*, is_recommend*rand() as rand FROM `shopwwi_circle` WHERE ( circle_status = '1' ) AND ( is_recommend = '1' ) ORDER BY rand desc LIMIT 20  
[2016-02-15 09:06:08] /circle/ ( act=index&op=index ) 
ERR: Db Error: Unknown table 'shopwwi.circle_theme'
SELECT circle_theme.*, is_recommend*rand() as rand FROM `shopwwi_circle_theme` WHERE ( has_affix = '1' ) AND ( is_closed = '0' ) AND ( is_recommend = '1' ) ORDER BY rand desc LIMIT 8  
[2016-02-15 09:06:08] /circle/ ( act=index&op=index ) 
ERR: Db Error: Unknown table 'shopwwi.circle_member'
SELECT circle_member.*, is_recommend*rand() as rand FROM `shopwwi_circle_member` WHERE ( is_recommend = '1' ) ORDER BY rand desc LIMIT 5  
[2016-02-15 10:14:34] /shop/cate-496-0-10-0-0-0-0-1-0.html ( act=search&op=index ) 
ERR: Db Error: Unknown column 'goods_id' in 'where clause'
SELECT COUNT(*) AS nc_count FROM `shopwwi_goods_common` WHERE ( gc_id_3 = '496' ) AND ( areaid_1 = '1' ) AND ( goods_id IN ('100125','100130','100138') ) LIMIT 1  
[2016-02-15 12:20:33] /shop/cate-9-0-0-2-2-0-1-0-0.html ( act=search&op=index ) 
ERR: Db Error: Unknown column 'have_gift' in 'where clause'
SELECT COUNT(*) AS nc_count FROM `shopwwi_goods_common` WHERE ( gc_id_2 = '9' ) AND ( have_gift = '1' ) LIMIT 1  
[2016-02-15 12:23:02] /shop/cate-9-0-0-2-2-0-1-29-0.html ( act=search&op=index ) 
ERR: Db Error: Unknown column 'have_gift' in 'where clause'
SELECT COUNT(*) AS nc_count FROM `shopwwi_goods_common` WHERE ( gc_id_2 = '9' ) AND ( areaid_1 = '29' ) AND ( have_gift = '1' ) LIMIT 1  
[2016-02-15 12:23:06] /shop/cate-9-0-0-3-2-0-1-0-0.html ( act=search&op=index ) 
ERR: Db Error: Unknown column 'have_gift' in 'where clause'
SELECT COUNT(*) AS nc_count FROM `shopwwi_goods_common` WHERE ( gc_id_2 = '9' ) AND ( have_gift = '1' ) LIMIT 1  
[2016-02-15 12:23:09] /shop/cate-9-0-0-2-2-1-1-0-0.html ( act=search&op=index ) 
ERR: Db Error: Unknown column 'have_gift' in 'where clause'
SELECT COUNT(*) AS nc_count FROM `shopwwi_goods_common` WHERE ( gc_id_2 = '9' ) AND ( is_own_shop = '1' ) AND ( have_gift = '1' ) LIMIT 1  
[2016-02-15 12:23:12] /shop/cate-9-0-0-2-2-0-1-1-0.html ( act=search&op=index ) 
ERR: Db Error: Unknown column 'have_gift' in 'where clause'
SELECT COUNT(*) AS nc_count FROM `shopwwi_goods_common` WHERE ( gc_id_2 = '9' ) AND ( areaid_1 = '1' ) AND ( have_gift = '1' ) LIMIT 1  
[2016-02-15 12:23:19] /shop/cate-9-0-0-2-2-0-1-5-0.html ( act=search&op=index ) 
ERR: Db Error: Unknown column 'have_gift' in 'where clause'
SELECT COUNT(*) AS nc_count FROM `shopwwi_goods_common` WHERE ( gc_id_2 = '9' ) AND ( areaid_1 = '5' ) AND ( have_gift = '1' ) LIMIT 1  
[2016-02-15 12:23:23] /shop/cate-9-0-0-2-2-0-1-4-0.html ( act=search&op=index ) 
ERR: Db Error: Unknown column 'have_gift' in 'where clause'
SELECT COUNT(*) AS nc_count FROM `shopwwi_goods_common` WHERE ( gc_id_2 = '9' ) AND ( areaid_1 = '4' ) AND ( have_gift = '1' ) LIMIT 1  
[2016-02-15 12:23:47] /shop/cate-9-0-0-2-1-0-1-0-0.html ( act=search&op=index ) 
ERR: Db Error: Unknown column 'have_gift' in 'where clause'
SELECT COUNT(*) AS nc_count FROM `shopwwi_goods_common` WHERE ( gc_id_2 = '9' ) AND ( have_gift = '1' ) LIMIT 1  
[2016-02-15 12:23:51] /shop/cate-9-0-0-2-2-0-1-8-0.html ( act=search&op=index ) 
ERR: Db Error: Unknown column 'have_gift' in 'where clause'
SELECT COUNT(*) AS nc_count FROM `shopwwi_goods_common` WHERE ( gc_id_2 = '9' ) AND ( areaid_1 = '8' ) AND ( have_gift = '1' ) LIMIT 1  
[2016-02-15 12:23:55] /shop/cate-9-0-0-2-2-0-1-7-0.html ( act=search&op=index ) 
ERR: Db Error: Unknown column 'have_gift' in 'where clause'
SELECT COUNT(*) AS nc_count FROM `shopwwi_goods_common` WHERE ( gc_id_2 = '9' ) AND ( areaid_1 = '7' ) AND ( have_gift = '1' ) LIMIT 1  
[2016-02-15 12:24:01] /shop/cate-9-0-0-1-2-0-1-0-0.html ( act=search&op=index ) 
ERR: Db Error: Unknown column 'have_gift' in 'where clause'
SELECT COUNT(*) AS nc_count FROM `shopwwi_goods_common` WHERE ( gc_id_2 = '9' ) AND ( have_gift = '1' ) LIMIT 1  
[2016-02-15 12:24:05] /shop/cate-9-0-0-2-2-0-1-3-0.html ( act=search&op=index ) 
ERR: Db Error: Unknown column 'have_gift' in 'where clause'
SELECT COUNT(*) AS nc_count FROM `shopwwi_goods_common` WHERE ( gc_id_2 = '9' ) AND ( areaid_1 = '3' ) AND ( have_gift = '1' ) LIMIT 1  
[2016-02-15 12:24:10] /shop/cate-9-0-0-2-2-0-1-6-0.html ( act=search&op=index ) 
ERR: Db Error: Unknown column 'have_gift' in 'where clause'
SELECT COUNT(*) AS nc_count FROM `shopwwi_goods_common` WHERE ( gc_id_2 = '9' ) AND ( areaid_1 = '6' ) AND ( have_gift = '1' ) LIMIT 1  
[2016-02-15 12:24:32] /shop/cate-9-0-0-2-2-0-1-11-0.html ( act=search&op=index ) 
ERR: Db Error: Unknown column 'have_gift' in 'where clause'
SELECT COUNT(*) AS nc_count FROM `shopwwi_goods_common` WHERE ( gc_id_2 = '9' ) AND ( areaid_1 = '11' ) AND ( have_gift = '1' ) LIMIT 1  
[2016-02-15 12:24:54] /shop/cate-9-0-0-2-2-0-1-20-0.html ( act=search&op=index ) 
ERR: Db Error: Unknown column 'have_gift' in 'where clause'
SELECT COUNT(*) AS nc_count FROM `shopwwi_goods_common` WHERE ( gc_id_2 = '9' ) AND ( areaid_1 = '20' ) AND ( have_gift = '1' ) LIMIT 1  
[2016-02-15 12:25:00] /shop/cate-9-0-0-2-2-0-1-27-0.html ( act=search&op=index ) 
ERR: Db Error: Unknown column 'have_gift' in 'where clause'
SELECT COUNT(*) AS nc_count FROM `shopwwi_goods_common` WHERE ( gc_id_2 = '9' ) AND ( areaid_1 = '27' ) AND ( have_gift = '1' ) LIMIT 1  
[2016-02-15 12:25:07] /shop/cate-9-0-0-2-2-0-1-34-0.html ( act=search&op=index ) 
ERR: Db Error: Unknown column 'have_gift' in 'where clause'
SELECT COUNT(*) AS nc_count FROM `shopwwi_goods_common` WHERE ( gc_id_2 = '9' ) AND ( areaid_1 = '34' ) AND ( have_gift = '1' ) LIMIT 1  
[2016-02-15 12:25:10] /shop/cate-9-0-0-2-2-0-1-12-0.html ( act=search&op=index ) 
ERR: Db Error: Unknown column 'have_gift' in 'where clause'
SELECT COUNT(*) AS nc_count FROM `shopwwi_goods_common` WHERE ( gc_id_2 = '9' ) AND ( areaid_1 = '12' ) AND ( have_gift = '1' ) LIMIT 1  
[2016-02-15 12:25:13] /shop/cate-9-0-0-2-2-0-1-32-0.html ( act=search&op=index ) 
ERR: Db Error: Unknown column 'have_gift' in 'where clause'
SELECT COUNT(*) AS nc_count FROM `shopwwi_goods_common` WHERE ( gc_id_2 = '9' ) AND ( areaid_1 = '32' ) AND ( have_gift = '1' ) LIMIT 1  
[2016-02-15 12:25:17] /shop/cate-9-0-0-2-2-0-1-25-0.html ( act=search&op=index ) 
ERR: Db Error: Unknown column 'have_gift' in 'where clause'
SELECT COUNT(*) AS nc_count FROM `shopwwi_goods_common` WHERE ( gc_id_2 = '9' ) AND ( areaid_1 = '25' ) AND ( have_gift = '1' ) LIMIT 1  
[2016-02-15 12:25:23] /shop/cate-9-0-0-2-2-0-1-24-0.html ( act=search&op=index ) 
ERR: Db Error: Unknown column 'have_gift' in 'where clause'
SELECT COUNT(*) AS nc_count FROM `shopwwi_goods_common` WHERE ( gc_id_2 = '9' ) AND ( areaid_1 = '24' ) AND ( have_gift = '1' ) LIMIT 1  
[2016-02-15 12:25:26] /shop/cate-9-0-0-2-2-0-1-15-0.html ( act=search&op=index ) 
ERR: Db Error: Unknown column 'have_gift' in 'where clause'
SELECT COUNT(*) AS nc_count FROM `shopwwi_goods_common` WHERE ( gc_id_2 = '9' ) AND ( areaid_1 = '15' ) AND ( have_gift = '1' ) LIMIT 1  
[2016-02-15 12:25:33] /shop/cate-9-0-0-2-2-0-1-18-0.html ( act=search&op=index ) 
ERR: Db Error: Unknown column 'have_gift' in 'where clause'
SELECT COUNT(*) AS nc_count FROM `shopwwi_goods_common` WHERE ( gc_id_2 = '9' ) AND ( areaid_1 = '18' ) AND ( have_gift = '1' ) LIMIT 1  
[2016-02-15 12:25:36] /shop/cate-9-0-0-2-2-0-1-33-0.html ( act=search&op=index ) 
ERR: Db Error: Unknown column 'have_gift' in 'where clause'
SELECT COUNT(*) AS nc_count FROM `shopwwi_goods_common` WHERE ( gc_id_2 = '9' ) AND ( areaid_1 = '33' ) AND ( have_gift = '1' ) LIMIT 1  
[2016-02-15 12:25:42] /shop/cate-9-0-0-2-2-0-1-17-0.html ( act=search&op=index ) 
ERR: Db Error: Unknown column 'have_gift' in 'where clause'
SELECT COUNT(*) AS nc_count FROM `shopwwi_goods_common` WHERE ( gc_id_2 = '9' ) AND ( areaid_1 = '17' ) AND ( have_gift = '1' ) LIMIT 1  
[2016-02-15 12:25:51] /shop/cate-9-0-0-2-2-0-1-23-0.html ( act=search&op=index ) 
ERR: Db Error: Unknown column 'have_gift' in 'where clause'
SELECT COUNT(*) AS nc_count FROM `shopwwi_goods_common` WHERE ( gc_id_2 = '9' ) AND ( areaid_1 = '23' ) AND ( have_gift = '1' ) LIMIT 1  
[2016-02-15 12:26:00] /shop/cate-9-0-0-2-2-0-1-26-0.html ( act=search&op=index ) 
ERR: Db Error: Unknown column 'have_gift' in 'where clause'
SELECT COUNT(*) AS nc_count FROM `shopwwi_goods_common` WHERE ( gc_id_2 = '9' ) AND ( areaid_1 = '26' ) AND ( have_gift = '1' ) LIMIT 1  
[2016-02-15 12:26:03] /shop/cate-9-0-0-2-2-0-1-13-0.html ( act=search&op=index ) 
ERR: Db Error: Unknown column 'have_gift' in 'where clause'
SELECT COUNT(*) AS nc_count FROM `shopwwi_goods_common` WHERE ( gc_id_2 = '9' ) AND ( areaid_1 = '13' ) AND ( have_gift = '1' ) LIMIT 1  
[2016-02-15 12:26:11] /shop/cate-9-0-0-2-2-0-1-19-0.html ( act=search&op=index ) 
ERR: Db Error: Unknown column 'have_gift' in 'where clause'
SELECT COUNT(*) AS nc_count FROM `shopwwi_goods_common` WHERE ( gc_id_2 = '9' ) AND ( areaid_1 = '19' ) AND ( have_gift = '1' ) LIMIT 1  
[2016-02-15 12:26:17] /shop/cate-9-0-0-2-2-0-1-35-0.html ( act=search&op=index ) 
ERR: Db Error: Unknown column 'have_gift' in 'where clause'
SELECT COUNT(*) AS nc_count FROM `shopwwi_goods_common` WHERE ( gc_id_2 = '9' ) AND ( areaid_1 = '35' ) AND ( have_gift = '1' ) LIMIT 1  
[2016-02-15 12:26:20] /shop/cate-9-0-0-2-2-0-1-28-0.html ( act=search&op=index ) 
ERR: Db Error: Unknown column 'have_gift' in 'where clause'
SELECT COUNT(*) AS nc_count FROM `shopwwi_goods_common` WHERE ( gc_id_2 = '9' ) AND ( areaid_1 = '28' ) AND ( have_gift = '1' ) LIMIT 1  
[2016-02-15 12:26:25] /shop/cate-9-0-0-2-2-0-1-14-0.html ( act=search&op=index ) 
ERR: Db Error: Unknown column 'have_gift' in 'where clause'
SELECT COUNT(*) AS nc_count FROM `shopwwi_goods_common` WHERE ( gc_id_2 = '9' ) AND ( areaid_1 = '14' ) AND ( have_gift = '1' ) LIMIT 1  
[2016-02-15 12:26:28] /shop/cate-9-0-0-2-2-0-1-30-0.html ( act=search&op=index ) 
ERR: Db Error: Unknown column 'have_gift' in 'where clause'
SELECT COUNT(*) AS nc_count FROM `shopwwi_goods_common` WHERE ( gc_id_2 = '9' ) AND ( areaid_1 = '30' ) AND ( have_gift = '1' ) LIMIT 1  
[2016-02-15 12:26:36] /shop/cate-9-0-0-2-2-0-1-16-0.html ( act=search&op=index ) 
ERR: Db Error: Unknown column 'have_gift' in 'where clause'
SELECT COUNT(*) AS nc_count FROM `shopwwi_goods_common` WHERE ( gc_id_2 = '9' ) AND ( areaid_1 = '16' ) AND ( have_gift = '1' ) LIMIT 1  
[2016-02-15 12:26:41] /shop/cate-9-0-0-2-2-0-1-31-0.html ( act=search&op=index ) 
ERR: Db Error: Unknown column 'have_gift' in 'where clause'
SELECT COUNT(*) AS nc_count FROM `shopwwi_goods_common` WHERE ( gc_id_2 = '9' ) AND ( areaid_1 = '31' ) AND ( have_gift = '1' ) LIMIT 1  
[2016-02-15 12:26:44] /shop/cate-9-0-0-2-2-0-1-21-0.html ( act=search&op=index ) 
ERR: Db Error: Unknown column 'have_gift' in 'where clause'
SELECT COUNT(*) AS nc_count FROM `shopwwi_goods_common` WHERE ( gc_id_2 = '9' ) AND ( areaid_1 = '21' ) AND ( have_gift = '1' ) LIMIT 1  
[2016-02-15 12:26:47] /shop/cate-9-0-0-2-2-0-1-22-0.html ( act=search&op=index ) 
ERR: Db Error: Unknown column 'have_gift' in 'where clause'
SELECT COUNT(*) AS nc_count FROM `shopwwi_goods_common` WHERE ( gc_id_2 = '9' ) AND ( areaid_1 = '22' ) AND ( have_gift = '1' ) LIMIT 1  
[2016-02-15 12:26:54] /shop/cate-9-0-0-2-2-0-1-10-0.html ( act=search&op=index ) 
ERR: Db Error: Unknown column 'have_gift' in 'where clause'
SELECT COUNT(*) AS nc_count FROM `shopwwi_goods_common` WHERE ( gc_id_2 = '9' ) AND ( areaid_1 = '10' ) AND ( have_gift = '1' ) LIMIT 1  
[2016-02-15 12:27:17] /shop/cate-9-0-0-3-2-0-1-7-0.html ( act=search&op=index ) 
ERR: Db Error: Unknown column 'have_gift' in 'where clause'
SELECT COUNT(*) AS nc_count FROM `shopwwi_goods_common` WHERE ( gc_id_2 = '9' ) AND ( areaid_1 = '7' ) AND ( have_gift = '1' ) LIMIT 1  
[2016-02-15 12:27:17] /shop/cate-9-0-0-1-2-0-1-7-0.html ( act=search&op=index ) 
ERR: Db Error: Unknown column 'have_gift' in 'where clause'
SELECT COUNT(*) AS nc_count FROM `shopwwi_goods_common` WHERE ( gc_id_2 = '9' ) AND ( areaid_1 = '7' ) AND ( have_gift = '1' ) LIMIT 1  
[2016-02-15 12:27:21] /shop/cate-9-0-0-1-2-0-1-9-0.html ( act=search&op=index ) 
ERR: Db Error: Unknown column 'have_gift' in 'where clause'
SELECT COUNT(*) AS nc_count FROM `shopwwi_goods_common` WHERE ( gc_id_2 = '9' ) AND ( areaid_1 = '9' ) AND ( have_gift = '1' ) LIMIT 1  
[2016-02-15 12:27:25] /shop/cate-9-0-0-1-2-0-1-1-0.html ( act=search&op=index ) 
ERR: Db Error: Unknown column 'have_gift' in 'where clause'
SELECT COUNT(*) AS nc_count FROM `shopwwi_goods_common` WHERE ( gc_id_2 = '9' ) AND ( areaid_1 = '1' ) AND ( have_gift = '1' ) LIMIT 1  
[2016-02-15 12:27:33] /shop/cate-9-0-0-1-2-0-1-8-0.html ( act=search&op=index ) 
ERR: Db Error: Unknown column 'have_gift' in 'where clause'
SELECT COUNT(*) AS nc_count FROM `shopwwi_goods_common` WHERE ( gc_id_2 = '9' ) AND ( areaid_1 = '8' ) AND ( have_gift = '1' ) LIMIT 1  
[2016-02-15 12:27:44] /shop/cate-9-0-0-0-0-1-1-0-0.html ( act=search&op=index ) 
ERR: Db Error: Unknown column 'have_gift' in 'where clause'
SELECT COUNT(*) AS nc_count FROM `shopwwi_goods_common` WHERE ( gc_id_2 = '9' ) AND ( is_own_shop = '1' ) AND ( have_gift = '1' ) LIMIT 1  
[2016-02-15 12:27:54] /shop/cate-9-0-0-2-1-0-1-4-0.html ( act=search&op=index ) 
ERR: Db Error: Unknown column 'have_gift' in 'where clause'
SELECT COUNT(*) AS nc_count FROM `shopwwi_goods_common` WHERE ( gc_id_2 = '9' ) AND ( areaid_1 = '4' ) AND ( have_gift = '1' ) LIMIT 1  
[2016-02-15 12:28:27] /shop/cate-9-0-0-2-1-0-1-5-0.html ( act=search&op=index ) 
ERR: Db Error: Unknown column 'have_gift' in 'where clause'
SELECT COUNT(*) AS nc_count FROM `shopwwi_goods_common` WHERE ( gc_id_2 = '9' ) AND ( areaid_1 = '5' ) AND ( have_gift = '1' ) LIMIT 1  
[2016-02-15 12:28:37] /shop/cate-9-0-0-2-2-1-1-3-0.html ( act=search&op=index ) 
ERR: Db Error: Unknown column 'have_gift' in 'where clause'
SELECT COUNT(*) AS nc_count FROM `shopwwi_goods_common` WHERE ( gc_id_2 = '9' ) AND ( areaid_1 = '3' ) AND ( is_own_shop = '1' ) AND ( have_gift = '1' ) LIMIT 1  
[2016-02-15 12:28:48] /shop/cate-9-0-0-2-2-1-1-7-0.html ( act=search&op=index ) 
ERR: Db Error: Unknown column 'have_gift' in 'where clause'
SELECT COUNT(*) AS nc_count FROM `shopwwi_goods_common` WHERE ( gc_id_2 = '9' ) AND ( areaid_1 = '7' ) AND ( is_own_shop = '1' ) AND ( have_gift = '1' ) LIMIT 1  
[2016-02-15 12:29:10] /shop/cate-9-0-0-2-1-0-1-6-0.html ( act=search&op=index ) 
ERR: Db Error: Unknown column 'have_gift' in 'where clause'
SELECT COUNT(*) AS nc_count FROM `shopwwi_goods_common` WHERE ( gc_id_2 = '9' ) AND ( areaid_1 = '6' ) AND ( have_gift = '1' ) LIMIT 1  
[2016-02-15 12:29:20] /shop/cate-9-0-0-3-2-0-1-1-0.html ( act=search&op=index ) 
ERR: Db Error: Unknown column 'have_gift' in 'where clause'
SELECT COUNT(*) AS nc_count FROM `shopwwi_goods_common` WHERE ( gc_id_2 = '9' ) AND ( areaid_1 = '1' ) AND ( have_gift = '1' ) LIMIT 1  
[2016-02-15 12:29:31] /shop/cate-9-0-0-2-2-1-1-6-0.html ( act=search&op=index ) 
ERR: Db Error: Unknown column 'have_gift' in 'where clause'
SELECT COUNT(*) AS nc_count FROM `shopwwi_goods_common` WHERE ( gc_id_2 = '9' ) AND ( areaid_1 = '6' ) AND ( is_own_shop = '1' ) AND ( have_gift = '1' ) LIMIT 1  
[2016-02-15 12:29:34] /shop/cate-480-134-13-0-0-0-0-0-0.html ( act=search&op=index ) 
ERR: Db Error: Unknown column 'goods_id' in 'where clause'
SELECT COUNT(*) AS nc_count FROM `shopwwi_goods_common` WHERE ( gc_id_3 = '480' ) AND ( brand_id = '134' ) AND ( goods_id IN ('100095','100096','100098','100099','100100','100101','100104','100105','100106','100108','100113','100115','100116','100117','100118','100120','100123','100124','100127','100129','100130','100133','100136','100137','100139','100140','100141') ) LIMIT 1  
[2016-02-15 12:29:42] /shop/cate-9-0-0-2-1-0-1-7-0.html ( act=search&op=index ) 
ERR: Db Error: Unknown column 'have_gift' in 'where clause'
SELECT COUNT(*) AS nc_count FROM `shopwwi_goods_common` WHERE ( gc_id_2 = '9' ) AND ( areaid_1 = '7' ) AND ( have_gift = '1' ) LIMIT 1  
[2016-02-15 12:29:53] /shop/cate-9-0-0-3-2-0-1-3-0.html ( act=search&op=index ) 
ERR: Db Error: Unknown column 'have_gift' in 'where clause'
SELECT COUNT(*) AS nc_count FROM `shopwwi_goods_common` WHERE ( gc_id_2 = '9' ) AND ( areaid_1 = '3' ) AND ( have_gift = '1' ) LIMIT 1  
[2016-02-15 12:30:14] /shop/cate-9-0-0-3-2-0-1-8-0.html ( act=search&op=index ) 
ERR: Db Error: Unknown column 'have_gift' in 'where clause'
SELECT COUNT(*) AS nc_count FROM `shopwwi_goods_common` WHERE ( gc_id_2 = '9' ) AND ( areaid_1 = '8' ) AND ( have_gift = '1' ) LIMIT 1  
[2016-02-15 12:30:25] /shop/cate-9-0-0-1-2-0-1-3-0.html ( act=search&op=index ) 
ERR: Db Error: Unknown column 'have_gift' in 'where clause'
SELECT COUNT(*) AS nc_count FROM `shopwwi_goods_common` WHERE ( gc_id_2 = '9' ) AND ( areaid_1 = '3' ) AND ( have_gift = '1' ) LIMIT 1  
[2016-02-15 12:30:36] /shop/cate-9-0-0-2-1-0-1-1-0.html ( act=search&op=index ) 
ERR: Db Error: Unknown column 'have_gift' in 'where clause'
SELECT COUNT(*) AS nc_count FROM `shopwwi_goods_common` WHERE ( gc_id_2 = '9' ) AND ( areaid_1 = '1' ) AND ( have_gift = '1' ) LIMIT 1  
[2016-02-15 12:30:47] /shop/cate-9-0-0-3-2-0-1-4-0.html ( act=search&op=index ) 
ERR: Db Error: Unknown column 'have_gift' in 'where clause'
SELECT COUNT(*) AS nc_count FROM `shopwwi_goods_common` WHERE ( gc_id_2 = '9' ) AND ( areaid_1 = '4' ) AND ( have_gift = '1' ) LIMIT 1  
[2016-02-15 12:30:58] /shop/cate-9-0-0-3-2-0-1-5-0.html ( act=search&op=index ) 
ERR: Db Error: Unknown column 'have_gift' in 'where clause'
SELECT COUNT(*) AS nc_count FROM `shopwwi_goods_common` WHERE ( gc_id_2 = '9' ) AND ( areaid_1 = '5' ) AND ( have_gift = '1' ) LIMIT 1  
[2016-02-15 12:31:08] /shop/cate-9-0-0-1-2-0-1-5-0.html ( act=search&op=index ) 
ERR: Db Error: Unknown column 'have_gift' in 'where clause'
SELECT COUNT(*) AS nc_count FROM `shopwwi_goods_common` WHERE ( gc_id_2 = '9' ) AND ( areaid_1 = '5' ) AND ( have_gift = '1' ) LIMIT 1  
[2016-02-15 12:31:19] /shop/cate-9-0-0-3-1-0-1-0-0.html ( act=search&op=index ) 
ERR: Db Error: Unknown column 'have_gift' in 'where clause'
SELECT COUNT(*) AS nc_count FROM `shopwwi_goods_common` WHERE ( gc_id_2 = '9' ) AND ( have_gift = '1' ) LIMIT 1  
[2016-02-15 12:34:49] /shop/cate-800-0-0-0-0-0-1-6-0.html ( act=search&op=index ) 
ERR: Db Error: Unknown column 'have_gift' in 'where clause'
SELECT COUNT(*) AS nc_count FROM `shopwwi_goods_common` WHERE ( gc_id_3 = '800' ) AND ( areaid_1 = '6' ) AND ( have_gift = '1' ) LIMIT 1  
[2016-02-15 12:37:34] /shop/cate-800-0-0-3-2-0-1-6-0.html ( act=search&op=index ) 
ERR: Db Error: Unknown column 'have_gift' in 'where clause'
SELECT COUNT(*) AS nc_count FROM `shopwwi_goods_common` WHERE ( gc_id_3 = '800' ) AND ( areaid_1 = '6' ) AND ( have_gift = '1' ) LIMIT 1  
[2016-02-15 12:40:53] /shop/cate-800-0-0-0-0-0-1-9-0.html ( act=search&op=index ) 
ERR: Db Error: Unknown column 'have_gift' in 'where clause'
SELECT COUNT(*) AS nc_count FROM `shopwwi_goods_common` WHERE ( gc_id_3 = '800' ) AND ( areaid_1 = '9' ) AND ( have_gift = '1' ) LIMIT 1  
[2016-02-15 12:44:37] /shop/cate-800-0-0-3-2-0-1-8-0.html ( act=search&op=index ) 
ERR: Db Error: Unknown column 'have_gift' in 'where clause'
SELECT COUNT(*) AS nc_count FROM `shopwwi_goods_common` WHERE ( gc_id_3 = '800' ) AND ( areaid_1 = '8' ) AND ( have_gift = '1' ) LIMIT 1  
[2016-02-15 12:48:25] /shop/cate-800-0-0-2-2-0-1-8-0.html ( act=search&op=index ) 
ERR: Db Error: Unknown column 'have_gift' in 'where clause'
SELECT COUNT(*) AS nc_count FROM `shopwwi_goods_common` WHERE ( gc_id_3 = '800' ) AND ( areaid_1 = '8' ) AND ( have_gift = '1' ) LIMIT 1  
[2016-02-15 12:52:05] /shop/cate-480-127-13-0-0-0-0-0-0.html ( act=search&op=index ) 
ERR: Db Error: Unknown column 'goods_id' in 'where clause'
SELECT COUNT(*) AS nc_count FROM `shopwwi_goods_common` WHERE ( gc_id_3 = '480' ) AND ( brand_id = '127' ) AND ( goods_id IN ('100095','100096','100098','100099','100100','100101','100104','100105','100106','100108','100113','100115','100116','100117','100118','100120','100123','100124','100127','100129','100130','100133','100136','100137','100139','100140','100141') ) LIMIT 1  
[2016-02-15 12:52:17] /shop/cate-800-0-0-2-1-0-1-8-0.html ( act=search&op=index ) 
ERR: Db Error: Unknown column 'have_gift' in 'where clause'
SELECT COUNT(*) AS nc_count FROM `shopwwi_goods_common` WHERE ( gc_id_3 = '800' ) AND ( areaid_1 = '8' ) AND ( have_gift = '1' ) LIMIT 1  
[2016-02-15 12:57:03] /shop/cate-517-0-13-0-0-0-0-0-0.html ( act=search&op=index ) 
ERR: Db Error: Unknown column 'goods_id' in 'where clause'
SELECT COUNT(*) AS nc_count FROM `shopwwi_goods_common` WHERE ( gc_id_3 = '517' ) AND ( goods_id IN ('100095','100096','100098','100099','100100','100101','100104','100105','100106','100108','100113','100115','100116','100117','100118','100120','100123','100124','100127','100129','100130','100133','100136','100137','100139','100140','100141') ) LIMIT 1  
[2016-02-15 13:12:18] /shop/cate-480-125-13-0-0-0-0-0-0.html ( act=search&op=index ) 
ERR: Db Error: Unknown column 'goods_id' in 'where clause'
SELECT COUNT(*) AS nc_count FROM `shopwwi_goods_common` WHERE ( gc_id_3 = '480' ) AND ( brand_id = '125' ) AND ( goods_id IN ('100095','100096','100098','100099','100100','100101','100104','100105','100106','100108','100113','100115','100116','100117','100118','100120','100123','100124','100127','100129','100130','100133','100136','100137','100139','100140','100141') ) LIMIT 1  
[2016-02-15 13:22:36] /shop/cate-800-0-0-3-2-1-1-3-0.html ( act=search&op=index ) 
ERR: Db Error: Unknown column 'have_gift' in 'where clause'
SELECT COUNT(*) AS nc_count FROM `shopwwi_goods_common` WHERE ( gc_id_3 = '800' ) AND ( areaid_1 = '3' ) AND ( is_own_shop = '1' ) AND ( have_gift = '1' ) LIMIT 1  
[2016-02-15 13:32:31] /shop/cate-480-119-6_13-0-0-0-0-0-0.html ( act=search&op=index ) 
ERR: Db Error: Unknown column 'goods_id' in 'where clause'
SELECT COUNT(*) AS nc_count FROM `shopwwi_goods_common` WHERE ( gc_id_3 = '480' ) AND ( brand_id = '119' ) AND ( goods_id IN('') ) LIMIT 1  
[2016-02-15 13:33:49] /shop/cate-800-0-0-3-1-1-1-7-0.html ( act=search&op=index ) 
ERR: Db Error: Unknown column 'have_gift' in 'where clause'
SELECT COUNT(*) AS nc_count FROM `shopwwi_goods_common` WHERE ( gc_id_3 = '800' ) AND ( areaid_1 = '7' ) AND ( is_own_shop = '1' ) AND ( have_gift = '1' ) LIMIT 1  
[2016-02-15 13:37:37] /shop/cate-800-0-0-1-2-1-1-7-0.html ( act=search&op=index ) 
ERR: Db Error: Unknown column 'have_gift' in 'where clause'
SELECT COUNT(*) AS nc_count FROM `shopwwi_goods_common` WHERE ( gc_id_3 = '800' ) AND ( areaid_1 = '7' ) AND ( is_own_shop = '1' ) AND ( have_gift = '1' ) LIMIT 1  
[2016-02-15 13:41:26] /shop/cate-800-0-0-3-1-1-1-6-0.html ( act=search&op=index ) 
ERR: Db Error: Unknown column 'have_gift' in 'where clause'
SELECT COUNT(*) AS nc_count FROM `shopwwi_goods_common` WHERE ( gc_id_3 = '800' ) AND ( areaid_1 = '6' ) AND ( is_own_shop = '1' ) AND ( have_gift = '1' ) LIMIT 1  
[2016-02-15 13:45:11] /shop/cate-800-0-0-1-2-1-1-2-0.html ( act=search&op=index ) 
ERR: Db Error: Unknown column 'have_gift' in 'where clause'
SELECT COUNT(*) AS nc_count FROM `shopwwi_goods_common` WHERE ( gc_id_3 = '800' ) AND ( areaid_1 = '2' ) AND ( is_own_shop = '1' ) AND ( have_gift = '1' ) LIMIT 1  
[2016-02-15 13:48:57] /shop/cate-800-0-0-1-2-0-1-2-0.html ( act=search&op=index ) 
ERR: Db Error: Unknown column 'have_gift' in 'where clause'
SELECT COUNT(*) AS nc_count FROM `shopwwi_goods_common` WHERE ( gc_id_3 = '800' ) AND ( areaid_1 = '2' ) AND ( have_gift = '1' ) LIMIT 1  
[2016-02-15 13:52:45] /shop/cate-480-139-11_2-0-0-0-0-0-0.html ( act=search&op=index ) 
ERR: Db Error: Unknown column 'goods_id' in 'where clause'
SELECT COUNT(*) AS nc_count FROM `shopwwi_goods_common` WHERE ( gc_id_3 = '480' ) AND ( brand_id = '139' ) AND ( goods_id IN ('100097') ) LIMIT 1  
[2016-02-15 13:52:47] /shop/cate-800-0-0-1-2-0-1-3-0.html ( act=search&op=index ) 
ERR: Db Error: Unknown column 'have_gift' in 'where clause'
SELECT COUNT(*) AS nc_count FROM `shopwwi_goods_common` WHERE ( gc_id_3 = '800' ) AND ( areaid_1 = '3' ) AND ( have_gift = '1' ) LIMIT 1  
