[2016-02-07 02:00:01] /circle/ ( act=index&op=index ) 
ERR: Db Error: Unknown table 'shopwwi.circle'
SELECT circle.*, is_hot*rand() as rand FROM `shopwwi_circle` WHERE ( circle_status = '1' ) AND ( is_hot = '1' ) ORDER BY rand desc LIMIT 3  
[2016-02-07 02:00:01] /circle/ ( act=index&op=index ) 
ERR: Db Error: Unknown table 'shopwwi.circle'
SELECT circle.*, is_recommend*rand() as rand FROM `shopwwi_circle` WHERE ( circle_status = '1' ) AND ( is_recommend = '1' ) ORDER BY rand desc LIMIT 20  
[2016-02-07 02:00:01] /circle/ ( act=index&op=index ) 
ERR: Db Error: Unknown table 'shopwwi.circle_theme'
SELECT circle_theme.*, is_recommend*rand() as rand FROM `shopwwi_circle_theme` WHERE ( has_affix = '1' ) AND ( is_closed = '0' ) AND ( is_recommend = '1' ) ORDER BY rand desc LIMIT 8  
[2016-02-07 02:00:01] /circle/ ( act=index&op=index ) 
ERR: Db Error: Unknown table 'shopwwi.circle_member'
SELECT circle_member.*, is_recommend*rand() as rand FROM `shopwwi_circle_member` WHERE ( is_recommend = '1' ) ORDER BY rand desc LIMIT 5  
[2016-02-07 03:11:32] /shop/cate-480-0-3-0-0-0-0-0-0.html ( act=search&op=index ) 
ERR: Db Error: Unknown column 'goods_id' in 'where clause'
SELECT COUNT(*) AS nc_count FROM `shopwwi_goods_common` WHERE ( gc_id_3 = '480' ) AND ( goods_id IN ('100098','100101','100104','100109','100110','100111','100112','100113','100114','100120','100123','100124','100125','100132','100135','100137','100140','100142') ) LIMIT 1  
[2016-02-07 03:41:33] /shop/cate-805-0-0-0-0-0-1-0-0.html ( act=search&op=index ) 
ERR: Db Error: Unknown column 'have_gift' in 'where clause'
SELECT COUNT(*) AS nc_count FROM `shopwwi_goods_common` WHERE ( gc_id_3 = '805' ) AND ( have_gift = '1' ) LIMIT 1  
[2016-02-07 06:25:21] /shop/cate-478-0-7-0-0-0-0-0-0.html ( act=search&op=index ) 
ERR: Db Error: Unknown column 'goods_id' in 'where clause'
SELECT COUNT(*) AS nc_count FROM `shopwwi_goods_common` WHERE ( gc_id_3 = '478' ) AND ( goods_id IN('') ) LIMIT 1  
[2016-02-07 07:25:06] /shop/cate-271-0-0-0-0-0-1-4-0.html ( act=search&op=index ) 
ERR: Db Error: Unknown column 'have_gift' in 'where clause'
SELECT COUNT(*) AS nc_count FROM `shopwwi_goods_common` WHERE ( gc_id_3 = '271' ) AND ( areaid_1 = '4' ) AND ( have_gift = '1' ) LIMIT 1  
[2016-02-07 07:27:39] /shop/cate-271-0-0-2-2-0-1-4-0.html ( act=search&op=index ) 
ERR: Db Error: Unknown column 'have_gift' in 'where clause'
SELECT COUNT(*) AS nc_count FROM `shopwwi_goods_common` WHERE ( gc_id_3 = '271' ) AND ( areaid_1 = '4' ) AND ( have_gift = '1' ) LIMIT 1  
[2016-02-07 07:28:35] /shop/cate-271-0-0-0-0-0-1-5-0.html ( act=search&op=index ) 
ERR: Db Error: Unknown column 'have_gift' in 'where clause'
SELECT COUNT(*) AS nc_count FROM `shopwwi_goods_common` WHERE ( gc_id_3 = '271' ) AND ( areaid_1 = '5' ) AND ( have_gift = '1' ) LIMIT 1  
[2016-02-07 07:28:51] /shop/cate-271-0-0-0-0-0-1-2-0.html ( act=search&op=index ) 
ERR: Db Error: Unknown column 'have_gift' in 'where clause'
SELECT COUNT(*) AS nc_count FROM `shopwwi_goods_common` WHERE ( gc_id_3 = '271' ) AND ( areaid_1 = '2' ) AND ( have_gift = '1' ) LIMIT 1  
[2016-02-07 07:29:01] /shop/cate-271-0-0-3-2-0-1-4-0.html ( act=search&op=index ) 
ERR: Db Error: Unknown column 'have_gift' in 'where clause'
SELECT COUNT(*) AS nc_count FROM `shopwwi_goods_common` WHERE ( gc_id_3 = '271' ) AND ( areaid_1 = '4' ) AND ( have_gift = '1' ) LIMIT 1  
[2016-02-07 07:29:22] /shop/cate-271-0-0-0-0-0-1-3-0.html ( act=search&op=index ) 
ERR: Db Error: Unknown column 'have_gift' in 'where clause'
SELECT COUNT(*) AS nc_count FROM `shopwwi_goods_common` WHERE ( gc_id_3 = '271' ) AND ( areaid_1 = '3' ) AND ( have_gift = '1' ) LIMIT 1  
[2016-02-07 07:29:27] /shop/cate-271-0-0-0-0-0-1-1-0.html ( act=search&op=index ) 
ERR: Db Error: Unknown column 'have_gift' in 'where clause'
SELECT COUNT(*) AS nc_count FROM `shopwwi_goods_common` WHERE ( gc_id_3 = '271' ) AND ( areaid_1 = '1' ) AND ( have_gift = '1' ) LIMIT 1  
[2016-02-07 07:29:38] /shop/cate-271-0-0-1-2-0-1-4-0.html ( act=search&op=index ) 
ERR: Db Error: Unknown column 'have_gift' in 'where clause'
SELECT COUNT(*) AS nc_count FROM `shopwwi_goods_common` WHERE ( gc_id_3 = '271' ) AND ( areaid_1 = '4' ) AND ( have_gift = '1' ) LIMIT 1  
[2016-02-07 07:30:04] /shop/cate-271-0-0-0-0-0-1-6-0.html ( act=search&op=index ) 
ERR: Db Error: Unknown column 'have_gift' in 'where clause'
SELECT COUNT(*) AS nc_count FROM `shopwwi_goods_common` WHERE ( gc_id_3 = '271' ) AND ( areaid_1 = '6' ) AND ( have_gift = '1' ) LIMIT 1  
[2016-02-07 07:31:18] /shop/cate-271-0-0-0-0-0-1-8-0.html ( act=search&op=index ) 
ERR: Db Error: Unknown column 'have_gift' in 'where clause'
SELECT COUNT(*) AS nc_count FROM `shopwwi_goods_common` WHERE ( gc_id_3 = '271' ) AND ( areaid_1 = '8' ) AND ( have_gift = '1' ) LIMIT 1  
[2016-02-07 07:31:55] /shop/cate-271-0-0-0-0-0-1-7-0.html ( act=search&op=index ) 
ERR: Db Error: Unknown column 'have_gift' in 'where clause'
SELECT COUNT(*) AS nc_count FROM `shopwwi_goods_common` WHERE ( gc_id_3 = '271' ) AND ( areaid_1 = '7' ) AND ( have_gift = '1' ) LIMIT 1  
[2016-02-07 07:32:03] /shop/cate-271-0-0-0-0-1-1-4-0.html ( act=search&op=index ) 
ERR: Db Error: Unknown column 'have_gift' in 'where clause'
SELECT COUNT(*) AS nc_count FROM `shopwwi_goods_common` WHERE ( gc_id_3 = '271' ) AND ( areaid_1 = '4' ) AND ( is_own_shop = '1' ) AND ( have_gift = '1' ) LIMIT 1  
[2016-02-07 07:34:04] /shop/cate-481-0-1-1-2-0-0-0-0.html ( act=search&op=index ) 
ERR: Db Error: Unknown column 'goods_id' in 'where clause'
SELECT COUNT(*) AS nc_count FROM `shopwwi_goods_common` WHERE ( gc_id_3 = '481' ) AND ( goods_id IN ('100093') ) LIMIT 1  
[2016-02-07 07:36:58] /shop/cate-271-0-0-1-2-0-1-7-0.html ( act=search&op=index ) 
ERR: Db Error: Unknown column 'have_gift' in 'where clause'
SELECT COUNT(*) AS nc_count FROM `shopwwi_goods_common` WHERE ( gc_id_3 = '271' ) AND ( areaid_1 = '7' ) AND ( have_gift = '1' ) LIMIT 1  
[2016-02-07 07:37:36] /shop/cate-613-0-0-0-0-0-1-0-0.html ( act=search&op=index ) 
ERR: Db Error: Unknown column 'have_gift' in 'where clause'
SELECT COUNT(*) AS nc_count FROM `shopwwi_goods_common` WHERE ( gc_id_3 = '613' ) AND ( have_gift = '1' ) LIMIT 1  
[2016-02-07 07:44:33] /shop/cate-613-0-0-3-2-0-1-0-0.html ( act=search&op=index ) 
ERR: Db Error: Unknown column 'have_gift' in 'where clause'
SELECT COUNT(*) AS nc_count FROM `shopwwi_goods_common` WHERE ( gc_id_3 = '613' ) AND ( have_gift = '1' ) LIMIT 1  
[2016-02-07 07:48:19] /shop/cate-613-0-0-3-2-0-1-9-0.html ( act=search&op=index ) 
ERR: Db Error: Unknown column 'have_gift' in 'where clause'
SELECT COUNT(*) AS nc_count FROM `shopwwi_goods_common` WHERE ( gc_id_3 = '613' ) AND ( areaid_1 = '9' ) AND ( have_gift = '1' ) LIMIT 1  
[2016-02-07 07:52:15] /shop/cate-613-0-0-3-2-0-1-5-0.html ( act=search&op=index ) 
ERR: Db Error: Unknown column 'have_gift' in 'where clause'
SELECT COUNT(*) AS nc_count FROM `shopwwi_goods_common` WHERE ( gc_id_3 = '613' ) AND ( areaid_1 = '5' ) AND ( have_gift = '1' ) LIMIT 1  
[2016-02-07 08:07:03] /shop/cate-481-0-20-0-0-0-0-0-0.html ( act=search&op=index ) 
ERR: Db Error: Unknown column 'goods_id' in 'where clause'
SELECT COUNT(*) AS nc_count FROM `shopwwi_goods_common` WHERE ( gc_id_3 = '481' ) AND ( goods_id IN('') ) LIMIT 1  
[2016-02-07 08:22:37] /shop/cate-1019-0-0-3-2-0-1-4-0.html ( act=search&op=index ) 
ERR: Db Error: Unknown column 'have_gift' in 'where clause'
SELECT COUNT(*) AS nc_count FROM `shopwwi_goods_common` WHERE ( gc_id_3 = '1019' ) AND ( areaid_1 = '4' ) AND ( have_gift = '1' ) LIMIT 1  
[2016-02-07 08:29:57] /shop/cate-677-0-0-0-0-0-1-7-0.html ( act=search&op=index ) 
ERR: Db Error: Unknown column 'have_gift' in 'where clause'
SELECT COUNT(*) AS nc_count FROM `shopwwi_goods_common` WHERE ( gc_id_3 = '677' ) AND ( areaid_1 = '7' ) AND ( have_gift = '1' ) LIMIT 1  
[2016-02-07 08:33:44] /shop/cate-677-0-0-2-2-0-1-7-0.html ( act=search&op=index ) 
ERR: Db Error: Unknown column 'have_gift' in 'where clause'
SELECT COUNT(*) AS nc_count FROM `shopwwi_goods_common` WHERE ( gc_id_3 = '677' ) AND ( areaid_1 = '7' ) AND ( have_gift = '1' ) LIMIT 1  
[2016-02-07 08:37:38] /shop/cate-677-0-0-2-2-0-1-2-0.html ( act=search&op=index ) 
ERR: Db Error: Unknown column 'have_gift' in 'where clause'
SELECT COUNT(*) AS nc_count FROM `shopwwi_goods_common` WHERE ( gc_id_3 = '677' ) AND ( areaid_1 = '2' ) AND ( have_gift = '1' ) LIMIT 1  
[2016-02-07 08:41:19] /shop/cate-677-0-0-2-2-0-1-4-0.html ( act=search&op=index ) 
ERR: Db Error: Unknown column 'have_gift' in 'where clause'
SELECT COUNT(*) AS nc_count FROM `shopwwi_goods_common` WHERE ( gc_id_3 = '677' ) AND ( areaid_1 = '4' ) AND ( have_gift = '1' ) LIMIT 1  
[2016-02-07 08:45:05] /shop/cate-677-0-0-2-2-1-1-2-0.html ( act=search&op=index ) 
ERR: Db Error: Unknown column 'have_gift' in 'where clause'
SELECT COUNT(*) AS nc_count FROM `shopwwi_goods_common` WHERE ( gc_id_3 = '677' ) AND ( areaid_1 = '2' ) AND ( is_own_shop = '1' ) AND ( have_gift = '1' ) LIMIT 1  
[2016-02-07 11:01:32] /shop/cate-543-0-0-0-0-0-1-30-0.html ( act=search&op=index ) 
ERR: Db Error: Unknown column 'have_gift' in 'where clause'
SELECT COUNT(*) AS nc_count FROM `shopwwi_goods_common` WHERE ( gc_id_3 = '543' ) AND ( areaid_1 = '30' ) AND ( have_gift = '1' ) LIMIT 1  
[2016-02-07 11:05:05] /shop/cate-1052-0-0-0-0-0-1-23-0.html ( act=search&op=index ) 
ERR: Db Error: Unknown column 'have_gift' in 'where clause'
SELECT COUNT(*) AS nc_count FROM `shopwwi_goods_common` WHERE ( gc_id_3 = '1052' ) AND ( areaid_1 = '23' ) AND ( have_gift = '1' ) LIMIT 1  
[2016-02-07 11:08:52] /shop/cate-1052-0-0-0-0-0-1-6-0.html ( act=search&op=index ) 
ERR: Db Error: Unknown column 'have_gift' in 'where clause'
SELECT COUNT(*) AS nc_count FROM `shopwwi_goods_common` WHERE ( gc_id_3 = '1052' ) AND ( areaid_1 = '6' ) AND ( have_gift = '1' ) LIMIT 1  
[2016-02-07 11:12:39] /shop/cate-1052-0-0-0-0-1-1-6-0.html ( act=search&op=index ) 
ERR: Db Error: Unknown column 'have_gift' in 'where clause'
SELECT COUNT(*) AS nc_count FROM `shopwwi_goods_common` WHERE ( gc_id_3 = '1052' ) AND ( areaid_1 = '6' ) AND ( is_own_shop = '1' ) AND ( have_gift = '1' ) LIMIT 1  
[2016-02-07 11:16:26] /shop/cate-1052-0-0-1-2-0-1-6-0.html ( act=search&op=index ) 
ERR: Db Error: Unknown column 'have_gift' in 'where clause'
SELECT COUNT(*) AS nc_count FROM `shopwwi_goods_common` WHERE ( gc_id_3 = '1052' ) AND ( areaid_1 = '6' ) AND ( have_gift = '1' ) LIMIT 1  
[2016-02-07 11:20:13] /shop/cate-1052-0-0-1-2-0-1-3-0.html ( act=search&op=index ) 
ERR: Db Error: Unknown column 'have_gift' in 'where clause'
SELECT COUNT(*) AS nc_count FROM `shopwwi_goods_common` WHERE ( gc_id_3 = '1052' ) AND ( areaid_1 = '3' ) AND ( have_gift = '1' ) LIMIT 1  
[2016-02-07 11:24:00] /shop/cate-1052-0-0-1-1-0-1-3-0.html ( act=search&op=index ) 
ERR: Db Error: Unknown column 'have_gift' in 'where clause'
SELECT COUNT(*) AS nc_count FROM `shopwwi_goods_common` WHERE ( gc_id_3 = '1052' ) AND ( areaid_1 = '3' ) AND ( have_gift = '1' ) LIMIT 1  
[2016-02-07 11:27:53] /shop/cate-1052-0-0-1-1-0-1-0-0.html ( act=search&op=index ) 
ERR: Db Error: Unknown column 'have_gift' in 'where clause'
SELECT COUNT(*) AS nc_count FROM `shopwwi_goods_common` WHERE ( gc_id_3 = '1052' ) AND ( have_gift = '1' ) LIMIT 1  
[2016-02-07 11:31:35] /shop/cate-1052-0-0-1-1-0-1-9-0.html ( act=search&op=index ) 
ERR: Db Error: Unknown column 'have_gift' in 'where clause'
SELECT COUNT(*) AS nc_count FROM `shopwwi_goods_common` WHERE ( gc_id_3 = '1052' ) AND ( areaid_1 = '9' ) AND ( have_gift = '1' ) LIMIT 1  
[2016-02-07 11:35:22] /shop/cate-1052-0-0-3-2-0-1-9-0.html ( act=search&op=index ) 
ERR: Db Error: Unknown column 'have_gift' in 'where clause'
SELECT COUNT(*) AS nc_count FROM `shopwwi_goods_common` WHERE ( gc_id_3 = '1052' ) AND ( areaid_1 = '9' ) AND ( have_gift = '1' ) LIMIT 1  
[2016-02-07 11:39:08] /shop/cate-1052-0-0-3-2-0-1-2-0.html ( act=search&op=index ) 
ERR: Db Error: Unknown column 'have_gift' in 'where clause'
SELECT COUNT(*) AS nc_count FROM `shopwwi_goods_common` WHERE ( gc_id_3 = '1052' ) AND ( areaid_1 = '2' ) AND ( have_gift = '1' ) LIMIT 1  
[2016-02-07 11:46:42] /shop/cate-1052-0-0-3-2-1-1-2-0.html ( act=search&op=index ) 
ERR: Db Error: Unknown column 'have_gift' in 'where clause'
SELECT COUNT(*) AS nc_count FROM `shopwwi_goods_common` WHERE ( gc_id_3 = '1052' ) AND ( areaid_1 = '2' ) AND ( is_own_shop = '1' ) AND ( have_gift = '1' ) LIMIT 1  
[2016-02-07 11:50:29] /shop/cate-1052-0-0-3-2-1-1-4-0.html ( act=search&op=index ) 
ERR: Db Error: Unknown column 'have_gift' in 'where clause'
SELECT COUNT(*) AS nc_count FROM `shopwwi_goods_common` WHERE ( gc_id_3 = '1052' ) AND ( areaid_1 = '4' ) AND ( is_own_shop = '1' ) AND ( have_gift = '1' ) LIMIT 1  
[2016-02-07 12:32:06] /shop/cate-1052-0-0-2-2-1-1-1-0.html ( act=search&op=index ) 
ERR: Db Error: Unknown column 'have_gift' in 'where clause'
SELECT COUNT(*) AS nc_count FROM `shopwwi_goods_common` WHERE ( gc_id_3 = '1052' ) AND ( areaid_1 = '1' ) AND ( is_own_shop = '1' ) AND ( have_gift = '1' ) LIMIT 1  
[2016-02-07 12:32:17] /circle/ ( act=index&op=index ) 
ERR: Db Error: Unknown table 'shopwwi.circle'
SELECT circle.*, is_hot*rand() as rand FROM `shopwwi_circle` WHERE ( circle_status = '1' ) AND ( is_hot = '1' ) ORDER BY rand desc LIMIT 3  
[2016-02-07 12:32:17] /circle/ ( act=index&op=index ) 
ERR: Db Error: Unknown table 'shopwwi.circle'
SELECT circle.*, is_recommend*rand() as rand FROM `shopwwi_circle` WHERE ( circle_status = '1' ) AND ( is_recommend = '1' ) ORDER BY rand desc LIMIT 20  
[2016-02-07 12:32:17] /circle/ ( act=index&op=index ) 
ERR: Db Error: Unknown table 'shopwwi.circle_theme'
SELECT circle_theme.*, is_recommend*rand() as rand FROM `shopwwi_circle_theme` WHERE ( has_affix = '1' ) AND ( is_closed = '0' ) AND ( is_recommend = '1' ) ORDER BY rand desc LIMIT 8  
[2016-02-07 12:32:17] /circle/ ( act=index&op=index ) 
ERR: Db Error: Unknown table 'shopwwi.circle_member'
SELECT circle_member.*, is_recommend*rand() as rand FROM `shopwwi_circle_member` WHERE ( is_recommend = '1' ) ORDER BY rand desc LIMIT 5  
[2016-02-07 12:35:53] /shop/cate-1052-0-0-2-2-1-1-0-0.html ( act=search&op=index ) 
ERR: Db Error: Unknown column 'have_gift' in 'where clause'
SELECT COUNT(*) AS nc_count FROM `shopwwi_goods_common` WHERE ( gc_id_3 = '1052' ) AND ( is_own_shop = '1' ) AND ( have_gift = '1' ) LIMIT 1  
[2016-02-07 12:39:40] /shop/cate-1052-0-0-2-1-1-1-0-0.html ( act=search&op=index ) 
ERR: Db Error: Unknown column 'have_gift' in 'where clause'
SELECT COUNT(*) AS nc_count FROM `shopwwi_goods_common` WHERE ( gc_id_3 = '1052' ) AND ( is_own_shop = '1' ) AND ( have_gift = '1' ) LIMIT 1  
[2016-02-07 12:43:27] /shop/cate-1052-0-0-2-1-1-1-4-0.html ( act=search&op=index ) 
ERR: Db Error: Unknown column 'have_gift' in 'where clause'
SELECT COUNT(*) AS nc_count FROM `shopwwi_goods_common` WHERE ( gc_id_3 = '1052' ) AND ( areaid_1 = '4' ) AND ( is_own_shop = '1' ) AND ( have_gift = '1' ) LIMIT 1  
[2016-02-07 12:47:14] /shop/cate-1052-0-0-2-1-1-1-2-0.html ( act=search&op=index ) 
ERR: Db Error: Unknown column 'have_gift' in 'where clause'
SELECT COUNT(*) AS nc_count FROM `shopwwi_goods_common` WHERE ( gc_id_3 = '1052' ) AND ( areaid_1 = '2' ) AND ( is_own_shop = '1' ) AND ( have_gift = '1' ) LIMIT 1  
[2016-02-07 12:51:01] /shop/cate-1052-0-0-2-1-0-1-4-0.html ( act=search&op=index ) 
ERR: Db Error: Unknown column 'have_gift' in 'where clause'
SELECT COUNT(*) AS nc_count FROM `shopwwi_goods_common` WHERE ( gc_id_3 = '1052' ) AND ( areaid_1 = '4' ) AND ( have_gift = '1' ) LIMIT 1  
[2016-02-07 14:07:08] /shop/cate-355-0-0-1-1-0-1-1-0.html ( act=search&op=index ) 
ERR: Db Error: Unknown column 'have_gift' in 'where clause'
SELECT COUNT(*) AS nc_count FROM `shopwwi_goods_common` WHERE ( gc_id_3 = '355' ) AND ( areaid_1 = '1' ) AND ( have_gift = '1' ) LIMIT 1  
[2016-02-07 14:10:30] /shop/cate-355-0-0-1-1-0-1-0-0.html ( act=search&op=index ) 
ERR: Db Error: Unknown column 'have_gift' in 'where clause'
SELECT COUNT(*) AS nc_count FROM `shopwwi_goods_common` WHERE ( gc_id_3 = '355' ) AND ( have_gift = '1' ) LIMIT 1  
[2016-02-07 14:14:16] /shop/cate-355-0-0-2-2-0-1-8-0.html ( act=search&op=index ) 
ERR: Db Error: Unknown column 'have_gift' in 'where clause'
SELECT COUNT(*) AS nc_count FROM `shopwwi_goods_common` WHERE ( gc_id_3 = '355' ) AND ( areaid_1 = '8' ) AND ( have_gift = '1' ) LIMIT 1  
[2016-02-07 14:18:03] /shop/cate-355-0-0-2-2-0-1-4-0.html ( act=search&op=index ) 
ERR: Db Error: Unknown column 'have_gift' in 'where clause'
SELECT COUNT(*) AS nc_count FROM `shopwwi_goods_common` WHERE ( gc_id_3 = '355' ) AND ( areaid_1 = '4' ) AND ( have_gift = '1' ) LIMIT 1  
[2016-02-07 14:21:51] /shop/cate-355-0-0-2-2-0-1-7-0.html ( act=search&op=index ) 
ERR: Db Error: Unknown column 'have_gift' in 'where clause'
SELECT COUNT(*) AS nc_count FROM `shopwwi_goods_common` WHERE ( gc_id_3 = '355' ) AND ( areaid_1 = '7' ) AND ( have_gift = '1' ) LIMIT 1  
[2016-02-07 14:25:38] /shop/cate-355-0-0-3-2-0-1-7-0.html ( act=search&op=index ) 
ERR: Db Error: Unknown column 'have_gift' in 'where clause'
SELECT COUNT(*) AS nc_count FROM `shopwwi_goods_common` WHERE ( gc_id_3 = '355' ) AND ( areaid_1 = '7' ) AND ( have_gift = '1' ) LIMIT 1  
[2016-02-07 14:29:25] /shop/cate-355-0-0-3-1-0-1-7-0.html ( act=search&op=index ) 
ERR: Db Error: Unknown column 'have_gift' in 'where clause'
SELECT COUNT(*) AS nc_count FROM `shopwwi_goods_common` WHERE ( gc_id_3 = '355' ) AND ( areaid_1 = '7' ) AND ( have_gift = '1' ) LIMIT 1  
[2016-02-07 14:33:12] /shop/cate-355-0-0-3-1-1-1-7-0.html ( act=search&op=index ) 
ERR: Db Error: Unknown column 'have_gift' in 'where clause'
SELECT COUNT(*) AS nc_count FROM `shopwwi_goods_common` WHERE ( gc_id_3 = '355' ) AND ( areaid_1 = '7' ) AND ( is_own_shop = '1' ) AND ( have_gift = '1' ) LIMIT 1  
[2016-02-07 14:37:10] /shop/cate-355-0-0-3-1-0-1-9-0.html ( act=search&op=index ) 
ERR: Db Error: Unknown column 'have_gift' in 'where clause'
SELECT COUNT(*) AS nc_count FROM `shopwwi_goods_common` WHERE ( gc_id_3 = '355' ) AND ( areaid_1 = '9' ) AND ( have_gift = '1' ) LIMIT 1  
[2016-02-07 14:40:46] /shop/cate-355-0-0-3-1-1-1-6-0.html ( act=search&op=index ) 
ERR: Db Error: Unknown column 'have_gift' in 'where clause'
SELECT COUNT(*) AS nc_count FROM `shopwwi_goods_common` WHERE ( gc_id_3 = '355' ) AND ( areaid_1 = '6' ) AND ( is_own_shop = '1' ) AND ( have_gift = '1' ) LIMIT 1  
[2016-02-07 16:53:49] /circle/ ( act=index&op=index ) 
ERR: Db Error: Unknown table 'shopwwi.circle'
SELECT circle.*, is_hot*rand() as rand FROM `shopwwi_circle` WHERE ( circle_status = '1' ) AND ( is_hot = '1' ) ORDER BY rand desc LIMIT 3  
[2016-02-07 16:53:49] /circle/ ( act=index&op=index ) 
ERR: Db Error: Unknown table 'shopwwi.circle'
SELECT circle.*, is_recommend*rand() as rand FROM `shopwwi_circle` WHERE ( circle_status = '1' ) AND ( is_recommend = '1' ) ORDER BY rand desc LIMIT 20  
[2016-02-07 16:53:49] /circle/ ( act=index&op=index ) 
ERR: Db Error: Unknown table 'shopwwi.circle_theme'
SELECT circle_theme.*, is_recommend*rand() as rand FROM `shopwwi_circle_theme` WHERE ( has_affix = '1' ) AND ( is_closed = '0' ) AND ( is_recommend = '1' ) ORDER BY rand desc LIMIT 8  
[2016-02-07 16:53:49] /circle/ ( act=index&op=index ) 
ERR: Db Error: Unknown table 'shopwwi.circle_member'
SELECT circle_member.*, is_recommend*rand() as rand FROM `shopwwi_circle_member` WHERE ( is_recommend = '1' ) ORDER BY rand desc LIMIT 5  
[2016-02-07 17:39:12] /shop/cate-861-0-0-0-0-0-1-8-0.html ( act=search&op=index ) 
ERR: Db Error: Unknown column 'have_gift' in 'where clause'
SELECT COUNT(*) AS nc_count FROM `shopwwi_goods_common` WHERE ( gc_id_3 = '861' ) AND ( areaid_1 = '8' ) AND ( have_gift = '1' ) LIMIT 1  
[2016-02-07 17:43:14] /shop/cate-861-0-0-0-0-0-1-9-0.html ( act=search&op=index ) 
ERR: Db Error: Unknown column 'have_gift' in 'where clause'
SELECT COUNT(*) AS nc_count FROM `shopwwi_goods_common` WHERE ( gc_id_3 = '861' ) AND ( areaid_1 = '9' ) AND ( have_gift = '1' ) LIMIT 1  
[2016-02-07 17:43:19] /shop/cate-861-0-0-0-0-0-1-2-0.html ( act=search&op=index ) 
ERR: Db Error: Unknown column 'have_gift' in 'where clause'
SELECT COUNT(*) AS nc_count FROM `shopwwi_goods_common` WHERE ( gc_id_3 = '861' ) AND ( areaid_1 = '2' ) AND ( have_gift = '1' ) LIMIT 1  
[2016-02-07 17:50:10] /shop/cate-861-0-0-0-0-1-1-9-0.html ( act=search&op=index ) 
ERR: Db Error: Unknown column 'have_gift' in 'where clause'
SELECT COUNT(*) AS nc_count FROM `shopwwi_goods_common` WHERE ( gc_id_3 = '861' ) AND ( areaid_1 = '9' ) AND ( is_own_shop = '1' ) AND ( have_gift = '1' ) LIMIT 1  
[2016-02-07 17:53:58] /shop/cate-861-0-0-3-2-1-1-9-0.html ( act=search&op=index ) 
ERR: Db Error: Unknown column 'have_gift' in 'where clause'
SELECT COUNT(*) AS nc_count FROM `shopwwi_goods_common` WHERE ( gc_id_3 = '861' ) AND ( areaid_1 = '9' ) AND ( is_own_shop = '1' ) AND ( have_gift = '1' ) LIMIT 1  
[2016-02-07 17:57:44] /shop/cate-861-0-0-3-2-1-1-0-0.html ( act=search&op=index ) 
ERR: Db Error: Unknown column 'have_gift' in 'where clause'
SELECT COUNT(*) AS nc_count FROM `shopwwi_goods_common` WHERE ( gc_id_3 = '861' ) AND ( is_own_shop = '1' ) AND ( have_gift = '1' ) LIMIT 1  
[2016-02-07 18:01:31] /shop/cate-861-0-0-3-2-1-1-7-0.html ( act=search&op=index ) 
ERR: Db Error: Unknown column 'have_gift' in 'where clause'
SELECT COUNT(*) AS nc_count FROM `shopwwi_goods_common` WHERE ( gc_id_3 = '861' ) AND ( areaid_1 = '7' ) AND ( is_own_shop = '1' ) AND ( have_gift = '1' ) LIMIT 1  
[2016-02-07 18:12:56] /shop/cate-818-0-0-1-2-0-1-2-0.html ( act=search&op=index ) 
ERR: Db Error: Unknown column 'have_gift' in 'where clause'
SELECT COUNT(*) AS nc_count FROM `shopwwi_goods_common` WHERE ( gc_id_3 = '818' ) AND ( areaid_1 = '2' ) AND ( have_gift = '1' ) LIMIT 1  
[2016-02-07 18:20:26] /shop/cate-818-0-0-1-1-0-1-2-0.html ( act=search&op=index ) 
ERR: Db Error: Unknown column 'have_gift' in 'where clause'
SELECT COUNT(*) AS nc_count FROM `shopwwi_goods_common` WHERE ( gc_id_3 = '818' ) AND ( areaid_1 = '2' ) AND ( have_gift = '1' ) LIMIT 1  
[2016-02-07 18:24:13] /shop/cate-818-0-0-1-1-0-1-4-0.html ( act=search&op=index ) 
ERR: Db Error: Unknown column 'have_gift' in 'where clause'
SELECT COUNT(*) AS nc_count FROM `shopwwi_goods_common` WHERE ( gc_id_3 = '818' ) AND ( areaid_1 = '4' ) AND ( have_gift = '1' ) LIMIT 1  
[2016-02-07 18:28:01] /shop/cate-818-0-0-2-2-0-1-4-0.html ( act=search&op=index ) 
ERR: Db Error: Unknown column 'have_gift' in 'where clause'
SELECT COUNT(*) AS nc_count FROM `shopwwi_goods_common` WHERE ( gc_id_3 = '818' ) AND ( areaid_1 = '4' ) AND ( have_gift = '1' ) LIMIT 1  
[2016-02-07 18:35:34] /shop/cate-818-0-0-2-2-0-1-3-0.html ( act=search&op=index ) 
ERR: Db Error: Unknown column 'have_gift' in 'where clause'
SELECT COUNT(*) AS nc_count FROM `shopwwi_goods_common` WHERE ( gc_id_3 = '818' ) AND ( areaid_1 = '3' ) AND ( have_gift = '1' ) LIMIT 1  
[2016-02-07 18:37:57] /shop/cate-506-0-4-0-0-0-0-0-0.html ( act=search&op=index ) 
ERR: Db Error: Unknown column 'goods_id' in 'where clause'
SELECT COUNT(*) AS nc_count FROM `shopwwi_goods_common` WHERE ( gc_id_3 = '506' ) AND ( goods_id IN ('100096','100107','100116','100117','100121','100122','100126','100127','100128','100129','100130','100131','100134','100141') ) LIMIT 1  
[2016-02-07 18:38:46] /shop/cate-506-0-22-0-0-0-0-0-0.html ( act=search&op=index ) 
ERR: Db Error: Unknown column 'goods_id' in 'where clause'
SELECT COUNT(*) AS nc_count FROM `shopwwi_goods_common` WHERE ( gc_id_3 = '506' ) AND ( goods_id IN ('100094','100097','100098','100099','100101','100103','100105','100107','100108','100109','100110','100111','100112','100113','100114','100115','100116','100117','100119','100120','100122','100123','100124','100125','100126','100128','100129','100130','100131','100132','100133','100135','100136','100139','100140') ) LIMIT 1  
[2016-02-07 18:39:21] /shop/cate-818-0-0-0-0-0-1-3-0.html ( act=search&op=index ) 
ERR: Db Error: Unknown column 'have_gift' in 'where clause'
SELECT COUNT(*) AS nc_count FROM `shopwwi_goods_common` WHERE ( gc_id_3 = '818' ) AND ( areaid_1 = '3' ) AND ( have_gift = '1' ) LIMIT 1  
[2016-02-07 18:43:08] /shop/cate-506-0-4_7-0-0-0-0-0-0.html ( act=search&op=index ) 
ERR: Db Error: Unknown column 'goods_id' in 'where clause'
SELECT COUNT(*) AS nc_count FROM `shopwwi_goods_common` WHERE ( gc_id_3 = '506' ) AND ( goods_id IN('') ) LIMIT 1  
[2016-02-07 18:46:56] /shop/cate-506-0-4_8-0-0-0-0-0-0.html ( act=search&op=index ) 
ERR: Db Error: Unknown column 'goods_id' in 'where clause'
SELECT COUNT(*) AS nc_count FROM `shopwwi_goods_common` WHERE ( gc_id_3 = '506' ) AND ( goods_id IN ('100116','100117','100126','100128','100129') ) LIMIT 1  
[2016-02-07 18:50:42] /shop/cate-506-0-4_8-0-0-0-0-8-0.html ( act=search&op=index ) 
ERR: Db Error: Unknown column 'goods_id' in 'where clause'
SELECT COUNT(*) AS nc_count FROM `shopwwi_goods_common` WHERE ( gc_id_3 = '506' ) AND ( areaid_1 = '8' ) AND ( goods_id IN ('100116','100117','100126','100128','100129') ) LIMIT 1  
[2016-02-07 18:54:29] /shop/cate-506-0-4_8-0-0-1-0-8-0.html ( act=search&op=index ) 
ERR: Db Error: Unknown column 'goods_id' in 'where clause'
SELECT COUNT(*) AS nc_count FROM `shopwwi_goods_common` WHERE ( gc_id_3 = '506' ) AND ( areaid_1 = '8' ) AND ( is_own_shop = '1' ) AND ( goods_id IN ('100116','100117','100126','100128','100129') ) LIMIT 1  
[2016-02-07 18:58:16] /shop/cate-506-0-4_8-0-0-1-0-6-0.html ( act=search&op=index ) 
ERR: Db Error: Unknown column 'goods_id' in 'where clause'
SELECT COUNT(*) AS nc_count FROM `shopwwi_goods_common` WHERE ( gc_id_3 = '506' ) AND ( areaid_1 = '6' ) AND ( is_own_shop = '1' ) AND ( goods_id IN ('100116','100117','100126','100128','100129') ) LIMIT 1  
[2016-02-07 19:02:03] /shop/cate-506-0-4_8-0-0-1-0-9-0.html ( act=search&op=index ) 
ERR: Db Error: Unknown column 'goods_id' in 'where clause'
SELECT COUNT(*) AS nc_count FROM `shopwwi_goods_common` WHERE ( gc_id_3 = '506' ) AND ( areaid_1 = '9' ) AND ( is_own_shop = '1' ) AND ( goods_id IN ('100116','100117','100126','100128','100129') ) LIMIT 1  
[2016-02-07 19:05:51] /shop/cate-506-0-4_8-0-0-1-1-6-0.html ( act=search&op=index ) 
ERR: Db Error: Unknown column 'have_gift' in 'where clause'
SELECT COUNT(*) AS nc_count FROM `shopwwi_goods_common` WHERE ( gc_id_3 = '506' ) AND ( areaid_1 = '6' ) AND ( is_own_shop = '1' ) AND ( have_gift = '1' ) AND ( goods_id IN ('100116','100117','100126','100128','100129') ) LIMIT 1  
[2016-02-07 19:09:38] /shop/cate-506-0-4_8-0-0-1-1-5-0.html ( act=search&op=index ) 
ERR: Db Error: Unknown column 'have_gift' in 'where clause'
SELECT COUNT(*) AS nc_count FROM `shopwwi_goods_common` WHERE ( gc_id_3 = '506' ) AND ( areaid_1 = '5' ) AND ( is_own_shop = '1' ) AND ( have_gift = '1' ) AND ( goods_id IN ('100116','100117','100126','100128','100129') ) LIMIT 1  
[2016-02-07 19:13:24] /shop/cate-506-0-4_8-2-2-1-1-5-0.html ( act=search&op=index ) 
ERR: Db Error: Unknown column 'have_gift' in 'where clause'
SELECT COUNT(*) AS nc_count FROM `shopwwi_goods_common` WHERE ( gc_id_3 = '506' ) AND ( areaid_1 = '5' ) AND ( is_own_shop = '1' ) AND ( have_gift = '1' ) AND ( goods_id IN ('100116','100117','100126','100128','100129') ) LIMIT 1  
[2016-02-07 19:17:13] /shop/cate-506-0-4_8-0-0-0-1-5-0.html ( act=search&op=index ) 
ERR: Db Error: Unknown column 'have_gift' in 'where clause'
SELECT COUNT(*) AS nc_count FROM `shopwwi_goods_common` WHERE ( gc_id_3 = '506' ) AND ( areaid_1 = '5' ) AND ( have_gift = '1' ) AND ( goods_id IN ('100116','100117','100126','100128','100129') ) LIMIT 1  
[2016-02-07 19:20:58] /shop/cate-506-0-4_8-0-0-0-1-2-0.html ( act=search&op=index ) 
ERR: Db Error: Unknown column 'have_gift' in 'where clause'
SELECT COUNT(*) AS nc_count FROM `shopwwi_goods_common` WHERE ( gc_id_3 = '506' ) AND ( areaid_1 = '2' ) AND ( have_gift = '1' ) AND ( goods_id IN ('100116','100117','100126','100128','100129') ) LIMIT 1  
[2016-02-07 19:24:45] /shop/cate-506-0-4_8-1-2-0-1-2-0.html ( act=search&op=index ) 
ERR: Db Error: Unknown column 'have_gift' in 'where clause'
SELECT COUNT(*) AS nc_count FROM `shopwwi_goods_common` WHERE ( gc_id_3 = '506' ) AND ( areaid_1 = '2' ) AND ( have_gift = '1' ) AND ( goods_id IN ('100116','100117','100126','100128','100129') ) LIMIT 1  
[2016-02-07 19:28:32] /shop/cate-506-0-4_8-1-2-0-0-2-0.html ( act=search&op=index ) 
ERR: Db Error: Unknown column 'goods_id' in 'where clause'
SELECT COUNT(*) AS nc_count FROM `shopwwi_goods_common` WHERE ( gc_id_3 = '506' ) AND ( areaid_1 = '2' ) AND ( goods_id IN ('100116','100117','100126','100128','100129') ) LIMIT 1  
[2016-02-07 19:32:42] /shop/cate-506-135-4_8-1-2-0-0-2-0.html ( act=search&op=index ) 
ERR: Db Error: Unknown column 'goods_id' in 'where clause'
SELECT COUNT(*) AS nc_count FROM `shopwwi_goods_common` WHERE ( gc_id_3 = '506' ) AND ( brand_id = '135' ) AND ( areaid_1 = '2' ) AND ( goods_id IN ('100116','100117','100126','100128','100129') ) LIMIT 1  
[2016-02-07 19:36:07] /shop/cate-506-0-4_8-1-2-0-0-9-0.html ( act=search&op=index ) 
ERR: Db Error: Unknown column 'goods_id' in 'where clause'
SELECT COUNT(*) AS nc_count FROM `shopwwi_goods_common` WHERE ( gc_id_3 = '506' ) AND ( areaid_1 = '9' ) AND ( goods_id IN ('100116','100117','100126','100128','100129') ) LIMIT 1  
[2016-02-07 19:39:53] /shop/cate-506-0-4_8-2-2-0-0-9-0.html ( act=search&op=index ) 
ERR: Db Error: Unknown column 'goods_id' in 'where clause'
SELECT COUNT(*) AS nc_count FROM `shopwwi_goods_common` WHERE ( gc_id_3 = '506' ) AND ( areaid_1 = '9' ) AND ( goods_id IN ('100116','100117','100126','100128','100129') ) LIMIT 1  
[2016-02-07 19:43:40] /shop/cate-506-0-4_8-2-1-0-0-9-0.html ( act=search&op=index ) 
ERR: Db Error: Unknown column 'goods_id' in 'where clause'
SELECT COUNT(*) AS nc_count FROM `shopwwi_goods_common` WHERE ( gc_id_3 = '506' ) AND ( areaid_1 = '9' ) AND ( goods_id IN ('100116','100117','100126','100128','100129') ) LIMIT 1  
[2016-02-07 19:47:54] /shop/cate-506-123-4_8-2-1-0-0-9-0.html ( act=search&op=index ) 
ERR: Db Error: Unknown column 'goods_id' in 'where clause'
SELECT COUNT(*) AS nc_count FROM `shopwwi_goods_common` WHERE ( gc_id_3 = '506' ) AND ( brand_id = '123' ) AND ( areaid_1 = '9' ) AND ( goods_id IN ('100116','100117','100126','100128','100129') ) LIMIT 1  
[2016-02-07 19:51:14] /shop/cate-506-0-4_8-2-1-0-0-7-0.html ( act=search&op=index ) 
ERR: Db Error: Unknown column 'goods_id' in 'where clause'
SELECT COUNT(*) AS nc_count FROM `shopwwi_goods_common` WHERE ( gc_id_3 = '506' ) AND ( areaid_1 = '7' ) AND ( goods_id IN ('100116','100117','100126','100128','100129') ) LIMIT 1  
[2016-02-07 19:52:53] /shop/cate-1048-0-0-0-0-0-1-0-0.html ( act=search&op=index ) 
ERR: Db Error: Unknown column 'have_gift' in 'where clause'
SELECT COUNT(*) AS nc_count FROM `shopwwi_goods_common` WHERE ( gc_id_3 = '1048' ) AND ( have_gift = '1' ) LIMIT 1  
[2016-02-07 19:55:01] /shop/cate-506-0-4_8-2-1-0-1-7-0.html ( act=search&op=index ) 
ERR: Db Error: Unknown column 'have_gift' in 'where clause'
SELECT COUNT(*) AS nc_count FROM `shopwwi_goods_common` WHERE ( gc_id_3 = '506' ) AND ( areaid_1 = '7' ) AND ( have_gift = '1' ) AND ( goods_id IN ('100116','100117','100126','100128','100129') ) LIMIT 1  
[2016-02-07 19:58:48] /shop/cate-506-0-4_8-2-1-0-1-4-0.html ( act=search&op=index ) 
ERR: Db Error: Unknown column 'have_gift' in 'where clause'
SELECT COUNT(*) AS nc_count FROM `shopwwi_goods_common` WHERE ( gc_id_3 = '506' ) AND ( areaid_1 = '4' ) AND ( have_gift = '1' ) AND ( goods_id IN ('100116','100117','100126','100128','100129') ) LIMIT 1  
[2016-02-07 20:02:36] /shop/cate-506-137-4_8-2-1-0-1-4-0.html ( act=search&op=index ) 
ERR: Db Error: Unknown column 'have_gift' in 'where clause'
SELECT COUNT(*) AS nc_count FROM `shopwwi_goods_common` WHERE ( gc_id_3 = '506' ) AND ( brand_id = '137' ) AND ( areaid_1 = '4' ) AND ( have_gift = '1' ) AND ( goods_id IN ('100116','100117','100126','100128','100129') ) LIMIT 1  
[2016-02-07 20:06:23] /shop/cate-506-0-4_8-3-2-0-1-4-0.html ( act=search&op=index ) 
ERR: Db Error: Unknown column 'have_gift' in 'where clause'
SELECT COUNT(*) AS nc_count FROM `shopwwi_goods_common` WHERE ( gc_id_3 = '506' ) AND ( areaid_1 = '4' ) AND ( have_gift = '1' ) AND ( goods_id IN ('100116','100117','100126','100128','100129') ) LIMIT 1  
[2016-02-07 20:10:10] /shop/cate-506-0-4_8-3-2-0-1-9-0.html ( act=search&op=index ) 
ERR: Db Error: Unknown column 'have_gift' in 'where clause'
SELECT COUNT(*) AS nc_count FROM `shopwwi_goods_common` WHERE ( gc_id_3 = '506' ) AND ( areaid_1 = '9' ) AND ( have_gift = '1' ) AND ( goods_id IN ('100116','100117','100126','100128','100129') ) LIMIT 1  
[2016-02-07 20:13:56] /shop/cate-506-0-4_8-3-2-1-1-9-0.html ( act=search&op=index ) 
ERR: Db Error: Unknown column 'have_gift' in 'where clause'
SELECT COUNT(*) AS nc_count FROM `shopwwi_goods_common` WHERE ( gc_id_3 = '506' ) AND ( areaid_1 = '9' ) AND ( is_own_shop = '1' ) AND ( have_gift = '1' ) AND ( goods_id IN ('100116','100117','100126','100128','100129') ) LIMIT 1  
[2016-02-07 20:17:43] /shop/cate-506-0-4_8-3-2-1-1-8-0.html ( act=search&op=index ) 
ERR: Db Error: Unknown column 'have_gift' in 'where clause'
SELECT COUNT(*) AS nc_count FROM `shopwwi_goods_common` WHERE ( gc_id_3 = '506' ) AND ( areaid_1 = '8' ) AND ( is_own_shop = '1' ) AND ( have_gift = '1' ) AND ( goods_id IN ('100116','100117','100126','100128','100129') ) LIMIT 1  
[2016-02-07 20:21:31] /shop/cate-506-0-4_8-3-2-1-1-3-0.html ( act=search&op=index ) 
ERR: Db Error: Unknown column 'have_gift' in 'where clause'
SELECT COUNT(*) AS nc_count FROM `shopwwi_goods_common` WHERE ( gc_id_3 = '506' ) AND ( areaid_1 = '3' ) AND ( is_own_shop = '1' ) AND ( have_gift = '1' ) AND ( goods_id IN ('100116','100117','100126','100128','100129') ) LIMIT 1  
[2016-02-07 20:25:17] /shop/cate-506-0-4_8-3-2-1-0-3-0.html ( act=search&op=index ) 
ERR: Db Error: Unknown column 'goods_id' in 'where clause'
SELECT COUNT(*) AS nc_count FROM `shopwwi_goods_common` WHERE ( gc_id_3 = '506' ) AND ( areaid_1 = '3' ) AND ( is_own_shop = '1' ) AND ( goods_id IN ('100116','100117','100126','100128','100129') ) LIMIT 1  
[2016-02-07 20:29:06] /shop/cate-506-137-4_8-3-2-1-0-3-0.html ( act=search&op=index ) 
ERR: Db Error: Unknown column 'goods_id' in 'where clause'
SELECT COUNT(*) AS nc_count FROM `shopwwi_goods_common` WHERE ( gc_id_3 = '506' ) AND ( brand_id = '137' ) AND ( areaid_1 = '3' ) AND ( is_own_shop = '1' ) AND ( goods_id IN ('100116','100117','100126','100128','100129') ) LIMIT 1  
[2016-02-07 20:32:52] /shop/cate-1037-0-0-0-0-0-1-18-0.html ( act=search&op=index ) 
ERR: Db Error: Unknown column 'have_gift' in 'where clause'
SELECT COUNT(*) AS nc_count FROM `shopwwi_goods_common` WHERE ( gc_id_1 = '1037' ) AND ( areaid_1 = '18' ) AND ( have_gift = '1' ) LIMIT 1  
[2016-02-07 20:36:38] /shop/cate-506-137-4_8-3-2-1-0-6-0.html ( act=search&op=index ) 
ERR: Db Error: Unknown column 'goods_id' in 'where clause'
SELECT COUNT(*) AS nc_count FROM `shopwwi_goods_common` WHERE ( gc_id_3 = '506' ) AND ( brand_id = '137' ) AND ( areaid_1 = '6' ) AND ( is_own_shop = '1' ) AND ( goods_id IN ('100116','100117','100126','100128','100129') ) LIMIT 1  
[2016-02-07 20:40:25] /shop/cate-506-137-4_8-3-1-1-0-6-0.html ( act=search&op=index ) 
ERR: Db Error: Unknown column 'goods_id' in 'where clause'
SELECT COUNT(*) AS nc_count FROM `shopwwi_goods_common` WHERE ( gc_id_3 = '506' ) AND ( brand_id = '137' ) AND ( areaid_1 = '6' ) AND ( is_own_shop = '1' ) AND ( goods_id IN ('100116','100117','100126','100128','100129') ) LIMIT 1  
[2016-02-07 20:48:05] /shop/cate-506-137-4_8-3-1-1-0-22-0.html ( act=search&op=index ) 
ERR: Db Error: Unknown column 'goods_id' in 'where clause'
SELECT COUNT(*) AS nc_count FROM `shopwwi_goods_common` WHERE ( gc_id_3 = '506' ) AND ( brand_id = '137' ) AND ( areaid_1 = '22' ) AND ( is_own_shop = '1' ) AND ( goods_id IN ('100116','100117','100126','100128','100129') ) LIMIT 1  
[2016-02-07 20:48:47] /shop/cate-506-137-4_8-3-1-1-0-2-0.html ( act=search&op=index ) 
ERR: Db Error: Unknown column 'goods_id' in 'where clause'
SELECT COUNT(*) AS nc_count FROM `shopwwi_goods_common` WHERE ( gc_id_3 = '506' ) AND ( brand_id = '137' ) AND ( areaid_1 = '2' ) AND ( is_own_shop = '1' ) AND ( goods_id IN ('100116','100117','100126','100128','100129') ) LIMIT 1  
[2016-02-07 20:51:47] /shop/cate-506-137-4_8-3-1-1-0-7-0.html ( act=search&op=index ) 
ERR: Db Error: Unknown column 'goods_id' in 'where clause'
SELECT COUNT(*) AS nc_count FROM `shopwwi_goods_common` WHERE ( gc_id_3 = '506' ) AND ( brand_id = '137' ) AND ( areaid_1 = '7' ) AND ( is_own_shop = '1' ) AND ( goods_id IN ('100116','100117','100126','100128','100129') ) LIMIT 1  
[2016-02-07 20:55:34] /shop/cate-506-137-4_8-3-1-1-1-2-0.html ( act=search&op=index ) 
ERR: Db Error: Unknown column 'have_gift' in 'where clause'
SELECT COUNT(*) AS nc_count FROM `shopwwi_goods_common` WHERE ( gc_id_3 = '506' ) AND ( brand_id = '137' ) AND ( areaid_1 = '2' ) AND ( is_own_shop = '1' ) AND ( have_gift = '1' ) AND ( goods_id IN ('100116','100117','100126','100128','100129') ) LIMIT 1  
[2016-02-07 20:59:21] /shop/cate-506-137-4_8-3-1-1-1-5-0.html ( act=search&op=index ) 
ERR: Db Error: Unknown column 'have_gift' in 'where clause'
SELECT COUNT(*) AS nc_count FROM `shopwwi_goods_common` WHERE ( gc_id_3 = '506' ) AND ( brand_id = '137' ) AND ( areaid_1 = '5' ) AND ( is_own_shop = '1' ) AND ( have_gift = '1' ) AND ( goods_id IN ('100116','100117','100126','100128','100129') ) LIMIT 1  
[2016-02-07 21:03:08] /shop/cate-506-137-4_8-3-2-1-1-5-0.html ( act=search&op=index ) 
ERR: Db Error: Unknown column 'have_gift' in 'where clause'
SELECT COUNT(*) AS nc_count FROM `shopwwi_goods_common` WHERE ( gc_id_3 = '506' ) AND ( brand_id = '137' ) AND ( areaid_1 = '5' ) AND ( is_own_shop = '1' ) AND ( have_gift = '1' ) AND ( goods_id IN ('100116','100117','100126','100128','100129') ) LIMIT 1  
[2016-02-07 21:06:55] /shop/cate-506-137-4_8-1-2-1-1-5-0.html ( act=search&op=index ) 
ERR: Db Error: Unknown column 'have_gift' in 'where clause'
SELECT COUNT(*) AS nc_count FROM `shopwwi_goods_common` WHERE ( gc_id_3 = '506' ) AND ( brand_id = '137' ) AND ( areaid_1 = '5' ) AND ( is_own_shop = '1' ) AND ( have_gift = '1' ) AND ( goods_id IN ('100116','100117','100126','100128','100129') ) LIMIT 1  
[2016-02-07 21:10:42] /shop/cate-506-137-4_8-3-2-1-1-1-0.html ( act=search&op=index ) 
ERR: Db Error: Unknown column 'have_gift' in 'where clause'
SELECT COUNT(*) AS nc_count FROM `shopwwi_goods_common` WHERE ( gc_id_3 = '506' ) AND ( brand_id = '137' ) AND ( areaid_1 = '1' ) AND ( is_own_shop = '1' ) AND ( have_gift = '1' ) AND ( goods_id IN ('100116','100117','100126','100128','100129') ) LIMIT 1  
[2016-02-07 21:14:29] /shop/cate-506-137-4_8-3-2-0-1-1-0.html ( act=search&op=index ) 
ERR: Db Error: Unknown column 'have_gift' in 'where clause'
SELECT COUNT(*) AS nc_count FROM `shopwwi_goods_common` WHERE ( gc_id_3 = '506' ) AND ( brand_id = '137' ) AND ( areaid_1 = '1' ) AND ( have_gift = '1' ) AND ( goods_id IN ('100116','100117','100126','100128','100129') ) LIMIT 1  
[2016-02-07 21:18:16] /shop/cate-506-137-4_8-0-0-0-1-1-0.html ( act=search&op=index ) 
ERR: Db Error: Unknown column 'have_gift' in 'where clause'
SELECT COUNT(*) AS nc_count FROM `shopwwi_goods_common` WHERE ( gc_id_3 = '506' ) AND ( brand_id = '137' ) AND ( areaid_1 = '1' ) AND ( have_gift = '1' ) AND ( goods_id IN ('100116','100117','100126','100128','100129') ) LIMIT 1  
[2016-02-07 21:22:03] /shop/cate-506-137-4_8-3-2-0-1-0-0.html ( act=search&op=index ) 
ERR: Db Error: Unknown column 'have_gift' in 'where clause'
SELECT COUNT(*) AS nc_count FROM `shopwwi_goods_common` WHERE ( gc_id_3 = '506' ) AND ( brand_id = '137' ) AND ( have_gift = '1' ) AND ( goods_id IN ('100116','100117','100126','100128','100129') ) LIMIT 1  
[2016-02-07 21:25:50] /shop/cate-506-137-4_8-3-1-0-1-0-0.html ( act=search&op=index ) 
ERR: Db Error: Unknown column 'have_gift' in 'where clause'
SELECT COUNT(*) AS nc_count FROM `shopwwi_goods_common` WHERE ( gc_id_3 = '506' ) AND ( brand_id = '137' ) AND ( have_gift = '1' ) AND ( goods_id IN ('100116','100117','100126','100128','100129') ) LIMIT 1  
[2016-02-07 21:29:37] /shop/cate-506-137-4_8-3-1-0-0-0-0.html ( act=search&op=index ) 
ERR: Db Error: Unknown column 'goods_id' in 'where clause'
SELECT COUNT(*) AS nc_count FROM `shopwwi_goods_common` WHERE ( gc_id_3 = '506' ) AND ( brand_id = '137' ) AND ( goods_id IN ('100116','100117','100126','100128','100129') ) LIMIT 1  
[2016-02-07 21:33:24] /shop/cate-506-137-4_8-3-1-0-0-4-0.html ( act=search&op=index ) 
ERR: Db Error: Unknown column 'goods_id' in 'where clause'
SELECT COUNT(*) AS nc_count FROM `shopwwi_goods_common` WHERE ( gc_id_3 = '506' ) AND ( brand_id = '137' ) AND ( areaid_1 = '4' ) AND ( goods_id IN ('100116','100117','100126','100128','100129') ) LIMIT 1  
[2016-02-07 21:37:11] /shop/cate-506-137-4_8-3-1-0-0-8-0.html ( act=search&op=index ) 
ERR: Db Error: Unknown column 'goods_id' in 'where clause'
SELECT COUNT(*) AS nc_count FROM `shopwwi_goods_common` WHERE ( gc_id_3 = '506' ) AND ( brand_id = '137' ) AND ( areaid_1 = '8' ) AND ( goods_id IN ('100116','100117','100126','100128','100129') ) LIMIT 1  
[2016-02-07 21:40:58] /shop/cate-506-137-4_8-2-2-0-0-8-0.html ( act=search&op=index ) 
ERR: Db Error: Unknown column 'goods_id' in 'where clause'
SELECT COUNT(*) AS nc_count FROM `shopwwi_goods_common` WHERE ( gc_id_3 = '506' ) AND ( brand_id = '137' ) AND ( areaid_1 = '8' ) AND ( goods_id IN ('100116','100117','100126','100128','100129') ) LIMIT 1  
[2016-02-07 21:44:45] /shop/cate-506-137-4_8-2-2-0-0-7-0.html ( act=search&op=index ) 
ERR: Db Error: Unknown column 'goods_id' in 'where clause'
SELECT COUNT(*) AS nc_count FROM `shopwwi_goods_common` WHERE ( gc_id_3 = '506' ) AND ( brand_id = '137' ) AND ( areaid_1 = '7' ) AND ( goods_id IN ('100116','100117','100126','100128','100129') ) LIMIT 1  
[2016-02-07 21:48:32] /shop/cate-506-137-4_8-0-0-0-0-7-0.html ( act=search&op=index ) 
ERR: Db Error: Unknown column 'goods_id' in 'where clause'
SELECT COUNT(*) AS nc_count FROM `shopwwi_goods_common` WHERE ( gc_id_3 = '506' ) AND ( brand_id = '137' ) AND ( areaid_1 = '7' ) AND ( goods_id IN ('100116','100117','100126','100128','100129') ) LIMIT 1  
[2016-02-07 21:52:38] /shop/cate-506-137-4_8-0-0-0-0-12-0.html ( act=search&op=index ) 
ERR: Db Error: Unknown column 'goods_id' in 'where clause'
SELECT COUNT(*) AS nc_count FROM `shopwwi_goods_common` WHERE ( gc_id_3 = '506' ) AND ( brand_id = '137' ) AND ( areaid_1 = '12' ) AND ( goods_id IN ('100116','100117','100126','100128','100129') ) LIMIT 1  
[2016-02-07 21:56:07] /shop/cate-506-137-4_8-0-0-0-0-5-0.html ( act=search&op=index ) 
ERR: Db Error: Unknown column 'goods_id' in 'where clause'
SELECT COUNT(*) AS nc_count FROM `shopwwi_goods_common` WHERE ( gc_id_3 = '506' ) AND ( brand_id = '137' ) AND ( areaid_1 = '5' ) AND ( goods_id IN ('100116','100117','100126','100128','100129') ) LIMIT 1  
[2016-02-07 21:59:53] /shop/cate-506-137-4_8-0-0-1-0-5-0.html ( act=search&op=index ) 
ERR: Db Error: Unknown column 'goods_id' in 'where clause'
SELECT COUNT(*) AS nc_count FROM `shopwwi_goods_common` WHERE ( gc_id_3 = '506' ) AND ( brand_id = '137' ) AND ( areaid_1 = '5' ) AND ( is_own_shop = '1' ) AND ( goods_id IN ('100116','100117','100126','100128','100129') ) LIMIT 1  
[2016-02-07 22:03:40] /shop/cate-506-137-4_8-0-0-1-0-4-0.html ( act=search&op=index ) 
ERR: Db Error: Unknown column 'goods_id' in 'where clause'
SELECT COUNT(*) AS nc_count FROM `shopwwi_goods_common` WHERE ( gc_id_3 = '506' ) AND ( brand_id = '137' ) AND ( areaid_1 = '4' ) AND ( is_own_shop = '1' ) AND ( goods_id IN ('100116','100117','100126','100128','100129') ) LIMIT 1  
[2016-02-07 22:07:37] /shop/cate-506-137-4_8_14-0-0-1-0-4-0.html ( act=search&op=index ) 
ERR: Db Error: Unknown column 'goods_id' in 'where clause'
SELECT COUNT(*) AS nc_count FROM `shopwwi_goods_common` WHERE ( gc_id_3 = '506' ) AND ( brand_id = '137' ) AND ( areaid_1 = '4' ) AND ( is_own_shop = '1' ) AND ( goods_id IN ('100128') ) LIMIT 1  
[2016-02-07 22:11:15] /shop/cate-506-137-4_8-0-0-1-1-4-0.html ( act=search&op=index ) 
ERR: Db Error: Unknown column 'have_gift' in 'where clause'
SELECT COUNT(*) AS nc_count FROM `shopwwi_goods_common` WHERE ( gc_id_3 = '506' ) AND ( brand_id = '137' ) AND ( areaid_1 = '4' ) AND ( is_own_shop = '1' ) AND ( have_gift = '1' ) AND ( goods_id IN ('100116','100117','100126','100128','100129') ) LIMIT 1  
[2016-02-07 22:15:01] /shop/cate-506-137-4_8-0-0-1-1-7-0.html ( act=search&op=index ) 
ERR: Db Error: Unknown column 'have_gift' in 'where clause'
SELECT COUNT(*) AS nc_count FROM `shopwwi_goods_common` WHERE ( gc_id_3 = '506' ) AND ( brand_id = '137' ) AND ( areaid_1 = '7' ) AND ( is_own_shop = '1' ) AND ( have_gift = '1' ) AND ( goods_id IN ('100116','100117','100126','100128','100129') ) LIMIT 1  
[2016-02-07 22:18:48] /shop/cate-506-137-4_8-2-2-1-1-7-0.html ( act=search&op=index ) 
ERR: Db Error: Unknown column 'have_gift' in 'where clause'
SELECT COUNT(*) AS nc_count FROM `shopwwi_goods_common` WHERE ( gc_id_3 = '506' ) AND ( brand_id = '137' ) AND ( areaid_1 = '7' ) AND ( is_own_shop = '1' ) AND ( have_gift = '1' ) AND ( goods_id IN ('100116','100117','100126','100128','100129') ) LIMIT 1  
[2016-02-07 22:19:50] /circle/ ( act=index&op=index ) 
ERR: Db Error: Unknown table 'shopwwi.circle'
SELECT circle.*, is_hot*rand() as rand FROM `shopwwi_circle` WHERE ( circle_status = '1' ) AND ( is_hot = '1' ) ORDER BY rand desc LIMIT 3  
[2016-02-07 22:19:50] /circle/ ( act=index&op=index ) 
ERR: Db Error: Unknown table 'shopwwi.circle'
SELECT circle.*, is_recommend*rand() as rand FROM `shopwwi_circle` WHERE ( circle_status = '1' ) AND ( is_recommend = '1' ) ORDER BY rand desc LIMIT 20  
[2016-02-07 22:19:50] /circle/ ( act=index&op=index ) 
ERR: Db Error: Unknown table 'shopwwi.circle_theme'
SELECT circle_theme.*, is_recommend*rand() as rand FROM `shopwwi_circle_theme` WHERE ( has_affix = '1' ) AND ( is_closed = '0' ) AND ( is_recommend = '1' ) ORDER BY rand desc LIMIT 8  
[2016-02-07 22:19:50] /circle/ ( act=index&op=index ) 
ERR: Db Error: Unknown table 'shopwwi.circle_member'
SELECT circle_member.*, is_recommend*rand() as rand FROM `shopwwi_circle_member` WHERE ( is_recommend = '1' ) ORDER BY rand desc LIMIT 5  
[2016-02-07 22:21:43] /circle/ ( act=index&op=index ) 
ERR: Db Error: Unknown table 'shopwwi.circle'
SELECT circle.*, is_hot*rand() as rand FROM `shopwwi_circle` WHERE ( circle_status = '1' ) AND ( is_hot = '1' ) ORDER BY rand desc LIMIT 3  
[2016-02-07 22:21:43] /circle/ ( act=index&op=index ) 
ERR: Db Error: Unknown table 'shopwwi.circle'
SELECT circle.*, is_recommend*rand() as rand FROM `shopwwi_circle` WHERE ( circle_status = '1' ) AND ( is_recommend = '1' ) ORDER BY rand desc LIMIT 20  
[2016-02-07 22:21:43] /circle/ ( act=index&op=index ) 
ERR: Db Error: Unknown table 'shopwwi.circle_theme'
SELECT circle_theme.*, is_recommend*rand() as rand FROM `shopwwi_circle_theme` WHERE ( has_affix = '1' ) AND ( is_closed = '0' ) AND ( is_recommend = '1' ) ORDER BY rand desc LIMIT 8  
[2016-02-07 22:21:43] /circle/ ( act=index&op=index ) 
ERR: Db Error: Unknown table 'shopwwi.circle_member'
SELECT circle_member.*, is_recommend*rand() as rand FROM `shopwwi_circle_member` WHERE ( is_recommend = '1' ) ORDER BY rand desc LIMIT 5  
[2016-02-07 22:22:35] /shop/cate-506-137-4_8-2-2-1-1-6-0.html ( act=search&op=index ) 
ERR: Db Error: Unknown column 'have_gift' in 'where clause'
SELECT COUNT(*) AS nc_count FROM `shopwwi_goods_common` WHERE ( gc_id_3 = '506' ) AND ( brand_id = '137' ) AND ( areaid_1 = '6' ) AND ( is_own_shop = '1' ) AND ( have_gift = '1' ) AND ( goods_id IN ('100116','100117','100126','100128','100129') ) LIMIT 1  
[2016-02-07 22:23:30] /circle/ ( act=index&op=index ) 
ERR: Db Error: Unknown table 'shopwwi.circle'
SELECT circle.*, is_hot*rand() as rand FROM `shopwwi_circle` WHERE ( circle_status = '1' ) AND ( is_hot = '1' ) ORDER BY rand desc LIMIT 3  
[2016-02-07 22:23:30] /circle/ ( act=index&op=index ) 
ERR: Db Error: Unknown table 'shopwwi.circle'
SELECT circle.*, is_recommend*rand() as rand FROM `shopwwi_circle` WHERE ( circle_status = '1' ) AND ( is_recommend = '1' ) ORDER BY rand desc LIMIT 20  
[2016-02-07 22:23:30] /circle/ ( act=index&op=index ) 
ERR: Db Error: Unknown table 'shopwwi.circle_theme'
SELECT circle_theme.*, is_recommend*rand() as rand FROM `shopwwi_circle_theme` WHERE ( has_affix = '1' ) AND ( is_closed = '0' ) AND ( is_recommend = '1' ) ORDER BY rand desc LIMIT 8  
[2016-02-07 22:23:30] /circle/ ( act=index&op=index ) 
ERR: Db Error: Unknown table 'shopwwi.circle_member'
SELECT circle_member.*, is_recommend*rand() as rand FROM `shopwwi_circle_member` WHERE ( is_recommend = '1' ) ORDER BY rand desc LIMIT 5  
[2016-02-07 22:25:16] /circle/ ( act=index&op=index ) 
ERR: Db Error: Unknown table 'shopwwi.circle'
SELECT circle.*, is_hot*rand() as rand FROM `shopwwi_circle` WHERE ( circle_status = '1' ) AND ( is_hot = '1' ) ORDER BY rand desc LIMIT 3  
[2016-02-07 22:25:16] /circle/ ( act=index&op=index ) 
ERR: Db Error: Unknown table 'shopwwi.circle'
SELECT circle.*, is_recommend*rand() as rand FROM `shopwwi_circle` WHERE ( circle_status = '1' ) AND ( is_recommend = '1' ) ORDER BY rand desc LIMIT 20  
[2016-02-07 22:25:16] /circle/ ( act=index&op=index ) 
ERR: Db Error: Unknown table 'shopwwi.circle_theme'
SELECT circle_theme.*, is_recommend*rand() as rand FROM `shopwwi_circle_theme` WHERE ( has_affix = '1' ) AND ( is_closed = '0' ) AND ( is_recommend = '1' ) ORDER BY rand desc LIMIT 8  
[2016-02-07 22:25:16] /circle/ ( act=index&op=index ) 
ERR: Db Error: Unknown table 'shopwwi.circle_member'
SELECT circle_member.*, is_recommend*rand() as rand FROM `shopwwi_circle_member` WHERE ( is_recommend = '1' ) ORDER BY rand desc LIMIT 5  
[2016-02-07 22:26:22] /shop/cate-506-137-4_8-2-2-1-1-8-0.html ( act=search&op=index ) 
ERR: Db Error: Unknown column 'have_gift' in 'where clause'
SELECT COUNT(*) AS nc_count FROM `shopwwi_goods_common` WHERE ( gc_id_3 = '506' ) AND ( brand_id = '137' ) AND ( areaid_1 = '8' ) AND ( is_own_shop = '1' ) AND ( have_gift = '1' ) AND ( goods_id IN ('100116','100117','100126','100128','100129') ) LIMIT 1  
[2016-02-07 22:26:53] /circle/ ( act=index&op=index ) 
ERR: Db Error: Unknown table 'shopwwi.circle'
SELECT circle.*, is_hot*rand() as rand FROM `shopwwi_circle` WHERE ( circle_status = '1' ) AND ( is_hot = '1' ) ORDER BY rand desc LIMIT 3  
[2016-02-07 22:26:53] /circle/ ( act=index&op=index ) 
ERR: Db Error: Unknown table 'shopwwi.circle'
SELECT circle.*, is_recommend*rand() as rand FROM `shopwwi_circle` WHERE ( circle_status = '1' ) AND ( is_recommend = '1' ) ORDER BY rand desc LIMIT 20  
[2016-02-07 22:26:53] /circle/ ( act=index&op=index ) 
ERR: Db Error: Unknown table 'shopwwi.circle_theme'
SELECT circle_theme.*, is_recommend*rand() as rand FROM `shopwwi_circle_theme` WHERE ( has_affix = '1' ) AND ( is_closed = '0' ) AND ( is_recommend = '1' ) ORDER BY rand desc LIMIT 8  
[2016-02-07 22:26:53] /circle/ ( act=index&op=index ) 
ERR: Db Error: Unknown table 'shopwwi.circle_member'
SELECT circle_member.*, is_recommend*rand() as rand FROM `shopwwi_circle_member` WHERE ( is_recommend = '1' ) ORDER BY rand desc LIMIT 5  
[2016-02-07 22:27:41] /circle/ ( act=index&op=index ) 
ERR: Db Error: Unknown table 'shopwwi.circle'
SELECT circle.*, is_hot*rand() as rand FROM `shopwwi_circle` WHERE ( circle_status = '1' ) AND ( is_hot = '1' ) ORDER BY rand desc LIMIT 3  
[2016-02-07 22:27:41] /circle/ ( act=index&op=index ) 
ERR: Db Error: Unknown table 'shopwwi.circle'
SELECT circle.*, is_recommend*rand() as rand FROM `shopwwi_circle` WHERE ( circle_status = '1' ) AND ( is_recommend = '1' ) ORDER BY rand desc LIMIT 20  
[2016-02-07 22:27:41] /circle/ ( act=index&op=index ) 
ERR: Db Error: Unknown table 'shopwwi.circle_theme'
SELECT circle_theme.*, is_recommend*rand() as rand FROM `shopwwi_circle_theme` WHERE ( has_affix = '1' ) AND ( is_closed = '0' ) AND ( is_recommend = '1' ) ORDER BY rand desc LIMIT 8  
[2016-02-07 22:27:41] /circle/ ( act=index&op=index ) 
ERR: Db Error: Unknown table 'shopwwi.circle_member'
SELECT circle_member.*, is_recommend*rand() as rand FROM `shopwwi_circle_member` WHERE ( is_recommend = '1' ) ORDER BY rand desc LIMIT 5  
[2016-02-07 22:30:09] /shop/cate-506-137-4_8-2-1-1-1-8-0.html ( act=search&op=index ) 
ERR: Db Error: Unknown column 'have_gift' in 'where clause'
SELECT COUNT(*) AS nc_count FROM `shopwwi_goods_common` WHERE ( gc_id_3 = '506' ) AND ( brand_id = '137' ) AND ( areaid_1 = '8' ) AND ( is_own_shop = '1' ) AND ( have_gift = '1' ) AND ( goods_id IN ('100116','100117','100126','100128','100129') ) LIMIT 1  
[2016-02-07 22:33:56] /shop/cate-506-137-4_8-2-1-1-1-2-0.html ( act=search&op=index ) 
ERR: Db Error: Unknown column 'have_gift' in 'where clause'
SELECT COUNT(*) AS nc_count FROM `shopwwi_goods_common` WHERE ( gc_id_3 = '506' ) AND ( brand_id = '137' ) AND ( areaid_1 = '2' ) AND ( is_own_shop = '1' ) AND ( have_gift = '1' ) AND ( goods_id IN ('100116','100117','100126','100128','100129') ) LIMIT 1  
[2016-02-07 22:37:46] /shop/cate-506-137-4_8-2-1-1-0-2-0.html ( act=search&op=index ) 
ERR: Db Error: Unknown column 'goods_id' in 'where clause'
SELECT COUNT(*) AS nc_count FROM `shopwwi_goods_common` WHERE ( gc_id_3 = '506' ) AND ( brand_id = '137' ) AND ( areaid_1 = '2' ) AND ( is_own_shop = '1' ) AND ( goods_id IN ('100116','100117','100126','100128','100129') ) LIMIT 1  
[2016-02-07 22:41:30] /shop/cate-506-137-4_8_23-2-1-1-1-2-0.html ( act=search&op=index ) 
ERR: Db Error: Unknown column 'have_gift' in 'where clause'
SELECT COUNT(*) AS nc_count FROM `shopwwi_goods_common` WHERE ( gc_id_3 = '506' ) AND ( brand_id = '137' ) AND ( areaid_1 = '2' ) AND ( is_own_shop = '1' ) AND ( have_gift = '1' ) AND ( goods_id IN('') ) LIMIT 1  
[2016-02-07 22:45:17] /shop/cate-506-137-4_8-2-1-1-0-1-0.html ( act=search&op=index ) 
ERR: Db Error: Unknown column 'goods_id' in 'where clause'
SELECT COUNT(*) AS nc_count FROM `shopwwi_goods_common` WHERE ( gc_id_3 = '506' ) AND ( brand_id = '137' ) AND ( areaid_1 = '1' ) AND ( is_own_shop = '1' ) AND ( goods_id IN ('100116','100117','100126','100128','100129') ) LIMIT 1  
[2016-02-07 22:49:04] /shop/cate-506-137-4_8-2-2-1-0-1-0.html ( act=search&op=index ) 
ERR: Db Error: Unknown column 'goods_id' in 'where clause'
SELECT COUNT(*) AS nc_count FROM `shopwwi_goods_common` WHERE ( gc_id_3 = '506' ) AND ( brand_id = '137' ) AND ( areaid_1 = '1' ) AND ( is_own_shop = '1' ) AND ( goods_id IN ('100116','100117','100126','100128','100129') ) LIMIT 1  
[2016-02-07 22:53:09] /shop/cate-506-137-4_8_18-2-2-1-0-1-0.html ( act=search&op=index ) 
ERR: Db Error: Unknown column 'goods_id' in 'where clause'
SELECT COUNT(*) AS nc_count FROM `shopwwi_goods_common` WHERE ( gc_id_3 = '506' ) AND ( brand_id = '137' ) AND ( areaid_1 = '1' ) AND ( is_own_shop = '1' ) AND ( goods_id IN('') ) LIMIT 1  
[2016-02-07 22:56:38] /shop/cate-506-137-4_8-2-2-1-0-9-0.html ( act=search&op=index ) 
ERR: Db Error: Unknown column 'goods_id' in 'where clause'
SELECT COUNT(*) AS nc_count FROM `shopwwi_goods_common` WHERE ( gc_id_3 = '506' ) AND ( brand_id = '137' ) AND ( areaid_1 = '9' ) AND ( is_own_shop = '1' ) AND ( goods_id IN ('100116','100117','100126','100128','100129') ) LIMIT 1  
[2016-02-07 23:00:25] /shop/cate-506-137-4_8-1-2-1-0-9-0.html ( act=search&op=index ) 
ERR: Db Error: Unknown column 'goods_id' in 'where clause'
SELECT COUNT(*) AS nc_count FROM `shopwwi_goods_common` WHERE ( gc_id_3 = '506' ) AND ( brand_id = '137' ) AND ( areaid_1 = '9' ) AND ( is_own_shop = '1' ) AND ( goods_id IN ('100116','100117','100126','100128','100129') ) LIMIT 1  
