[2016-01-11 04:03:36] /shop/index.php?act=store_list&op=index ( act=store_list&op=index ) 
ERR: Db Error: Table 'shopwwi.shopwwi_order' doesn't exist
SELECT store_id,count(*) as order_count FROM `shopwwi_order` WHERE ( store_id IN ('1','2') ) AND ( add_time > '1444680216' ) GROUP BY store_id LIMIT 1000  
[2016-01-11 10:33:25] /shop/?act=store_list&keyword=+ ( act=store_list&op=index ) 
ERR: Db Error: Table 'shopwwi.shopwwi_order' doesn't exist
SELECT store_id,count(*) as order_count FROM `shopwwi_order` WHERE ( store_id IN ('1','2') ) AND ( add_time > '1444703605' ) GROUP BY store_id LIMIT 1000  
[2016-01-11 10:48:48] /circle/ ( act=index&op=index ) 
ERR: Db Error: Unknown table 'circle'
SELECT circle.*, is_hot*rand() as rand FROM `shopwwi_circle` WHERE ( circle_status = '1' ) AND ( is_hot = '1' ) ORDER BY rand desc LIMIT 3  
[2016-01-11 10:48:48] /circle/ ( act=index&op=index ) 
ERR: Db Error: Unknown table 'circle'
SELECT circle.*, is_recommend*rand() as rand FROM `shopwwi_circle` WHERE ( circle_status = '1' ) AND ( is_recommend = '1' ) ORDER BY rand desc LIMIT 20  
[2016-01-11 10:48:48] /circle/ ( act=index&op=index ) 
ERR: Db Error: Unknown table 'circle_theme'
SELECT circle_theme.*, is_recommend*rand() as rand FROM `shopwwi_circle_theme` WHERE ( has_affix = '1' ) AND ( is_closed = '0' ) AND ( is_recommend = '1' ) ORDER BY rand desc LIMIT 8  
[2016-01-11 10:48:48] /circle/ ( act=index&op=index ) 
ERR: Db Error: Unknown table 'circle_member'
SELECT circle_member.*, is_recommend*rand() as rand FROM `shopwwi_circle_member` WHERE ( is_recommend = '1' ) ORDER BY rand desc LIMIT 5  
[2016-01-11 13:00:18] /circle/ ( act=index&op=index ) 
ERR: Db Error: Unknown table 'circle'
SELECT circle.*, is_hot*rand() as rand FROM `shopwwi_circle` WHERE ( circle_status = '1' ) AND ( is_hot = '1' ) ORDER BY rand desc LIMIT 3  
[2016-01-11 13:00:18] /circle/ ( act=index&op=index ) 
ERR: Db Error: Unknown table 'circle'
SELECT circle.*, is_recommend*rand() as rand FROM `shopwwi_circle` WHERE ( circle_status = '1' ) AND ( is_recommend = '1' ) ORDER BY rand desc LIMIT 20  
[2016-01-11 13:00:18] /circle/ ( act=index&op=index ) 
ERR: Db Error: Unknown table 'circle_theme'
SELECT circle_theme.*, is_recommend*rand() as rand FROM `shopwwi_circle_theme` WHERE ( has_affix = '1' ) AND ( is_closed = '0' ) AND ( is_recommend = '1' ) ORDER BY rand desc LIMIT 8  
[2016-01-11 13:00:18] /circle/ ( act=index&op=index ) 
ERR: Db Error: Unknown table 'circle_member'
SELECT circle_member.*, is_recommend*rand() as rand FROM `shopwwi_circle_member` WHERE ( is_recommend = '1' ) ORDER BY rand desc LIMIT 5  
[2016-01-11 13:00:20] /circle/ ( act=index&op=index ) 
ERR: Db Error: Unknown table 'circle'
SELECT circle.*, is_hot*rand() as rand FROM `shopwwi_circle` WHERE ( circle_status = '1' ) AND ( is_hot = '1' ) ORDER BY rand desc LIMIT 3  
[2016-01-11 13:00:20] /circle/ ( act=index&op=index ) 
ERR: Db Error: Unknown table 'circle'
SELECT circle.*, is_recommend*rand() as rand FROM `shopwwi_circle` WHERE ( circle_status = '1' ) AND ( is_recommend = '1' ) ORDER BY rand desc LIMIT 20  
[2016-01-11 13:00:20] /circle/ ( act=index&op=index ) 
ERR: Db Error: Unknown table 'circle_theme'
SELECT circle_theme.*, is_recommend*rand() as rand FROM `shopwwi_circle_theme` WHERE ( has_affix = '1' ) AND ( is_closed = '0' ) AND ( is_recommend = '1' ) ORDER BY rand desc LIMIT 8  
[2016-01-11 13:00:20] /circle/ ( act=index&op=index ) 
ERR: Db Error: Unknown table 'circle_member'
SELECT circle_member.*, is_recommend*rand() as rand FROM `shopwwi_circle_member` WHERE ( is_recommend = '1' ) ORDER BY rand desc LIMIT 5  
[2016-01-11 14:29:54] /shop/cate-478-0-21-0-0-0-0-0-0.html ( act=search&op=index ) 
ERR: Db Error: Unknown column 'goods_id' in 'where clause'
SELECT COUNT(*) AS nc_count FROM `shopwwi_goods_common` WHERE ( gc_id_3 = '478' ) AND ( goods_id IN ('100095','100100','100102','100106','100127','100134','100137','100138','100141','100142','100145','100146') ) LIMIT 1  
[2016-01-11 14:29:59] /shop/cate-478-0-21_1-0-0-0-0-0-0.html ( act=search&op=index ) 
ERR: Db Error: Unknown column 'goods_id' in 'where clause'
SELECT COUNT(*) AS nc_count FROM `shopwwi_goods_common` WHERE ( gc_id_3 = '478' ) AND ( goods_id IN('') ) LIMIT 1  
[2016-01-11 14:30:16] /shop/cate-478-0-21-0-0-0-0-0-0.html ( act=search&op=index ) 
ERR: Db Error: Unknown column 'goods_id' in 'where clause'
SELECT COUNT(*) AS nc_count FROM `shopwwi_goods_common` WHERE ( gc_id_3 = '478' ) AND ( goods_id IN ('100095','100100','100102','100106','100127','100134','100137','100138','100141','100142','100145','100146') ) LIMIT 1  
[2016-01-11 14:30:24] /shop/cate-478-0-21-0-0-0-0-0-0.html ( act=search&op=index ) 
ERR: Db Error: Unknown column 'goods_id' in 'where clause'
SELECT COUNT(*) AS nc_count FROM `shopwwi_goods_common` WHERE ( gc_id_3 = '478' ) AND ( goods_id IN ('100095','100100','100102','100106','100127','100134','100137','100138','100141','100142','100145','100146') ) LIMIT 1  
[2016-01-11 15:56:40] /circle/ ( act=index&op=index ) 
ERR: Db Error: Unknown table 'circle'
SELECT circle.*, is_hot*rand() as rand FROM `shopwwi_circle` WHERE ( circle_status = '1' ) AND ( is_hot = '1' ) ORDER BY rand desc LIMIT 3  
[2016-01-11 15:56:40] /circle/ ( act=index&op=index ) 
ERR: Db Error: Unknown table 'circle'
SELECT circle.*, is_recommend*rand() as rand FROM `shopwwi_circle` WHERE ( circle_status = '1' ) AND ( is_recommend = '1' ) ORDER BY rand desc LIMIT 20  
[2016-01-11 15:56:40] /circle/ ( act=index&op=index ) 
ERR: Db Error: Unknown table 'circle_theme'
SELECT circle_theme.*, is_recommend*rand() as rand FROM `shopwwi_circle_theme` WHERE ( has_affix = '1' ) AND ( is_closed = '0' ) AND ( is_recommend = '1' ) ORDER BY rand desc LIMIT 8  
[2016-01-11 15:56:40] /circle/ ( act=index&op=index ) 
ERR: Db Error: Unknown table 'circle_member'
SELECT circle_member.*, is_recommend*rand() as rand FROM `shopwwi_circle_member` WHERE ( is_recommend = '1' ) ORDER BY rand desc LIMIT 5  
[2016-01-11 15:56:41] /circle/ ( act=index&op=index ) 
ERR: Db Error: Unknown table 'circle'
SELECT circle.*, is_hot*rand() as rand FROM `shopwwi_circle` WHERE ( circle_status = '1' ) AND ( is_hot = '1' ) ORDER BY rand desc LIMIT 3  
[2016-01-11 15:56:41] /circle/ ( act=index&op=index ) 
ERR: Db Error: Unknown table 'circle'
SELECT circle.*, is_recommend*rand() as rand FROM `shopwwi_circle` WHERE ( circle_status = '1' ) AND ( is_recommend = '1' ) ORDER BY rand desc LIMIT 20  
[2016-01-11 15:56:41] /circle/ ( act=index&op=index ) 
ERR: Db Error: Unknown table 'circle_theme'
SELECT circle_theme.*, is_recommend*rand() as rand FROM `shopwwi_circle_theme` WHERE ( has_affix = '1' ) AND ( is_closed = '0' ) AND ( is_recommend = '1' ) ORDER BY rand desc LIMIT 8  
[2016-01-11 15:56:41] /circle/ ( act=index&op=index ) 
ERR: Db Error: Unknown table 'circle_member'
SELECT circle_member.*, is_recommend*rand() as rand FROM `shopwwi_circle_member` WHERE ( is_recommend = '1' ) ORDER BY rand desc LIMIT 5  
[2016-01-11 16:06:50] /circle/ ( act=index&op=index ) 
ERR: Db Error: Unknown table 'circle'
SELECT circle.*, is_hot*rand() as rand FROM `shopwwi_circle` WHERE ( circle_status = '1' ) AND ( is_hot = '1' ) ORDER BY rand desc LIMIT 3  
[2016-01-11 16:06:50] /circle/ ( act=index&op=index ) 
ERR: Db Error: Unknown table 'circle'
SELECT circle.*, is_recommend*rand() as rand FROM `shopwwi_circle` WHERE ( circle_status = '1' ) AND ( is_recommend = '1' ) ORDER BY rand desc LIMIT 20  
[2016-01-11 16:06:50] /circle/ ( act=index&op=index ) 
ERR: Db Error: Unknown table 'circle_theme'
SELECT circle_theme.*, is_recommend*rand() as rand FROM `shopwwi_circle_theme` WHERE ( has_affix = '1' ) AND ( is_closed = '0' ) AND ( is_recommend = '1' ) ORDER BY rand desc LIMIT 8  
[2016-01-11 16:06:50] /circle/ ( act=index&op=index ) 
ERR: Db Error: Unknown table 'circle_member'
SELECT circle_member.*, is_recommend*rand() as rand FROM `shopwwi_circle_member` WHERE ( is_recommend = '1' ) ORDER BY rand desc LIMIT 5  
[2016-01-11 20:10:41] /circle/ ( act=index&op=index ) 
ERR: Db Error: Unknown table 'circle'
SELECT circle.*, is_hot*rand() as rand FROM `shopwwi_circle` WHERE ( circle_status = '1' ) AND ( is_hot = '1' ) ORDER BY rand desc LIMIT 3  
[2016-01-11 20:10:41] /circle/ ( act=index&op=index ) 
ERR: Db Error: Unknown table 'circle'
SELECT circle.*, is_recommend*rand() as rand FROM `shopwwi_circle` WHERE ( circle_status = '1' ) AND ( is_recommend = '1' ) ORDER BY rand desc LIMIT 20  
[2016-01-11 20:10:41] /circle/ ( act=index&op=index ) 
ERR: Db Error: Unknown table 'circle_theme'
SELECT circle_theme.*, is_recommend*rand() as rand FROM `shopwwi_circle_theme` WHERE ( has_affix = '1' ) AND ( is_closed = '0' ) AND ( is_recommend = '1' ) ORDER BY rand desc LIMIT 8  
[2016-01-11 20:10:41] /circle/ ( act=index&op=index ) 
ERR: Db Error: Unknown table 'circle_member'
SELECT circle_member.*, is_recommend*rand() as rand FROM `shopwwi_circle_member` WHERE ( is_recommend = '1' ) ORDER BY rand desc LIMIT 5  
[2016-01-11 21:44:37] /circle/ ( act=index&op=index ) 
ERR: Db Error: Unknown table 'circle'
SELECT circle.*, is_hot*rand() as rand FROM `shopwwi_circle` WHERE ( circle_status = '1' ) AND ( is_hot = '1' ) ORDER BY rand desc LIMIT 3  
[2016-01-11 21:44:37] /circle/ ( act=index&op=index ) 
ERR: Db Error: Unknown table 'circle'
SELECT circle.*, is_recommend*rand() as rand FROM `shopwwi_circle` WHERE ( circle_status = '1' ) AND ( is_recommend = '1' ) ORDER BY rand desc LIMIT 20  
[2016-01-11 21:44:37] /circle/ ( act=index&op=index ) 
ERR: Db Error: Unknown table 'circle_theme'
SELECT circle_theme.*, is_recommend*rand() as rand FROM `shopwwi_circle_theme` WHERE ( has_affix = '1' ) AND ( is_closed = '0' ) AND ( is_recommend = '1' ) ORDER BY rand desc LIMIT 8  
[2016-01-11 21:44:37] /circle/ ( act=index&op=index ) 
ERR: Db Error: Unknown table 'circle_member'
SELECT circle_member.*, is_recommend*rand() as rand FROM `shopwwi_circle_member` WHERE ( is_recommend = '1' ) ORDER BY rand desc LIMIT 5  
