[2016-01-25 01:56:59] /circle/ ( act=index&op=index ) 
ERR: Db Error: Unknown table 'shopwwi.circle'
SELECT circle.*, is_hot*rand() as rand FROM `shopwwi_circle` WHERE ( circle_status = '1' ) AND ( is_hot = '1' ) ORDER BY rand desc LIMIT 3  
[2016-01-25 01:56:59] /circle/ ( act=index&op=index ) 
ERR: Db Error: Unknown table 'shopwwi.circle'
SELECT circle.*, is_recommend*rand() as rand FROM `shopwwi_circle` WHERE ( circle_status = '1' ) AND ( is_recommend = '1' ) ORDER BY rand desc LIMIT 20  
[2016-01-25 01:56:59] /circle/ ( act=index&op=index ) 
ERR: Db Error: Unknown table 'shopwwi.circle_theme'
SELECT circle_theme.*, is_recommend*rand() as rand FROM `shopwwi_circle_theme` WHERE ( has_affix = '1' ) AND ( is_closed = '0' ) AND ( is_recommend = '1' ) ORDER BY rand desc LIMIT 8  
[2016-01-25 01:56:59] /circle/ ( act=index&op=index ) 
ERR: Db Error: Unknown table 'shopwwi.circle_member'
SELECT circle_member.*, is_recommend*rand() as rand FROM `shopwwi_circle_member` WHERE ( is_recommend = '1' ) ORDER BY rand desc LIMIT 5  
[2016-01-25 03:20:34] /shop/cate-295-0-0-0-0-0-1-24-0.html ( act=search&op=index ) 
ERR: Db Error: Unknown column 'have_gift' in 'where clause'
SELECT COUNT(*) AS nc_count FROM `shopwwi_goods_common` WHERE ( gc_id_3 = '295' ) AND ( areaid_1 = '24' ) AND ( have_gift = '1' ) LIMIT 1  
[2016-01-25 04:14:26] /shop/cate-701-0-0-0-0-0-1-17-0.html ( act=search&op=index ) 
ERR: Db Error: Unknown column 'have_gift' in 'where clause'
SELECT COUNT(*) AS nc_count FROM `shopwwi_goods_common` WHERE ( gc_id_3 = '701' ) AND ( areaid_1 = '17' ) AND ( have_gift = '1' ) LIMIT 1  
[2016-01-25 04:50:14] /shop/cate-526-0-12-0-0-0-0-0-0.html ( act=search&op=index ) 
ERR: Db Error: Unknown column 'goods_id' in 'where clause'
SELECT COUNT(*) AS nc_count FROM `shopwwi_goods_common` WHERE ( gc_id_3 = '526' ) AND ( goods_id IN ('100093','100094','100102','100103','100110','100119','100125','100126','100131','100132','100134','100135','100138','100145','100146') ) LIMIT 1  
[2016-01-25 05:24:24] /shop/cate-526-0-4-0-0-0-0-0-0.html ( act=search&op=index ) 
ERR: Db Error: Unknown column 'goods_id' in 'where clause'
SELECT COUNT(*) AS nc_count FROM `shopwwi_goods_common` WHERE ( gc_id_3 = '526' ) AND ( goods_id IN ('100096','100107','100116','100117','100121','100122','100126','100127','100128','100129','100130','100131','100134','100141') ) LIMIT 1  
[2016-01-25 06:39:00] /shop/cate-480-0-9-0-0-0-0-0-0.html ( act=search&op=index ) 
ERR: Db Error: Unknown column 'goods_id' in 'where clause'
SELECT COUNT(*) AS nc_count FROM `shopwwi_goods_common` WHERE ( gc_id_3 = '480' ) AND ( goods_id IN ('100095','100096','100103','100104','100106','100107','100108','100112','100113','100114','100118','100120','100121','100122','100123','100127','100131','100133','100134','100136','100137','100139','100141','100145','100146') ) LIMIT 1  
[2016-01-25 08:52:42] /shop/cate-494-0-16-0-0-0-0-0-0.html ( act=search&op=index ) 
ERR: Db Error: Unknown column 'goods_id' in 'where clause'
SELECT COUNT(*) AS nc_count FROM `shopwwi_goods_common` WHERE ( gc_id_3 = '494' ) AND ( goods_id IN('') ) LIMIT 1  
[2016-01-25 10:00:48] /shop/cate-480-0-20-0-0-0-0-0-0.html ( act=search&op=index ) 
ERR: Db Error: Unknown column 'goods_id' in 'where clause'
SELECT COUNT(*) AS nc_count FROM `shopwwi_goods_common` WHERE ( gc_id_3 = '480' ) AND ( goods_id IN('') ) LIMIT 1  
[2016-01-25 10:15:26] /shop/cate-494-0-9-0-0-0-0-0-0.html ( act=search&op=index ) 
ERR: Db Error: Unknown column 'goods_id' in 'where clause'
SELECT COUNT(*) AS nc_count FROM `shopwwi_goods_common` WHERE ( gc_id_3 = '494' ) AND ( goods_id IN ('100095','100096','100103','100104','100106','100107','100108','100112','100113','100114','100118','100120','100121','100122','100123','100127','100131','100133','100134','100136','100137','100139','100141','100145','100146') ) LIMIT 1  
[2016-01-25 10:20:16] /shop/cate-526-0-25-0-0-0-0-0-0.html ( act=search&op=index ) 
ERR: Db Error: Unknown column 'goods_id' in 'where clause'
SELECT COUNT(*) AS nc_count FROM `shopwwi_goods_common` WHERE ( gc_id_3 = '526' ) AND ( goods_id IN ('100093','100094','100096','100097','100098','100099','100100','100102','100103','100104','100105','100106','100107','100108','100109','100110','100111','100113','100114','100115','100118','100120','100121','100123','100126','100127','100130','100131','100136','100137','100139','100140','100141','100142','100145','100146') ) LIMIT 1  
[2016-01-25 10:30:00] /shop/cate-494-0-10-0-0-0-0-0-0.html ( act=search&op=index ) 
ERR: Db Error: Unknown column 'goods_id' in 'where clause'
SELECT COUNT(*) AS nc_count FROM `shopwwi_goods_common` WHERE ( gc_id_3 = '494' ) AND ( goods_id IN ('100125','100130','100138') ) LIMIT 1  
[2016-01-25 10:58:51] /circle/ ( act=index&op=index ) 
ERR: Db Error: Unknown table 'shopwwi.circle'
SELECT circle.*, is_hot*rand() as rand FROM `shopwwi_circle` WHERE ( circle_status = '1' ) AND ( is_hot = '1' ) ORDER BY rand desc LIMIT 3  
[2016-01-25 10:58:51] /circle/ ( act=index&op=index ) 
ERR: Db Error: Unknown table 'shopwwi.circle'
SELECT circle.*, is_recommend*rand() as rand FROM `shopwwi_circle` WHERE ( circle_status = '1' ) AND ( is_recommend = '1' ) ORDER BY rand desc LIMIT 20  
[2016-01-25 10:58:51] /circle/ ( act=index&op=index ) 
ERR: Db Error: Unknown table 'shopwwi.circle_theme'
SELECT circle_theme.*, is_recommend*rand() as rand FROM `shopwwi_circle_theme` WHERE ( has_affix = '1' ) AND ( is_closed = '0' ) AND ( is_recommend = '1' ) ORDER BY rand desc LIMIT 8  
[2016-01-25 10:58:51] /circle/ ( act=index&op=index ) 
ERR: Db Error: Unknown table 'shopwwi.circle_member'
SELECT circle_member.*, is_recommend*rand() as rand FROM `shopwwi_circle_member` WHERE ( is_recommend = '1' ) ORDER BY rand desc LIMIT 5  
[2016-01-25 10:58:52] /circle/ ( act=index&op=index ) 
ERR: Db Error: Unknown table 'shopwwi.circle'
SELECT circle.*, is_hot*rand() as rand FROM `shopwwi_circle` WHERE ( circle_status = '1' ) AND ( is_hot = '1' ) ORDER BY rand desc LIMIT 3  
[2016-01-25 10:58:52] /circle/ ( act=index&op=index ) 
ERR: Db Error: Unknown table 'shopwwi.circle'
SELECT circle.*, is_recommend*rand() as rand FROM `shopwwi_circle` WHERE ( circle_status = '1' ) AND ( is_recommend = '1' ) ORDER BY rand desc LIMIT 20  
[2016-01-25 10:58:52] /circle/ ( act=index&op=index ) 
ERR: Db Error: Unknown table 'shopwwi.circle_theme'
SELECT circle_theme.*, is_recommend*rand() as rand FROM `shopwwi_circle_theme` WHERE ( has_affix = '1' ) AND ( is_closed = '0' ) AND ( is_recommend = '1' ) ORDER BY rand desc LIMIT 8  
[2016-01-25 10:58:52] /circle/ ( act=index&op=index ) 
ERR: Db Error: Unknown table 'shopwwi.circle_member'
SELECT circle_member.*, is_recommend*rand() as rand FROM `shopwwi_circle_member` WHERE ( is_recommend = '1' ) ORDER BY rand desc LIMIT 5  
[2016-01-25 10:58:54] /circle/ ( act=index&op=index ) 
ERR: Db Error: Unknown table 'shopwwi.circle'
SELECT circle.*, is_hot*rand() as rand FROM `shopwwi_circle` WHERE ( circle_status = '1' ) AND ( is_hot = '1' ) ORDER BY rand desc LIMIT 3  
[2016-01-25 10:58:54] /circle/ ( act=index&op=index ) 
ERR: Db Error: Unknown table 'shopwwi.circle'
SELECT circle.*, is_recommend*rand() as rand FROM `shopwwi_circle` WHERE ( circle_status = '1' ) AND ( is_recommend = '1' ) ORDER BY rand desc LIMIT 20  
[2016-01-25 10:58:54] /circle/ ( act=index&op=index ) 
ERR: Db Error: Unknown table 'shopwwi.circle_theme'
SELECT circle_theme.*, is_recommend*rand() as rand FROM `shopwwi_circle_theme` WHERE ( has_affix = '1' ) AND ( is_closed = '0' ) AND ( is_recommend = '1' ) ORDER BY rand desc LIMIT 8  
[2016-01-25 10:58:54] /circle/ ( act=index&op=index ) 
ERR: Db Error: Unknown table 'shopwwi.circle_member'
SELECT circle_member.*, is_recommend*rand() as rand FROM `shopwwi_circle_member` WHERE ( is_recommend = '1' ) ORDER BY rand desc LIMIT 5  
[2016-01-25 12:06:33] /shop/cate-496-0-2-0-0-0-0-0-0.html ( act=search&op=index ) 
ERR: Db Error: Unknown column 'goods_id' in 'where clause'
SELECT COUNT(*) AS nc_count FROM `shopwwi_goods_common` WHERE ( gc_id_3 = '496' ) AND ( goods_id IN ('100094','100095','100097','100099','100100','100102','100103','100105','100106','100108','100136','100138','100145','100146') ) LIMIT 1  
[2016-01-25 13:04:56] /circle/ ( act=index&op=index ) 
ERR: Db Error: Unknown table 'shopwwi.circle'
SELECT circle.*, is_hot*rand() as rand FROM `shopwwi_circle` WHERE ( circle_status = '1' ) AND ( is_hot = '1' ) ORDER BY rand desc LIMIT 3  
[2016-01-25 13:04:56] /circle/ ( act=index&op=index ) 
ERR: Db Error: Unknown table 'shopwwi.circle'
SELECT circle.*, is_recommend*rand() as rand FROM `shopwwi_circle` WHERE ( circle_status = '1' ) AND ( is_recommend = '1' ) ORDER BY rand desc LIMIT 20  
[2016-01-25 13:04:56] /circle/ ( act=index&op=index ) 
ERR: Db Error: Unknown table 'shopwwi.circle_theme'
SELECT circle_theme.*, is_recommend*rand() as rand FROM `shopwwi_circle_theme` WHERE ( has_affix = '1' ) AND ( is_closed = '0' ) AND ( is_recommend = '1' ) ORDER BY rand desc LIMIT 8  
[2016-01-25 13:04:56] /circle/ ( act=index&op=index ) 
ERR: Db Error: Unknown table 'shopwwi.circle_member'
SELECT circle_member.*, is_recommend*rand() as rand FROM `shopwwi_circle_member` WHERE ( is_recommend = '1' ) ORDER BY rand desc LIMIT 5  
[2016-01-25 13:20:13] /shop/cate-480-0-15-0-0-0-0-0-0.html ( act=search&op=index ) 
ERR: Db Error: Unknown column 'goods_id' in 'where clause'
SELECT COUNT(*) AS nc_count FROM `shopwwi_goods_common` WHERE ( gc_id_3 = '480' ) AND ( goods_id IN ('100107','100109') ) LIMIT 1  
[2016-01-25 14:57:54] /shop/cate-1000-0-0-0-0-0-1-0-0.html ( act=search&op=index ) 
ERR: Db Error: Unknown column 'have_gift' in 'where clause'
SELECT COUNT(*) AS nc_count FROM `shopwwi_goods_common` WHERE ( gc_id_3 = '1000' ) AND ( have_gift = '1' ) LIMIT 1  
[2016-01-25 15:14:53] /shop/cate-526-0-7-0-0-0-0-0-0.html ( act=search&op=index ) 
ERR: Db Error: Unknown column 'goods_id' in 'where clause'
SELECT COUNT(*) AS nc_count FROM `shopwwi_goods_common` WHERE ( gc_id_3 = '526' ) AND ( goods_id IN('') ) LIMIT 1  
[2016-01-25 16:04:53] /shop/cate-274-0-0-0-0-0-1-0-0.html ( act=search&op=index ) 
ERR: Db Error: Unknown column 'have_gift' in 'where clause'
SELECT COUNT(*) AS nc_count FROM `shopwwi_goods_common` WHERE ( gc_id_3 = '274' ) AND ( have_gift = '1' ) LIMIT 1  
[2016-01-25 16:36:54] /shop/cate-526-0-6-0-0-0-0-0-0.html ( act=search&op=index ) 
ERR: Db Error: Unknown column 'goods_id' in 'where clause'
SELECT COUNT(*) AS nc_count FROM `shopwwi_goods_common` WHERE ( gc_id_3 = '526' ) AND ( goods_id IN('') ) LIMIT 1  
[2016-01-25 16:49:38] /shop/cate-526-0-14-0-0-0-0-0-0.html ( act=search&op=index ) 
ERR: Db Error: Unknown column 'goods_id' in 'where clause'
SELECT COUNT(*) AS nc_count FROM `shopwwi_goods_common` WHERE ( gc_id_3 = '526' ) AND ( goods_id IN ('100111','100112','100114','100121','100122','100128','100142') ) LIMIT 1  
[2016-01-25 17:01:21] /shop/cate-526-0-11-0-0-0-0-0-0.html ( act=search&op=index ) 
ERR: Db Error: Unknown column 'goods_id' in 'where clause'
SELECT COUNT(*) AS nc_count FROM `shopwwi_goods_common` WHERE ( gc_id_3 = '526' ) AND ( goods_id IN ('100097') ) LIMIT 1  
[2016-01-25 17:05:01] /shop/cate-494-0-7-0-0-0-0-0-0.html ( act=search&op=index ) 
ERR: Db Error: Unknown column 'goods_id' in 'where clause'
SELECT COUNT(*) AS nc_count FROM `shopwwi_goods_common` WHERE ( gc_id_3 = '494' ) AND ( goods_id IN('') ) LIMIT 1  
[2016-01-25 17:11:38] /shop/cate-526-0-21-0-0-0-0-0-0.html ( act=search&op=index ) 
ERR: Db Error: Unknown column 'goods_id' in 'where clause'
SELECT COUNT(*) AS nc_count FROM `shopwwi_goods_common` WHERE ( gc_id_3 = '526' ) AND ( goods_id IN ('100095','100100','100102','100106','100127','100134','100137','100138','100141','100142','100145','100146') ) LIMIT 1  
[2016-01-25 17:47:23] /admin/modules/system/index.php?act=store&op=get_distribution_xml ( act=store&op=get_distribution_xml ) 
ERR: Db Error: Table 'shopwwi.shopwwi_store_distribution' doesn't exist
SELECT COUNT(*) AS nc_count FROM `shopwwi_store_distribution` ORDER BY distri_id desc LIMIT 1  
[2016-01-25 17:47:23] /admin/modules/system/index.php?act=store&op=get_distribution_xml ( act=store&op=get_distribution_xml ) 
ERR: Db Error: Table 'shopwwi.shopwwi_store_distribution' doesn't exist
SELECT * FROM `shopwwi_store_distribution` ORDER BY distri_id desc LIMIT 0,15  
[2016-01-25 22:41:39] /shop/index.php?act=store_list&op=index ( act=store_list&op=index ) 
ERR: Db Error: Table 'shopwwi.shopwwi_order' doesn't exist
SELECT store_id,count(*) as order_count FROM `shopwwi_order` WHERE ( store_id IN ('1','2','3') ) AND ( add_time > '1445956898' ) GROUP BY store_id LIMIT 1000  
[2016-01-25 22:45:43] /shop/index.php?act=store_list&op=index ( act=store_list&op=index ) 
ERR: Db Error: Table 'shopwwi.shopwwi_order' doesn't exist
SELECT store_id,count(*) as order_count FROM `shopwwi_order` WHERE ( store_id IN ('1','2','3') ) AND ( add_time > '1445957143' ) GROUP BY store_id LIMIT 1000  
[2016-01-25 22:56:51] /circle/ ( act=index&op=index ) 
ERR: Db Error: Unknown table 'shopwwi.circle'
SELECT circle.*, is_hot*rand() as rand FROM `shopwwi_circle` WHERE ( circle_status = '1' ) AND ( is_hot = '1' ) ORDER BY rand desc LIMIT 3  
[2016-01-25 22:56:51] /circle/ ( act=index&op=index ) 
ERR: Db Error: Unknown table 'shopwwi.circle'
SELECT circle.*, is_recommend*rand() as rand FROM `shopwwi_circle` WHERE ( circle_status = '1' ) AND ( is_recommend = '1' ) ORDER BY rand desc LIMIT 20  
[2016-01-25 22:56:51] /circle/ ( act=index&op=index ) 
ERR: Db Error: Unknown table 'shopwwi.circle_theme'
SELECT circle_theme.*, is_recommend*rand() as rand FROM `shopwwi_circle_theme` WHERE ( has_affix = '1' ) AND ( is_closed = '0' ) AND ( is_recommend = '1' ) ORDER BY rand desc LIMIT 8  
[2016-01-25 22:56:51] /circle/ ( act=index&op=index ) 
ERR: Db Error: Unknown table 'shopwwi.circle_member'
SELECT circle_member.*, is_recommend*rand() as rand FROM `shopwwi_circle_member` WHERE ( is_recommend = '1' ) ORDER BY rand desc LIMIT 5  
[2016-01-25 23:18:44] /shop/cate-496-0-16_1-0-0-0-0-0-0.html ( act=search&op=index ) 
ERR: Db Error: Unknown column 'goods_id' in 'where clause'
SELECT COUNT(*) AS nc_count FROM `shopwwi_goods_common` WHERE ( gc_id_3 = '496' ) AND ( goods_id IN('') ) LIMIT 1  
[2016-01-25 23:38:56] /circle/ ( act=index&op=index ) 
ERR: Db Error: Unknown table 'shopwwi.circle'
SELECT circle.*, is_hot*rand() as rand FROM `shopwwi_circle` WHERE ( circle_status = '1' ) AND ( is_hot = '1' ) ORDER BY rand desc LIMIT 3  
[2016-01-25 23:38:56] /circle/ ( act=index&op=index ) 
ERR: Db Error: Unknown table 'shopwwi.circle'
SELECT circle.*, is_recommend*rand() as rand FROM `shopwwi_circle` WHERE ( circle_status = '1' ) AND ( is_recommend = '1' ) ORDER BY rand desc LIMIT 20  
[2016-01-25 23:38:56] /circle/ ( act=index&op=index ) 
ERR: Db Error: Unknown table 'shopwwi.circle_theme'
SELECT circle_theme.*, is_recommend*rand() as rand FROM `shopwwi_circle_theme` WHERE ( has_affix = '1' ) AND ( is_closed = '0' ) AND ( is_recommend = '1' ) ORDER BY rand desc LIMIT 8  
[2016-01-25 23:38:56] /circle/ ( act=index&op=index ) 
ERR: Db Error: Unknown table 'shopwwi.circle_member'
SELECT circle_member.*, is_recommend*rand() as rand FROM `shopwwi_circle_member` WHERE ( is_recommend = '1' ) ORDER BY rand desc LIMIT 5  
[2016-01-25 23:47:57] /circle/ ( act=index&op=index ) 
ERR: Db Error: Unknown table 'shopwwi.circle'
SELECT circle.*, is_hot*rand() as rand FROM `shopwwi_circle` WHERE ( circle_status = '1' ) AND ( is_hot = '1' ) ORDER BY rand desc LIMIT 3  
[2016-01-25 23:47:57] /circle/ ( act=index&op=index ) 
ERR: Db Error: Unknown table 'shopwwi.circle'
SELECT circle.*, is_recommend*rand() as rand FROM `shopwwi_circle` WHERE ( circle_status = '1' ) AND ( is_recommend = '1' ) ORDER BY rand desc LIMIT 20  
[2016-01-25 23:47:57] /circle/ ( act=index&op=index ) 
ERR: Db Error: Unknown table 'shopwwi.circle_theme'
SELECT circle_theme.*, is_recommend*rand() as rand FROM `shopwwi_circle_theme` WHERE ( has_affix = '1' ) AND ( is_closed = '0' ) AND ( is_recommend = '1' ) ORDER BY rand desc LIMIT 8  
[2016-01-25 23:47:57] /circle/ ( act=index&op=index ) 
ERR: Db Error: Unknown table 'shopwwi.circle_member'
SELECT circle_member.*, is_recommend*rand() as rand FROM `shopwwi_circle_member` WHERE ( is_recommend = '1' ) ORDER BY rand desc LIMIT 5  
[2016-01-25 23:48:39] /circle/ ( act=index&op=index ) 
ERR: Db Error: Unknown table 'shopwwi.circle'
SELECT circle.*, is_hot*rand() as rand FROM `shopwwi_circle` WHERE ( circle_status = '1' ) AND ( is_hot = '1' ) ORDER BY rand desc LIMIT 3  
[2016-01-25 23:48:39] /circle/ ( act=index&op=index ) 
ERR: Db Error: Unknown table 'shopwwi.circle'
SELECT circle.*, is_recommend*rand() as rand FROM `shopwwi_circle` WHERE ( circle_status = '1' ) AND ( is_recommend = '1' ) ORDER BY rand desc LIMIT 20  
[2016-01-25 23:48:39] /circle/ ( act=index&op=index ) 
ERR: Db Error: Unknown table 'shopwwi.circle_theme'
SELECT circle_theme.*, is_recommend*rand() as rand FROM `shopwwi_circle_theme` WHERE ( has_affix = '1' ) AND ( is_closed = '0' ) AND ( is_recommend = '1' ) ORDER BY rand desc LIMIT 8  
[2016-01-25 23:48:39] /circle/ ( act=index&op=index ) 
ERR: Db Error: Unknown table 'shopwwi.circle_member'
SELECT circle_member.*, is_recommend*rand() as rand FROM `shopwwi_circle_member` WHERE ( is_recommend = '1' ) ORDER BY rand desc LIMIT 5  
