[2016-01-29 00:07:47] /shop/cate-526-0-4_10-0-0-0-0-0-0.html ( act=search&op=index ) 
ERR: Db Error: Unknown column 'goods_id' in 'where clause'
SELECT COUNT(*) AS nc_count FROM `shopwwi_goods_common` WHERE ( gc_id_3 = '526' ) AND ( goods_id IN ('100130') ) LIMIT 1  
[2016-01-29 01:28:53] /shop/cate-480-132-9-0-0-0-0-0-0.html ( act=search&op=index ) 
ERR: Db Error: Unknown column 'goods_id' in 'where clause'
SELECT COUNT(*) AS nc_count FROM `shopwwi_goods_common` WHERE ( gc_id_3 = '480' ) AND ( brand_id = '132' ) AND ( goods_id IN ('100095','100096','100103','100104','100106','100107','100108','100112','100113','100114','100118','100120','100121','100122','100123','100127','100131','100133','100134','100136','100137','100139','100141','100145','100146') ) LIMIT 1  
[2016-01-29 01:41:44] /shop/cate-494-0-8-0-0-0-0-0-0.html ( act=search&op=index ) 
ERR: Db Error: Unknown column 'goods_id' in 'where clause'
SELECT COUNT(*) AS nc_count FROM `shopwwi_goods_common` WHERE ( gc_id_3 = '494' ) AND ( goods_id IN ('100093','100094','100097','100098','100099','100100','100101','100102','100105','100109','100110','100111','100115','100116','100117','100119','100124','100126','100128','100129','100132','100135','100140','100142') ) LIMIT 1  
[2016-01-29 02:49:00] /shop/cate-480-123-9-0-0-0-0-0-0.html ( act=search&op=index ) 
ERR: Db Error: Unknown column 'goods_id' in 'where clause'
SELECT COUNT(*) AS nc_count FROM `shopwwi_goods_common` WHERE ( gc_id_3 = '480' ) AND ( brand_id = '123' ) AND ( goods_id IN ('100095','100096','100103','100104','100106','100107','100108','100112','100113','100114','100118','100120','100121','100122','100123','100127','100131','100133','100134','100136','100137','100139','100141','100145','100146') ) LIMIT 1  
[2016-01-29 03:10:10] /shop/cate-480-123-9-0-0-0-0-32-0.html ( act=search&op=index ) 
ERR: Db Error: Unknown column 'goods_id' in 'where clause'
SELECT COUNT(*) AS nc_count FROM `shopwwi_goods_common` WHERE ( gc_id_3 = '480' ) AND ( brand_id = '123' ) AND ( areaid_1 = '32' ) AND ( goods_id IN ('100095','100096','100103','100104','100106','100107','100108','100112','100113','100114','100118','100120','100121','100122','100123','100127','100131','100133','100134','100136','100137','100139','100141','100145','100146') ) LIMIT 1  
[2016-01-29 03:20:46] /shop/cate-480-123-9-3-2-0-0-0-0.html ( act=search&op=index ) 
ERR: Db Error: Unknown column 'goods_id' in 'where clause'
SELECT COUNT(*) AS nc_count FROM `shopwwi_goods_common` WHERE ( gc_id_3 = '480' ) AND ( brand_id = '123' ) AND ( goods_id IN ('100095','100096','100103','100104','100106','100107','100108','100112','100113','100114','100118','100120','100121','100122','100123','100127','100131','100133','100134','100136','100137','100139','100141','100145','100146') ) LIMIT 1  
[2016-01-29 03:31:21] /shop/cate-480-123-9-0-0-0-0-18-0.html ( act=search&op=index ) 
ERR: Db Error: Unknown column 'goods_id' in 'where clause'
SELECT COUNT(*) AS nc_count FROM `shopwwi_goods_common` WHERE ( gc_id_3 = '480' ) AND ( brand_id = '123' ) AND ( areaid_1 = '18' ) AND ( goods_id IN ('100095','100096','100103','100104','100106','100107','100108','100112','100113','100114','100118','100120','100121','100122','100123','100127','100131','100133','100134','100136','100137','100139','100141','100145','100146') ) LIMIT 1  
[2016-01-29 03:41:56] /shop/cate-480-123-9-0-0-0-0-30-0.html ( act=search&op=index ) 
ERR: Db Error: Unknown column 'goods_id' in 'where clause'
SELECT COUNT(*) AS nc_count FROM `shopwwi_goods_common` WHERE ( gc_id_3 = '480' ) AND ( brand_id = '123' ) AND ( areaid_1 = '30' ) AND ( goods_id IN ('100095','100096','100103','100104','100106','100107','100108','100112','100113','100114','100118','100120','100121','100122','100123','100127','100131','100133','100134','100136','100137','100139','100141','100145','100146') ) LIMIT 1  
[2016-01-29 03:52:32] /shop/cate-480-123-9_18-0-0-0-0-0-0.html ( act=search&op=index ) 
ERR: Db Error: Unknown column 'goods_id' in 'where clause'
SELECT COUNT(*) AS nc_count FROM `shopwwi_goods_common` WHERE ( gc_id_3 = '480' ) AND ( brand_id = '123' ) AND ( goods_id IN('') ) LIMIT 1  
[2016-01-29 04:03:06] /shop/cate-480-123-9-0-0-0-0-6-0.html ( act=search&op=index ) 
ERR: Db Error: Unknown column 'goods_id' in 'where clause'
SELECT COUNT(*) AS nc_count FROM `shopwwi_goods_common` WHERE ( gc_id_3 = '480' ) AND ( brand_id = '123' ) AND ( areaid_1 = '6' ) AND ( goods_id IN ('100095','100096','100103','100104','100106','100107','100108','100112','100113','100114','100118','100120','100121','100122','100123','100127','100131','100133','100134','100136','100137','100139','100141','100145','100146') ) LIMIT 1  
[2016-01-29 04:24:17] /shop/cate-480-123-9-0-0-0-0-10-0.html ( act=search&op=index ) 
ERR: Db Error: Unknown column 'goods_id' in 'where clause'
SELECT COUNT(*) AS nc_count FROM `shopwwi_goods_common` WHERE ( gc_id_3 = '480' ) AND ( brand_id = '123' ) AND ( areaid_1 = '10' ) AND ( goods_id IN ('100095','100096','100103','100104','100106','100107','100108','100112','100113','100114','100118','100120','100121','100122','100123','100127','100131','100133','100134','100136','100137','100139','100141','100145','100146') ) LIMIT 1  
[2016-01-29 04:34:53] /shop/cate-480-123-9-0-0-0-0-7-0.html ( act=search&op=index ) 
ERR: Db Error: Unknown column 'goods_id' in 'where clause'
SELECT COUNT(*) AS nc_count FROM `shopwwi_goods_common` WHERE ( gc_id_3 = '480' ) AND ( brand_id = '123' ) AND ( areaid_1 = '7' ) AND ( goods_id IN ('100095','100096','100103','100104','100106','100107','100108','100112','100113','100114','100118','100120','100121','100122','100123','100127','100131','100133','100134','100136','100137','100139','100141','100145','100146') ) LIMIT 1  
[2016-01-29 04:45:28] /shop/cate-480-123-9-0-0-0-0-21-0.html ( act=search&op=index ) 
ERR: Db Error: Unknown column 'goods_id' in 'where clause'
SELECT COUNT(*) AS nc_count FROM `shopwwi_goods_common` WHERE ( gc_id_3 = '480' ) AND ( brand_id = '123' ) AND ( areaid_1 = '21' ) AND ( goods_id IN ('100095','100096','100103','100104','100106','100107','100108','100112','100113','100114','100118','100120','100121','100122','100123','100127','100131','100133','100134','100136','100137','100139','100141','100145','100146') ) LIMIT 1  
[2016-01-29 04:58:19] /shop/cate-480-123-9-1-2-0-0-0-0.html ( act=search&op=index ) 
ERR: Db Error: Unknown column 'goods_id' in 'where clause'
SELECT COUNT(*) AS nc_count FROM `shopwwi_goods_common` WHERE ( gc_id_3 = '480' ) AND ( brand_id = '123' ) AND ( goods_id IN ('100095','100096','100103','100104','100106','100107','100108','100112','100113','100114','100118','100120','100121','100122','100123','100127','100131','100133','100134','100136','100137','100139','100141','100145','100146') ) LIMIT 1  
[2016-01-29 05:11:11] /shop/cate-480-123-9-0-0-0-0-28-0.html ( act=search&op=index ) 
ERR: Db Error: Unknown column 'goods_id' in 'where clause'
SELECT COUNT(*) AS nc_count FROM `shopwwi_goods_common` WHERE ( gc_id_3 = '480' ) AND ( brand_id = '123' ) AND ( areaid_1 = '28' ) AND ( goods_id IN ('100095','100096','100103','100104','100106','100107','100108','100112','100113','100114','100118','100120','100121','100122','100123','100127','100131','100133','100134','100136','100137','100139','100141','100145','100146') ) LIMIT 1  
[2016-01-29 05:24:02] /shop/cate-480-123-9_12-0-0-0-0-0-0.html ( act=search&op=index ) 
ERR: Db Error: Unknown column 'goods_id' in 'where clause'
SELECT COUNT(*) AS nc_count FROM `shopwwi_goods_common` WHERE ( gc_id_3 = '480' ) AND ( brand_id = '123' ) AND ( goods_id IN ('100103','100131','100134','100145','100146') ) LIMIT 1  
[2016-01-29 05:36:54] /shop/cate-480-123-9-0-0-0-0-26-0.html ( act=search&op=index ) 
ERR: Db Error: Unknown column 'goods_id' in 'where clause'
SELECT COUNT(*) AS nc_count FROM `shopwwi_goods_common` WHERE ( gc_id_3 = '480' ) AND ( brand_id = '123' ) AND ( areaid_1 = '26' ) AND ( goods_id IN ('100095','100096','100103','100104','100106','100107','100108','100112','100113','100114','100118','100120','100121','100122','100123','100127','100131','100133','100134','100136','100137','100139','100141','100145','100146') ) LIMIT 1  
[2016-01-29 05:49:45] /shop/cate-480-123-9-0-0-0-0-12-0.html ( act=search&op=index ) 
ERR: Db Error: Unknown column 'goods_id' in 'where clause'
SELECT COUNT(*) AS nc_count FROM `shopwwi_goods_common` WHERE ( gc_id_3 = '480' ) AND ( brand_id = '123' ) AND ( areaid_1 = '12' ) AND ( goods_id IN ('100095','100096','100103','100104','100106','100107','100108','100112','100113','100114','100118','100120','100121','100122','100123','100127','100131','100133','100134','100136','100137','100139','100141','100145','100146') ) LIMIT 1  
[2016-01-29 06:02:36] /shop/cate-480-123-9_1-0-0-0-0-0-0.html ( act=search&op=index ) 
ERR: Db Error: Unknown column 'goods_id' in 'where clause'
SELECT COUNT(*) AS nc_count FROM `shopwwi_goods_common` WHERE ( gc_id_3 = '480' ) AND ( brand_id = '123' ) AND ( goods_id IN('') ) LIMIT 1  
[2016-01-29 06:15:28] /shop/cate-480-123-9-0-0-0-0-16-0.html ( act=search&op=index ) 
ERR: Db Error: Unknown column 'goods_id' in 'where clause'
SELECT COUNT(*) AS nc_count FROM `shopwwi_goods_common` WHERE ( gc_id_3 = '480' ) AND ( brand_id = '123' ) AND ( areaid_1 = '16' ) AND ( goods_id IN ('100095','100096','100103','100104','100106','100107','100108','100112','100113','100114','100118','100120','100121','100122','100123','100127','100131','100133','100134','100136','100137','100139','100141','100145','100146') ) LIMIT 1  
[2016-01-29 06:28:19] /shop/cate-480-123-9_14-0-0-0-0-0-0.html ( act=search&op=index ) 
ERR: Db Error: Unknown column 'goods_id' in 'where clause'
SELECT COUNT(*) AS nc_count FROM `shopwwi_goods_common` WHERE ( gc_id_3 = '480' ) AND ( brand_id = '123' ) AND ( goods_id IN ('100112','100114','100121','100122') ) LIMIT 1  
[2016-01-29 06:41:10] /shop/cate-480-123-9-0-0-1-0-0-0.html ( act=search&op=index ) 
ERR: Db Error: Unknown column 'goods_id' in 'where clause'
SELECT COUNT(*) AS nc_count FROM `shopwwi_goods_common` WHERE ( gc_id_3 = '480' ) AND ( brand_id = '123' ) AND ( is_own_shop = '1' ) AND ( goods_id IN ('100095','100096','100103','100104','100106','100107','100108','100112','100113','100114','100118','100120','100121','100122','100123','100127','100131','100133','100134','100136','100137','100139','100141','100145','100146') ) LIMIT 1  
[2016-01-29 06:42:37] /shop/cate-480-123-9-2-2-0-0-0-0.html ( act=search&op=index ) 
ERR: Db Error: Unknown column 'goods_id' in 'where clause'
SELECT COUNT(*) AS nc_count FROM `shopwwi_goods_common` WHERE ( gc_id_3 = '480' ) AND ( brand_id = '123' ) AND ( goods_id IN ('100095','100096','100103','100104','100106','100107','100108','100112','100113','100114','100118','100120','100121','100122','100123','100127','100131','100133','100134','100136','100137','100139','100141','100145','100146') ) LIMIT 1  
[2016-01-29 06:44:03] /shop/cate-480-123-9_15-0-0-0-0-0-0.html ( act=search&op=index ) 
ERR: Db Error: Unknown column 'goods_id' in 'where clause'
SELECT COUNT(*) AS nc_count FROM `shopwwi_goods_common` WHERE ( gc_id_3 = '480' ) AND ( brand_id = '123' ) AND ( goods_id IN ('100107') ) LIMIT 1  
[2016-01-29 06:45:29] /shop/cate-480-123-9_13-0-0-0-0-0-0.html ( act=search&op=index ) 
ERR: Db Error: Unknown column 'goods_id' in 'where clause'
SELECT COUNT(*) AS nc_count FROM `shopwwi_goods_common` WHERE ( gc_id_3 = '480' ) AND ( brand_id = '123' ) AND ( goods_id IN ('100095','100096','100104','100106','100108','100113','100118','100120','100123','100127','100133','100136','100137','100139','100141') ) LIMIT 1  
[2016-01-29 06:46:55] /shop/cate-480-123-9_2-0-0-0-0-0-0.html ( act=search&op=index ) 
ERR: Db Error: Unknown column 'goods_id' in 'where clause'
SELECT COUNT(*) AS nc_count FROM `shopwwi_goods_common` WHERE ( gc_id_3 = '480' ) AND ( brand_id = '123' ) AND ( goods_id IN ('100095','100103','100106','100108','100136','100145','100146') ) LIMIT 1  
[2016-01-29 06:48:22] /shop/cate-480-123-9-0-0-0-0-27-0.html ( act=search&op=index ) 
ERR: Db Error: Unknown column 'goods_id' in 'where clause'
SELECT COUNT(*) AS nc_count FROM `shopwwi_goods_common` WHERE ( gc_id_3 = '480' ) AND ( brand_id = '123' ) AND ( areaid_1 = '27' ) AND ( goods_id IN ('100095','100096','100103','100104','100106','100107','100108','100112','100113','100114','100118','100120','100121','100122','100123','100127','100131','100133','100134','100136','100137','100139','100141','100145','100146') ) LIMIT 1  
[2016-01-29 06:49:48] /shop/cate-480-123-9-0-0-0-0-29-0.html ( act=search&op=index ) 
ERR: Db Error: Unknown column 'goods_id' in 'where clause'
SELECT COUNT(*) AS nc_count FROM `shopwwi_goods_common` WHERE ( gc_id_3 = '480' ) AND ( brand_id = '123' ) AND ( areaid_1 = '29' ) AND ( goods_id IN ('100095','100096','100103','100104','100106','100107','100108','100112','100113','100114','100118','100120','100121','100122','100123','100127','100131','100133','100134','100136','100137','100139','100141','100145','100146') ) LIMIT 1  
[2016-01-29 06:51:14] /shop/cate-480-123-9-0-0-0-0-14-0.html ( act=search&op=index ) 
ERR: Db Error: Unknown column 'goods_id' in 'where clause'
SELECT COUNT(*) AS nc_count FROM `shopwwi_goods_common` WHERE ( gc_id_3 = '480' ) AND ( brand_id = '123' ) AND ( areaid_1 = '14' ) AND ( goods_id IN ('100095','100096','100103','100104','100106','100107','100108','100112','100113','100114','100118','100120','100121','100122','100123','100127','100131','100133','100134','100136','100137','100139','100141','100145','100146') ) LIMIT 1  
[2016-01-29 06:52:40] /shop/cate-480-123-9_20-0-0-0-0-0-0.html ( act=search&op=index ) 
ERR: Db Error: Unknown column 'goods_id' in 'where clause'
SELECT COUNT(*) AS nc_count FROM `shopwwi_goods_common` WHERE ( gc_id_3 = '480' ) AND ( brand_id = '123' ) AND ( goods_id IN('') ) LIMIT 1  
[2016-01-29 06:54:07] /shop/cate-480-123-9-0-0-0-0-15-0.html ( act=search&op=index ) 
ERR: Db Error: Unknown column 'goods_id' in 'where clause'
SELECT COUNT(*) AS nc_count FROM `shopwwi_goods_common` WHERE ( gc_id_3 = '480' ) AND ( brand_id = '123' ) AND ( areaid_1 = '15' ) AND ( goods_id IN ('100095','100096','100103','100104','100106','100107','100108','100112','100113','100114','100118','100120','100121','100122','100123','100127','100131','100133','100134','100136','100137','100139','100141','100145','100146') ) LIMIT 1  
[2016-01-29 06:55:33] /shop/cate-480-123-9_11-0-0-0-0-0-0.html ( act=search&op=index ) 
ERR: Db Error: Unknown column 'goods_id' in 'where clause'
SELECT COUNT(*) AS nc_count FROM `shopwwi_goods_common` WHERE ( gc_id_3 = '480' ) AND ( brand_id = '123' ) AND ( goods_id IN('') ) LIMIT 1  
[2016-01-29 06:56:59] /shop/cate-480-123-9-0-0-0-0-13-0.html ( act=search&op=index ) 
ERR: Db Error: Unknown column 'goods_id' in 'where clause'
SELECT COUNT(*) AS nc_count FROM `shopwwi_goods_common` WHERE ( gc_id_3 = '480' ) AND ( brand_id = '123' ) AND ( areaid_1 = '13' ) AND ( goods_id IN ('100095','100096','100103','100104','100106','100107','100108','100112','100113','100114','100118','100120','100121','100122','100123','100127','100131','100133','100134','100136','100137','100139','100141','100145','100146') ) LIMIT 1  
[2016-01-29 06:58:25] /shop/cate-480-123-9-0-0-0-0-11-0.html ( act=search&op=index ) 
ERR: Db Error: Unknown column 'goods_id' in 'where clause'
SELECT COUNT(*) AS nc_count FROM `shopwwi_goods_common` WHERE ( gc_id_3 = '480' ) AND ( brand_id = '123' ) AND ( areaid_1 = '11' ) AND ( goods_id IN ('100095','100096','100103','100104','100106','100107','100108','100112','100113','100114','100118','100120','100121','100122','100123','100127','100131','100133','100134','100136','100137','100139','100141','100145','100146') ) LIMIT 1  
[2016-01-29 06:59:53] /shop/cate-480-123-9_4-0-0-0-0-0-0.html ( act=search&op=index ) 
ERR: Db Error: Unknown column 'goods_id' in 'where clause'
SELECT COUNT(*) AS nc_count FROM `shopwwi_goods_common` WHERE ( gc_id_3 = '480' ) AND ( brand_id = '123' ) AND ( goods_id IN ('100096','100107','100121','100122','100127','100131','100134','100141') ) LIMIT 1  
[2016-01-29 07:01:18] /shop/cate-480-123-9-0-0-0-0-24-0.html ( act=search&op=index ) 
ERR: Db Error: Unknown column 'goods_id' in 'where clause'
SELECT COUNT(*) AS nc_count FROM `shopwwi_goods_common` WHERE ( gc_id_3 = '480' ) AND ( brand_id = '123' ) AND ( areaid_1 = '24' ) AND ( goods_id IN ('100095','100096','100103','100104','100106','100107','100108','100112','100113','100114','100118','100120','100121','100122','100123','100127','100131','100133','100134','100136','100137','100139','100141','100145','100146') ) LIMIT 1  
[2016-01-29 07:02:44] /shop/cate-480-123-9-0-0-0-0-34-0.html ( act=search&op=index ) 
ERR: Db Error: Unknown column 'goods_id' in 'where clause'
SELECT COUNT(*) AS nc_count FROM `shopwwi_goods_common` WHERE ( gc_id_3 = '480' ) AND ( brand_id = '123' ) AND ( areaid_1 = '34' ) AND ( goods_id IN ('100095','100096','100103','100104','100106','100107','100108','100112','100113','100114','100118','100120','100121','100122','100123','100127','100131','100133','100134','100136','100137','100139','100141','100145','100146') ) LIMIT 1  
[2016-01-29 07:04:10] /shop/cate-480-123-9-0-0-0-0-31-0.html ( act=search&op=index ) 
ERR: Db Error: Unknown column 'goods_id' in 'where clause'
SELECT COUNT(*) AS nc_count FROM `shopwwi_goods_common` WHERE ( gc_id_3 = '480' ) AND ( brand_id = '123' ) AND ( areaid_1 = '31' ) AND ( goods_id IN ('100095','100096','100103','100104','100106','100107','100108','100112','100113','100114','100118','100120','100121','100122','100123','100127','100131','100133','100134','100136','100137','100139','100141','100145','100146') ) LIMIT 1  
[2016-01-29 07:05:36] /shop/cate-480-123-9_19-0-0-0-0-0-0.html ( act=search&op=index ) 
ERR: Db Error: Unknown column 'goods_id' in 'where clause'
SELECT COUNT(*) AS nc_count FROM `shopwwi_goods_common` WHERE ( gc_id_3 = '480' ) AND ( brand_id = '123' ) AND ( goods_id IN('') ) LIMIT 1  
[2016-01-29 07:07:03] /shop/cate-480-123-9-0-0-0-0-33-0.html ( act=search&op=index ) 
ERR: Db Error: Unknown column 'goods_id' in 'where clause'
SELECT COUNT(*) AS nc_count FROM `shopwwi_goods_common` WHERE ( gc_id_3 = '480' ) AND ( brand_id = '123' ) AND ( areaid_1 = '33' ) AND ( goods_id IN ('100095','100096','100103','100104','100106','100107','100108','100112','100113','100114','100118','100120','100121','100122','100123','100127','100131','100133','100134','100136','100137','100139','100141','100145','100146') ) LIMIT 1  
[2016-01-29 07:14:14] /shop/cate-480-123-9-0-0-0-0-3-0.html ( act=search&op=index ) 
ERR: Db Error: Unknown column 'goods_id' in 'where clause'
SELECT COUNT(*) AS nc_count FROM `shopwwi_goods_common` WHERE ( gc_id_3 = '480' ) AND ( brand_id = '123' ) AND ( areaid_1 = '3' ) AND ( goods_id IN ('100095','100096','100103','100104','100106','100107','100108','100112','100113','100114','100118','100120','100121','100122','100123','100127','100131','100133','100134','100136','100137','100139','100141','100145','100146') ) LIMIT 1  
[2016-01-29 07:33:30] /shop/cate-480-123-9_22-0-0-0-0-0-0.html ( act=search&op=index ) 
ERR: Db Error: Unknown column 'goods_id' in 'where clause'
SELECT COUNT(*) AS nc_count FROM `shopwwi_goods_common` WHERE ( gc_id_3 = '480' ) AND ( brand_id = '123' ) AND ( goods_id IN ('100103','100107','100108','100112','100113','100114','100120','100122','100123','100131','100133','100136','100139') ) LIMIT 1  
[2016-01-29 07:34:57] /shop/cate-480-123-9-0-0-0-0-5-0.html ( act=search&op=index ) 
ERR: Db Error: Unknown column 'goods_id' in 'where clause'
SELECT COUNT(*) AS nc_count FROM `shopwwi_goods_common` WHERE ( gc_id_3 = '480' ) AND ( brand_id = '123' ) AND ( areaid_1 = '5' ) AND ( goods_id IN ('100095','100096','100103','100104','100106','100107','100108','100112','100113','100114','100118','100120','100121','100122','100123','100127','100131','100133','100134','100136','100137','100139','100141','100145','100146') ) LIMIT 1  
[2016-01-29 07:36:23] /shop/cate-480-123-9-0-0-0-1-0-0.html ( act=search&op=index ) 
ERR: Db Error: Unknown column 'have_gift' in 'where clause'
SELECT COUNT(*) AS nc_count FROM `shopwwi_goods_common` WHERE ( gc_id_3 = '480' ) AND ( brand_id = '123' ) AND ( have_gift = '1' ) AND ( goods_id IN ('100095','100096','100103','100104','100106','100107','100108','100112','100113','100114','100118','100120','100121','100122','100123','100127','100131','100133','100134','100136','100137','100139','100141','100145','100146') ) LIMIT 1  
[2016-01-29 07:37:49] /shop/cate-480-123-9_23-0-0-0-0-0-0.html ( act=search&op=index ) 
ERR: Db Error: Unknown column 'goods_id' in 'where clause'
SELECT COUNT(*) AS nc_count FROM `shopwwi_goods_common` WHERE ( gc_id_3 = '480' ) AND ( brand_id = '123' ) AND ( goods_id IN ('100096','100104','100118','100121') ) LIMIT 1  
[2016-01-29 07:39:15] /shop/cate-480-123-9_21-0-0-0-0-0-0.html ( act=search&op=index ) 
ERR: Db Error: Unknown column 'goods_id' in 'where clause'
SELECT COUNT(*) AS nc_count FROM `shopwwi_goods_common` WHERE ( gc_id_3 = '480' ) AND ( brand_id = '123' ) AND ( goods_id IN ('100095','100106','100127','100134','100137','100141','100145','100146') ) LIMIT 1  
[2016-01-29 07:40:42] /shop/cate-480-123-9-0-0-0-0-1-0.html ( act=search&op=index ) 
ERR: Db Error: Unknown column 'goods_id' in 'where clause'
SELECT COUNT(*) AS nc_count FROM `shopwwi_goods_common` WHERE ( gc_id_3 = '480' ) AND ( brand_id = '123' ) AND ( areaid_1 = '1' ) AND ( goods_id IN ('100095','100096','100103','100104','100106','100107','100108','100112','100113','100114','100118','100120','100121','100122','100123','100127','100131','100133','100134','100136','100137','100139','100141','100145','100146') ) LIMIT 1  
[2016-01-29 07:42:07] /shop/cate-480-123-9_16-0-0-0-0-0-0.html ( act=search&op=index ) 
ERR: Db Error: Unknown column 'goods_id' in 'where clause'
SELECT COUNT(*) AS nc_count FROM `shopwwi_goods_common` WHERE ( gc_id_3 = '480' ) AND ( brand_id = '123' ) AND ( goods_id IN('') ) LIMIT 1  
[2016-01-29 07:43:34] /shop/cate-480-123-9_5-0-0-0-0-0-0.html ( act=search&op=index ) 
ERR: Db Error: Unknown column 'goods_id' in 'where clause'
SELECT COUNT(*) AS nc_count FROM `shopwwi_goods_common` WHERE ( gc_id_3 = '480' ) AND ( brand_id = '123' ) AND ( goods_id IN ('100118','100133','100139') ) LIMIT 1  
[2016-01-29 07:45:00] /shop/cate-480-123-9_24-0-0-0-0-0-0.html ( act=search&op=index ) 
ERR: Db Error: Unknown column 'goods_id' in 'where clause'
SELECT COUNT(*) AS nc_count FROM `shopwwi_goods_common` WHERE ( gc_id_3 = '480' ) AND ( brand_id = '123' ) AND ( goods_id IN ('100095','100112','100122','100133','100134') ) LIMIT 1  
[2016-01-29 07:46:26] /shop/cate-480-123-9_3-0-0-0-0-0-0.html ( act=search&op=index ) 
ERR: Db Error: Unknown column 'goods_id' in 'where clause'
SELECT COUNT(*) AS nc_count FROM `shopwwi_goods_common` WHERE ( gc_id_3 = '480' ) AND ( brand_id = '123' ) AND ( goods_id IN ('100104','100112','100113','100114','100120','100123','100137') ) LIMIT 1  
[2016-01-29 07:47:52] /shop/cate-480-123-9-0-0-0-0-9-0.html ( act=search&op=index ) 
ERR: Db Error: Unknown column 'goods_id' in 'where clause'
SELECT COUNT(*) AS nc_count FROM `shopwwi_goods_common` WHERE ( gc_id_3 = '480' ) AND ( brand_id = '123' ) AND ( areaid_1 = '9' ) AND ( goods_id IN ('100095','100096','100103','100104','100106','100107','100108','100112','100113','100114','100118','100120','100121','100122','100123','100127','100131','100133','100134','100136','100137','100139','100141','100145','100146') ) LIMIT 1  
[2016-01-29 07:49:19] /shop/cate-480-123-9-0-0-0-0-35-0.html ( act=search&op=index ) 
ERR: Db Error: Unknown column 'goods_id' in 'where clause'
SELECT COUNT(*) AS nc_count FROM `shopwwi_goods_common` WHERE ( gc_id_3 = '480' ) AND ( brand_id = '123' ) AND ( areaid_1 = '35' ) AND ( goods_id IN ('100095','100096','100103','100104','100106','100107','100108','100112','100113','100114','100118','100120','100121','100122','100123','100127','100131','100133','100134','100136','100137','100139','100141','100145','100146') ) LIMIT 1  
[2016-01-29 07:50:45] /shop/cate-480-123-9-0-0-0-0-19-0.html ( act=search&op=index ) 
ERR: Db Error: Unknown column 'goods_id' in 'where clause'
SELECT COUNT(*) AS nc_count FROM `shopwwi_goods_common` WHERE ( gc_id_3 = '480' ) AND ( brand_id = '123' ) AND ( areaid_1 = '19' ) AND ( goods_id IN ('100095','100096','100103','100104','100106','100107','100108','100112','100113','100114','100118','100120','100121','100122','100123','100127','100131','100133','100134','100136','100137','100139','100141','100145','100146') ) LIMIT 1  
[2016-01-29 07:52:11] /shop/cate-480-123-9_17-0-0-0-0-0-0.html ( act=search&op=index ) 
ERR: Db Error: Unknown column 'goods_id' in 'where clause'
SELECT COUNT(*) AS nc_count FROM `shopwwi_goods_common` WHERE ( gc_id_3 = '480' ) AND ( brand_id = '123' ) AND ( goods_id IN('') ) LIMIT 1  
[2016-01-29 07:53:38] /shop/cate-480-123-9-0-0-0-0-22-0.html ( act=search&op=index ) 
ERR: Db Error: Unknown column 'goods_id' in 'where clause'
SELECT COUNT(*) AS nc_count FROM `shopwwi_goods_common` WHERE ( gc_id_3 = '480' ) AND ( brand_id = '123' ) AND ( areaid_1 = '22' ) AND ( goods_id IN ('100095','100096','100103','100104','100106','100107','100108','100112','100113','100114','100118','100120','100121','100122','100123','100127','100131','100133','100134','100136','100137','100139','100141','100145','100146') ) LIMIT 1  
[2016-01-29 07:55:04] /shop/cate-480-123-9_6-0-0-0-0-0-0.html ( act=search&op=index ) 
ERR: Db Error: Unknown column 'goods_id' in 'where clause'
SELECT COUNT(*) AS nc_count FROM `shopwwi_goods_common` WHERE ( gc_id_3 = '480' ) AND ( brand_id = '123' ) AND ( goods_id IN('') ) LIMIT 1  
[2016-01-29 07:56:30] /shop/cate-480-123-9-0-0-0-0-8-0.html ( act=search&op=index ) 
ERR: Db Error: Unknown column 'goods_id' in 'where clause'
SELECT COUNT(*) AS nc_count FROM `shopwwi_goods_common` WHERE ( gc_id_3 = '480' ) AND ( brand_id = '123' ) AND ( areaid_1 = '8' ) AND ( goods_id IN ('100095','100096','100103','100104','100106','100107','100108','100112','100113','100114','100118','100120','100121','100122','100123','100127','100131','100133','100134','100136','100137','100139','100141','100145','100146') ) LIMIT 1  
[2016-01-29 07:57:56] /shop/cate-480-123-9-0-0-0-0-2-0.html ( act=search&op=index ) 
ERR: Db Error: Unknown column 'goods_id' in 'where clause'
SELECT COUNT(*) AS nc_count FROM `shopwwi_goods_common` WHERE ( gc_id_3 = '480' ) AND ( brand_id = '123' ) AND ( areaid_1 = '2' ) AND ( goods_id IN ('100095','100096','100103','100104','100106','100107','100108','100112','100113','100114','100118','100120','100121','100122','100123','100127','100131','100133','100134','100136','100137','100139','100141','100145','100146') ) LIMIT 1  
[2016-01-29 07:59:23] /shop/cate-480-123-9-0-0-0-0-20-0.html ( act=search&op=index ) 
ERR: Db Error: Unknown column 'goods_id' in 'where clause'
SELECT COUNT(*) AS nc_count FROM `shopwwi_goods_common` WHERE ( gc_id_3 = '480' ) AND ( brand_id = '123' ) AND ( areaid_1 = '20' ) AND ( goods_id IN ('100095','100096','100103','100104','100106','100107','100108','100112','100113','100114','100118','100120','100121','100122','100123','100127','100131','100133','100134','100136','100137','100139','100141','100145','100146') ) LIMIT 1  
[2016-01-29 08:00:49] /shop/cate-480-123-9-0-0-0-0-17-0.html ( act=search&op=index ) 
ERR: Db Error: Unknown column 'goods_id' in 'where clause'
SELECT COUNT(*) AS nc_count FROM `shopwwi_goods_common` WHERE ( gc_id_3 = '480' ) AND ( brand_id = '123' ) AND ( areaid_1 = '17' ) AND ( goods_id IN ('100095','100096','100103','100104','100106','100107','100108','100112','100113','100114','100118','100120','100121','100122','100123','100127','100131','100133','100134','100136','100137','100139','100141','100145','100146') ) LIMIT 1  
[2016-01-29 08:02:15] /shop/cate-480-123-9_25-0-0-0-0-0-0.html ( act=search&op=index ) 
ERR: Db Error: Unknown column 'goods_id' in 'where clause'
SELECT COUNT(*) AS nc_count FROM `shopwwi_goods_common` WHERE ( gc_id_3 = '480' ) AND ( brand_id = '123' ) AND ( goods_id IN ('100096','100103','100104','100106','100107','100108','100113','100114','100118','100120','100121','100123','100127','100131','100136','100137','100139','100141','100145','100146') ) LIMIT 1  
[2016-01-29 08:03:41] /shop/cate-480-123-9-0-0-0-0-23-0.html ( act=search&op=index ) 
ERR: Db Error: Unknown column 'goods_id' in 'where clause'
SELECT COUNT(*) AS nc_count FROM `shopwwi_goods_common` WHERE ( gc_id_3 = '480' ) AND ( brand_id = '123' ) AND ( areaid_1 = '23' ) AND ( goods_id IN ('100095','100096','100103','100104','100106','100107','100108','100112','100113','100114','100118','100120','100121','100122','100123','100127','100131','100133','100134','100136','100137','100139','100141','100145','100146') ) LIMIT 1  
[2016-01-29 08:05:08] /shop/cate-480-123-9-0-0-0-0-4-0.html ( act=search&op=index ) 
ERR: Db Error: Unknown column 'goods_id' in 'where clause'
SELECT COUNT(*) AS nc_count FROM `shopwwi_goods_common` WHERE ( gc_id_3 = '480' ) AND ( brand_id = '123' ) AND ( areaid_1 = '4' ) AND ( goods_id IN ('100095','100096','100103','100104','100106','100107','100108','100112','100113','100114','100118','100120','100121','100122','100123','100127','100131','100133','100134','100136','100137','100139','100141','100145','100146') ) LIMIT 1  
[2016-01-29 08:06:34] /shop/cate-480-123-9-0-0-0-0-25-0.html ( act=search&op=index ) 
ERR: Db Error: Unknown column 'goods_id' in 'where clause'
SELECT COUNT(*) AS nc_count FROM `shopwwi_goods_common` WHERE ( gc_id_3 = '480' ) AND ( brand_id = '123' ) AND ( areaid_1 = '25' ) AND ( goods_id IN ('100095','100096','100103','100104','100106','100107','100108','100112','100113','100114','100118','100120','100121','100122','100123','100127','100131','100133','100134','100136','100137','100139','100141','100145','100146') ) LIMIT 1  
[2016-01-29 08:10:53] /shop/cate-480-124-23_24-0-0-0-0-0-0.html ( act=search&op=index ) 
ERR: Db Error: Unknown column 'goods_id' in 'where clause'
SELECT COUNT(*) AS nc_count FROM `shopwwi_goods_common` WHERE ( gc_id_3 = '480' ) AND ( brand_id = '124' ) AND ( goods_id IN('') ) LIMIT 1  
[2016-01-29 08:19:01] /circle/ ( act=index&op=index ) 
ERR: Db Error: Unknown table 'shopwwi.circle'
SELECT circle.*, is_hot*rand() as rand FROM `shopwwi_circle` WHERE ( circle_status = '1' ) AND ( is_hot = '1' ) ORDER BY rand desc LIMIT 3  
[2016-01-29 08:19:01] /circle/ ( act=index&op=index ) 
ERR: Db Error: Unknown table 'shopwwi.circle'
SELECT circle.*, is_recommend*rand() as rand FROM `shopwwi_circle` WHERE ( circle_status = '1' ) AND ( is_recommend = '1' ) ORDER BY rand desc LIMIT 20  
[2016-01-29 08:19:01] /circle/ ( act=index&op=index ) 
ERR: Db Error: Unknown table 'shopwwi.circle_theme'
SELECT circle_theme.*, is_recommend*rand() as rand FROM `shopwwi_circle_theme` WHERE ( has_affix = '1' ) AND ( is_closed = '0' ) AND ( is_recommend = '1' ) ORDER BY rand desc LIMIT 8  
[2016-01-29 08:19:01] /circle/ ( act=index&op=index ) 
ERR: Db Error: Unknown table 'shopwwi.circle_member'
SELECT circle_member.*, is_recommend*rand() as rand FROM `shopwwi_circle_member` WHERE ( is_recommend = '1' ) ORDER BY rand desc LIMIT 5  
[2016-01-29 11:26:24] /shop/cate-480-120-23_10-0-0-0-0-0-0.html ( act=search&op=index ) 
ERR: Db Error: Unknown column 'goods_id' in 'where clause'
SELECT COUNT(*) AS nc_count FROM `shopwwi_goods_common` WHERE ( gc_id_3 = '480' ) AND ( brand_id = '120' ) AND ( goods_id IN('') ) LIMIT 1  
[2016-01-29 11:31:49] /circle/ ( act=index&op=index ) 
ERR: Db Error: Unknown table 'shopwwi.circle'
SELECT circle.*, is_hot*rand() as rand FROM `shopwwi_circle` WHERE ( circle_status = '1' ) AND ( is_hot = '1' ) ORDER BY rand desc LIMIT 3  
[2016-01-29 11:31:49] /circle/ ( act=index&op=index ) 
ERR: Db Error: Unknown table 'shopwwi.circle'
SELECT circle.*, is_recommend*rand() as rand FROM `shopwwi_circle` WHERE ( circle_status = '1' ) AND ( is_recommend = '1' ) ORDER BY rand desc LIMIT 20  
[2016-01-29 11:31:49] /circle/ ( act=index&op=index ) 
ERR: Db Error: Unknown table 'shopwwi.circle_theme'
SELECT circle_theme.*, is_recommend*rand() as rand FROM `shopwwi_circle_theme` WHERE ( has_affix = '1' ) AND ( is_closed = '0' ) AND ( is_recommend = '1' ) ORDER BY rand desc LIMIT 8  
[2016-01-29 11:31:49] /circle/ ( act=index&op=index ) 
ERR: Db Error: Unknown table 'shopwwi.circle_member'
SELECT circle_member.*, is_recommend*rand() as rand FROM `shopwwi_circle_member` WHERE ( is_recommend = '1' ) ORDER BY rand desc LIMIT 5  
[2016-01-29 11:38:56] /circle/ ( act=index&op=index ) 
ERR: Db Error: Unknown table 'shopwwi.circle'
SELECT circle.*, is_hot*rand() as rand FROM `shopwwi_circle` WHERE ( circle_status = '1' ) AND ( is_hot = '1' ) ORDER BY rand desc LIMIT 3  
[2016-01-29 11:38:56] /circle/ ( act=index&op=index ) 
ERR: Db Error: Unknown table 'shopwwi.circle'
SELECT circle.*, is_recommend*rand() as rand FROM `shopwwi_circle` WHERE ( circle_status = '1' ) AND ( is_recommend = '1' ) ORDER BY rand desc LIMIT 20  
[2016-01-29 11:38:56] /circle/ ( act=index&op=index ) 
ERR: Db Error: Unknown table 'shopwwi.circle_theme'
SELECT circle_theme.*, is_recommend*rand() as rand FROM `shopwwi_circle_theme` WHERE ( has_affix = '1' ) AND ( is_closed = '0' ) AND ( is_recommend = '1' ) ORDER BY rand desc LIMIT 8  
[2016-01-29 11:38:56] /circle/ ( act=index&op=index ) 
ERR: Db Error: Unknown table 'shopwwi.circle_member'
SELECT circle_member.*, is_recommend*rand() as rand FROM `shopwwi_circle_member` WHERE ( is_recommend = '1' ) ORDER BY rand desc LIMIT 5  
[2016-01-29 12:14:02] /circle/ ( act=index&op=index ) 
ERR: Db Error: Unknown table 'shopwwi.circle'
SELECT circle.*, is_hot*rand() as rand FROM `shopwwi_circle` WHERE ( circle_status = '1' ) AND ( is_hot = '1' ) ORDER BY rand desc LIMIT 3  
[2016-01-29 12:14:02] /circle/ ( act=index&op=index ) 
ERR: Db Error: Unknown table 'shopwwi.circle'
SELECT circle.*, is_recommend*rand() as rand FROM `shopwwi_circle` WHERE ( circle_status = '1' ) AND ( is_recommend = '1' ) ORDER BY rand desc LIMIT 20  
[2016-01-29 12:14:02] /circle/ ( act=index&op=index ) 
ERR: Db Error: Unknown table 'shopwwi.circle_theme'
SELECT circle_theme.*, is_recommend*rand() as rand FROM `shopwwi_circle_theme` WHERE ( has_affix = '1' ) AND ( is_closed = '0' ) AND ( is_recommend = '1' ) ORDER BY rand desc LIMIT 8  
[2016-01-29 12:14:02] /circle/ ( act=index&op=index ) 
ERR: Db Error: Unknown table 'shopwwi.circle_member'
SELECT circle_member.*, is_recommend*rand() as rand FROM `shopwwi_circle_member` WHERE ( is_recommend = '1' ) ORDER BY rand desc LIMIT 5  
[2016-01-29 12:14:02] /circle/ ( act=index&op=index ) 
ERR: Db Error: Unknown table 'shopwwi.circle'
SELECT circle.*, is_hot*rand() as rand FROM `shopwwi_circle` WHERE ( circle_status = '1' ) AND ( is_hot = '1' ) ORDER BY rand desc LIMIT 3  
[2016-01-29 12:14:02] /circle/ ( act=index&op=index ) 
ERR: Db Error: Unknown table 'shopwwi.circle'
SELECT circle.*, is_recommend*rand() as rand FROM `shopwwi_circle` WHERE ( circle_status = '1' ) AND ( is_recommend = '1' ) ORDER BY rand desc LIMIT 20  
[2016-01-29 12:14:02] /circle/ ( act=index&op=index ) 
ERR: Db Error: Unknown table 'shopwwi.circle_theme'
SELECT circle_theme.*, is_recommend*rand() as rand FROM `shopwwi_circle_theme` WHERE ( has_affix = '1' ) AND ( is_closed = '0' ) AND ( is_recommend = '1' ) ORDER BY rand desc LIMIT 8  
[2016-01-29 12:14:02] /circle/ ( act=index&op=index ) 
ERR: Db Error: Unknown table 'shopwwi.circle_member'
SELECT circle_member.*, is_recommend*rand() as rand FROM `shopwwi_circle_member` WHERE ( is_recommend = '1' ) ORDER BY rand desc LIMIT 5  
[2016-01-29 12:14:02] /circle/ ( act=index&op=index ) 
ERR: Db Error: Unknown table 'shopwwi.circle'
SELECT circle.*, is_hot*rand() as rand FROM `shopwwi_circle` WHERE ( circle_status = '1' ) AND ( is_hot = '1' ) ORDER BY rand desc LIMIT 3  
[2016-01-29 12:14:02] /circle/ ( act=index&op=index ) 
ERR: Db Error: Unknown table 'shopwwi.circle'
SELECT circle.*, is_recommend*rand() as rand FROM `shopwwi_circle` WHERE ( circle_status = '1' ) AND ( is_recommend = '1' ) ORDER BY rand desc LIMIT 20  
[2016-01-29 12:14:02] /circle/ ( act=index&op=index ) 
ERR: Db Error: Unknown table 'shopwwi.circle_theme'
SELECT circle_theme.*, is_recommend*rand() as rand FROM `shopwwi_circle_theme` WHERE ( has_affix = '1' ) AND ( is_closed = '0' ) AND ( is_recommend = '1' ) ORDER BY rand desc LIMIT 8  
[2016-01-29 12:14:02] /circle/ ( act=index&op=index ) 
ERR: Db Error: Unknown table 'shopwwi.circle_member'
SELECT circle_member.*, is_recommend*rand() as rand FROM `shopwwi_circle_member` WHERE ( is_recommend = '1' ) ORDER BY rand desc LIMIT 5  
[2016-01-29 12:18:39] /circle/ ( act=index&op=index ) 
ERR: Db Error: Unknown table 'shopwwi.circle'
SELECT circle.*, is_hot*rand() as rand FROM `shopwwi_circle` WHERE ( circle_status = '1' ) AND ( is_hot = '1' ) ORDER BY rand desc LIMIT 3  
[2016-01-29 12:18:39] /circle/ ( act=index&op=index ) 
ERR: Db Error: Unknown table 'shopwwi.circle'
SELECT circle.*, is_recommend*rand() as rand FROM `shopwwi_circle` WHERE ( circle_status = '1' ) AND ( is_recommend = '1' ) ORDER BY rand desc LIMIT 20  
[2016-01-29 12:18:39] /circle/ ( act=index&op=index ) 
ERR: Db Error: Unknown table 'shopwwi.circle_theme'
SELECT circle_theme.*, is_recommend*rand() as rand FROM `shopwwi_circle_theme` WHERE ( has_affix = '1' ) AND ( is_closed = '0' ) AND ( is_recommend = '1' ) ORDER BY rand desc LIMIT 8  
[2016-01-29 12:18:39] /circle/ ( act=index&op=index ) 
ERR: Db Error: Unknown table 'shopwwi.circle_member'
SELECT circle_member.*, is_recommend*rand() as rand FROM `shopwwi_circle_member` WHERE ( is_recommend = '1' ) ORDER BY rand desc LIMIT 5  
[2016-01-29 12:39:53] /circle/ ( act=index&op=index ) 
ERR: Db Error: Unknown table 'shopwwi.circle'
SELECT circle.*, is_hot*rand() as rand FROM `shopwwi_circle` WHERE ( circle_status = '1' ) AND ( is_hot = '1' ) ORDER BY rand desc LIMIT 3  
[2016-01-29 12:39:53] /circle/ ( act=index&op=index ) 
ERR: Db Error: Unknown table 'shopwwi.circle'
SELECT circle.*, is_recommend*rand() as rand FROM `shopwwi_circle` WHERE ( circle_status = '1' ) AND ( is_recommend = '1' ) ORDER BY rand desc LIMIT 20  
[2016-01-29 12:39:53] /circle/ ( act=index&op=index ) 
ERR: Db Error: Unknown table 'shopwwi.circle_theme'
SELECT circle_theme.*, is_recommend*rand() as rand FROM `shopwwi_circle_theme` WHERE ( has_affix = '1' ) AND ( is_closed = '0' ) AND ( is_recommend = '1' ) ORDER BY rand desc LIMIT 8  
[2016-01-29 12:39:53] /circle/ ( act=index&op=index ) 
ERR: Db Error: Unknown table 'shopwwi.circle_member'
SELECT circle_member.*, is_recommend*rand() as rand FROM `shopwwi_circle_member` WHERE ( is_recommend = '1' ) ORDER BY rand desc LIMIT 5  
[2016-01-29 13:35:13] /circle/ ( act=index&op=index ) 
ERR: Db Error: Unknown table 'shopwwi.circle'
SELECT circle.*, is_hot*rand() as rand FROM `shopwwi_circle` WHERE ( circle_status = '1' ) AND ( is_hot = '1' ) ORDER BY rand desc LIMIT 3  
[2016-01-29 13:35:13] /circle/ ( act=index&op=index ) 
ERR: Db Error: Unknown table 'shopwwi.circle'
SELECT circle.*, is_recommend*rand() as rand FROM `shopwwi_circle` WHERE ( circle_status = '1' ) AND ( is_recommend = '1' ) ORDER BY rand desc LIMIT 20  
[2016-01-29 13:35:13] /circle/ ( act=index&op=index ) 
ERR: Db Error: Unknown table 'shopwwi.circle_theme'
SELECT circle_theme.*, is_recommend*rand() as rand FROM `shopwwi_circle_theme` WHERE ( has_affix = '1' ) AND ( is_closed = '0' ) AND ( is_recommend = '1' ) ORDER BY rand desc LIMIT 8  
[2016-01-29 13:35:13] /circle/ ( act=index&op=index ) 
ERR: Db Error: Unknown table 'shopwwi.circle_member'
SELECT circle_member.*, is_recommend*rand() as rand FROM `shopwwi_circle_member` WHERE ( is_recommend = '1' ) ORDER BY rand desc LIMIT 5  
[2016-01-29 13:53:33] /circle/ ( act=index&op=index ) 
ERR: Db Error: Unknown table 'shopwwi.circle'
SELECT circle.*, is_hot*rand() as rand FROM `shopwwi_circle` WHERE ( circle_status = '1' ) AND ( is_hot = '1' ) ORDER BY rand desc LIMIT 3  
[2016-01-29 13:53:33] /circle/ ( act=index&op=index ) 
ERR: Db Error: Unknown table 'shopwwi.circle'
SELECT circle.*, is_recommend*rand() as rand FROM `shopwwi_circle` WHERE ( circle_status = '1' ) AND ( is_recommend = '1' ) ORDER BY rand desc LIMIT 20  
[2016-01-29 13:53:33] /circle/ ( act=index&op=index ) 
ERR: Db Error: Unknown table 'shopwwi.circle_theme'
SELECT circle_theme.*, is_recommend*rand() as rand FROM `shopwwi_circle_theme` WHERE ( has_affix = '1' ) AND ( is_closed = '0' ) AND ( is_recommend = '1' ) ORDER BY rand desc LIMIT 8  
[2016-01-29 13:53:33] /circle/ ( act=index&op=index ) 
ERR: Db Error: Unknown table 'shopwwi.circle_member'
SELECT circle_member.*, is_recommend*rand() as rand FROM `shopwwi_circle_member` WHERE ( is_recommend = '1' ) ORDER BY rand desc LIMIT 5  
[2016-01-29 14:06:38] /circle/ ( act=index&op=index ) 
ERR: Db Error: Unknown table 'shopwwi.circle'
SELECT circle.*, is_hot*rand() as rand FROM `shopwwi_circle` WHERE ( circle_status = '1' ) AND ( is_hot = '1' ) ORDER BY rand desc LIMIT 3  
[2016-01-29 14:06:38] /circle/ ( act=index&op=index ) 
ERR: Db Error: Unknown table 'shopwwi.circle'
SELECT circle.*, is_recommend*rand() as rand FROM `shopwwi_circle` WHERE ( circle_status = '1' ) AND ( is_recommend = '1' ) ORDER BY rand desc LIMIT 20  
[2016-01-29 14:06:38] /circle/ ( act=index&op=index ) 
ERR: Db Error: Unknown table 'shopwwi.circle_theme'
SELECT circle_theme.*, is_recommend*rand() as rand FROM `shopwwi_circle_theme` WHERE ( has_affix = '1' ) AND ( is_closed = '0' ) AND ( is_recommend = '1' ) ORDER BY rand desc LIMIT 8  
[2016-01-29 14:06:38] /circle/ ( act=index&op=index ) 
ERR: Db Error: Unknown table 'shopwwi.circle_member'
SELECT circle_member.*, is_recommend*rand() as rand FROM `shopwwi_circle_member` WHERE ( is_recommend = '1' ) ORDER BY rand desc LIMIT 5  
[2016-01-29 14:23:55] /circle/ ( act=index&op=index ) 
ERR: Db Error: Unknown table 'shopwwi.circle'
SELECT circle.*, is_hot*rand() as rand FROM `shopwwi_circle` WHERE ( circle_status = '1' ) AND ( is_hot = '1' ) ORDER BY rand desc LIMIT 3  
[2016-01-29 14:23:55] /circle/ ( act=index&op=index ) 
ERR: Db Error: Unknown table 'shopwwi.circle'
SELECT circle.*, is_recommend*rand() as rand FROM `shopwwi_circle` WHERE ( circle_status = '1' ) AND ( is_recommend = '1' ) ORDER BY rand desc LIMIT 20  
[2016-01-29 14:23:55] /circle/ ( act=index&op=index ) 
ERR: Db Error: Unknown table 'shopwwi.circle_theme'
SELECT circle_theme.*, is_recommend*rand() as rand FROM `shopwwi_circle_theme` WHERE ( has_affix = '1' ) AND ( is_closed = '0' ) AND ( is_recommend = '1' ) ORDER BY rand desc LIMIT 8  
[2016-01-29 14:23:55] /circle/ ( act=index&op=index ) 
ERR: Db Error: Unknown table 'shopwwi.circle_member'
SELECT circle_member.*, is_recommend*rand() as rand FROM `shopwwi_circle_member` WHERE ( is_recommend = '1' ) ORDER BY rand desc LIMIT 5  
[2016-01-29 16:10:02] /circle/ ( act=index&op=index ) 
ERR: Db Error: Unknown table 'shopwwi.circle'
SELECT circle.*, is_hot*rand() as rand FROM `shopwwi_circle` WHERE ( circle_status = '1' ) AND ( is_hot = '1' ) ORDER BY rand desc LIMIT 3  
[2016-01-29 16:10:02] /circle/ ( act=index&op=index ) 
ERR: Db Error: Unknown table 'shopwwi.circle'
SELECT circle.*, is_recommend*rand() as rand FROM `shopwwi_circle` WHERE ( circle_status = '1' ) AND ( is_recommend = '1' ) ORDER BY rand desc LIMIT 20  
[2016-01-29 16:10:02] /circle/ ( act=index&op=index ) 
ERR: Db Error: Unknown table 'shopwwi.circle_theme'
SELECT circle_theme.*, is_recommend*rand() as rand FROM `shopwwi_circle_theme` WHERE ( has_affix = '1' ) AND ( is_closed = '0' ) AND ( is_recommend = '1' ) ORDER BY rand desc LIMIT 8  
[2016-01-29 16:10:02] /circle/ ( act=index&op=index ) 
ERR: Db Error: Unknown table 'shopwwi.circle_member'
SELECT circle_member.*, is_recommend*rand() as rand FROM `shopwwi_circle_member` WHERE ( is_recommend = '1' ) ORDER BY rand desc LIMIT 5  
[2016-01-29 17:58:17] /circle/ ( act=index&op=index ) 
ERR: Db Error: Unknown table 'shopwwi.circle'
SELECT circle.*, is_hot*rand() as rand FROM `shopwwi_circle` WHERE ( circle_status = '1' ) AND ( is_hot = '1' ) ORDER BY rand desc LIMIT 3  
[2016-01-29 17:58:17] /circle/ ( act=index&op=index ) 
ERR: Db Error: Unknown table 'shopwwi.circle'
SELECT circle.*, is_recommend*rand() as rand FROM `shopwwi_circle` WHERE ( circle_status = '1' ) AND ( is_recommend = '1' ) ORDER BY rand desc LIMIT 20  
[2016-01-29 17:58:17] /circle/ ( act=index&op=index ) 
ERR: Db Error: Unknown table 'shopwwi.circle_theme'
SELECT circle_theme.*, is_recommend*rand() as rand FROM `shopwwi_circle_theme` WHERE ( has_affix = '1' ) AND ( is_closed = '0' ) AND ( is_recommend = '1' ) ORDER BY rand desc LIMIT 8  
[2016-01-29 17:58:17] /circle/ ( act=index&op=index ) 
ERR: Db Error: Unknown table 'shopwwi.circle_member'
SELECT circle_member.*, is_recommend*rand() as rand FROM `shopwwi_circle_member` WHERE ( is_recommend = '1' ) ORDER BY rand desc LIMIT 5  
[2016-01-29 18:19:37] /circle/ ( act=index&op=index ) 
ERR: Db Error: Unknown table 'shopwwi.circle'
SELECT circle.*, is_hot*rand() as rand FROM `shopwwi_circle` WHERE ( circle_status = '1' ) AND ( is_hot = '1' ) ORDER BY rand desc LIMIT 3  
[2016-01-29 18:19:37] /circle/ ( act=index&op=index ) 
ERR: Db Error: Unknown table 'shopwwi.circle'
SELECT circle.*, is_recommend*rand() as rand FROM `shopwwi_circle` WHERE ( circle_status = '1' ) AND ( is_recommend = '1' ) ORDER BY rand desc LIMIT 20  
[2016-01-29 18:19:37] /circle/ ( act=index&op=index ) 
ERR: Db Error: Unknown table 'shopwwi.circle_theme'
SELECT circle_theme.*, is_recommend*rand() as rand FROM `shopwwi_circle_theme` WHERE ( has_affix = '1' ) AND ( is_closed = '0' ) AND ( is_recommend = '1' ) ORDER BY rand desc LIMIT 8  
[2016-01-29 18:19:37] /circle/ ( act=index&op=index ) 
ERR: Db Error: Unknown table 'shopwwi.circle_member'
SELECT circle_member.*, is_recommend*rand() as rand FROM `shopwwi_circle_member` WHERE ( is_recommend = '1' ) ORDER BY rand desc LIMIT 5  
[2016-01-29 19:28:39] /circle/ ( act=index&op=index ) 
ERR: Db Error: Unknown table 'shopwwi.circle'
SELECT circle.*, is_hot*rand() as rand FROM `shopwwi_circle` WHERE ( circle_status = '1' ) AND ( is_hot = '1' ) ORDER BY rand desc LIMIT 3  
[2016-01-29 19:28:39] /circle/ ( act=index&op=index ) 
ERR: Db Error: Unknown table 'shopwwi.circle'
SELECT circle.*, is_recommend*rand() as rand FROM `shopwwi_circle` WHERE ( circle_status = '1' ) AND ( is_recommend = '1' ) ORDER BY rand desc LIMIT 20  
[2016-01-29 19:28:39] /circle/ ( act=index&op=index ) 
ERR: Db Error: Unknown table 'shopwwi.circle_theme'
SELECT circle_theme.*, is_recommend*rand() as rand FROM `shopwwi_circle_theme` WHERE ( has_affix = '1' ) AND ( is_closed = '0' ) AND ( is_recommend = '1' ) ORDER BY rand desc LIMIT 8  
[2016-01-29 19:28:39] /circle/ ( act=index&op=index ) 
ERR: Db Error: Unknown table 'shopwwi.circle_member'
SELECT circle_member.*, is_recommend*rand() as rand FROM `shopwwi_circle_member` WHERE ( is_recommend = '1' ) ORDER BY rand desc LIMIT 5  
[2016-01-29 19:31:54] /circle/ ( act=index&op=index ) 
ERR: Db Error: Unknown table 'shopwwi.circle'
SELECT circle.*, is_hot*rand() as rand FROM `shopwwi_circle` WHERE ( circle_status = '1' ) AND ( is_hot = '1' ) ORDER BY rand desc LIMIT 3  
[2016-01-29 19:31:54] /circle/ ( act=index&op=index ) 
ERR: Db Error: Unknown table 'shopwwi.circle'
SELECT circle.*, is_recommend*rand() as rand FROM `shopwwi_circle` WHERE ( circle_status = '1' ) AND ( is_recommend = '1' ) ORDER BY rand desc LIMIT 20  
[2016-01-29 19:31:54] /circle/ ( act=index&op=index ) 
ERR: Db Error: Unknown table 'shopwwi.circle_theme'
SELECT circle_theme.*, is_recommend*rand() as rand FROM `shopwwi_circle_theme` WHERE ( has_affix = '1' ) AND ( is_closed = '0' ) AND ( is_recommend = '1' ) ORDER BY rand desc LIMIT 8  
[2016-01-29 19:31:54] /circle/ ( act=index&op=index ) 
ERR: Db Error: Unknown table 'shopwwi.circle_member'
SELECT circle_member.*, is_recommend*rand() as rand FROM `shopwwi_circle_member` WHERE ( is_recommend = '1' ) ORDER BY rand desc LIMIT 5  
[2016-01-29 20:31:29] /circle/ ( act=index&op=index ) 
ERR: Db Error: Unknown table 'shopwwi.circle'
SELECT circle.*, is_hot*rand() as rand FROM `shopwwi_circle` WHERE ( circle_status = '1' ) AND ( is_hot = '1' ) ORDER BY rand desc LIMIT 3  
[2016-01-29 20:31:29] /circle/ ( act=index&op=index ) 
ERR: Db Error: Unknown table 'shopwwi.circle'
SELECT circle.*, is_recommend*rand() as rand FROM `shopwwi_circle` WHERE ( circle_status = '1' ) AND ( is_recommend = '1' ) ORDER BY rand desc LIMIT 20  
[2016-01-29 20:31:29] /circle/ ( act=index&op=index ) 
ERR: Db Error: Unknown table 'shopwwi.circle_theme'
SELECT circle_theme.*, is_recommend*rand() as rand FROM `shopwwi_circle_theme` WHERE ( has_affix = '1' ) AND ( is_closed = '0' ) AND ( is_recommend = '1' ) ORDER BY rand desc LIMIT 8  
[2016-01-29 20:31:29] /circle/ ( act=index&op=index ) 
ERR: Db Error: Unknown table 'shopwwi.circle_member'
SELECT circle_member.*, is_recommend*rand() as rand FROM `shopwwi_circle_member` WHERE ( is_recommend = '1' ) ORDER BY rand desc LIMIT 5  
