[2016-02-01 02:33:33] /shop/cate-1013-0-0-0-0-0-1-28-0.html ( act=search&op=index ) 
ERR: Db Error: Unknown column 'have_gift' in 'where clause'
SELECT COUNT(*) AS nc_count FROM `shopwwi_goods_common` WHERE ( gc_id_3 = '1013' ) AND ( areaid_1 = '28' ) AND ( have_gift = '1' ) LIMIT 1  
[2016-02-01 02:38:14] /shop/cate-921-0-0-3-2-0-1-0-0.html ( act=search&op=index ) 
ERR: Db Error: Unknown column 'have_gift' in 'where clause'
SELECT COUNT(*) AS nc_count FROM `shopwwi_goods_common` WHERE ( gc_id_3 = '921' ) AND ( have_gift = '1' ) LIMIT 1  
[2016-02-01 02:38:38] /shop/cate-1013-0-0-0-0-0-1-4-0.html ( act=search&op=index ) 
ERR: Db Error: Unknown column 'have_gift' in 'where clause'
SELECT COUNT(*) AS nc_count FROM `shopwwi_goods_common` WHERE ( gc_id_3 = '1013' ) AND ( areaid_1 = '4' ) AND ( have_gift = '1' ) LIMIT 1  
[2016-02-01 02:40:41] /shop/cate-742-0-0-0-0-0-1-19-0.html ( act=search&op=index ) 
ERR: Db Error: Unknown column 'have_gift' in 'where clause'
SELECT COUNT(*) AS nc_count FROM `shopwwi_goods_common` WHERE ( gc_id_3 = '742' ) AND ( areaid_1 = '19' ) AND ( have_gift = '1' ) LIMIT 1  
[2016-02-01 02:41:26] /shop/cate-1013-0-0-0-0-0-1-5-0.html ( act=search&op=index ) 
ERR: Db Error: Unknown column 'have_gift' in 'where clause'
SELECT COUNT(*) AS nc_count FROM `shopwwi_goods_common` WHERE ( gc_id_3 = '1013' ) AND ( areaid_1 = '5' ) AND ( have_gift = '1' ) LIMIT 1  
[2016-02-01 02:43:08] /shop/cate-742-0-0-0-0-0-1-10-0.html ( act=search&op=index ) 
ERR: Db Error: Unknown column 'have_gift' in 'where clause'
SELECT COUNT(*) AS nc_count FROM `shopwwi_goods_common` WHERE ( gc_id_3 = '742' ) AND ( areaid_1 = '10' ) AND ( have_gift = '1' ) LIMIT 1  
[2016-02-01 02:52:08] /shop/cate-742-0-0-0-0-1-1-8-0.html ( act=search&op=index ) 
ERR: Db Error: Unknown column 'have_gift' in 'where clause'
SELECT COUNT(*) AS nc_count FROM `shopwwi_goods_common` WHERE ( gc_id_3 = '742' ) AND ( areaid_1 = '8' ) AND ( is_own_shop = '1' ) AND ( have_gift = '1' ) LIMIT 1  
[2016-02-01 03:10:27] /shop/cate-742-0-0-1-1-1-1-2-0.html ( act=search&op=index ) 
ERR: Db Error: Unknown column 'have_gift' in 'where clause'
SELECT COUNT(*) AS nc_count FROM `shopwwi_goods_common` WHERE ( gc_id_3 = '742' ) AND ( areaid_1 = '2' ) AND ( is_own_shop = '1' ) AND ( have_gift = '1' ) LIMIT 1  
[2016-02-01 03:30:00] /shop/cate-742-0-0-2-2-1-1-4-0.html ( act=search&op=index ) 
ERR: Db Error: Unknown column 'have_gift' in 'where clause'
SELECT COUNT(*) AS nc_count FROM `shopwwi_goods_common` WHERE ( gc_id_3 = '742' ) AND ( areaid_1 = '4' ) AND ( is_own_shop = '1' ) AND ( have_gift = '1' ) LIMIT 1  
[2016-02-01 03:33:46] /shop/cate-742-0-0-1-2-1-1-4-0.html ( act=search&op=index ) 
ERR: Db Error: Unknown column 'have_gift' in 'where clause'
SELECT COUNT(*) AS nc_count FROM `shopwwi_goods_common` WHERE ( gc_id_3 = '742' ) AND ( areaid_1 = '4' ) AND ( is_own_shop = '1' ) AND ( have_gift = '1' ) LIMIT 1  
[2016-02-01 03:44:07] /shop/cate-922-0-0-0-0-0-1-0-0.html ( act=search&op=index ) 
ERR: Db Error: Unknown column 'have_gift' in 'where clause'
SELECT COUNT(*) AS nc_count FROM `shopwwi_goods_common` WHERE ( gc_id_3 = '922' ) AND ( have_gift = '1' ) LIMIT 1  
[2016-02-01 03:48:55] /shop/cate-922-0-0-0-0-1-1-0-0.html ( act=search&op=index ) 
ERR: Db Error: Unknown column 'have_gift' in 'where clause'
SELECT COUNT(*) AS nc_count FROM `shopwwi_goods_common` WHERE ( gc_id_3 = '922' ) AND ( is_own_shop = '1' ) AND ( have_gift = '1' ) LIMIT 1  
[2016-02-01 04:00:24] /shop/cate-922-0-0-0-0-1-1-1-0.html ( act=search&op=index ) 
ERR: Db Error: Unknown column 'have_gift' in 'where clause'
SELECT COUNT(*) AS nc_count FROM `shopwwi_goods_common` WHERE ( gc_id_3 = '922' ) AND ( areaid_1 = '1' ) AND ( is_own_shop = '1' ) AND ( have_gift = '1' ) LIMIT 1  
[2016-02-01 04:00:26] /shop/cate-922-0-0-0-0-1-1-4-0.html ( act=search&op=index ) 
ERR: Db Error: Unknown column 'have_gift' in 'where clause'
SELECT COUNT(*) AS nc_count FROM `shopwwi_goods_common` WHERE ( gc_id_3 = '922' ) AND ( areaid_1 = '4' ) AND ( is_own_shop = '1' ) AND ( have_gift = '1' ) LIMIT 1  
[2016-02-01 04:02:49] /shop/cate-922-0-0-3-2-1-1-1-0.html ( act=search&op=index ) 
ERR: Db Error: Unknown column 'have_gift' in 'where clause'
SELECT COUNT(*) AS nc_count FROM `shopwwi_goods_common` WHERE ( gc_id_3 = '922' ) AND ( areaid_1 = '1' ) AND ( is_own_shop = '1' ) AND ( have_gift = '1' ) LIMIT 1  
[2016-02-01 04:05:00] /shop/cate-922-0-0-1-2-1-1-4-0.html ( act=search&op=index ) 
ERR: Db Error: Unknown column 'have_gift' in 'where clause'
SELECT COUNT(*) AS nc_count FROM `shopwwi_goods_common` WHERE ( gc_id_3 = '922' ) AND ( areaid_1 = '4' ) AND ( is_own_shop = '1' ) AND ( have_gift = '1' ) LIMIT 1  
[2016-02-01 04:07:51] /shop/cate-922-0-0-3-2-1-1-3-0.html ( act=search&op=index ) 
ERR: Db Error: Unknown column 'have_gift' in 'where clause'
SELECT COUNT(*) AS nc_count FROM `shopwwi_goods_common` WHERE ( gc_id_3 = '922' ) AND ( areaid_1 = '3' ) AND ( is_own_shop = '1' ) AND ( have_gift = '1' ) LIMIT 1  
[2016-02-01 04:11:39] /shop/cate-922-0-0-3-1-1-1-1-0.html ( act=search&op=index ) 
ERR: Db Error: Unknown column 'have_gift' in 'where clause'
SELECT COUNT(*) AS nc_count FROM `shopwwi_goods_common` WHERE ( gc_id_3 = '922' ) AND ( areaid_1 = '1' ) AND ( is_own_shop = '1' ) AND ( have_gift = '1' ) LIMIT 1  
[2016-02-01 04:15:25] /shop/cate-922-0-0-3-1-1-1-0-0.html ( act=search&op=index ) 
ERR: Db Error: Unknown column 'have_gift' in 'where clause'
SELECT COUNT(*) AS nc_count FROM `shopwwi_goods_common` WHERE ( gc_id_3 = '922' ) AND ( is_own_shop = '1' ) AND ( have_gift = '1' ) LIMIT 1  
[2016-02-01 04:52:50] /shop/cate-506-0-3-0-0-0-0-30-0.html ( act=search&op=index ) 
ERR: Db Error: Unknown column 'goods_id' in 'where clause'
SELECT COUNT(*) AS nc_count FROM `shopwwi_goods_common` WHERE ( gc_id_3 = '506' ) AND ( areaid_1 = '30' ) AND ( goods_id IN ('100098','100101','100104','100109','100110','100111','100112','100113','100114','100120','100123','100124','100125','100132','100135','100137','100140','100142') ) LIMIT 1  
[2016-02-01 07:56:48] /shop/cate-985-0-0-0-0-0-1-27-0.html ( act=search&op=index ) 
ERR: Db Error: Unknown column 'have_gift' in 'where clause'
SELECT COUNT(*) AS nc_count FROM `shopwwi_goods_common` WHERE ( gc_id_3 = '985' ) AND ( areaid_1 = '27' ) AND ( have_gift = '1' ) LIMIT 1  
[2016-02-01 07:58:44] /shop/cate-985-0-0-0-0-0-1-3-0.html ( act=search&op=index ) 
ERR: Db Error: Unknown column 'have_gift' in 'where clause'
SELECT COUNT(*) AS nc_count FROM `shopwwi_goods_common` WHERE ( gc_id_3 = '985' ) AND ( areaid_1 = '3' ) AND ( have_gift = '1' ) LIMIT 1  
[2016-02-01 08:05:46] /shop/cate-985-0-0-1-2-0-1-3-0.html ( act=search&op=index ) 
ERR: Db Error: Unknown column 'have_gift' in 'where clause'
SELECT COUNT(*) AS nc_count FROM `shopwwi_goods_common` WHERE ( gc_id_3 = '985' ) AND ( areaid_1 = '3' ) AND ( have_gift = '1' ) LIMIT 1  
[2016-02-01 08:37:10] /shop/cate-567-0-0-0-0-0-1-0-0.html ( act=search&op=index ) 
ERR: Db Error: Unknown column 'have_gift' in 'where clause'
SELECT COUNT(*) AS nc_count FROM `shopwwi_goods_common` WHERE ( gc_id_3 = '567' ) AND ( have_gift = '1' ) LIMIT 1  
[2016-02-01 08:51:05] /shop/cate-488-0-4-0-0-0-0-0-0.html ( act=search&op=index ) 
ERR: Db Error: Unknown column 'goods_id' in 'where clause'
SELECT COUNT(*) AS nc_count FROM `shopwwi_goods_common` WHERE ( gc_id_3 = '488' ) AND ( goods_id IN ('100096','100107','100116','100117','100121','100122','100126','100127','100128','100129','100130','100131','100134','100141') ) LIMIT 1  
[2016-02-01 08:59:59] /shop/cate-835-0-0-0-0-0-1-0-0.html ( act=search&op=index ) 
ERR: Db Error: Unknown column 'have_gift' in 'where clause'
SELECT COUNT(*) AS nc_count FROM `shopwwi_goods_common` WHERE ( gc_id_2 = '835' ) AND ( have_gift = '1' ) LIMIT 1  
[2016-02-01 09:34:45] /circle/ ( act=index&op=index ) 
ERR: Db Error: Unknown table 'shopwwi.circle'
SELECT circle.*, is_hot*rand() as rand FROM `shopwwi_circle` WHERE ( circle_status = '1' ) AND ( is_hot = '1' ) ORDER BY rand desc LIMIT 3  
[2016-02-01 09:34:45] /circle/ ( act=index&op=index ) 
ERR: Db Error: Unknown table 'shopwwi.circle'
SELECT circle.*, is_recommend*rand() as rand FROM `shopwwi_circle` WHERE ( circle_status = '1' ) AND ( is_recommend = '1' ) ORDER BY rand desc LIMIT 20  
[2016-02-01 09:34:45] /circle/ ( act=index&op=index ) 
ERR: Db Error: Unknown table 'shopwwi.circle_theme'
SELECT circle_theme.*, is_recommend*rand() as rand FROM `shopwwi_circle_theme` WHERE ( has_affix = '1' ) AND ( is_closed = '0' ) AND ( is_recommend = '1' ) ORDER BY rand desc LIMIT 8  
[2016-02-01 09:34:45] /circle/ ( act=index&op=index ) 
ERR: Db Error: Unknown table 'shopwwi.circle_member'
SELECT circle_member.*, is_recommend*rand() as rand FROM `shopwwi_circle_member` WHERE ( is_recommend = '1' ) ORDER BY rand desc LIMIT 5  
[2016-02-01 09:52:15] /shop/cate-780-0-0-2-2-0-1-6-0.html ( act=search&op=index ) 
ERR: Db Error: Unknown column 'have_gift' in 'where clause'
SELECT COUNT(*) AS nc_count FROM `shopwwi_goods_common` WHERE ( gc_id_3 = '780' ) AND ( areaid_1 = '6' ) AND ( have_gift = '1' ) LIMIT 1  
[2016-02-01 11:19:18] /shop/cate-478-0-11-0-0-0-0-0-0.html ( act=search&op=index ) 
ERR: Db Error: Unknown column 'goods_id' in 'where clause'
SELECT COUNT(*) AS nc_count FROM `shopwwi_goods_common` WHERE ( gc_id_3 = '478' ) AND ( goods_id IN ('100097') ) LIMIT 1  
[2016-02-01 11:19:25] /shop/cate-478-0-11-0-0-0-0-0-0.html ( act=search&op=index ) 
ERR: Db Error: Unknown column 'goods_id' in 'where clause'
SELECT COUNT(*) AS nc_count FROM `shopwwi_goods_common` WHERE ( gc_id_3 = '478' ) AND ( goods_id IN ('100097') ) LIMIT 1  
[2016-02-01 11:19:29] /shop/cate-478-0-11-0-0-1-0-0-0.html ( act=search&op=index ) 
ERR: Db Error: Unknown column 'goods_id' in 'where clause'
SELECT COUNT(*) AS nc_count FROM `shopwwi_goods_common` WHERE ( gc_id_3 = '478' ) AND ( is_own_shop = '1' ) AND ( goods_id IN ('100097') ) LIMIT 1  
[2016-02-01 11:19:31] /shop/cate-478-0-11-0-0-0-0-0-0.html ( act=search&op=index ) 
ERR: Db Error: Unknown column 'goods_id' in 'where clause'
SELECT COUNT(*) AS nc_count FROM `shopwwi_goods_common` WHERE ( gc_id_3 = '478' ) AND ( goods_id IN ('100097') ) LIMIT 1  
[2016-02-01 11:19:34] /shop/cate-478-0-11_3-0-0-0-0-0-0.html ( act=search&op=index ) 
ERR: Db Error: Unknown column 'goods_id' in 'where clause'
SELECT COUNT(*) AS nc_count FROM `shopwwi_goods_common` WHERE ( gc_id_3 = '478' ) AND ( goods_id IN('') ) LIMIT 1  
[2016-02-01 11:19:38] /shop/cate-478-0-11_3-0-0-0-0-0-0.html ( act=search&op=index ) 
ERR: Db Error: Unknown column 'goods_id' in 'where clause'
SELECT COUNT(*) AS nc_count FROM `shopwwi_goods_common` WHERE ( gc_id_3 = '478' ) AND ( goods_id IN('') ) LIMIT 1  
[2016-02-01 11:21:20] /shop/cate-478-0-11-0-0-0-0-0-0.html ( act=search&op=index ) 
ERR: Db Error: Unknown column 'goods_id' in 'where clause'
SELECT COUNT(*) AS nc_count FROM `shopwwi_goods_common` WHERE ( gc_id_3 = '478' ) AND ( goods_id IN ('100097') ) LIMIT 1  
[2016-02-01 13:05:09] /shop/cate-985-0-0-0-0-0-1-0-0.html ( act=search&op=index ) 
ERR: Db Error: Unknown column 'have_gift' in 'where clause'
SELECT COUNT(*) AS nc_count FROM `shopwwi_goods_common` WHERE ( gc_id_3 = '985' ) AND ( have_gift = '1' ) LIMIT 1  
[2016-02-01 14:02:48] /shop/cate-409-0-0-0-0-0-1-13-0.html ( act=search&op=index ) 
ERR: Db Error: Unknown column 'have_gift' in 'where clause'
SELECT COUNT(*) AS nc_count FROM `shopwwi_goods_common` WHERE ( gc_id_3 = '409' ) AND ( areaid_1 = '13' ) AND ( have_gift = '1' ) LIMIT 1  
[2016-02-01 14:28:35] /shop/cate-443-0-0-0-0-0-1-5-0.html ( act=search&op=index ) 
ERR: Db Error: Unknown column 'have_gift' in 'where clause'
SELECT COUNT(*) AS nc_count FROM `shopwwi_goods_common` WHERE ( gc_id_3 = '443' ) AND ( areaid_1 = '5' ) AND ( have_gift = '1' ) LIMIT 1  
[2016-02-01 14:43:44] /shop/cate-630-0-0-0-0-0-1-4-0.html ( act=search&op=index ) 
ERR: Db Error: Unknown column 'have_gift' in 'where clause'
SELECT COUNT(*) AS nc_count FROM `shopwwi_goods_common` WHERE ( gc_id_3 = '630' ) AND ( areaid_1 = '4' ) AND ( have_gift = '1' ) LIMIT 1  
[2016-02-01 14:50:45] /shop/cate-494-0-17-0-0-0-0-0-0.html ( act=search&op=index ) 
ERR: Db Error: Unknown column 'goods_id' in 'where clause'
SELECT COUNT(*) AS nc_count FROM `shopwwi_goods_common` WHERE ( gc_id_3 = '494' ) AND ( goods_id IN('') ) LIMIT 1  
[2016-02-01 14:56:47] /shop/cate-494-0-8-0-0-0-0-0-0.html ( act=search&op=index ) 
ERR: Db Error: Unknown column 'goods_id' in 'where clause'
SELECT COUNT(*) AS nc_count FROM `shopwwi_goods_common` WHERE ( gc_id_3 = '494' ) AND ( goods_id IN ('100093','100094','100097','100098','100099','100100','100101','100102','100105','100109','100110','100111','100115','100116','100117','100119','100124','100126','100128','100129','100132','100135','100140','100142') ) LIMIT 1  
[2016-02-01 15:07:19] /shop/cate-480-120-9-0-0-0-0-0-0.html ( act=search&op=index ) 
ERR: Db Error: Unknown column 'goods_id' in 'where clause'
SELECT COUNT(*) AS nc_count FROM `shopwwi_goods_common` WHERE ( gc_id_3 = '480' ) AND ( brand_id = '120' ) AND ( goods_id IN ('100095','100096','100103','100104','100106','100107','100108','100112','100113','100114','100118','100120','100121','100122','100123','100127','100131','100133','100134','100136','100137','100139','100141','100145','100146') ) LIMIT 1  
[2016-02-01 15:08:50] /shop/cate-480-126-23-0-0-0-0-28-0.html ( act=search&op=index ) 
ERR: Db Error: Unknown column 'goods_id' in 'where clause'
SELECT COUNT(*) AS nc_count FROM `shopwwi_goods_common` WHERE ( gc_id_3 = '480' ) AND ( brand_id = '126' ) AND ( areaid_1 = '28' ) AND ( goods_id IN ('100093','100096','100104','100118','100121') ) LIMIT 1  
[2016-02-01 15:10:20] /shop/cate-480-128-20_1-0-0-0-0-0-0.html ( act=search&op=index ) 
ERR: Db Error: Unknown column 'goods_id' in 'where clause'
SELECT COUNT(*) AS nc_count FROM `shopwwi_goods_common` WHERE ( gc_id_3 = '480' ) AND ( brand_id = '128' ) AND ( goods_id IN('') ) LIMIT 1  
[2016-02-01 15:11:50] /shop/cate-494-0-7_2-0-0-0-0-0-0.html ( act=search&op=index ) 
ERR: Db Error: Unknown column 'goods_id' in 'where clause'
SELECT COUNT(*) AS nc_count FROM `shopwwi_goods_common` WHERE ( gc_id_3 = '494' ) AND ( goods_id IN('') ) LIMIT 1  
[2016-02-01 15:13:21] /shop/cate-480-139-23_10-0-0-0-0-0-0.html ( act=search&op=index ) 
ERR: Db Error: Unknown column 'goods_id' in 'where clause'
SELECT COUNT(*) AS nc_count FROM `shopwwi_goods_common` WHERE ( gc_id_3 = '480' ) AND ( brand_id = '139' ) AND ( goods_id IN('') ) LIMIT 1  
[2016-02-01 15:14:51] /shop/cate-480-136-23_15-0-0-0-0-1-0.html ( act=search&op=index ) 
ERR: Db Error: Unknown column 'goods_id' in 'where clause'
SELECT COUNT(*) AS nc_count FROM `shopwwi_goods_common` WHERE ( gc_id_3 = '480' ) AND ( brand_id = '136' ) AND ( areaid_1 = '1' ) AND ( goods_id IN('') ) LIMIT 1  
[2016-02-01 15:16:22] /shop/cate-480-138-23_1-0-0-0-0-1-0.html ( act=search&op=index ) 
ERR: Db Error: Unknown column 'goods_id' in 'where clause'
SELECT COUNT(*) AS nc_count FROM `shopwwi_goods_common` WHERE ( gc_id_3 = '480' ) AND ( brand_id = '138' ) AND ( areaid_1 = '1' ) AND ( goods_id IN ('100093') ) LIMIT 1  
[2016-02-01 15:17:52] /shop/cate-494-137-12-0-0-0-0-0-0.html ( act=search&op=index ) 
ERR: Db Error: Unknown column 'goods_id' in 'where clause'
SELECT COUNT(*) AS nc_count FROM `shopwwi_goods_common` WHERE ( gc_id_3 = '494' ) AND ( brand_id = '137' ) AND ( goods_id IN ('100093','100094','100102','100103','100110','100119','100125','100126','100131','100132','100134','100135','100138','100145','100146') ) LIMIT 1  
[2016-02-01 15:19:22] /shop/cate-494-129-7_1-0-0-0-0-0-0.html ( act=search&op=index ) 
ERR: Db Error: Unknown column 'goods_id' in 'where clause'
SELECT COUNT(*) AS nc_count FROM `shopwwi_goods_common` WHERE ( gc_id_3 = '494' ) AND ( brand_id = '129' ) AND ( goods_id IN('') ) LIMIT 1  
[2016-02-01 15:20:53] /shop/cate-496-138-17-0-0-0-0-0-0.html ( act=search&op=index ) 
ERR: Db Error: Unknown column 'goods_id' in 'where clause'
SELECT COUNT(*) AS nc_count FROM `shopwwi_goods_common` WHERE ( gc_id_3 = '496' ) AND ( brand_id = '138' ) AND ( goods_id IN('') ) LIMIT 1  
[2016-02-01 15:22:23] /shop/cate-480-127-23_8_11-0-0-0-0-0-0.html ( act=search&op=index ) 
ERR: Db Error: Unknown column 'goods_id' in 'where clause'
SELECT COUNT(*) AS nc_count FROM `shopwwi_goods_common` WHERE ( gc_id_3 = '480' ) AND ( brand_id = '127' ) AND ( goods_id IN('') ) LIMIT 1  
[2016-02-01 15:23:54] /shop/cate-496-122-16_1-0-0-0-0-0-0.html ( act=search&op=index ) 
ERR: Db Error: Unknown column 'goods_id' in 'where clause'
SELECT COUNT(*) AS nc_count FROM `shopwwi_goods_common` WHERE ( gc_id_3 = '496' ) AND ( brand_id = '122' ) AND ( goods_id IN('') ) LIMIT 1  
[2016-02-01 15:25:24] /shop/cate-480-134-23_24_1-0-0-0-0-0-0.html ( act=search&op=index ) 
ERR: Db Error: Unknown column 'goods_id' in 'where clause'
SELECT COUNT(*) AS nc_count FROM `shopwwi_goods_common` WHERE ( gc_id_3 = '480' ) AND ( brand_id = '134' ) AND ( goods_id IN('') ) LIMIT 1  
[2016-02-01 15:26:55] /shop/cate-480-118-23_10-0-0-0-0-0-0.html ( act=search&op=index ) 
ERR: Db Error: Unknown column 'goods_id' in 'where clause'
SELECT COUNT(*) AS nc_count FROM `shopwwi_goods_common` WHERE ( gc_id_3 = '480' ) AND ( brand_id = '118' ) AND ( goods_id IN('') ) LIMIT 1  
[2016-02-01 15:28:25] /shop/cate-496-139-18_10-0-0-0-0-0-0.html ( act=search&op=index ) 
ERR: Db Error: Unknown column 'goods_id' in 'where clause'
SELECT COUNT(*) AS nc_count FROM `shopwwi_goods_common` WHERE ( gc_id_3 = '496' ) AND ( brand_id = '139' ) AND ( goods_id IN('') ) LIMIT 1  
[2016-02-01 15:29:55] /shop/cate-526-131-4-0-0-0-0-0-0.html ( act=search&op=index ) 
ERR: Db Error: Unknown column 'goods_id' in 'where clause'
SELECT COUNT(*) AS nc_count FROM `shopwwi_goods_common` WHERE ( gc_id_3 = '526' ) AND ( brand_id = '131' ) AND ( goods_id IN ('100096','100107','100116','100117','100121','100122','100126','100127','100128','100129','100130','100131','100134','100141') ) LIMIT 1  
[2016-02-01 15:31:26] /shop/cate-494-122-7_1-0-0-0-0-0-0.html ( act=search&op=index ) 
ERR: Db Error: Unknown column 'goods_id' in 'where clause'
SELECT COUNT(*) AS nc_count FROM `shopwwi_goods_common` WHERE ( gc_id_3 = '494' ) AND ( brand_id = '122' ) AND ( goods_id IN('') ) LIMIT 1  
[2016-02-01 15:32:56] /shop/cate-496-121-2-0-0-0-0-0-0.html ( act=search&op=index ) 
ERR: Db Error: Unknown column 'goods_id' in 'where clause'
SELECT COUNT(*) AS nc_count FROM `shopwwi_goods_common` WHERE ( gc_id_3 = '496' ) AND ( brand_id = '121' ) AND ( goods_id IN ('100094','100095','100097','100099','100100','100102','100103','100105','100106','100108','100136','100138','100145','100146') ) LIMIT 1  
[2016-02-01 15:34:26] /shop/cate-526-0-25_1-0-0-0-0-1-0.html ( act=search&op=index ) 
ERR: Db Error: Unknown column 'goods_id' in 'where clause'
SELECT COUNT(*) AS nc_count FROM `shopwwi_goods_common` WHERE ( gc_id_3 = '526' ) AND ( areaid_1 = '1' ) AND ( goods_id IN ('100093') ) LIMIT 1  
[2016-02-01 15:35:57] /shop/cate-478-0-13_2-0-0-0-0-0-0.html ( act=search&op=index ) 
ERR: Db Error: Unknown column 'goods_id' in 'where clause'
SELECT COUNT(*) AS nc_count FROM `shopwwi_goods_common` WHERE ( gc_id_3 = '478' ) AND ( goods_id IN ('100095','100099','100100','100105','100106','100108','100136') ) LIMIT 1  
[2016-02-01 15:37:27] /shop/cate-480-132-9-0-0-0-0-0-0.html ( act=search&op=index ) 
ERR: Db Error: Unknown column 'goods_id' in 'where clause'
SELECT COUNT(*) AS nc_count FROM `shopwwi_goods_common` WHERE ( gc_id_3 = '480' ) AND ( brand_id = '132' ) AND ( goods_id IN ('100095','100096','100103','100104','100106','100107','100108','100112','100113','100114','100118','100120','100121','100122','100123','100127','100131','100133','100134','100136','100137','100139','100141','100145','100146') ) LIMIT 1  
[2016-02-01 15:38:58] /shop/cate-480-117-23-0-0-0-0-1-0.html ( act=search&op=index ) 
ERR: Db Error: Unknown column 'goods_id' in 'where clause'
SELECT COUNT(*) AS nc_count FROM `shopwwi_goods_common` WHERE ( gc_id_3 = '480' ) AND ( brand_id = '117' ) AND ( areaid_1 = '1' ) AND ( goods_id IN ('100093','100096','100104','100118','100121') ) LIMIT 1  
[2016-02-01 15:40:28] /shop/cate-480-128-23_8_11-0-0-0-0-0-0.html ( act=search&op=index ) 
ERR: Db Error: Unknown column 'goods_id' in 'where clause'
SELECT COUNT(*) AS nc_count FROM `shopwwi_goods_common` WHERE ( gc_id_3 = '480' ) AND ( brand_id = '128' ) AND ( goods_id IN('') ) LIMIT 1  
[2016-02-01 15:41:59] /shop/cate-480-115-23_1-0-0-0-0-1-0.html ( act=search&op=index ) 
ERR: Db Error: Unknown column 'goods_id' in 'where clause'
SELECT COUNT(*) AS nc_count FROM `shopwwi_goods_common` WHERE ( gc_id_3 = '480' ) AND ( brand_id = '115' ) AND ( areaid_1 = '1' ) AND ( goods_id IN ('100093') ) LIMIT 1  
[2016-02-01 15:44:59] /shop/cate-478-0-13_1_10-0-0-0-0-0-0.html ( act=search&op=index ) 
ERR: Db Error: Unknown column 'goods_id' in 'where clause'
SELECT COUNT(*) AS nc_count FROM `shopwwi_goods_common` WHERE ( gc_id_3 = '478' ) AND ( goods_id IN('') ) LIMIT 1  
[2016-02-01 15:46:30] /shop/cate-496-119-16_1-0-0-0-0-0-0.html ( act=search&op=index ) 
ERR: Db Error: Unknown column 'goods_id' in 'where clause'
SELECT COUNT(*) AS nc_count FROM `shopwwi_goods_common` WHERE ( gc_id_3 = '496' ) AND ( brand_id = '119' ) AND ( goods_id IN('') ) LIMIT 1  
[2016-02-01 15:48:00] /shop/cate-480-128-23_9-0-0-0-0-0-0.html ( act=search&op=index ) 
ERR: Db Error: Unknown column 'goods_id' in 'where clause'
SELECT COUNT(*) AS nc_count FROM `shopwwi_goods_common` WHERE ( gc_id_3 = '480' ) AND ( brand_id = '128' ) AND ( goods_id IN ('100096','100104','100118','100121') ) LIMIT 1  
[2016-02-01 15:51:01] /shop/cate-496-122-17-0-0-0-0-0-0.html ( act=search&op=index ) 
ERR: Db Error: Unknown column 'goods_id' in 'where clause'
SELECT COUNT(*) AS nc_count FROM `shopwwi_goods_common` WHERE ( gc_id_3 = '496' ) AND ( brand_id = '122' ) AND ( goods_id IN('') ) LIMIT 1  
[2016-02-01 15:52:31] /shop/cate-480-114-23_9-0-0-0-0-0-0.html ( act=search&op=index ) 
ERR: Db Error: Unknown column 'goods_id' in 'where clause'
SELECT COUNT(*) AS nc_count FROM `shopwwi_goods_common` WHERE ( gc_id_3 = '480' ) AND ( brand_id = '114' ) AND ( goods_id IN ('100096','100104','100118','100121') ) LIMIT 1  
[2016-02-01 15:54:02] /shop/cate-494-119-12-0-0-0-0-0-0.html ( act=search&op=index ) 
ERR: Db Error: Unknown column 'goods_id' in 'where clause'
SELECT COUNT(*) AS nc_count FROM `shopwwi_goods_common` WHERE ( gc_id_3 = '494' ) AND ( brand_id = '119' ) AND ( goods_id IN ('100093','100094','100102','100103','100110','100119','100125','100126','100131','100132','100134','100135','100138','100145','100146') ) LIMIT 1  
[2016-02-01 15:55:32] /shop/cate-526-119-25_1-0-0-0-0-0-0.html ( act=search&op=index ) 
ERR: Db Error: Unknown column 'goods_id' in 'where clause'
SELECT COUNT(*) AS nc_count FROM `shopwwi_goods_common` WHERE ( gc_id_3 = '526' ) AND ( brand_id = '119' ) AND ( goods_id IN ('100093') ) LIMIT 1  
[2016-02-01 15:57:03] /shop/cate-480-119-23_8_11-0-0-0-0-0-0.html ( act=search&op=index ) 
ERR: Db Error: Unknown column 'goods_id' in 'where clause'
SELECT COUNT(*) AS nc_count FROM `shopwwi_goods_common` WHERE ( gc_id_3 = '480' ) AND ( brand_id = '119' ) AND ( goods_id IN('') ) LIMIT 1  
[2016-02-01 15:58:33] /shop/cate-480-121-23_9-0-0-0-0-0-0.html ( act=search&op=index ) 
ERR: Db Error: Unknown column 'goods_id' in 'where clause'
SELECT COUNT(*) AS nc_count FROM `shopwwi_goods_common` WHERE ( gc_id_3 = '480' ) AND ( brand_id = '121' ) AND ( goods_id IN ('100096','100104','100118','100121') ) LIMIT 1  
[2016-02-01 16:00:03] /shop/cate-494-132-7_1-0-0-0-0-0-0.html ( act=search&op=index ) 
ERR: Db Error: Unknown column 'goods_id' in 'where clause'
SELECT COUNT(*) AS nc_count FROM `shopwwi_goods_common` WHERE ( gc_id_3 = '494' ) AND ( brand_id = '132' ) AND ( goods_id IN('') ) LIMIT 1  
[2016-02-01 16:03:04] /shop/cate-496-139-2-0-0-0-0-0-0.html ( act=search&op=index ) 
ERR: Db Error: Unknown column 'goods_id' in 'where clause'
SELECT COUNT(*) AS nc_count FROM `shopwwi_goods_common` WHERE ( gc_id_3 = '496' ) AND ( brand_id = '139' ) AND ( goods_id IN ('100094','100095','100097','100099','100100','100102','100103','100105','100106','100108','100136','100138','100145','100146') ) LIMIT 1  
[2016-02-01 16:04:34] /shop/cate-494-142-10-0-0-0-0-0-0.html ( act=search&op=index ) 
ERR: Db Error: Unknown column 'goods_id' in 'where clause'
SELECT COUNT(*) AS nc_count FROM `shopwwi_goods_common` WHERE ( gc_id_3 = '494' ) AND ( brand_id = '142' ) AND ( goods_id IN ('100125','100130','100138') ) LIMIT 1  
[2016-02-01 16:06:05] /shop/cate-496-123-17-0-0-0-0-0-0.html ( act=search&op=index ) 
ERR: Db Error: Unknown column 'goods_id' in 'where clause'
SELECT COUNT(*) AS nc_count FROM `shopwwi_goods_common` WHERE ( gc_id_3 = '496' ) AND ( brand_id = '123' ) AND ( goods_id IN('') ) LIMIT 1  
[2016-02-01 16:07:35] /shop/cate-526-0-14_1-0-0-0-0-0-0.html ( act=search&op=index ) 
ERR: Db Error: Unknown column 'goods_id' in 'where clause'
SELECT COUNT(*) AS nc_count FROM `shopwwi_goods_common` WHERE ( gc_id_3 = '526' ) AND ( goods_id IN('') ) LIMIT 1  
[2016-02-01 16:10:36] /shop/cate-494-0-12_1-0-0-0-0-0-0.html ( act=search&op=index ) 
ERR: Db Error: Unknown column 'goods_id' in 'where clause'
SELECT COUNT(*) AS nc_count FROM `shopwwi_goods_common` WHERE ( gc_id_3 = '494' ) AND ( goods_id IN ('100093') ) LIMIT 1  
[2016-02-01 16:12:07] /shop/cate-496-0-3-0-0-0-0-1-0.html ( act=search&op=index ) 
ERR: Db Error: Unknown column 'goods_id' in 'where clause'
SELECT COUNT(*) AS nc_count FROM `shopwwi_goods_common` WHERE ( gc_id_3 = '496' ) AND ( areaid_1 = '1' ) AND ( goods_id IN ('100098','100101','100104','100109','100110','100111','100112','100113','100114','100120','100123','100124','100125','100132','100135','100137','100140','100142') ) LIMIT 1  
[2016-02-01 16:13:37] /shop/cate-494-117-8-0-0-0-0-0-0.html ( act=search&op=index ) 
ERR: Db Error: Unknown column 'goods_id' in 'where clause'
SELECT COUNT(*) AS nc_count FROM `shopwwi_goods_common` WHERE ( gc_id_3 = '494' ) AND ( brand_id = '117' ) AND ( goods_id IN ('100093','100094','100097','100098','100099','100100','100101','100102','100105','100109','100110','100111','100115','100116','100117','100119','100124','100126','100128','100129','100132','100135','100140','100142') ) LIMIT 1  
[2016-02-01 16:16:38] /shop/cate-480-125-22_1-0-0-0-0-0-0.html ( act=search&op=index ) 
ERR: Db Error: Unknown column 'goods_id' in 'where clause'
SELECT COUNT(*) AS nc_count FROM `shopwwi_goods_common` WHERE ( gc_id_3 = '480' ) AND ( brand_id = '125' ) AND ( goods_id IN('') ) LIMIT 1  
[2016-02-01 16:19:38] /shop/cate-480-115-22-0-0-0-0-0-0.html ( act=search&op=index ) 
ERR: Db Error: Unknown column 'goods_id' in 'where clause'
SELECT COUNT(*) AS nc_count FROM `shopwwi_goods_common` WHERE ( gc_id_3 = '480' ) AND ( brand_id = '115' ) AND ( goods_id IN ('100094','100097','100098','100099','100101','100103','100105','100107','100108','100109','100110','100111','100112','100113','100114','100115','100116','100117','100119','100120','100122','100123','100124','100125','100126','100128','100129','100130','100131','100132','100133','100135','100136','100139','100140') ) LIMIT 1  
[2016-02-01 16:21:09] /shop/cate-480-115-23_8_11-0-0-0-0-0-0.html ( act=search&op=index ) 
ERR: Db Error: Unknown column 'goods_id' in 'where clause'
SELECT COUNT(*) AS nc_count FROM `shopwwi_goods_common` WHERE ( gc_id_3 = '480' ) AND ( brand_id = '115' ) AND ( goods_id IN('') ) LIMIT 1  
[2016-02-01 16:22:39] /shop/cate-494-134-10-0-0-0-0-0-0.html ( act=search&op=index ) 
ERR: Db Error: Unknown column 'goods_id' in 'where clause'
SELECT COUNT(*) AS nc_count FROM `shopwwi_goods_common` WHERE ( gc_id_3 = '494' ) AND ( brand_id = '134' ) AND ( goods_id IN ('100125','100130','100138') ) LIMIT 1  
[2016-02-01 16:25:40] /shop/cate-494-133-10-0-0-0-0-0-0.html ( act=search&op=index ) 
ERR: Db Error: Unknown column 'goods_id' in 'where clause'
SELECT COUNT(*) AS nc_count FROM `shopwwi_goods_common` WHERE ( gc_id_3 = '494' ) AND ( brand_id = '133' ) AND ( goods_id IN ('100125','100130','100138') ) LIMIT 1  
[2016-02-01 16:27:11] /shop/cate-494-139-7_1-0-0-0-0-0-0.html ( act=search&op=index ) 
ERR: Db Error: Unknown column 'goods_id' in 'where clause'
SELECT COUNT(*) AS nc_count FROM `shopwwi_goods_common` WHERE ( gc_id_3 = '494' ) AND ( brand_id = '139' ) AND ( goods_id IN('') ) LIMIT 1  
[2016-02-01 16:30:11] /shop/cate-480-126-23_8_11-0-0-0-0-0-0.html ( act=search&op=index ) 
ERR: Db Error: Unknown column 'goods_id' in 'where clause'
SELECT COUNT(*) AS nc_count FROM `shopwwi_goods_common` WHERE ( gc_id_3 = '480' ) AND ( brand_id = '126' ) AND ( goods_id IN('') ) LIMIT 1  
[2016-02-01 16:33:13] /shop/cate-526-140-25_1-0-0-0-0-0-0.html ( act=search&op=index ) 
ERR: Db Error: Unknown column 'goods_id' in 'where clause'
SELECT COUNT(*) AS nc_count FROM `shopwwi_goods_common` WHERE ( gc_id_3 = '526' ) AND ( brand_id = '140' ) AND ( goods_id IN ('100093') ) LIMIT 1  
[2016-02-01 16:34:43] /shop/cate-526-115-6-0-0-0-0-0-0.html ( act=search&op=index ) 
ERR: Db Error: Unknown column 'goods_id' in 'where clause'
SELECT COUNT(*) AS nc_count FROM `shopwwi_goods_common` WHERE ( gc_id_3 = '526' ) AND ( brand_id = '115' ) AND ( goods_id IN('') ) LIMIT 1  
[2016-02-01 16:36:13] /shop/cate-480-131-22_1-0-0-0-0-0-0.html ( act=search&op=index ) 
ERR: Db Error: Unknown column 'goods_id' in 'where clause'
SELECT COUNT(*) AS nc_count FROM `shopwwi_goods_common` WHERE ( gc_id_3 = '480' ) AND ( brand_id = '131' ) AND ( goods_id IN('') ) LIMIT 1  
[2016-02-01 16:37:43] /shop/cate-480-136-24-0-0-0-0-13-0.html ( act=search&op=index ) 
ERR: Db Error: Unknown column 'goods_id' in 'where clause'
SELECT COUNT(*) AS nc_count FROM `shopwwi_goods_common` WHERE ( gc_id_3 = '480' ) AND ( brand_id = '136' ) AND ( areaid_1 = '13' ) AND ( goods_id IN ('100095','100101','100112','100116','100117','100119','100122','100124','100128','100129','100132','100133','100134','100135','100138') ) LIMIT 1  
[2016-02-01 16:39:14] /shop/cate-480-121-23_2-0-0-0-0-0-0.html ( act=search&op=index ) 
ERR: Db Error: Unknown column 'goods_id' in 'where clause'
SELECT COUNT(*) AS nc_count FROM `shopwwi_goods_common` WHERE ( gc_id_3 = '480' ) AND ( brand_id = '121' ) AND ( goods_id IN('') ) LIMIT 1  
[2016-02-01 16:40:45] /shop/cate-480-125-23_2-0-0-0-0-28-0.html ( act=search&op=index ) 
ERR: Db Error: Unknown column 'goods_id' in 'where clause'
SELECT COUNT(*) AS nc_count FROM `shopwwi_goods_common` WHERE ( gc_id_3 = '480' ) AND ( brand_id = '125' ) AND ( areaid_1 = '28' ) AND ( goods_id IN('') ) LIMIT 1  
[2016-02-01 16:42:15] /shop/cate-496-118-18-0-0-0-0-0-0.html ( act=search&op=index ) 
ERR: Db Error: Unknown column 'goods_id' in 'where clause'
SELECT COUNT(*) AS nc_count FROM `shopwwi_goods_common` WHERE ( gc_id_3 = '496' ) AND ( brand_id = '118' ) AND ( goods_id IN('') ) LIMIT 1  
[2016-02-01 16:43:45] /shop/cate-480-142-22-0-0-0-0-0-0.html ( act=search&op=index ) 
ERR: Db Error: Unknown column 'goods_id' in 'where clause'
SELECT COUNT(*) AS nc_count FROM `shopwwi_goods_common` WHERE ( gc_id_3 = '480' ) AND ( brand_id = '142' ) AND ( goods_id IN ('100094','100097','100098','100099','100101','100103','100105','100107','100108','100109','100110','100111','100112','100113','100114','100115','100116','100117','100119','100120','100122','100123','100124','100125','100126','100128','100129','100130','100131','100132','100133','100135','100136','100139','100140') ) LIMIT 1  
[2016-02-01 16:45:15] /shop/cate-480-137-23-0-0-0-0-28-0.html ( act=search&op=index ) 
ERR: Db Error: Unknown column 'goods_id' in 'where clause'
SELECT COUNT(*) AS nc_count FROM `shopwwi_goods_common` WHERE ( gc_id_3 = '480' ) AND ( brand_id = '137' ) AND ( areaid_1 = '28' ) AND ( goods_id IN ('100093','100096','100104','100118','100121') ) LIMIT 1  
[2016-02-01 16:46:46] /shop/cate-480-131-23_9-0-0-0-0-0-0.html ( act=search&op=index ) 
ERR: Db Error: Unknown column 'goods_id' in 'where clause'
SELECT COUNT(*) AS nc_count FROM `shopwwi_goods_common` WHERE ( gc_id_3 = '480' ) AND ( brand_id = '131' ) AND ( goods_id IN ('100096','100104','100118','100121') ) LIMIT 1  
[2016-02-01 16:48:16] /shop/cate-496-116-2-0-0-0-0-0-0.html ( act=search&op=index ) 
ERR: Db Error: Unknown column 'goods_id' in 'where clause'
SELECT COUNT(*) AS nc_count FROM `shopwwi_goods_common` WHERE ( gc_id_3 = '496' ) AND ( brand_id = '116' ) AND ( goods_id IN ('100094','100095','100097','100099','100100','100102','100103','100105','100106','100108','100136','100138','100145','100146') ) LIMIT 1  
[2016-02-01 16:49:47] /shop/cate-496-142-18_10-0-0-0-0-0-0.html ( act=search&op=index ) 
ERR: Db Error: Unknown column 'goods_id' in 'where clause'
SELECT COUNT(*) AS nc_count FROM `shopwwi_goods_common` WHERE ( gc_id_3 = '496' ) AND ( brand_id = '142' ) AND ( goods_id IN('') ) LIMIT 1  
[2016-02-01 16:51:17] /shop/cate-478-139-13_1-0-0-0-0-0-0.html ( act=search&op=index ) 
ERR: Db Error: Unknown column 'goods_id' in 'where clause'
SELECT COUNT(*) AS nc_count FROM `shopwwi_goods_common` WHERE ( gc_id_3 = '478' ) AND ( brand_id = '139' ) AND ( goods_id IN('') ) LIMIT 1  
[2016-02-01 16:52:48] /shop/cate-480-136-20_1-0-0-0-0-0-0.html ( act=search&op=index ) 
ERR: Db Error: Unknown column 'goods_id' in 'where clause'
SELECT COUNT(*) AS nc_count FROM `shopwwi_goods_common` WHERE ( gc_id_3 = '480' ) AND ( brand_id = '136' ) AND ( goods_id IN('') ) LIMIT 1  
[2016-02-01 16:54:18] /shop/cate-480-123-23_2-0-0-0-0-0-0.html ( act=search&op=index ) 
ERR: Db Error: Unknown column 'goods_id' in 'where clause'
SELECT COUNT(*) AS nc_count FROM `shopwwi_goods_common` WHERE ( gc_id_3 = '480' ) AND ( brand_id = '123' ) AND ( goods_id IN('') ) LIMIT 1  
[2016-02-01 16:55:49] /shop/cate-526-128-25_1-0-0-0-0-0-0.html ( act=search&op=index ) 
ERR: Db Error: Unknown column 'goods_id' in 'where clause'
SELECT COUNT(*) AS nc_count FROM `shopwwi_goods_common` WHERE ( gc_id_3 = '526' ) AND ( brand_id = '128' ) AND ( goods_id IN ('100093') ) LIMIT 1  
[2016-02-01 16:57:19] /shop/cate-526-129-3-0-0-0-0-0-0.html ( act=search&op=index ) 
ERR: Db Error: Unknown column 'goods_id' in 'where clause'
SELECT COUNT(*) AS nc_count FROM `shopwwi_goods_common` WHERE ( gc_id_3 = '526' ) AND ( brand_id = '129' ) AND ( goods_id IN ('100098','100101','100104','100109','100110','100111','100112','100113','100114','100120','100123','100124','100125','100132','100135','100137','100140','100142') ) LIMIT 1  
[2016-02-01 16:58:49] /shop/cate-480-131-23_10_1-0-0-0-0-0-0.html ( act=search&op=index ) 
ERR: Db Error: Unknown column 'goods_id' in 'where clause'
SELECT COUNT(*) AS nc_count FROM `shopwwi_goods_common` WHERE ( gc_id_3 = '480' ) AND ( brand_id = '131' ) AND ( goods_id IN('') ) LIMIT 1  
[2016-02-01 17:03:20] /shop/cate-526-118-25_1-0-0-0-0-0-0.html ( act=search&op=index ) 
ERR: Db Error: Unknown column 'goods_id' in 'where clause'
SELECT COUNT(*) AS nc_count FROM `shopwwi_goods_common` WHERE ( gc_id_3 = '526' ) AND ( brand_id = '118' ) AND ( goods_id IN ('100093') ) LIMIT 1  
[2016-02-01 17:04:51] /shop/cate-478-141-13_1-0-0-0-0-0-0.html ( act=search&op=index ) 
ERR: Db Error: Unknown column 'goods_id' in 'where clause'
SELECT COUNT(*) AS nc_count FROM `shopwwi_goods_common` WHERE ( gc_id_3 = '478' ) AND ( brand_id = '141' ) AND ( goods_id IN('') ) LIMIT 1  
[2016-02-01 17:09:22] /shop/cate-480-136-21-0-0-0-0-13-0.html ( act=search&op=index ) 
ERR: Db Error: Unknown column 'goods_id' in 'where clause'
SELECT COUNT(*) AS nc_count FROM `shopwwi_goods_common` WHERE ( gc_id_3 = '480' ) AND ( brand_id = '136' ) AND ( areaid_1 = '13' ) AND ( goods_id IN ('100095','100100','100102','100106','100127','100134','100137','100138','100141','100142','100145','100146') ) LIMIT 1  
[2016-02-01 17:10:52] /shop/cate-480-114-21-0-0-0-0-0-0.html ( act=search&op=index ) 
ERR: Db Error: Unknown column 'goods_id' in 'where clause'
SELECT COUNT(*) AS nc_count FROM `shopwwi_goods_common` WHERE ( gc_id_3 = '480' ) AND ( brand_id = '114' ) AND ( goods_id IN ('100095','100100','100102','100106','100127','100134','100137','100138','100141','100142','100145','100146') ) LIMIT 1  
[2016-02-01 17:12:23] /shop/cate-526-139-9-0-0-0-0-0-0.html ( act=search&op=index ) 
ERR: Db Error: Unknown column 'goods_id' in 'where clause'
SELECT COUNT(*) AS nc_count FROM `shopwwi_goods_common` WHERE ( gc_id_3 = '526' ) AND ( brand_id = '139' ) AND ( goods_id IN ('100095','100096','100103','100104','100106','100107','100108','100112','100113','100114','100118','100120','100121','100122','100123','100127','100131','100133','100134','100136','100137','100139','100141','100145','100146') ) LIMIT 1  
[2016-02-01 17:13:53] /shop/cate-480-127-22_1-0-0-0-0-0-0.html ( act=search&op=index ) 
ERR: Db Error: Unknown column 'goods_id' in 'where clause'
SELECT COUNT(*) AS nc_count FROM `shopwwi_goods_common` WHERE ( gc_id_3 = '480' ) AND ( brand_id = '127' ) AND ( goods_id IN('') ) LIMIT 1  
[2016-02-01 17:15:23] /shop/cate-480-131-23_10-0-0-0-0-1-0.html ( act=search&op=index ) 
ERR: Db Error: Unknown column 'goods_id' in 'where clause'
SELECT COUNT(*) AS nc_count FROM `shopwwi_goods_common` WHERE ( gc_id_3 = '480' ) AND ( brand_id = '131' ) AND ( areaid_1 = '1' ) AND ( goods_id IN('') ) LIMIT 1  
[2016-02-01 17:19:55] /shop/cate-480-120-22_1-0-0-0-0-0-0.html ( act=search&op=index ) 
ERR: Db Error: Unknown column 'goods_id' in 'where clause'
SELECT COUNT(*) AS nc_count FROM `shopwwi_goods_common` WHERE ( gc_id_3 = '480' ) AND ( brand_id = '120' ) AND ( goods_id IN('') ) LIMIT 1  
[2016-02-01 17:21:25] /shop/cate-480-121-23-0-0-0-0-28-0.html ( act=search&op=index ) 
ERR: Db Error: Unknown column 'goods_id' in 'where clause'
SELECT COUNT(*) AS nc_count FROM `shopwwi_goods_common` WHERE ( gc_id_3 = '480' ) AND ( brand_id = '121' ) AND ( areaid_1 = '28' ) AND ( goods_id IN ('100093','100096','100104','100118','100121') ) LIMIT 1  
[2016-02-01 17:22:55] /shop/cate-480-140-22_1-0-0-0-0-0-0.html ( act=search&op=index ) 
ERR: Db Error: Unknown column 'goods_id' in 'where clause'
SELECT COUNT(*) AS nc_count FROM `shopwwi_goods_common` WHERE ( gc_id_3 = '480' ) AND ( brand_id = '140' ) AND ( goods_id IN('') ) LIMIT 1  
[2016-02-01 17:24:26] /shop/cate-526-120-4-0-0-0-0-0-0.html ( act=search&op=index ) 
ERR: Db Error: Unknown column 'goods_id' in 'where clause'
SELECT COUNT(*) AS nc_count FROM `shopwwi_goods_common` WHERE ( gc_id_3 = '526' ) AND ( brand_id = '120' ) AND ( goods_id IN ('100096','100107','100116','100117','100121','100122','100126','100127','100128','100129','100130','100131','100134','100141') ) LIMIT 1  
[2016-02-01 17:25:57] /shop/cate-496-128-2-0-0-0-0-0-0.html ( act=search&op=index ) 
ERR: Db Error: Unknown column 'goods_id' in 'where clause'
SELECT COUNT(*) AS nc_count FROM `shopwwi_goods_common` WHERE ( gc_id_3 = '496' ) AND ( brand_id = '128' ) AND ( goods_id IN ('100094','100095','100097','100099','100100','100102','100103','100105','100106','100108','100136','100138','100145','100146') ) LIMIT 1  
[2016-02-01 17:27:27] /shop/cate-478-120-13_1-0-0-0-0-0-0.html ( act=search&op=index ) 
ERR: Db Error: Unknown column 'goods_id' in 'where clause'
SELECT COUNT(*) AS nc_count FROM `shopwwi_goods_common` WHERE ( gc_id_3 = '478' ) AND ( brand_id = '120' ) AND ( goods_id IN('') ) LIMIT 1  
[2016-02-01 17:28:57] /shop/cate-480-138-23_1_10-0-0-0-0-0-0.html ( act=search&op=index ) 
ERR: Db Error: Unknown column 'goods_id' in 'where clause'
SELECT COUNT(*) AS nc_count FROM `shopwwi_goods_common` WHERE ( gc_id_3 = '480' ) AND ( brand_id = '138' ) AND ( goods_id IN('') ) LIMIT 1  
[2016-02-01 17:30:28] /shop/cate-480-138-22-0-0-0-0-0-0.html ( act=search&op=index ) 
ERR: Db Error: Unknown column 'goods_id' in 'where clause'
SELECT COUNT(*) AS nc_count FROM `shopwwi_goods_common` WHERE ( gc_id_3 = '480' ) AND ( brand_id = '138' ) AND ( goods_id IN ('100094','100097','100098','100099','100101','100103','100105','100107','100108','100109','100110','100111','100112','100113','100114','100115','100116','100117','100119','100120','100122','100123','100124','100125','100126','100128','100129','100130','100131','100132','100133','100135','100136','100139','100140') ) LIMIT 1  
[2016-02-01 17:31:58] /shop/cate-480-0-23_8_11_1-0-0-0-0-0-0.html ( act=search&op=index ) 
ERR: Db Error: Unknown column 'goods_id' in 'where clause'
SELECT COUNT(*) AS nc_count FROM `shopwwi_goods_common` WHERE ( gc_id_3 = '480' ) AND ( goods_id IN('') ) LIMIT 1  
[2016-02-01 17:33:28] /shop/cate-478-138-13_1-0-0-0-0-0-0.html ( act=search&op=index ) 
ERR: Db Error: Unknown column 'goods_id' in 'where clause'
SELECT COUNT(*) AS nc_count FROM `shopwwi_goods_common` WHERE ( gc_id_3 = '478' ) AND ( brand_id = '138' ) AND ( goods_id IN('') ) LIMIT 1  
[2016-02-01 17:34:59] /shop/cate-480-138-23_9-0-0-0-0-0-0.html ( act=search&op=index ) 
ERR: Db Error: Unknown column 'goods_id' in 'where clause'
SELECT COUNT(*) AS nc_count FROM `shopwwi_goods_common` WHERE ( gc_id_3 = '480' ) AND ( brand_id = '138' ) AND ( goods_id IN ('100096','100104','100118','100121') ) LIMIT 1  
[2016-02-01 17:36:29] /shop/cate-480-119-23_9-0-0-0-0-0-0.html ( act=search&op=index ) 
ERR: Db Error: Unknown column 'goods_id' in 'where clause'
SELECT COUNT(*) AS nc_count FROM `shopwwi_goods_common` WHERE ( gc_id_3 = '480' ) AND ( brand_id = '119' ) AND ( goods_id IN ('100096','100104','100118','100121') ) LIMIT 1  
[2016-02-01 17:38:00] /shop/cate-496-128-18_10-0-0-0-0-0-0.html ( act=search&op=index ) 
ERR: Db Error: Unknown column 'goods_id' in 'where clause'
SELECT COUNT(*) AS nc_count FROM `shopwwi_goods_common` WHERE ( gc_id_3 = '496' ) AND ( brand_id = '128' ) AND ( goods_id IN('') ) LIMIT 1  
[2016-02-01 17:39:30] /shop/cate-480-138-6-0-0-0-0-1-0.html ( act=search&op=index ) 
ERR: Db Error: Unknown column 'goods_id' in 'where clause'
SELECT COUNT(*) AS nc_count FROM `shopwwi_goods_common` WHERE ( gc_id_3 = '480' ) AND ( brand_id = '138' ) AND ( areaid_1 = '1' ) AND ( goods_id IN('') ) LIMIT 1  
[2016-02-01 17:41:01] /shop/cate-480-0-23_2_10-0-0-0-0-28-0.html ( act=search&op=index ) 
ERR: Db Error: Unknown column 'goods_id' in 'where clause'
SELECT COUNT(*) AS nc_count FROM `shopwwi_goods_common` WHERE ( gc_id_3 = '480' ) AND ( areaid_1 = '28' ) AND ( goods_id IN('') ) LIMIT 1  
[2016-02-01 17:42:31] /shop/cate-496-132-18_10-0-0-0-0-0-0.html ( act=search&op=index ) 
ERR: Db Error: Unknown column 'goods_id' in 'where clause'
SELECT COUNT(*) AS nc_count FROM `shopwwi_goods_common` WHERE ( gc_id_3 = '496' ) AND ( brand_id = '132' ) AND ( goods_id IN('') ) LIMIT 1  
[2016-02-01 17:44:01] /shop/cate-494-130-10-0-0-0-0-0-0.html ( act=search&op=index ) 
ERR: Db Error: Unknown column 'goods_id' in 'where clause'
SELECT COUNT(*) AS nc_count FROM `shopwwi_goods_common` WHERE ( gc_id_3 = '494' ) AND ( brand_id = '130' ) AND ( goods_id IN ('100125','100130','100138') ) LIMIT 1  
[2016-02-01 17:45:31] /shop/cate-480-122-23-0-0-0-0-17-0.html ( act=search&op=index ) 
ERR: Db Error: Unknown column 'goods_id' in 'where clause'
SELECT COUNT(*) AS nc_count FROM `shopwwi_goods_common` WHERE ( gc_id_3 = '480' ) AND ( brand_id = '122' ) AND ( areaid_1 = '17' ) AND ( goods_id IN ('100093','100096','100104','100118','100121') ) LIMIT 1  
[2016-02-01 17:47:02] /shop/cate-480-121-6-0-0-0-0-0-0.html ( act=search&op=index ) 
ERR: Db Error: Unknown column 'goods_id' in 'where clause'
SELECT COUNT(*) AS nc_count FROM `shopwwi_goods_common` WHERE ( gc_id_3 = '480' ) AND ( brand_id = '121' ) AND ( goods_id IN('') ) LIMIT 1  
[2016-02-01 17:48:32] /shop/cate-480-123-23_9-0-0-0-0-0-0.html ( act=search&op=index ) 
ERR: Db Error: Unknown column 'goods_id' in 'where clause'
SELECT COUNT(*) AS nc_count FROM `shopwwi_goods_common` WHERE ( gc_id_3 = '480' ) AND ( brand_id = '123' ) AND ( goods_id IN ('100096','100104','100118','100121') ) LIMIT 1  
[2016-02-01 17:51:34] /shop/cate-480-119-22_1-0-0-0-0-0-0.html ( act=search&op=index ) 
ERR: Db Error: Unknown column 'goods_id' in 'where clause'
SELECT COUNT(*) AS nc_count FROM `shopwwi_goods_common` WHERE ( gc_id_3 = '480' ) AND ( brand_id = '119' ) AND ( goods_id IN('') ) LIMIT 1  
[2016-02-01 17:53:04] /shop/cate-496-135-17-0-0-0-0-0-0.html ( act=search&op=index ) 
ERR: Db Error: Unknown column 'goods_id' in 'where clause'
SELECT COUNT(*) AS nc_count FROM `shopwwi_goods_common` WHERE ( gc_id_3 = '496' ) AND ( brand_id = '135' ) AND ( goods_id IN('') ) LIMIT 1  
[2016-02-01 17:54:34] /shop/cate-480-0-23_8_11-0-0-0-0-1-0.html ( act=search&op=index ) 
ERR: Db Error: Unknown column 'goods_id' in 'where clause'
SELECT COUNT(*) AS nc_count FROM `shopwwi_goods_common` WHERE ( gc_id_3 = '480' ) AND ( areaid_1 = '1' ) AND ( goods_id IN('') ) LIMIT 1  
[2016-02-01 17:56:05] /shop/cate-494-136-7_1-0-0-0-0-0-0.html ( act=search&op=index ) 
ERR: Db Error: Unknown column 'goods_id' in 'where clause'
SELECT COUNT(*) AS nc_count FROM `shopwwi_goods_common` WHERE ( gc_id_3 = '494' ) AND ( brand_id = '136' ) AND ( goods_id IN('') ) LIMIT 1  
[2016-02-01 17:57:35] /shop/cate-494-125-7_1-0-0-0-0-0-0.html ( act=search&op=index ) 
ERR: Db Error: Unknown column 'goods_id' in 'where clause'
SELECT COUNT(*) AS nc_count FROM `shopwwi_goods_common` WHERE ( gc_id_3 = '494' ) AND ( brand_id = '125' ) AND ( goods_id IN('') ) LIMIT 1  
[2016-02-01 17:59:06] /shop/cate-480-137-23_1-0-0-0-0-1-0.html ( act=search&op=index ) 
ERR: Db Error: Unknown column 'goods_id' in 'where clause'
SELECT COUNT(*) AS nc_count FROM `shopwwi_goods_common` WHERE ( gc_id_3 = '480' ) AND ( brand_id = '137' ) AND ( areaid_1 = '1' ) AND ( goods_id IN ('100093') ) LIMIT 1  
[2016-02-01 18:00:36] /shop/cate-480-130-23-0-0-0-0-19-0.html ( act=search&op=index ) 
ERR: Db Error: Unknown column 'goods_id' in 'where clause'
SELECT COUNT(*) AS nc_count FROM `shopwwi_goods_common` WHERE ( gc_id_3 = '480' ) AND ( brand_id = '130' ) AND ( areaid_1 = '19' ) AND ( goods_id IN ('100093','100096','100104','100118','100121') ) LIMIT 1  
[2016-02-01 18:02:06] /shop/cate-480-123-20_1-0-0-0-0-0-0.html ( act=search&op=index ) 
ERR: Db Error: Unknown column 'goods_id' in 'where clause'
SELECT COUNT(*) AS nc_count FROM `shopwwi_goods_common` WHERE ( gc_id_3 = '480' ) AND ( brand_id = '123' ) AND ( goods_id IN('') ) LIMIT 1  
[2016-02-01 18:03:36] /shop/cate-526-125-9-0-0-0-0-0-0.html ( act=search&op=index ) 
ERR: Db Error: Unknown column 'goods_id' in 'where clause'
SELECT COUNT(*) AS nc_count FROM `shopwwi_goods_common` WHERE ( gc_id_3 = '526' ) AND ( brand_id = '125' ) AND ( goods_id IN ('100095','100096','100103','100104','100106','100107','100108','100112','100113','100114','100118','100120','100121','100122','100123','100127','100131','100133','100134','100136','100137','100139','100141','100145','100146') ) LIMIT 1  
[2016-02-01 18:05:07] /shop/cate-496-117-2-0-0-0-0-0-0.html ( act=search&op=index ) 
ERR: Db Error: Unknown column 'goods_id' in 'where clause'
SELECT COUNT(*) AS nc_count FROM `shopwwi_goods_common` WHERE ( gc_id_3 = '496' ) AND ( brand_id = '117' ) AND ( goods_id IN ('100094','100095','100097','100099','100100','100102','100103','100105','100106','100108','100136','100138','100145','100146') ) LIMIT 1  
[2016-02-01 18:06:37] /shop/cate-480-130-22-0-0-0-0-0-0.html ( act=search&op=index ) 
ERR: Db Error: Unknown column 'goods_id' in 'where clause'
SELECT COUNT(*) AS nc_count FROM `shopwwi_goods_common` WHERE ( gc_id_3 = '480' ) AND ( brand_id = '130' ) AND ( goods_id IN ('100094','100097','100098','100099','100101','100103','100105','100107','100108','100109','100110','100111','100112','100113','100114','100115','100116','100117','100119','100120','100122','100123','100124','100125','100126','100128','100129','100130','100131','100132','100133','100135','100136','100139','100140') ) LIMIT 1  
[2016-02-01 18:09:38] /shop/cate-480-125-20_1-0-0-0-0-0-0.html ( act=search&op=index ) 
ERR: Db Error: Unknown column 'goods_id' in 'where clause'
SELECT COUNT(*) AS nc_count FROM `shopwwi_goods_common` WHERE ( gc_id_3 = '480' ) AND ( brand_id = '125' ) AND ( goods_id IN('') ) LIMIT 1  
[2016-02-01 18:11:09] /shop/cate-480-114-23_8_11-0-0-0-0-0-0.html ( act=search&op=index ) 
ERR: Db Error: Unknown column 'goods_id' in 'where clause'
SELECT COUNT(*) AS nc_count FROM `shopwwi_goods_common` WHERE ( gc_id_3 = '480' ) AND ( brand_id = '114' ) AND ( goods_id IN('') ) LIMIT 1  
[2016-02-01 18:12:39] /shop/cate-480-123-23_8_11-0-0-0-0-0-0.html ( act=search&op=index ) 
ERR: Db Error: Unknown column 'goods_id' in 'where clause'
SELECT COUNT(*) AS nc_count FROM `shopwwi_goods_common` WHERE ( gc_id_3 = '480' ) AND ( brand_id = '123' ) AND ( goods_id IN('') ) LIMIT 1  
[2016-02-01 18:14:09] /shop/cate-494-123-7_1-0-0-0-0-0-0.html ( act=search&op=index ) 
ERR: Db Error: Unknown column 'goods_id' in 'where clause'
SELECT COUNT(*) AS nc_count FROM `shopwwi_goods_common` WHERE ( gc_id_3 = '494' ) AND ( brand_id = '123' ) AND ( goods_id IN('') ) LIMIT 1  
[2016-02-01 18:15:40] /shop/cate-480-124-23_15-0-0-0-0-0-0.html ( act=search&op=index ) 
ERR: Db Error: Unknown column 'goods_id' in 'where clause'
SELECT COUNT(*) AS nc_count FROM `shopwwi_goods_common` WHERE ( gc_id_3 = '480' ) AND ( brand_id = '124' ) AND ( goods_id IN('') ) LIMIT 1  
[2016-02-01 18:17:10] /shop/cate-496-0-18_10-0-0-0-0-1-0.html ( act=search&op=index ) 
ERR: Db Error: Unknown column 'goods_id' in 'where clause'
SELECT COUNT(*) AS nc_count FROM `shopwwi_goods_common` WHERE ( gc_id_3 = '496' ) AND ( areaid_1 = '1' ) AND ( goods_id IN('') ) LIMIT 1  
[2016-02-01 18:18:40] /shop/cate-496-133-18_10-0-0-0-0-0-0.html ( act=search&op=index ) 
ERR: Db Error: Unknown column 'goods_id' in 'where clause'
SELECT COUNT(*) AS nc_count FROM `shopwwi_goods_common` WHERE ( gc_id_3 = '496' ) AND ( brand_id = '133' ) AND ( goods_id IN('') ) LIMIT 1  
[2016-02-01 18:21:41] /shop/cate-496-119-2-0-0-0-0-0-0.html ( act=search&op=index ) 
ERR: Db Error: Unknown column 'goods_id' in 'where clause'
SELECT COUNT(*) AS nc_count FROM `shopwwi_goods_common` WHERE ( gc_id_3 = '496' ) AND ( brand_id = '119' ) AND ( goods_id IN ('100094','100095','100097','100099','100100','100102','100103','100105','100106','100108','100136','100138','100145','100146') ) LIMIT 1  
[2016-02-01 18:23:03] /shop/cate-874-0-0-0-0-0-1-0-0.html ( act=search&op=index ) 
ERR: Db Error: Unknown column 'have_gift' in 'where clause'
SELECT COUNT(*) AS nc_count FROM `shopwwi_goods_common` WHERE ( gc_id_3 = '874' ) AND ( have_gift = '1' ) LIMIT 1  
[2016-02-01 18:23:11] /shop/cate-496-136-16_1-0-0-0-0-0-0.html ( act=search&op=index ) 
ERR: Db Error: Unknown column 'goods_id' in 'where clause'
SELECT COUNT(*) AS nc_count FROM `shopwwi_goods_common` WHERE ( gc_id_3 = '496' ) AND ( brand_id = '136' ) AND ( goods_id IN('') ) LIMIT 1  
[2016-02-01 18:23:16] /shop/cate-12-0-0-0-0-0-1-0-0.html ( act=search&op=index ) 
ERR: Db Error: Unknown column 'have_gift' in 'where clause'
SELECT COUNT(*) AS nc_count FROM `shopwwi_goods_common` WHERE ( gc_id_3 = '12' ) AND ( have_gift = '1' ) LIMIT 1  
[2016-02-01 18:24:42] /shop/cate-480-114-23-0-0-0-0-1-0.html ( act=search&op=index ) 
ERR: Db Error: Unknown column 'goods_id' in 'where clause'
SELECT COUNT(*) AS nc_count FROM `shopwwi_goods_common` WHERE ( gc_id_3 = '480' ) AND ( brand_id = '114' ) AND ( areaid_1 = '1' ) AND ( goods_id IN ('100093','100096','100104','100118','100121') ) LIMIT 1  
[2016-02-01 18:26:12] /shop/cate-494-134-7_1-0-0-0-0-0-0.html ( act=search&op=index ) 
ERR: Db Error: Unknown column 'goods_id' in 'where clause'
SELECT COUNT(*) AS nc_count FROM `shopwwi_goods_common` WHERE ( gc_id_3 = '494' ) AND ( brand_id = '134' ) AND ( goods_id IN('') ) LIMIT 1  
[2016-02-01 18:27:43] /shop/cate-480-125-23_9-0-0-0-0-0-0.html ( act=search&op=index ) 
ERR: Db Error: Unknown column 'goods_id' in 'where clause'
SELECT COUNT(*) AS nc_count FROM `shopwwi_goods_common` WHERE ( gc_id_3 = '480' ) AND ( brand_id = '125' ) AND ( goods_id IN ('100096','100104','100118','100121') ) LIMIT 1  
[2016-02-01 18:30:44] /shop/cate-526-113-25_1-0-0-0-0-0-0.html ( act=search&op=index ) 
ERR: Db Error: Unknown column 'goods_id' in 'where clause'
SELECT COUNT(*) AS nc_count FROM `shopwwi_goods_common` WHERE ( gc_id_3 = '526' ) AND ( brand_id = '113' ) AND ( goods_id IN ('100093') ) LIMIT 1  
[2016-02-01 18:30:50] /shop/cate-12-0-0-3-2-0-1-0-0.html ( act=search&op=index ) 
ERR: Db Error: Unknown column 'have_gift' in 'where clause'
SELECT COUNT(*) AS nc_count FROM `shopwwi_goods_common` WHERE ( gc_id_3 = '12' ) AND ( have_gift = '1' ) LIMIT 1  
[2016-02-01 18:32:14] /shop/cate-480-127-23_9-0-0-0-0-0-0.html ( act=search&op=index ) 
ERR: Db Error: Unknown column 'goods_id' in 'where clause'
SELECT COUNT(*) AS nc_count FROM `shopwwi_goods_common` WHERE ( gc_id_3 = '480' ) AND ( brand_id = '127' ) AND ( goods_id IN ('100096','100104','100118','100121') ) LIMIT 1  
[2016-02-01 18:33:44] /shop/cate-496-128-18-0-0-0-0-0-0.html ( act=search&op=index ) 
ERR: Db Error: Unknown column 'goods_id' in 'where clause'
SELECT COUNT(*) AS nc_count FROM `shopwwi_goods_common` WHERE ( gc_id_3 = '496' ) AND ( brand_id = '128' ) AND ( goods_id IN('') ) LIMIT 1  
[2016-02-01 18:34:37] /shop/cate-12-0-0-3-1-0-1-0-0.html ( act=search&op=index ) 
ERR: Db Error: Unknown column 'have_gift' in 'where clause'
SELECT COUNT(*) AS nc_count FROM `shopwwi_goods_common` WHERE ( gc_id_3 = '12' ) AND ( have_gift = '1' ) LIMIT 1  
[2016-02-01 18:35:15] /shop/cate-480-133-23_8_11-0-0-0-0-0-0.html ( act=search&op=index ) 
ERR: Db Error: Unknown column 'goods_id' in 'where clause'
SELECT COUNT(*) AS nc_count FROM `shopwwi_goods_common` WHERE ( gc_id_3 = '480' ) AND ( brand_id = '133' ) AND ( goods_id IN('') ) LIMIT 1  
[2016-02-01 18:36:45] /shop/cate-480-115-23_1_10-0-0-0-0-0-0.html ( act=search&op=index ) 
ERR: Db Error: Unknown column 'goods_id' in 'where clause'
SELECT COUNT(*) AS nc_count FROM `shopwwi_goods_common` WHERE ( gc_id_3 = '480' ) AND ( brand_id = '115' ) AND ( goods_id IN('') ) LIMIT 1  
[2016-02-01 18:38:15] /shop/cate-480-142-23_8_11-0-0-0-0-0-0.html ( act=search&op=index ) 
ERR: Db Error: Unknown column 'goods_id' in 'where clause'
SELECT COUNT(*) AS nc_count FROM `shopwwi_goods_common` WHERE ( gc_id_3 = '480' ) AND ( brand_id = '142' ) AND ( goods_id IN('') ) LIMIT 1  
[2016-02-01 18:39:46] /shop/cate-478-121-13-0-0-0-0-0-0.html ( act=search&op=index ) 
ERR: Db Error: Unknown column 'goods_id' in 'where clause'
SELECT COUNT(*) AS nc_count FROM `shopwwi_goods_common` WHERE ( gc_id_3 = '478' ) AND ( brand_id = '121' ) AND ( goods_id IN ('100095','100096','100098','100099','100100','100101','100104','100105','100106','100108','100113','100115','100116','100117','100118','100120','100123','100124','100127','100129','100130','100133','100136','100137','100139','100140','100141') ) LIMIT 1  
[2016-02-01 18:46:49] /shop/cate-480-134-22_1-0-0-0-0-0-0.html ( act=search&op=index ) 
ERR: Db Error: Unknown column 'goods_id' in 'where clause'
SELECT COUNT(*) AS nc_count FROM `shopwwi_goods_common` WHERE ( gc_id_3 = '480' ) AND ( brand_id = '134' ) AND ( goods_id IN('') ) LIMIT 1  
[2016-02-01 18:50:20] /shop/cate-480-136-22_1-0-0-0-0-0-0.html ( act=search&op=index ) 
ERR: Db Error: Unknown column 'goods_id' in 'where clause'
SELECT COUNT(*) AS nc_count FROM `shopwwi_goods_common` WHERE ( gc_id_3 = '480' ) AND ( brand_id = '136' ) AND ( goods_id IN('') ) LIMIT 1  
[2016-02-01 18:53:51] /shop/cate-496-120-18_10-0-0-0-0-0-0.html ( act=search&op=index ) 
ERR: Db Error: Unknown column 'goods_id' in 'where clause'
SELECT COUNT(*) AS nc_count FROM `shopwwi_goods_common` WHERE ( gc_id_3 = '496' ) AND ( brand_id = '120' ) AND ( goods_id IN('') ) LIMIT 1  
[2016-02-01 18:53:54] /shop/cate-735-0-0-0-0-0-1-0-0.html ( act=search&op=index ) 
ERR: Db Error: Unknown column 'have_gift' in 'where clause'
SELECT COUNT(*) AS nc_count FROM `shopwwi_goods_common` WHERE ( gc_id_2 = '735' ) AND ( have_gift = '1' ) LIMIT 1  
[2016-02-01 18:57:23] /shop/cate-526-134-9-0-0-0-0-0-0.html ( act=search&op=index ) 
ERR: Db Error: Unknown column 'goods_id' in 'where clause'
SELECT COUNT(*) AS nc_count FROM `shopwwi_goods_common` WHERE ( gc_id_3 = '526' ) AND ( brand_id = '134' ) AND ( goods_id IN ('100095','100096','100103','100104','100106','100107','100108','100112','100113','100114','100118','100120','100121','100122','100123','100127','100131','100133','100134','100136','100137','100139','100141','100145','100146') ) LIMIT 1  
[2016-02-01 19:00:54] /shop/cate-480-133-20_1-0-0-0-0-0-0.html ( act=search&op=index ) 
ERR: Db Error: Unknown column 'goods_id' in 'where clause'
SELECT COUNT(*) AS nc_count FROM `shopwwi_goods_common` WHERE ( gc_id_3 = '480' ) AND ( brand_id = '133' ) AND ( goods_id IN('') ) LIMIT 1  
[2016-02-01 19:04:26] /shop/cate-480-123-23-0-0-0-0-28-0.html ( act=search&op=index ) 
ERR: Db Error: Unknown column 'goods_id' in 'where clause'
SELECT COUNT(*) AS nc_count FROM `shopwwi_goods_common` WHERE ( gc_id_3 = '480' ) AND ( brand_id = '123' ) AND ( areaid_1 = '28' ) AND ( goods_id IN ('100093','100096','100104','100118','100121') ) LIMIT 1  
[2016-02-01 19:07:57] /shop/cate-526-121-4-0-0-0-0-0-0.html ( act=search&op=index ) 
ERR: Db Error: Unknown column 'goods_id' in 'where clause'
SELECT COUNT(*) AS nc_count FROM `shopwwi_goods_common` WHERE ( gc_id_3 = '526' ) AND ( brand_id = '121' ) AND ( goods_id IN ('100096','100107','100116','100117','100121','100122','100126','100127','100128','100129','100130','100131','100134','100141') ) LIMIT 1  
[2016-02-01 19:11:28] /shop/cate-480-140-23_9-0-0-0-0-0-0.html ( act=search&op=index ) 
ERR: Db Error: Unknown column 'goods_id' in 'where clause'
SELECT COUNT(*) AS nc_count FROM `shopwwi_goods_common` WHERE ( gc_id_3 = '480' ) AND ( brand_id = '140' ) AND ( goods_id IN ('100096','100104','100118','100121') ) LIMIT 1  
[2016-02-01 19:15:00] /shop/cate-480-131-23_12-0-0-0-0-0-0.html ( act=search&op=index ) 
ERR: Db Error: Unknown column 'goods_id' in 'where clause'
SELECT COUNT(*) AS nc_count FROM `shopwwi_goods_common` WHERE ( gc_id_3 = '480' ) AND ( brand_id = '131' ) AND ( goods_id IN ('100093') ) LIMIT 1  
[2016-02-01 19:18:31] /shop/cate-480-124-23_8_11-0-0-0-0-0-0.html ( act=search&op=index ) 
ERR: Db Error: Unknown column 'goods_id' in 'where clause'
SELECT COUNT(*) AS nc_count FROM `shopwwi_goods_common` WHERE ( gc_id_3 = '480' ) AND ( brand_id = '124' ) AND ( goods_id IN('') ) LIMIT 1  
[2016-02-01 19:20:11] /circle/ ( act=index&op=index ) 
ERR: Db Error: Unknown table 'shopwwi.circle'
SELECT circle.*, is_hot*rand() as rand FROM `shopwwi_circle` WHERE ( circle_status = '1' ) AND ( is_hot = '1' ) ORDER BY rand desc LIMIT 3  
[2016-02-01 19:20:11] /circle/ ( act=index&op=index ) 
ERR: Db Error: Unknown table 'shopwwi.circle'
SELECT circle.*, is_recommend*rand() as rand FROM `shopwwi_circle` WHERE ( circle_status = '1' ) AND ( is_recommend = '1' ) ORDER BY rand desc LIMIT 20  
[2016-02-01 19:20:11] /circle/ ( act=index&op=index ) 
ERR: Db Error: Unknown table 'shopwwi.circle_theme'
SELECT circle_theme.*, is_recommend*rand() as rand FROM `shopwwi_circle_theme` WHERE ( has_affix = '1' ) AND ( is_closed = '0' ) AND ( is_recommend = '1' ) ORDER BY rand desc LIMIT 8  
[2016-02-01 19:20:11] /circle/ ( act=index&op=index ) 
ERR: Db Error: Unknown table 'shopwwi.circle_member'
SELECT circle_member.*, is_recommend*rand() as rand FROM `shopwwi_circle_member` WHERE ( is_recommend = '1' ) ORDER BY rand desc LIMIT 5  
[2016-02-01 19:25:34] /shop/cate-480-118-22_1-0-0-0-0-0-0.html ( act=search&op=index ) 
ERR: Db Error: Unknown column 'goods_id' in 'where clause'
SELECT COUNT(*) AS nc_count FROM `shopwwi_goods_common` WHERE ( gc_id_3 = '480' ) AND ( brand_id = '118' ) AND ( goods_id IN('') ) LIMIT 1  
[2016-02-01 19:29:06] /shop/cate-496-125-16_1-0-0-0-0-0-0.html ( act=search&op=index ) 
ERR: Db Error: Unknown column 'goods_id' in 'where clause'
SELECT COUNT(*) AS nc_count FROM `shopwwi_goods_common` WHERE ( gc_id_3 = '496' ) AND ( brand_id = '125' ) AND ( goods_id IN('') ) LIMIT 1  
[2016-02-01 19:32:37] /shop/cate-526-120-25_1-0-0-0-0-0-0.html ( act=search&op=index ) 
ERR: Db Error: Unknown column 'goods_id' in 'where clause'
SELECT COUNT(*) AS nc_count FROM `shopwwi_goods_common` WHERE ( gc_id_3 = '526' ) AND ( brand_id = '120' ) AND ( goods_id IN ('100093') ) LIMIT 1  
[2016-02-01 19:36:08] /shop/cate-526-141-25_1-0-0-0-0-0-0.html ( act=search&op=index ) 
ERR: Db Error: Unknown column 'goods_id' in 'where clause'
SELECT COUNT(*) AS nc_count FROM `shopwwi_goods_common` WHERE ( gc_id_3 = '526' ) AND ( brand_id = '141' ) AND ( goods_id IN ('100093') ) LIMIT 1  
[2016-02-01 19:39:39] /shop/cate-480-124-22_1-0-0-0-0-0-0.html ( act=search&op=index ) 
ERR: Db Error: Unknown column 'goods_id' in 'where clause'
SELECT COUNT(*) AS nc_count FROM `shopwwi_goods_common` WHERE ( gc_id_3 = '480' ) AND ( brand_id = '124' ) AND ( goods_id IN('') ) LIMIT 1  
[2016-02-01 19:57:17] /shop/cate-496-131-16_1-0-0-0-0-0-0.html ( act=search&op=index ) 
ERR: Db Error: Unknown column 'goods_id' in 'where clause'
SELECT COUNT(*) AS nc_count FROM `shopwwi_goods_common` WHERE ( gc_id_3 = '496' ) AND ( brand_id = '131' ) AND ( goods_id IN('') ) LIMIT 1  
[2016-02-01 20:04:19] /shop/cate-480-113-23_8_11-0-0-0-0-0-0.html ( act=search&op=index ) 
ERR: Db Error: Unknown column 'goods_id' in 'where clause'
SELECT COUNT(*) AS nc_count FROM `shopwwi_goods_common` WHERE ( gc_id_3 = '480' ) AND ( brand_id = '113' ) AND ( goods_id IN('') ) LIMIT 1  
[2016-02-01 20:07:51] /shop/cate-480-119-21-0-0-0-0-0-0.html ( act=search&op=index ) 
ERR: Db Error: Unknown column 'goods_id' in 'where clause'
SELECT COUNT(*) AS nc_count FROM `shopwwi_goods_common` WHERE ( gc_id_3 = '480' ) AND ( brand_id = '119' ) AND ( goods_id IN ('100095','100100','100102','100106','100127','100134','100137','100138','100141','100142','100145','100146') ) LIMIT 1  
[2016-02-01 20:11:22] /shop/cate-496-125-18_10-0-0-0-0-0-0.html ( act=search&op=index ) 
ERR: Db Error: Unknown column 'goods_id' in 'where clause'
SELECT COUNT(*) AS nc_count FROM `shopwwi_goods_common` WHERE ( gc_id_3 = '496' ) AND ( brand_id = '125' ) AND ( goods_id IN('') ) LIMIT 1  
[2016-02-01 20:14:53] /shop/cate-480-126-6-0-0-0-0-10-0.html ( act=search&op=index ) 
ERR: Db Error: Unknown column 'goods_id' in 'where clause'
SELECT COUNT(*) AS nc_count FROM `shopwwi_goods_common` WHERE ( gc_id_3 = '480' ) AND ( brand_id = '126' ) AND ( areaid_1 = '10' ) AND ( goods_id IN('') ) LIMIT 1  
[2016-02-01 20:16:23] /circle/ ( act=index&op=index ) 
ERR: Db Error: Unknown table 'shopwwi.circle'
SELECT circle.*, is_hot*rand() as rand FROM `shopwwi_circle` WHERE ( circle_status = '1' ) AND ( is_hot = '1' ) ORDER BY rand desc LIMIT 3  
[2016-02-01 20:16:23] /circle/ ( act=index&op=index ) 
ERR: Db Error: Unknown table 'shopwwi.circle'
SELECT circle.*, is_recommend*rand() as rand FROM `shopwwi_circle` WHERE ( circle_status = '1' ) AND ( is_recommend = '1' ) ORDER BY rand desc LIMIT 20  
[2016-02-01 20:16:23] /circle/ ( act=index&op=index ) 
ERR: Db Error: Unknown table 'shopwwi.circle_theme'
SELECT circle_theme.*, is_recommend*rand() as rand FROM `shopwwi_circle_theme` WHERE ( has_affix = '1' ) AND ( is_closed = '0' ) AND ( is_recommend = '1' ) ORDER BY rand desc LIMIT 8  
[2016-02-01 20:16:23] /circle/ ( act=index&op=index ) 
ERR: Db Error: Unknown table 'shopwwi.circle_member'
SELECT circle_member.*, is_recommend*rand() as rand FROM `shopwwi_circle_member` WHERE ( is_recommend = '1' ) ORDER BY rand desc LIMIT 5  
[2016-02-01 20:18:24] /shop/cate-496-130-2-0-0-0-0-0-0.html ( act=search&op=index ) 
ERR: Db Error: Unknown column 'goods_id' in 'where clause'
SELECT COUNT(*) AS nc_count FROM `shopwwi_goods_common` WHERE ( gc_id_3 = '496' ) AND ( brand_id = '130' ) AND ( goods_id IN ('100094','100095','100097','100099','100100','100102','100103','100105','100106','100108','100136','100138','100145','100146') ) LIMIT 1  
[2016-02-01 20:21:56] /shop/cate-480-124-20_1-0-0-0-0-0-0.html ( act=search&op=index ) 
ERR: Db Error: Unknown column 'goods_id' in 'where clause'
SELECT COUNT(*) AS nc_count FROM `shopwwi_goods_common` WHERE ( gc_id_3 = '480' ) AND ( brand_id = '124' ) AND ( goods_id IN('') ) LIMIT 1  
[2016-02-01 20:25:27] /shop/cate-496-126-16_1-0-0-0-0-0-0.html ( act=search&op=index ) 
ERR: Db Error: Unknown column 'goods_id' in 'where clause'
SELECT COUNT(*) AS nc_count FROM `shopwwi_goods_common` WHERE ( gc_id_3 = '496' ) AND ( brand_id = '126' ) AND ( goods_id IN('') ) LIMIT 1  
[2016-02-01 20:28:58] /shop/cate-480-133-22-0-0-0-0-0-0.html ( act=search&op=index ) 
ERR: Db Error: Unknown column 'goods_id' in 'where clause'
SELECT COUNT(*) AS nc_count FROM `shopwwi_goods_common` WHERE ( gc_id_3 = '480' ) AND ( brand_id = '133' ) AND ( goods_id IN ('100094','100097','100098','100099','100101','100103','100105','100107','100108','100109','100110','100111','100112','100113','100114','100115','100116','100117','100119','100120','100122','100123','100124','100125','100126','100128','100129','100130','100131','100132','100133','100135','100136','100139','100140') ) LIMIT 1  
[2016-02-01 20:36:01] /shop/cate-480-113-9-0-0-0-0-0-0.html ( act=search&op=index ) 
ERR: Db Error: Unknown column 'goods_id' in 'where clause'
SELECT COUNT(*) AS nc_count FROM `shopwwi_goods_common` WHERE ( gc_id_3 = '480' ) AND ( brand_id = '113' ) AND ( goods_id IN ('100095','100096','100103','100104','100106','100107','100108','100112','100113','100114','100118','100120','100121','100122','100123','100127','100131','100133','100134','100136','100137','100139','100141','100145','100146') ) LIMIT 1  
[2016-02-01 20:38:32] /mo_bile/index.php?act=goods&op=goods_detail&goods_id=100141&key=f1149119b101761f619a822b0ba0c13f ( act=goods&op=goods_detail ) 
ERR: Db Error: Duplicate entry '100141-314' for key 'PRIMARY'
INSERT INTO `shopwwi_goods_browse` (goods_id,member_id,browsetime,gc_id,gc_id_1,gc_id_2,gc_id_3) VALUES ('100141','314','1454330312','478','470','471','478')
[2016-02-01 20:39:33] /shop/cate-494-133-7_1-0-0-0-0-0-0.html ( act=search&op=index ) 
ERR: Db Error: Unknown column 'goods_id' in 'where clause'
SELECT COUNT(*) AS nc_count FROM `shopwwi_goods_common` WHERE ( gc_id_3 = '494' ) AND ( brand_id = '133' ) AND ( goods_id IN('') ) LIMIT 1  
[2016-02-01 20:42:57] /shop/cate-496-126-2-0-0-0-0-0-0.html ( act=search&op=index ) 
ERR: Db Error: Unknown column 'goods_id' in 'where clause'
SELECT COUNT(*) AS nc_count FROM `shopwwi_goods_common` WHERE ( gc_id_3 = '496' ) AND ( brand_id = '126' ) AND ( goods_id IN ('100094','100095','100097','100099','100100','100102','100103','100105','100106','100108','100136','100138','100145','100146') ) LIMIT 1  
[2016-02-01 20:46:21] /shop/cate-478-142-13_1-0-0-0-0-0-0.html ( act=search&op=index ) 
ERR: Db Error: Unknown column 'goods_id' in 'where clause'
SELECT COUNT(*) AS nc_count FROM `shopwwi_goods_common` WHERE ( gc_id_3 = '478' ) AND ( brand_id = '142' ) AND ( goods_id IN('') ) LIMIT 1  
[2016-02-01 20:49:45] /shop/cate-496-113-18_10-0-0-0-0-0-0.html ( act=search&op=index ) 
ERR: Db Error: Unknown column 'goods_id' in 'where clause'
SELECT COUNT(*) AS nc_count FROM `shopwwi_goods_common` WHERE ( gc_id_3 = '496' ) AND ( brand_id = '113' ) AND ( goods_id IN('') ) LIMIT 1  
[2016-02-01 20:53:09] /shop/cate-480-139-23_9-0-0-0-0-0-0.html ( act=search&op=index ) 
ERR: Db Error: Unknown column 'goods_id' in 'where clause'
SELECT COUNT(*) AS nc_count FROM `shopwwi_goods_common` WHERE ( gc_id_3 = '480' ) AND ( brand_id = '139' ) AND ( goods_id IN ('100096','100104','100118','100121') ) LIMIT 1  
[2016-02-01 20:56:34] /shop/cate-478-117-13_1-0-0-0-0-0-0.html ( act=search&op=index ) 
ERR: Db Error: Unknown column 'goods_id' in 'where clause'
SELECT COUNT(*) AS nc_count FROM `shopwwi_goods_common` WHERE ( gc_id_3 = '478' ) AND ( brand_id = '117' ) AND ( goods_id IN('') ) LIMIT 1  
[2016-02-01 20:59:57] /shop/cate-494-127-7_1-0-0-0-0-0-0.html ( act=search&op=index ) 
ERR: Db Error: Unknown column 'goods_id' in 'where clause'
SELECT COUNT(*) AS nc_count FROM `shopwwi_goods_common` WHERE ( gc_id_3 = '494' ) AND ( brand_id = '127' ) AND ( goods_id IN('') ) LIMIT 1  
[2016-02-01 21:03:21] /shop/cate-480-113-22_1-0-0-0-0-0-0.html ( act=search&op=index ) 
ERR: Db Error: Unknown column 'goods_id' in 'where clause'
SELECT COUNT(*) AS nc_count FROM `shopwwi_goods_common` WHERE ( gc_id_3 = '480' ) AND ( brand_id = '113' ) AND ( goods_id IN('') ) LIMIT 1  
[2016-02-01 21:06:46] /shop/cate-480-134-23_9-0-0-0-0-0-0.html ( act=search&op=index ) 
ERR: Db Error: Unknown column 'goods_id' in 'where clause'
SELECT COUNT(*) AS nc_count FROM `shopwwi_goods_common` WHERE ( gc_id_3 = '480' ) AND ( brand_id = '134' ) AND ( goods_id IN ('100096','100104','100118','100121') ) LIMIT 1  
[2016-02-01 21:10:10] /shop/cate-496-137-18-0-0-0-0-0-0.html ( act=search&op=index ) 
ERR: Db Error: Unknown column 'goods_id' in 'where clause'
SELECT COUNT(*) AS nc_count FROM `shopwwi_goods_common` WHERE ( gc_id_3 = '496' ) AND ( brand_id = '137' ) AND ( goods_id IN('') ) LIMIT 1  
[2016-02-01 21:13:34] /shop/cate-496-118-18_10-0-0-0-0-0-0.html ( act=search&op=index ) 
ERR: Db Error: Unknown column 'goods_id' in 'where clause'
SELECT COUNT(*) AS nc_count FROM `shopwwi_goods_common` WHERE ( gc_id_3 = '496' ) AND ( brand_id = '118' ) AND ( goods_id IN('') ) LIMIT 1  
[2016-02-01 21:16:58] /shop/cate-526-125-25_1-0-0-0-0-0-0.html ( act=search&op=index ) 
ERR: Db Error: Unknown column 'goods_id' in 'where clause'
SELECT COUNT(*) AS nc_count FROM `shopwwi_goods_common` WHERE ( gc_id_3 = '526' ) AND ( brand_id = '125' ) AND ( goods_id IN ('100093') ) LIMIT 1  
[2016-02-01 21:20:22] /shop/cate-494-128-7_1-0-0-0-0-0-0.html ( act=search&op=index ) 
ERR: Db Error: Unknown column 'goods_id' in 'where clause'
SELECT COUNT(*) AS nc_count FROM `shopwwi_goods_common` WHERE ( gc_id_3 = '494' ) AND ( brand_id = '128' ) AND ( goods_id IN('') ) LIMIT 1  
[2016-02-01 21:23:46] /shop/cate-480-135-23_2-0-0-0-0-28-0.html ( act=search&op=index ) 
ERR: Db Error: Unknown column 'goods_id' in 'where clause'
SELECT COUNT(*) AS nc_count FROM `shopwwi_goods_common` WHERE ( gc_id_3 = '480' ) AND ( brand_id = '135' ) AND ( areaid_1 = '28' ) AND ( goods_id IN('') ) LIMIT 1  
[2016-02-01 21:30:34] /shop/cate-480-123-9-0-0-0-0-0-0.html ( act=search&op=index ) 
ERR: Db Error: Unknown column 'goods_id' in 'where clause'
SELECT COUNT(*) AS nc_count FROM `shopwwi_goods_common` WHERE ( gc_id_3 = '480' ) AND ( brand_id = '123' ) AND ( goods_id IN ('100095','100096','100103','100104','100106','100107','100108','100112','100113','100114','100118','100120','100121','100122','100123','100127','100131','100133','100134','100136','100137','100139','100141','100145','100146') ) LIMIT 1  
[2016-02-01 21:33:59] /shop/cate-494-135-12-0-0-0-0-0-0.html ( act=search&op=index ) 
ERR: Db Error: Unknown column 'goods_id' in 'where clause'
SELECT COUNT(*) AS nc_count FROM `shopwwi_goods_common` WHERE ( gc_id_3 = '494' ) AND ( brand_id = '135' ) AND ( goods_id IN ('100093','100094','100102','100103','100110','100119','100125','100126','100131','100132','100134','100135','100138','100145','100146') ) LIMIT 1  
[2016-02-01 21:37:23] /shop/cate-478-128-13_1-0-0-0-0-0-0.html ( act=search&op=index ) 
ERR: Db Error: Unknown column 'goods_id' in 'where clause'
SELECT COUNT(*) AS nc_count FROM `shopwwi_goods_common` WHERE ( gc_id_3 = '478' ) AND ( brand_id = '128' ) AND ( goods_id IN('') ) LIMIT 1  
[2016-02-01 21:40:47] /shop/cate-526-136-9-0-0-0-0-0-0.html ( act=search&op=index ) 
ERR: Db Error: Unknown column 'goods_id' in 'where clause'
SELECT COUNT(*) AS nc_count FROM `shopwwi_goods_common` WHERE ( gc_id_3 = '526' ) AND ( brand_id = '136' ) AND ( goods_id IN ('100095','100096','100103','100104','100106','100107','100108','100112','100113','100114','100118','100120','100121','100122','100123','100127','100131','100133','100134','100136','100137','100139','100141','100145','100146') ) LIMIT 1  
[2016-02-01 21:44:11] /shop/cate-496-135-16_1-0-0-0-0-0-0.html ( act=search&op=index ) 
ERR: Db Error: Unknown column 'goods_id' in 'where clause'
SELECT COUNT(*) AS nc_count FROM `shopwwi_goods_common` WHERE ( gc_id_3 = '496' ) AND ( brand_id = '135' ) AND ( goods_id IN('') ) LIMIT 1  
[2016-02-01 21:54:24] /shop/cate-480-123-22_1-0-0-0-0-0-0.html ( act=search&op=index ) 
ERR: Db Error: Unknown column 'goods_id' in 'where clause'
SELECT COUNT(*) AS nc_count FROM `shopwwi_goods_common` WHERE ( gc_id_3 = '480' ) AND ( brand_id = '123' ) AND ( goods_id IN('') ) LIMIT 1  
[2016-02-01 22:01:12] /shop/cate-480-120-23_8_11-0-0-0-0-0-0.html ( act=search&op=index ) 
ERR: Db Error: Unknown column 'goods_id' in 'where clause'
SELECT COUNT(*) AS nc_count FROM `shopwwi_goods_common` WHERE ( gc_id_3 = '480' ) AND ( brand_id = '120' ) AND ( goods_id IN('') ) LIMIT 1  
[2016-02-01 22:04:36] /shop/cate-496-125-2-0-0-0-0-0-0.html ( act=search&op=index ) 
ERR: Db Error: Unknown column 'goods_id' in 'where clause'
SELECT COUNT(*) AS nc_count FROM `shopwwi_goods_common` WHERE ( gc_id_3 = '496' ) AND ( brand_id = '125' ) AND ( goods_id IN ('100094','100095','100097','100099','100100','100102','100103','100105','100106','100108','100136','100138','100145','100146') ) LIMIT 1  
[2016-02-01 22:11:24] /shop/cate-478-123-13_1-0-0-0-0-0-0.html ( act=search&op=index ) 
ERR: Db Error: Unknown column 'goods_id' in 'where clause'
SELECT COUNT(*) AS nc_count FROM `shopwwi_goods_common` WHERE ( gc_id_3 = '478' ) AND ( brand_id = '123' ) AND ( goods_id IN('') ) LIMIT 1  
[2016-02-01 22:28:26] /shop/cate-526-130-25_1-0-0-0-0-0-0.html ( act=search&op=index ) 
ERR: Db Error: Unknown column 'goods_id' in 'where clause'
SELECT COUNT(*) AS nc_count FROM `shopwwi_goods_common` WHERE ( gc_id_3 = '526' ) AND ( brand_id = '130' ) AND ( goods_id IN ('100093') ) LIMIT 1  
[2016-02-01 22:31:49] /shop/cate-478-122-13-0-0-0-0-0-0.html ( act=search&op=index ) 
ERR: Db Error: Unknown column 'goods_id' in 'where clause'
SELECT COUNT(*) AS nc_count FROM `shopwwi_goods_common` WHERE ( gc_id_3 = '478' ) AND ( brand_id = '122' ) AND ( goods_id IN ('100095','100096','100098','100099','100100','100101','100104','100105','100106','100108','100113','100115','100116','100117','100118','100120','100123','100124','100127','100129','100130','100133','100136','100137','100139','100140','100141') ) LIMIT 1  
[2016-02-01 22:35:13] /shop/cate-494-137-7_1-0-0-0-0-0-0.html ( act=search&op=index ) 
ERR: Db Error: Unknown column 'goods_id' in 'where clause'
SELECT COUNT(*) AS nc_count FROM `shopwwi_goods_common` WHERE ( gc_id_3 = '494' ) AND ( brand_id = '137' ) AND ( goods_id IN('') ) LIMIT 1  
[2016-02-01 22:38:37] /shop/cate-480-129-6_10-0-0-0-0-0-0.html ( act=search&op=index ) 
ERR: Db Error: Unknown column 'goods_id' in 'where clause'
SELECT COUNT(*) AS nc_count FROM `shopwwi_goods_common` WHERE ( gc_id_3 = '480' ) AND ( brand_id = '129' ) AND ( goods_id IN('') ) LIMIT 1  
[2016-02-01 22:41:22] /shop/cate-526-0-5-0-0-0-0-0-0.html ( act=search&op=index ) 
ERR: Db Error: Unknown column 'goods_id' in 'where clause'
SELECT COUNT(*) AS nc_count FROM `shopwwi_goods_common` WHERE ( gc_id_3 = '526' ) AND ( goods_id IN ('100115','100118','100119','100133','100139') ) LIMIT 1  
[2016-02-01 22:44:06] /shop/cate-526-138-25_1-0-0-0-0-0-0.html ( act=search&op=index ) 
ERR: Db Error: Unknown column 'goods_id' in 'where clause'
SELECT COUNT(*) AS nc_count FROM `shopwwi_goods_common` WHERE ( gc_id_3 = '526' ) AND ( brand_id = '138' ) AND ( goods_id IN ('100093') ) LIMIT 1  
[2016-02-01 22:46:51] /shop/cate-480-0-23_2-0-0-0-0-10-0.html ( act=search&op=index ) 
ERR: Db Error: Unknown column 'goods_id' in 'where clause'
SELECT COUNT(*) AS nc_count FROM `shopwwi_goods_common` WHERE ( gc_id_3 = '480' ) AND ( areaid_1 = '10' ) AND ( goods_id IN('') ) LIMIT 1  
[2016-02-01 22:49:35] /shop/cate-478-135-13_1-0-0-0-0-0-0.html ( act=search&op=index ) 
ERR: Db Error: Unknown column 'goods_id' in 'where clause'
SELECT COUNT(*) AS nc_count FROM `shopwwi_goods_common` WHERE ( gc_id_3 = '478' ) AND ( brand_id = '135' ) AND ( goods_id IN('') ) LIMIT 1  
[2016-02-01 22:52:19] /shop/cate-478-119-13_1-0-0-0-0-0-0.html ( act=search&op=index ) 
ERR: Db Error: Unknown column 'goods_id' in 'where clause'
SELECT COUNT(*) AS nc_count FROM `shopwwi_goods_common` WHERE ( gc_id_3 = '478' ) AND ( brand_id = '119' ) AND ( goods_id IN('') ) LIMIT 1  
[2016-02-01 23:00:32] /shop/cate-478-134-13_1-0-0-0-0-0-0.html ( act=search&op=index ) 
ERR: Db Error: Unknown column 'goods_id' in 'where clause'
SELECT COUNT(*) AS nc_count FROM `shopwwi_goods_common` WHERE ( gc_id_3 = '478' ) AND ( brand_id = '134' ) AND ( goods_id IN('') ) LIMIT 1  
[2016-02-01 23:03:17] /shop/cate-496-0-22-0-0-0-0-0-0.html ( act=search&op=index ) 
ERR: Db Error: Unknown column 'goods_id' in 'where clause'
SELECT COUNT(*) AS nc_count FROM `shopwwi_goods_common` WHERE ( gc_id_3 = '496' ) AND ( goods_id IN ('100094','100097','100098','100099','100101','100103','100105','100107','100108','100109','100110','100111','100112','100113','100114','100115','100116','100117','100119','100120','100122','100123','100124','100125','100126','100128','100129','100130','100131','100132','100133','100135','100136','100139','100140') ) LIMIT 1  
[2016-02-01 23:11:30] /shop/cate-494-120-7_1-0-0-0-0-0-0.html ( act=search&op=index ) 
ERR: Db Error: Unknown column 'goods_id' in 'where clause'
SELECT COUNT(*) AS nc_count FROM `shopwwi_goods_common` WHERE ( gc_id_3 = '494' ) AND ( brand_id = '120' ) AND ( goods_id IN('') ) LIMIT 1  
[2016-02-01 23:14:15] /shop/cate-480-113-23-0-0-0-0-1-0.html ( act=search&op=index ) 
ERR: Db Error: Unknown column 'goods_id' in 'where clause'
SELECT COUNT(*) AS nc_count FROM `shopwwi_goods_common` WHERE ( gc_id_3 = '480' ) AND ( brand_id = '113' ) AND ( areaid_1 = '1' ) AND ( goods_id IN ('100093','100096','100104','100118','100121') ) LIMIT 1  
[2016-02-01 23:27:56] /shop/cate-496-119-18_10-0-0-0-0-0-0.html ( act=search&op=index ) 
ERR: Db Error: Unknown column 'goods_id' in 'where clause'
SELECT COUNT(*) AS nc_count FROM `shopwwi_goods_common` WHERE ( gc_id_3 = '496' ) AND ( brand_id = '119' ) AND ( goods_id IN('') ) LIMIT 1  
[2016-02-01 23:33:25] /shop/cate-480-139-22-0-0-0-0-0-0.html ( act=search&op=index ) 
ERR: Db Error: Unknown column 'goods_id' in 'where clause'
SELECT COUNT(*) AS nc_count FROM `shopwwi_goods_common` WHERE ( gc_id_3 = '480' ) AND ( brand_id = '139' ) AND ( goods_id IN ('100094','100097','100098','100099','100101','100103','100105','100107','100108','100109','100110','100111','100112','100113','100114','100115','100116','100117','100119','100120','100122','100123','100124','100125','100126','100128','100129','100130','100131','100132','100133','100135','100136','100139','100140') ) LIMIT 1  
[2016-02-01 23:36:10] /shop/cate-480-137-23_1_11-0-0-0-0-0-0.html ( act=search&op=index ) 
ERR: Db Error: Unknown column 'goods_id' in 'where clause'
SELECT COUNT(*) AS nc_count FROM `shopwwi_goods_common` WHERE ( gc_id_3 = '480' ) AND ( brand_id = '137' ) AND ( goods_id IN('') ) LIMIT 1  
[2016-02-01 23:41:39] /shop/cate-496-135-18_10-0-0-0-0-0-0.html ( act=search&op=index ) 
ERR: Db Error: Unknown column 'goods_id' in 'where clause'
SELECT COUNT(*) AS nc_count FROM `shopwwi_goods_common` WHERE ( gc_id_3 = '496' ) AND ( brand_id = '135' ) AND ( goods_id IN('') ) LIMIT 1  
[2016-02-01 23:44:23] /shop/cate-480-122-23_8_11-0-0-0-0-0-0.html ( act=search&op=index ) 
ERR: Db Error: Unknown column 'goods_id' in 'where clause'
SELECT COUNT(*) AS nc_count FROM `shopwwi_goods_common` WHERE ( gc_id_3 = '480' ) AND ( brand_id = '122' ) AND ( goods_id IN('') ) LIMIT 1  
[2016-02-01 23:49:52] /shop/cate-494-114-7_1-0-0-0-0-0-0.html ( act=search&op=index ) 
ERR: Db Error: Unknown column 'goods_id' in 'where clause'
SELECT COUNT(*) AS nc_count FROM `shopwwi_goods_common` WHERE ( gc_id_3 = '494' ) AND ( brand_id = '114' ) AND ( goods_id IN('') ) LIMIT 1  
[2016-02-01 23:52:36] /shop/cate-480-122-23_9-0-0-0-0-0-0.html ( act=search&op=index ) 
ERR: Db Error: Unknown column 'goods_id' in 'where clause'
SELECT COUNT(*) AS nc_count FROM `shopwwi_goods_common` WHERE ( gc_id_3 = '480' ) AND ( brand_id = '122' ) AND ( goods_id IN ('100096','100104','100118','100121') ) LIMIT 1  
[2016-02-01 23:53:40] /shop/cate-481-0-20-0-0-0-0-0-0.html ( act=search&op=index ) 
ERR: Db Error: Unknown column 'goods_id' in 'where clause'
SELECT COUNT(*) AS nc_count FROM `shopwwi_goods_common` WHERE ( gc_id_3 = '481' ) AND ( goods_id IN('') ) LIMIT 1  
[2016-02-01 23:54:35] /shop/cate-481-0-1-0-0-0-0-0-0.html ( act=search&op=index ) 
ERR: Db Error: Unknown column 'goods_id' in 'where clause'
SELECT COUNT(*) AS nc_count FROM `shopwwi_goods_common` WHERE ( gc_id_3 = '481' ) AND ( goods_id IN ('100093') ) LIMIT 1  
[2016-02-01 23:55:21] /shop/cate-480-134-23_3-0-0-0-0-28-0.html ( act=search&op=index ) 
ERR: Db Error: Unknown column 'goods_id' in 'where clause'
SELECT COUNT(*) AS nc_count FROM `shopwwi_goods_common` WHERE ( gc_id_3 = '480' ) AND ( brand_id = '134' ) AND ( areaid_1 = '28' ) AND ( goods_id IN ('100104') ) LIMIT 1  
[2016-02-01 23:58:04] /shop/cate-481-0-20-0-0-0-0-34-0.html ( act=search&op=index ) 
ERR: Db Error: Unknown column 'goods_id' in 'where clause'
SELECT COUNT(*) AS nc_count FROM `shopwwi_goods_common` WHERE ( gc_id_3 = '481' ) AND ( areaid_1 = '34' ) AND ( goods_id IN('') ) LIMIT 1  
[2016-02-01 23:58:05] /shop/cate-481-0-1-1-2-0-0-0-0.html ( act=search&op=index ) 
ERR: Db Error: Unknown column 'goods_id' in 'where clause'
SELECT COUNT(*) AS nc_count FROM `shopwwi_goods_common` WHERE ( gc_id_3 = '481' ) AND ( goods_id IN ('100093') ) LIMIT 1  
[2016-02-01 23:58:05] /shop/cate-494-135-7_1-0-0-0-0-0-0.html ( act=search&op=index ) 
ERR: Db Error: Unknown column 'goods_id' in 'where clause'
SELECT COUNT(*) AS nc_count FROM `shopwwi_goods_common` WHERE ( gc_id_3 = '494' ) AND ( brand_id = '135' ) AND ( goods_id IN('') ) LIMIT 1  
