[2016-02-04 00:04:45] /shop/cate-480-114-22-0-0-0-0-0-0.html ( act=search&op=index ) 
ERR: Db Error: Unknown column 'goods_id' in 'where clause'
SELECT COUNT(*) AS nc_count FROM `shopwwi_goods_common` WHERE ( gc_id_3 = '480' ) AND ( brand_id = '114' ) AND ( goods_id IN ('100094','100097','100098','100099','100101','100103','100105','100107','100108','100109','100110','100111','100112','100113','100114','100115','100116','100117','100119','100120','100122','100123','100124','100125','100126','100128','100129','100130','100131','100132','100133','100135','100136','100139','100140') ) LIMIT 1  
[2016-02-04 00:14:35] /shop/cate-478-0-13_21-0-0-0-0-0-0.html ( act=search&op=index ) 
ERR: Db Error: Unknown column 'goods_id' in 'where clause'
SELECT COUNT(*) AS nc_count FROM `shopwwi_goods_common` WHERE ( gc_id_3 = '478' ) AND ( goods_id IN ('100095','100100','100106','100127','100137','100141') ) LIMIT 1  
[2016-02-04 00:22:59] /circle/ ( act=index&op=index ) 
ERR: Db Error: Unknown table 'shopwwi.circle'
SELECT circle.*, is_hot*rand() as rand FROM `shopwwi_circle` WHERE ( circle_status = '1' ) AND ( is_hot = '1' ) ORDER BY rand desc LIMIT 3  
[2016-02-04 00:22:59] /circle/ ( act=index&op=index ) 
ERR: Db Error: Unknown table 'shopwwi.circle'
SELECT circle.*, is_recommend*rand() as rand FROM `shopwwi_circle` WHERE ( circle_status = '1' ) AND ( is_recommend = '1' ) ORDER BY rand desc LIMIT 20  
[2016-02-04 00:22:59] /circle/ ( act=index&op=index ) 
ERR: Db Error: Unknown table 'shopwwi.circle_theme'
SELECT circle_theme.*, is_recommend*rand() as rand FROM `shopwwi_circle_theme` WHERE ( has_affix = '1' ) AND ( is_closed = '0' ) AND ( is_recommend = '1' ) ORDER BY rand desc LIMIT 8  
[2016-02-04 00:22:59] /circle/ ( act=index&op=index ) 
ERR: Db Error: Unknown table 'shopwwi.circle_member'
SELECT circle_member.*, is_recommend*rand() as rand FROM `shopwwi_circle_member` WHERE ( is_recommend = '1' ) ORDER BY rand desc LIMIT 5  
[2016-02-04 00:22:59] /circle/ ( act=index&op=index ) 
ERR: Db Error: Unknown table 'shopwwi.circle'
SELECT circle.*, is_hot*rand() as rand FROM `shopwwi_circle` WHERE ( circle_status = '1' ) AND ( is_hot = '1' ) ORDER BY rand desc LIMIT 3  
[2016-02-04 00:22:59] /circle/ ( act=index&op=index ) 
ERR: Db Error: Unknown table 'shopwwi.circle'
SELECT circle.*, is_recommend*rand() as rand FROM `shopwwi_circle` WHERE ( circle_status = '1' ) AND ( is_recommend = '1' ) ORDER BY rand desc LIMIT 20  
[2016-02-04 00:22:59] /circle/ ( act=index&op=index ) 
ERR: Db Error: Unknown table 'shopwwi.circle_theme'
SELECT circle_theme.*, is_recommend*rand() as rand FROM `shopwwi_circle_theme` WHERE ( has_affix = '1' ) AND ( is_closed = '0' ) AND ( is_recommend = '1' ) ORDER BY rand desc LIMIT 8  
[2016-02-04 00:22:59] /circle/ ( act=index&op=index ) 
ERR: Db Error: Unknown table 'shopwwi.circle_member'
SELECT circle_member.*, is_recommend*rand() as rand FROM `shopwwi_circle_member` WHERE ( is_recommend = '1' ) ORDER BY rand desc LIMIT 5  
[2016-02-04 00:24:24] /shop/cate-480-123-9_18_1-0-0-0-0-0-0.html ( act=search&op=index ) 
ERR: Db Error: Unknown column 'goods_id' in 'where clause'
SELECT COUNT(*) AS nc_count FROM `shopwwi_goods_common` WHERE ( gc_id_3 = '480' ) AND ( brand_id = '123' ) AND ( goods_id IN('') ) LIMIT 1  
[2016-02-04 00:32:46] /shop/cate-1031-0-0-0-0-0-1-0-0.html ( act=search&op=index ) 
ERR: Db Error: Unknown column 'have_gift' in 'where clause'
SELECT COUNT(*) AS nc_count FROM `shopwwi_goods_common` WHERE ( gc_id_3 = '1031' ) AND ( have_gift = '1' ) LIMIT 1  
[2016-02-04 00:32:49] /shop/cate-505-0-4-0-0-0-0-0-0.html ( act=search&op=index ) 
ERR: Db Error: Unknown column 'goods_id' in 'where clause'
SELECT COUNT(*) AS nc_count FROM `shopwwi_goods_common` WHERE ( gc_id_3 = '505' ) AND ( goods_id IN ('100096','100107','100116','100117','100121','100122','100126','100127','100128','100129','100130','100131','100134','100141') ) LIMIT 1  
[2016-02-04 00:32:53] /shop/cate-505-0-8-0-0-0-0-0-0.html ( act=search&op=index ) 
ERR: Db Error: Unknown column 'goods_id' in 'where clause'
SELECT COUNT(*) AS nc_count FROM `shopwwi_goods_common` WHERE ( gc_id_3 = '505' ) AND ( goods_id IN ('100093','100094','100097','100098','100099','100100','100101','100102','100105','100109','100110','100111','100115','100116','100117','100119','100124','100126','100128','100129','100132','100135','100140','100142') ) LIMIT 1  
[2016-02-04 00:32:54] /shop/cate-505-0-7-0-0-0-0-0-0.html ( act=search&op=index ) 
ERR: Db Error: Unknown column 'goods_id' in 'where clause'
SELECT COUNT(*) AS nc_count FROM `shopwwi_goods_common` WHERE ( gc_id_3 = '505' ) AND ( goods_id IN('') ) LIMIT 1  
[2016-02-04 00:34:02] /shop/cate-505-0-5-0-0-0-0-0-0.html ( act=search&op=index ) 
ERR: Db Error: Unknown column 'goods_id' in 'where clause'
SELECT COUNT(*) AS nc_count FROM `shopwwi_goods_common` WHERE ( gc_id_3 = '505' ) AND ( goods_id IN ('100115','100118','100119','100133','100139') ) LIMIT 1  
[2016-02-04 00:34:13] /shop/cate-505-0-0-0-0-0-1-0-0.html ( act=search&op=index ) 
ERR: Db Error: Unknown column 'have_gift' in 'where clause'
SELECT COUNT(*) AS nc_count FROM `shopwwi_goods_common` WHERE ( gc_id_3 = '505' ) AND ( have_gift = '1' ) LIMIT 1  
[2016-02-04 00:34:34] /shop/cate-505-0-1-0-0-0-0-0-0.html ( act=search&op=index ) 
ERR: Db Error: Unknown column 'goods_id' in 'where clause'
SELECT COUNT(*) AS nc_count FROM `shopwwi_goods_common` WHERE ( gc_id_3 = '505' ) AND ( goods_id IN ('100093') ) LIMIT 1  
[2016-02-04 00:34:55] /shop/cate-505-0-6-0-0-0-0-0-0.html ( act=search&op=index ) 
ERR: Db Error: Unknown column 'goods_id' in 'where clause'
SELECT COUNT(*) AS nc_count FROM `shopwwi_goods_common` WHERE ( gc_id_3 = '505' ) AND ( goods_id IN('') ) LIMIT 1  
[2016-02-04 00:35:17] /shop/cate-505-0-2-0-0-0-0-0-0.html ( act=search&op=index ) 
ERR: Db Error: Unknown column 'goods_id' in 'where clause'
SELECT COUNT(*) AS nc_count FROM `shopwwi_goods_common` WHERE ( gc_id_3 = '505' ) AND ( goods_id IN ('100094','100095','100097','100099','100100','100102','100103','100105','100106','100108','100136','100138','100145','100146') ) LIMIT 1  
[2016-02-04 00:35:27] /shop/cate-505-0-9-0-0-0-0-0-0.html ( act=search&op=index ) 
ERR: Db Error: Unknown column 'goods_id' in 'where clause'
SELECT COUNT(*) AS nc_count FROM `shopwwi_goods_common` WHERE ( gc_id_3 = '505' ) AND ( goods_id IN ('100095','100096','100103','100104','100106','100107','100108','100112','100113','100114','100118','100120','100121','100122','100123','100127','100131','100133','100134','100136','100137','100139','100141','100145','100146') ) LIMIT 1  
[2016-02-04 00:35:38] /shop/cate-505-0-3-0-0-0-0-0-0.html ( act=search&op=index ) 
ERR: Db Error: Unknown column 'goods_id' in 'where clause'
SELECT COUNT(*) AS nc_count FROM `shopwwi_goods_common` WHERE ( gc_id_3 = '505' ) AND ( goods_id IN ('100098','100101','100104','100109','100110','100111','100112','100113','100114','100120','100123','100124','100125','100132','100135','100137','100140','100142') ) LIMIT 1  
[2016-02-04 00:36:21] /shop/cate-505-0-17-0-0-0-0-0-0.html ( act=search&op=index ) 
ERR: Db Error: Unknown column 'goods_id' in 'where clause'
SELECT COUNT(*) AS nc_count FROM `shopwwi_goods_common` WHERE ( gc_id_3 = '505' ) AND ( goods_id IN('') ) LIMIT 1  
[2016-02-04 00:36:53] /shop/cate-505-0-23-0-0-0-0-0-0.html ( act=search&op=index ) 
ERR: Db Error: Unknown column 'goods_id' in 'where clause'
SELECT COUNT(*) AS nc_count FROM `shopwwi_goods_common` WHERE ( gc_id_3 = '505' ) AND ( goods_id IN ('100093','100096','100104','100118','100121') ) LIMIT 1  
[2016-02-04 00:54:53] /shop/cate-555-0-0-3-2-1-1-6-0.html ( act=search&op=index ) 
ERR: Db Error: Unknown column 'have_gift' in 'where clause'
SELECT COUNT(*) AS nc_count FROM `shopwwi_goods_common` WHERE ( gc_id_3 = '555' ) AND ( areaid_1 = '6' ) AND ( is_own_shop = '1' ) AND ( have_gift = '1' ) LIMIT 1  
[2016-02-04 00:58:40] /shop/cate-555-0-0-3-2-1-1-1-0.html ( act=search&op=index ) 
ERR: Db Error: Unknown column 'have_gift' in 'where clause'
SELECT COUNT(*) AS nc_count FROM `shopwwi_goods_common` WHERE ( gc_id_3 = '555' ) AND ( areaid_1 = '1' ) AND ( is_own_shop = '1' ) AND ( have_gift = '1' ) LIMIT 1  
[2016-02-04 00:59:10] /shop/cate-480-132-9-0-0-0-0-1-0.html ( act=search&op=index ) 
ERR: Db Error: Unknown column 'goods_id' in 'where clause'
SELECT COUNT(*) AS nc_count FROM `shopwwi_goods_common` WHERE ( gc_id_3 = '480' ) AND ( brand_id = '132' ) AND ( areaid_1 = '1' ) AND ( goods_id IN ('100095','100096','100103','100104','100106','100107','100108','100112','100113','100114','100118','100120','100121','100122','100123','100127','100131','100133','100134','100136','100137','100139','100141','100145','100146') ) LIMIT 1  
[2016-02-04 01:02:45] /shop/cate-555-0-0-2-2-1-1-1-0.html ( act=search&op=index ) 
ERR: Db Error: Unknown column 'have_gift' in 'where clause'
SELECT COUNT(*) AS nc_count FROM `shopwwi_goods_common` WHERE ( gc_id_3 = '555' ) AND ( areaid_1 = '1' ) AND ( is_own_shop = '1' ) AND ( have_gift = '1' ) LIMIT 1  
[2016-02-04 01:06:15] /shop/cate-555-0-0-0-0-1-1-1-0.html ( act=search&op=index ) 
ERR: Db Error: Unknown column 'have_gift' in 'where clause'
SELECT COUNT(*) AS nc_count FROM `shopwwi_goods_common` WHERE ( gc_id_3 = '555' ) AND ( areaid_1 = '1' ) AND ( is_own_shop = '1' ) AND ( have_gift = '1' ) LIMIT 1  
[2016-02-04 01:07:31] /shop/cate-480-123-9_16-0-0-0-0-1-0.html ( act=search&op=index ) 
ERR: Db Error: Unknown column 'goods_id' in 'where clause'
SELECT COUNT(*) AS nc_count FROM `shopwwi_goods_common` WHERE ( gc_id_3 = '480' ) AND ( brand_id = '123' ) AND ( areaid_1 = '1' ) AND ( goods_id IN('') ) LIMIT 1  
[2016-02-04 01:10:01] /shop/cate-555-0-0-2-2-1-1-8-0.html ( act=search&op=index ) 
ERR: Db Error: Unknown column 'have_gift' in 'where clause'
SELECT COUNT(*) AS nc_count FROM `shopwwi_goods_common` WHERE ( gc_id_3 = '555' ) AND ( areaid_1 = '8' ) AND ( is_own_shop = '1' ) AND ( have_gift = '1' ) LIMIT 1  
[2016-02-04 01:13:48] /shop/cate-555-0-0-1-2-1-1-8-0.html ( act=search&op=index ) 
ERR: Db Error: Unknown column 'have_gift' in 'where clause'
SELECT COUNT(*) AS nc_count FROM `shopwwi_goods_common` WHERE ( gc_id_3 = '555' ) AND ( areaid_1 = '8' ) AND ( is_own_shop = '1' ) AND ( have_gift = '1' ) LIMIT 1  
[2016-02-04 01:15:52] /shop/cate-496-0-23-0-0-0-0-1-0.html ( act=search&op=index ) 
ERR: Db Error: Unknown column 'goods_id' in 'where clause'
SELECT COUNT(*) AS nc_count FROM `shopwwi_goods_common` WHERE ( gc_id_3 = '496' ) AND ( areaid_1 = '1' ) AND ( goods_id IN ('100093','100096','100104','100118','100121') ) LIMIT 1  
[2016-02-04 01:20:57] /shop/cate-555-0-0-1-2-1-1-27-0.html ( act=search&op=index ) 
ERR: Db Error: Unknown column 'have_gift' in 'where clause'
SELECT COUNT(*) AS nc_count FROM `shopwwi_goods_common` WHERE ( gc_id_3 = '555' ) AND ( areaid_1 = '27' ) AND ( is_own_shop = '1' ) AND ( have_gift = '1' ) LIMIT 1  
[2016-02-04 01:21:22] /shop/cate-555-0-0-1-1-1-1-8-0.html ( act=search&op=index ) 
ERR: Db Error: Unknown column 'have_gift' in 'where clause'
SELECT COUNT(*) AS nc_count FROM `shopwwi_goods_common` WHERE ( gc_id_3 = '555' ) AND ( areaid_1 = '8' ) AND ( is_own_shop = '1' ) AND ( have_gift = '1' ) LIMIT 1  
[2016-02-04 01:24:14] /shop/cate-480-0-20_21-0-0-0-0-0-0.html ( act=search&op=index ) 
ERR: Db Error: Unknown column 'goods_id' in 'where clause'
SELECT COUNT(*) AS nc_count FROM `shopwwi_goods_common` WHERE ( gc_id_3 = '480' ) AND ( goods_id IN('') ) LIMIT 1  
[2016-02-04 01:25:09] /shop/cate-555-0-0-1-1-1-1-0-0.html ( act=search&op=index ) 
ERR: Db Error: Unknown column 'have_gift' in 'where clause'
SELECT COUNT(*) AS nc_count FROM `shopwwi_goods_common` WHERE ( gc_id_3 = '555' ) AND ( is_own_shop = '1' ) AND ( have_gift = '1' ) LIMIT 1  
[2016-02-04 01:28:56] /shop/cate-555-0-0-1-1-0-1-0-0.html ( act=search&op=index ) 
ERR: Db Error: Unknown column 'have_gift' in 'where clause'
SELECT COUNT(*) AS nc_count FROM `shopwwi_goods_common` WHERE ( gc_id_3 = '555' ) AND ( have_gift = '1' ) LIMIT 1  
[2016-02-04 01:32:35] /shop/cate-526-115-7-0-0-0-0-0-0.html ( act=search&op=index ) 
ERR: Db Error: Unknown column 'goods_id' in 'where clause'
SELECT COUNT(*) AS nc_count FROM `shopwwi_goods_common` WHERE ( gc_id_3 = '526' ) AND ( brand_id = '115' ) AND ( goods_id IN('') ) LIMIT 1  
[2016-02-04 01:34:02] /shop/cate-555-0-0-1-1-0-1-6-0.html ( act=search&op=index ) 
ERR: Db Error: Unknown column 'have_gift' in 'where clause'
SELECT COUNT(*) AS nc_count FROM `shopwwi_goods_common` WHERE ( gc_id_3 = '555' ) AND ( areaid_1 = '6' ) AND ( have_gift = '1' ) LIMIT 1  
[2016-02-04 01:36:31] /shop/cate-555-0-0-1-2-0-1-0-0.html ( act=search&op=index ) 
ERR: Db Error: Unknown column 'have_gift' in 'where clause'
SELECT COUNT(*) AS nc_count FROM `shopwwi_goods_common` WHERE ( gc_id_3 = '555' ) AND ( have_gift = '1' ) LIMIT 1  
[2016-02-04 01:40:17] /shop/cate-555-0-0-1-2-0-1-7-0.html ( act=search&op=index ) 
ERR: Db Error: Unknown column 'have_gift' in 'where clause'
SELECT COUNT(*) AS nc_count FROM `shopwwi_goods_common` WHERE ( gc_id_3 = '555' ) AND ( areaid_1 = '7' ) AND ( have_gift = '1' ) LIMIT 1  
[2016-02-04 01:40:56] /shop/cate-480-123-9_20_1-0-0-0-0-0-0.html ( act=search&op=index ) 
ERR: Db Error: Unknown column 'goods_id' in 'where clause'
SELECT COUNT(*) AS nc_count FROM `shopwwi_goods_common` WHERE ( gc_id_3 = '480' ) AND ( brand_id = '123' ) AND ( goods_id IN('') ) LIMIT 1  
[2016-02-04 01:44:09] /shop/cate-555-0-0-3-2-0-1-7-0.html ( act=search&op=index ) 
ERR: Db Error: Unknown column 'have_gift' in 'where clause'
SELECT COUNT(*) AS nc_count FROM `shopwwi_goods_common` WHERE ( gc_id_3 = '555' ) AND ( areaid_1 = '7' ) AND ( have_gift = '1' ) LIMIT 1  
[2016-02-04 01:48:06] /shop/cate-555-0-0-3-2-0-1-35-0.html ( act=search&op=index ) 
ERR: Db Error: Unknown column 'have_gift' in 'where clause'
SELECT COUNT(*) AS nc_count FROM `shopwwi_goods_common` WHERE ( gc_id_3 = '555' ) AND ( areaid_1 = '35' ) AND ( have_gift = '1' ) LIMIT 1  
[2016-02-04 01:51:38] /shop/cate-555-0-0-3-2-0-1-3-0.html ( act=search&op=index ) 
ERR: Db Error: Unknown column 'have_gift' in 'where clause'
SELECT COUNT(*) AS nc_count FROM `shopwwi_goods_common` WHERE ( gc_id_3 = '555' ) AND ( areaid_1 = '3' ) AND ( have_gift = '1' ) LIMIT 1  
[2016-02-04 01:55:28] /shop/cate-555-0-0-2-2-0-1-3-0.html ( act=search&op=index ) 
ERR: Db Error: Unknown column 'have_gift' in 'where clause'
SELECT COUNT(*) AS nc_count FROM `shopwwi_goods_common` WHERE ( gc_id_3 = '555' ) AND ( areaid_1 = '3' ) AND ( have_gift = '1' ) LIMIT 1  
[2016-02-04 01:59:12] /shop/cate-555-0-0-2-2-0-1-5-0.html ( act=search&op=index ) 
ERR: Db Error: Unknown column 'have_gift' in 'where clause'
SELECT COUNT(*) AS nc_count FROM `shopwwi_goods_common` WHERE ( gc_id_3 = '555' ) AND ( areaid_1 = '5' ) AND ( have_gift = '1' ) LIMIT 1  
[2016-02-04 02:05:30] /shop/cate-480-123-23_2-0-0-0-0-28-0.html ( act=search&op=index ) 
ERR: Db Error: Unknown column 'goods_id' in 'where clause'
SELECT COUNT(*) AS nc_count FROM `shopwwi_goods_common` WHERE ( gc_id_3 = '480' ) AND ( brand_id = '123' ) AND ( areaid_1 = '28' ) AND ( goods_id IN('') ) LIMIT 1  
[2016-02-04 02:07:26] /shop/cate-555-0-0-2-1-0-1-5-0.html ( act=search&op=index ) 
ERR: Db Error: Unknown column 'have_gift' in 'where clause'
SELECT COUNT(*) AS nc_count FROM `shopwwi_goods_common` WHERE ( gc_id_3 = '555' ) AND ( areaid_1 = '5' ) AND ( have_gift = '1' ) LIMIT 1  
[2016-02-04 02:36:52] /shop/cate-480-121-9-0-0-0-0-0-0.html ( act=search&op=index ) 
ERR: Db Error: Unknown column 'goods_id' in 'where clause'
SELECT COUNT(*) AS nc_count FROM `shopwwi_goods_common` WHERE ( gc_id_3 = '480' ) AND ( brand_id = '121' ) AND ( goods_id IN ('100095','100096','100103','100104','100106','100107','100108','100112','100113','100114','100118','100120','100121','100122','100123','100127','100131','100133','100134','100136','100137','100139','100141','100145','100146') ) LIMIT 1  
[2016-02-04 02:48:24] /shop/cate-973-0-0-0-0-0-1-11-0.html ( act=search&op=index ) 
ERR: Db Error: Unknown column 'have_gift' in 'where clause'
SELECT COUNT(*) AS nc_count FROM `shopwwi_goods_common` WHERE ( gc_id_3 = '973' ) AND ( areaid_1 = '11' ) AND ( have_gift = '1' ) LIMIT 1  
[2016-02-04 02:55:49] /shop/cate-526-141-4_10-0-0-0-0-0-0.html ( act=search&op=index ) 
ERR: Db Error: Unknown column 'goods_id' in 'where clause'
SELECT COUNT(*) AS nc_count FROM `shopwwi_goods_common` WHERE ( gc_id_3 = '526' ) AND ( brand_id = '141' ) AND ( goods_id IN ('100130') ) LIMIT 1  
[2016-02-04 02:59:45] /shop/cate-973-0-0-2-2-0-1-9-0.html ( act=search&op=index ) 
ERR: Db Error: Unknown column 'have_gift' in 'where clause'
SELECT COUNT(*) AS nc_count FROM `shopwwi_goods_common` WHERE ( gc_id_3 = '973' ) AND ( areaid_1 = '9' ) AND ( have_gift = '1' ) LIMIT 1  
[2016-02-04 03:03:32] /shop/cate-973-0-0-2-2-0-1-5-0.html ( act=search&op=index ) 
ERR: Db Error: Unknown column 'have_gift' in 'where clause'
SELECT COUNT(*) AS nc_count FROM `shopwwi_goods_common` WHERE ( gc_id_3 = '973' ) AND ( areaid_1 = '5' ) AND ( have_gift = '1' ) LIMIT 1  
[2016-02-04 03:06:24] /shop/cate-480-123-9_19_1-0-0-0-0-0-0.html ( act=search&op=index ) 
ERR: Db Error: Unknown column 'goods_id' in 'where clause'
SELECT COUNT(*) AS nc_count FROM `shopwwi_goods_common` WHERE ( gc_id_3 = '480' ) AND ( brand_id = '123' ) AND ( goods_id IN('') ) LIMIT 1  
[2016-02-04 03:07:19] /shop/cate-973-0-0-2-1-0-1-9-0.html ( act=search&op=index ) 
ERR: Db Error: Unknown column 'have_gift' in 'where clause'
SELECT COUNT(*) AS nc_count FROM `shopwwi_goods_common` WHERE ( gc_id_3 = '973' ) AND ( areaid_1 = '9' ) AND ( have_gift = '1' ) LIMIT 1  
[2016-02-04 03:11:06] /shop/cate-973-0-0-2-2-1-1-5-0.html ( act=search&op=index ) 
ERR: Db Error: Unknown column 'have_gift' in 'where clause'
SELECT COUNT(*) AS nc_count FROM `shopwwi_goods_common` WHERE ( gc_id_3 = '973' ) AND ( areaid_1 = '5' ) AND ( is_own_shop = '1' ) AND ( have_gift = '1' ) LIMIT 1  
[2016-02-04 03:14:53] /shop/cate-973-0-0-2-1-1-1-5-0.html ( act=search&op=index ) 
ERR: Db Error: Unknown column 'have_gift' in 'where clause'
SELECT COUNT(*) AS nc_count FROM `shopwwi_goods_common` WHERE ( gc_id_3 = '973' ) AND ( areaid_1 = '5' ) AND ( is_own_shop = '1' ) AND ( have_gift = '1' ) LIMIT 1  
[2016-02-04 03:16:59] /shop/cate-480-115-23_1_11-0-0-0-0-0-0.html ( act=search&op=index ) 
ERR: Db Error: Unknown column 'goods_id' in 'where clause'
SELECT COUNT(*) AS nc_count FROM `shopwwi_goods_common` WHERE ( gc_id_3 = '480' ) AND ( brand_id = '115' ) AND ( goods_id IN('') ) LIMIT 1  
[2016-02-04 03:18:40] /shop/cate-973-0-0-2-1-1-1-8-0.html ( act=search&op=index ) 
ERR: Db Error: Unknown column 'have_gift' in 'where clause'
SELECT COUNT(*) AS nc_count FROM `shopwwi_goods_common` WHERE ( gc_id_3 = '973' ) AND ( areaid_1 = '8' ) AND ( is_own_shop = '1' ) AND ( have_gift = '1' ) LIMIT 1  
[2016-02-04 03:22:47] /shop/cate-973-0-0-0-0-1-1-8-0.html ( act=search&op=index ) 
ERR: Db Error: Unknown column 'have_gift' in 'where clause'
SELECT COUNT(*) AS nc_count FROM `shopwwi_goods_common` WHERE ( gc_id_3 = '973' ) AND ( areaid_1 = '8' ) AND ( is_own_shop = '1' ) AND ( have_gift = '1' ) LIMIT 1  
[2016-02-04 03:30:01] /shop/cate-973-0-0-0-0-1-1-3-0.html ( act=search&op=index ) 
ERR: Db Error: Unknown column 'have_gift' in 'where clause'
SELECT COUNT(*) AS nc_count FROM `shopwwi_goods_common` WHERE ( gc_id_3 = '973' ) AND ( areaid_1 = '3' ) AND ( is_own_shop = '1' ) AND ( have_gift = '1' ) LIMIT 1  
[2016-02-04 03:33:48] /shop/cate-973-0-0-3-2-1-1-3-0.html ( act=search&op=index ) 
ERR: Db Error: Unknown column 'have_gift' in 'where clause'
SELECT COUNT(*) AS nc_count FROM `shopwwi_goods_common` WHERE ( gc_id_3 = '973' ) AND ( areaid_1 = '3' ) AND ( is_own_shop = '1' ) AND ( have_gift = '1' ) LIMIT 1  
[2016-02-04 03:37:45] /shop/cate-973-0-0-3-2-1-1-31-0.html ( act=search&op=index ) 
ERR: Db Error: Unknown column 'have_gift' in 'where clause'
SELECT COUNT(*) AS nc_count FROM `shopwwi_goods_common` WHERE ( gc_id_3 = '973' ) AND ( areaid_1 = '31' ) AND ( is_own_shop = '1' ) AND ( have_gift = '1' ) LIMIT 1  
[2016-02-04 03:41:23] /shop/cate-973-0-0-3-2-1-1-2-0.html ( act=search&op=index ) 
ERR: Db Error: Unknown column 'have_gift' in 'where clause'
SELECT COUNT(*) AS nc_count FROM `shopwwi_goods_common` WHERE ( gc_id_3 = '973' ) AND ( areaid_1 = '2' ) AND ( is_own_shop = '1' ) AND ( have_gift = '1' ) LIMIT 1  
[2016-02-04 03:45:09] /shop/cate-973-0-0-3-1-1-1-2-0.html ( act=search&op=index ) 
ERR: Db Error: Unknown column 'have_gift' in 'where clause'
SELECT COUNT(*) AS nc_count FROM `shopwwi_goods_common` WHERE ( gc_id_3 = '973' ) AND ( areaid_1 = '2' ) AND ( is_own_shop = '1' ) AND ( have_gift = '1' ) LIMIT 1  
[2016-02-04 03:48:45] /shop/cate-480-124-23_3-0-0-0-0-28-0.html ( act=search&op=index ) 
ERR: Db Error: Unknown column 'goods_id' in 'where clause'
SELECT COUNT(*) AS nc_count FROM `shopwwi_goods_common` WHERE ( gc_id_3 = '480' ) AND ( brand_id = '124' ) AND ( areaid_1 = '28' ) AND ( goods_id IN ('100104') ) LIMIT 1  
[2016-02-04 03:48:58] /shop/cate-973-0-0-3-1-1-1-4-0.html ( act=search&op=index ) 
ERR: Db Error: Unknown column 'have_gift' in 'where clause'
SELECT COUNT(*) AS nc_count FROM `shopwwi_goods_common` WHERE ( gc_id_3 = '973' ) AND ( areaid_1 = '4' ) AND ( is_own_shop = '1' ) AND ( have_gift = '1' ) LIMIT 1  
[2016-02-04 03:53:00] /shop/cate-973-0-0-3-1-0-1-4-0.html ( act=search&op=index ) 
ERR: Db Error: Unknown column 'have_gift' in 'where clause'
SELECT COUNT(*) AS nc_count FROM `shopwwi_goods_common` WHERE ( gc_id_3 = '973' ) AND ( areaid_1 = '4' ) AND ( have_gift = '1' ) LIMIT 1  
[2016-02-04 03:56:31] /shop/cate-973-0-0-1-2-1-1-4-0.html ( act=search&op=index ) 
ERR: Db Error: Unknown column 'have_gift' in 'where clause'
SELECT COUNT(*) AS nc_count FROM `shopwwi_goods_common` WHERE ( gc_id_3 = '973' ) AND ( areaid_1 = '4' ) AND ( is_own_shop = '1' ) AND ( have_gift = '1' ) LIMIT 1  
[2016-02-04 03:59:20] /shop/cate-480-115-23_1-0-0-0-0-10-0.html ( act=search&op=index ) 
ERR: Db Error: Unknown column 'goods_id' in 'where clause'
SELECT COUNT(*) AS nc_count FROM `shopwwi_goods_common` WHERE ( gc_id_3 = '480' ) AND ( brand_id = '115' ) AND ( areaid_1 = '10' ) AND ( goods_id IN ('100093') ) LIMIT 1  
[2016-02-04 04:00:17] /shop/cate-973-0-0-3-1-0-1-9-0.html ( act=search&op=index ) 
ERR: Db Error: Unknown column 'have_gift' in 'where clause'
SELECT COUNT(*) AS nc_count FROM `shopwwi_goods_common` WHERE ( gc_id_3 = '973' ) AND ( areaid_1 = '9' ) AND ( have_gift = '1' ) LIMIT 1  
[2016-02-04 05:20:26] /shop/cate-480-121-23_2-0-0-0-0-28-0.html ( act=search&op=index ) 
ERR: Db Error: Unknown column 'goods_id' in 'where clause'
SELECT COUNT(*) AS nc_count FROM `shopwwi_goods_common` WHERE ( gc_id_3 = '480' ) AND ( brand_id = '121' ) AND ( areaid_1 = '28' ) AND ( goods_id IN('') ) LIMIT 1  
[2016-02-04 05:50:26] /shop/cate-480-137-22-0-0-0-0-0-0.html ( act=search&op=index ) 
ERR: Db Error: Unknown column 'goods_id' in 'where clause'
SELECT COUNT(*) AS nc_count FROM `shopwwi_goods_common` WHERE ( gc_id_3 = '480' ) AND ( brand_id = '137' ) AND ( goods_id IN ('100094','100097','100098','100099','100101','100103','100105','100107','100108','100109','100110','100111','100112','100113','100114','100115','100116','100117','100119','100120','100122','100123','100124','100125','100126','100128','100129','100130','100131','100132','100133','100135','100136','100139','100140') ) LIMIT 1  
[2016-02-04 06:05:26] /shop/cate-526-136-14-0-0-0-0-0-0.html ( act=search&op=index ) 
ERR: Db Error: Unknown column 'goods_id' in 'where clause'
SELECT COUNT(*) AS nc_count FROM `shopwwi_goods_common` WHERE ( gc_id_3 = '526' ) AND ( brand_id = '136' ) AND ( goods_id IN ('100111','100112','100114','100121','100122','100128','100142') ) LIMIT 1  
[2016-02-04 06:20:26] /shop/cate-496-123-18-0-0-0-0-0-0.html ( act=search&op=index ) 
ERR: Db Error: Unknown column 'goods_id' in 'where clause'
SELECT COUNT(*) AS nc_count FROM `shopwwi_goods_common` WHERE ( gc_id_3 = '496' ) AND ( brand_id = '123' ) AND ( goods_id IN('') ) LIMIT 1  
[2016-02-04 06:35:26] /shop/cate-480-123-9_11_1-0-0-0-0-0-0.html ( act=search&op=index ) 
ERR: Db Error: Unknown column 'goods_id' in 'where clause'
SELECT COUNT(*) AS nc_count FROM `shopwwi_goods_common` WHERE ( gc_id_3 = '480' ) AND ( brand_id = '123' ) AND ( goods_id IN('') ) LIMIT 1  
[2016-02-04 07:35:26] /shop/cate-480-134-23_24_10-0-0-0-0-0-0.html ( act=search&op=index ) 
ERR: Db Error: Unknown column 'goods_id' in 'where clause'
SELECT COUNT(*) AS nc_count FROM `shopwwi_goods_common` WHERE ( gc_id_3 = '480' ) AND ( brand_id = '134' ) AND ( goods_id IN('') ) LIMIT 1  
[2016-02-04 08:20:26] /shop/cate-480-126-6-0-0-0-0-11-0.html ( act=search&op=index ) 
ERR: Db Error: Unknown column 'goods_id' in 'where clause'
SELECT COUNT(*) AS nc_count FROM `shopwwi_goods_common` WHERE ( gc_id_3 = '480' ) AND ( brand_id = '126' ) AND ( areaid_1 = '11' ) AND ( goods_id IN('') ) LIMIT 1  
[2016-02-04 09:05:26] /shop/cate-526-114-4_10-0-0-0-0-0-0.html ( act=search&op=index ) 
ERR: Db Error: Unknown column 'goods_id' in 'where clause'
SELECT COUNT(*) AS nc_count FROM `shopwwi_goods_common` WHERE ( gc_id_3 = '526' ) AND ( brand_id = '114' ) AND ( goods_id IN ('100130') ) LIMIT 1  
[2016-02-04 09:17:26] /shop/cate-480-123-9_12_1-0-0-0-0-0-0.html ( act=search&op=index ) 
ERR: Db Error: Unknown column 'goods_id' in 'where clause'
SELECT COUNT(*) AS nc_count FROM `shopwwi_goods_common` WHERE ( gc_id_3 = '480' ) AND ( brand_id = '123' ) AND ( goods_id IN('') ) LIMIT 1  
[2016-02-04 09:41:26] /shop/cate-480-113-24-0-0-0-0-0-0.html ( act=search&op=index ) 
ERR: Db Error: Unknown column 'goods_id' in 'where clause'
SELECT COUNT(*) AS nc_count FROM `shopwwi_goods_common` WHERE ( gc_id_3 = '480' ) AND ( brand_id = '113' ) AND ( goods_id IN ('100095','100101','100112','100116','100117','100119','100122','100124','100128','100129','100132','100133','100134','100135','100138') ) LIMIT 1  
[2016-02-04 10:05:26] /shop/cate-480-123-9_25_1-0-0-0-0-0-0.html ( act=search&op=index ) 
ERR: Db Error: Unknown column 'goods_id' in 'where clause'
SELECT COUNT(*) AS nc_count FROM `shopwwi_goods_common` WHERE ( gc_id_3 = '480' ) AND ( brand_id = '123' ) AND ( goods_id IN('') ) LIMIT 1  
[2016-02-04 10:29:26] /shop/cate-480-123-9_14_1-0-0-0-0-0-0.html ( act=search&op=index ) 
ERR: Db Error: Unknown column 'goods_id' in 'where clause'
SELECT COUNT(*) AS nc_count FROM `shopwwi_goods_common` WHERE ( gc_id_3 = '480' ) AND ( brand_id = '123' ) AND ( goods_id IN('') ) LIMIT 1  
[2016-02-04 10:48:12] /shop/cate-480-0-12-0-0-0-0-12-0.html ( act=search&op=index ) 
ERR: Db Error: Unknown column 'goods_id' in 'where clause'
SELECT COUNT(*) AS nc_count FROM `shopwwi_goods_common` WHERE ( gc_id_3 = '480' ) AND ( areaid_1 = '12' ) AND ( goods_id IN ('100093','100094','100102','100103','100110','100119','100125','100126','100131','100132','100134','100135','100138','100145','100146') ) LIMIT 1  
[2016-02-04 11:01:43] /shop/cate-480-123-9_19-0-0-0-0-1-0.html ( act=search&op=index ) 
ERR: Db Error: Unknown column 'goods_id' in 'where clause'
SELECT COUNT(*) AS nc_count FROM `shopwwi_goods_common` WHERE ( gc_id_3 = '480' ) AND ( brand_id = '123' ) AND ( areaid_1 = '1' ) AND ( goods_id IN('') ) LIMIT 1  
[2016-02-04 11:15:15] /shop/cate-526-130-4_10-0-0-0-0-0-0.html ( act=search&op=index ) 
ERR: Db Error: Unknown column 'goods_id' in 'where clause'
SELECT COUNT(*) AS nc_count FROM `shopwwi_goods_common` WHERE ( gc_id_3 = '526' ) AND ( brand_id = '130' ) AND ( goods_id IN ('100130') ) LIMIT 1  
[2016-02-04 11:22:01] /shop/cate-526-121-14-0-0-0-0-0-0.html ( act=search&op=index ) 
ERR: Db Error: Unknown column 'goods_id' in 'where clause'
SELECT COUNT(*) AS nc_count FROM `shopwwi_goods_common` WHERE ( gc_id_3 = '526' ) AND ( brand_id = '121' ) AND ( goods_id IN ('100111','100112','100114','100121','100122','100128','100142') ) LIMIT 1  
[2016-02-04 11:23:36] /shop/cate-483-0-8-0-0-0-0-0-0.html ( act=search&op=index ) 
ERR: Db Error: Unknown column 'goods_id' in 'where clause'
SELECT COUNT(*) AS nc_count FROM `shopwwi_goods_common` WHERE ( gc_id_3 = '483' ) AND ( goods_id IN ('100093','100094','100097','100098','100099','100100','100101','100102','100105','100109','100110','100111','100115','100116','100117','100119','100124','100126','100128','100129','100132','100135','100140','100142') ) LIMIT 1  
[2016-02-04 11:23:47] /shop/cate-479-0-7-0-0-0-0-0-0.html ( act=search&op=index ) 
ERR: Db Error: Unknown column 'goods_id' in 'where clause'
SELECT COUNT(*) AS nc_count FROM `shopwwi_goods_common` WHERE ( gc_id_3 = '479' ) AND ( goods_id IN('') ) LIMIT 1  
[2016-02-04 11:25:30] /shop/cate-480-0-12-0-0-0-0-0-0.html ( act=search&op=index ) 
ERR: Db Error: Unknown column 'goods_id' in 'where clause'
SELECT COUNT(*) AS nc_count FROM `shopwwi_goods_common` WHERE ( gc_id_3 = '480' ) AND ( goods_id IN ('100093','100094','100102','100103','100110','100119','100125','100126','100131','100132','100134','100135','100138','100145','100146') ) LIMIT 1  
[2016-02-04 11:28:47] /shop/cate-526-0-25_1_11-0-0-0-0-0-0.html ( act=search&op=index ) 
ERR: Db Error: Unknown column 'goods_id' in 'where clause'
SELECT COUNT(*) AS nc_count FROM `shopwwi_goods_common` WHERE ( gc_id_3 = '526' ) AND ( goods_id IN('') ) LIMIT 1  
[2016-02-04 11:35:33] /shop/cate-494-0-8_1-0-0-0-0-0-0.html ( act=search&op=index ) 
ERR: Db Error: Unknown column 'goods_id' in 'where clause'
SELECT COUNT(*) AS nc_count FROM `shopwwi_goods_common` WHERE ( gc_id_3 = '494' ) AND ( goods_id IN ('100093') ) LIMIT 1  
[2016-02-04 11:42:19] /shop/cate-480-123-9_1-0-0-0-0-1-0.html ( act=search&op=index ) 
ERR: Db Error: Unknown column 'goods_id' in 'where clause'
SELECT COUNT(*) AS nc_count FROM `shopwwi_goods_common` WHERE ( gc_id_3 = '480' ) AND ( brand_id = '123' ) AND ( areaid_1 = '1' ) AND ( goods_id IN('') ) LIMIT 1  
[2016-02-04 11:45:39] /shop/cate-482-0-4-0-0-0-0-0-0.html ( act=search&op=index ) 
ERR: Db Error: Unknown column 'goods_id' in 'where clause'
SELECT COUNT(*) AS nc_count FROM `shopwwi_goods_common` WHERE ( gc_id_3 = '482' ) AND ( goods_id IN ('100096','100107','100116','100117','100121','100122','100126','100127','100128','100129','100130','100131','100134','100141') ) LIMIT 1  
[2016-02-04 11:45:41] /shop/cate-482-0-4_12-0-0-0-0-0-0.html ( act=search&op=index ) 
ERR: Db Error: Unknown column 'goods_id' in 'where clause'
SELECT COUNT(*) AS nc_count FROM `shopwwi_goods_common` WHERE ( gc_id_3 = '482' ) AND ( goods_id IN ('100126','100131','100134') ) LIMIT 1  
[2016-02-04 11:45:53] /shop/cate-481-0-23-0-0-0-0-0-0.html ( act=search&op=index ) 
ERR: Db Error: Unknown column 'goods_id' in 'where clause'
SELECT COUNT(*) AS nc_count FROM `shopwwi_goods_common` WHERE ( gc_id_3 = '481' ) AND ( goods_id IN ('100093','100096','100104','100118','100121') ) LIMIT 1  
[2016-02-04 11:46:15] /shop/cate-489-0-9-0-0-0-0-0-0.html ( act=search&op=index ) 
ERR: Db Error: Unknown column 'goods_id' in 'where clause'
SELECT COUNT(*) AS nc_count FROM `shopwwi_goods_common` WHERE ( gc_id_3 = '489' ) AND ( goods_id IN ('100095','100096','100103','100104','100106','100107','100108','100112','100113','100114','100118','100120','100121','100122','100123','100127','100131','100133','100134','100136','100137','100139','100141','100145','100146') ) LIMIT 1  
[2016-02-04 11:49:05] /shop/cate-480-118-23_11-0-0-0-0-0-0.html ( act=search&op=index ) 
ERR: Db Error: Unknown column 'goods_id' in 'where clause'
SELECT COUNT(*) AS nc_count FROM `shopwwi_goods_common` WHERE ( gc_id_3 = '480' ) AND ( brand_id = '118' ) AND ( goods_id IN('') ) LIMIT 1  
[2016-02-04 11:50:25] /circle/ ( act=index&op=index ) 
ERR: Db Error: Unknown table 'shopwwi.circle'
SELECT circle.*, is_hot*rand() as rand FROM `shopwwi_circle` WHERE ( circle_status = '1' ) AND ( is_hot = '1' ) ORDER BY rand desc LIMIT 3  
[2016-02-04 11:50:25] /circle/ ( act=index&op=index ) 
ERR: Db Error: Unknown table 'shopwwi.circle'
SELECT circle.*, is_recommend*rand() as rand FROM `shopwwi_circle` WHERE ( circle_status = '1' ) AND ( is_recommend = '1' ) ORDER BY rand desc LIMIT 20  
[2016-02-04 11:50:25] /circle/ ( act=index&op=index ) 
ERR: Db Error: Unknown table 'shopwwi.circle_theme'
SELECT circle_theme.*, is_recommend*rand() as rand FROM `shopwwi_circle_theme` WHERE ( has_affix = '1' ) AND ( is_closed = '0' ) AND ( is_recommend = '1' ) ORDER BY rand desc LIMIT 8  
[2016-02-04 11:50:25] /circle/ ( act=index&op=index ) 
ERR: Db Error: Unknown table 'shopwwi.circle_member'
SELECT circle_member.*, is_recommend*rand() as rand FROM `shopwwi_circle_member` WHERE ( is_recommend = '1' ) ORDER BY rand desc LIMIT 5  
[2016-02-04 11:55:51] /shop/cate-526-132-4_10-0-0-0-0-0-0.html ( act=search&op=index ) 
ERR: Db Error: Unknown column 'goods_id' in 'where clause'
SELECT COUNT(*) AS nc_count FROM `shopwwi_goods_common` WHERE ( gc_id_3 = '526' ) AND ( brand_id = '132' ) AND ( goods_id IN ('100130') ) LIMIT 1  
[2016-02-04 12:13:15] /shop/cate-481-0-10-1-2-1-0-0-0.html ( act=search&op=index ) 
ERR: Db Error: Unknown column 'goods_id' in 'where clause'
SELECT COUNT(*) AS nc_count FROM `shopwwi_goods_common` WHERE ( gc_id_3 = '481' ) AND ( is_own_shop = '1' ) AND ( goods_id IN ('100125','100130','100138') ) LIMIT 1  
[2016-02-04 12:18:42] /shop/cate-481-0-10-1-2-1-0-27-0.html ( act=search&op=index ) 
ERR: Db Error: Unknown column 'goods_id' in 'where clause'
SELECT COUNT(*) AS nc_count FROM `shopwwi_goods_common` WHERE ( gc_id_3 = '481' ) AND ( areaid_1 = '27' ) AND ( is_own_shop = '1' ) AND ( goods_id IN ('100125','100130','100138') ) LIMIT 1  
[2016-02-04 12:18:43] /shop/cate-481-0-10-1-2-1-0-7-0.html ( act=search&op=index ) 
ERR: Db Error: Unknown column 'goods_id' in 'where clause'
SELECT COUNT(*) AS nc_count FROM `shopwwi_goods_common` WHERE ( gc_id_3 = '481' ) AND ( areaid_1 = '7' ) AND ( is_own_shop = '1' ) AND ( goods_id IN ('100125','100130','100138') ) LIMIT 1  
[2016-02-04 12:18:44] /shop/cate-481-0-10-1-2-1-0-2-0.html ( act=search&op=index ) 
ERR: Db Error: Unknown column 'goods_id' in 'where clause'
SELECT COUNT(*) AS nc_count FROM `shopwwi_goods_common` WHERE ( gc_id_3 = '481' ) AND ( areaid_1 = '2' ) AND ( is_own_shop = '1' ) AND ( goods_id IN ('100125','100130','100138') ) LIMIT 1  
[2016-02-04 12:18:45] /shop/cate-481-0-10-2-2-1-0-0-0.html ( act=search&op=index ) 
ERR: Db Error: Unknown column 'goods_id' in 'where clause'
SELECT COUNT(*) AS nc_count FROM `shopwwi_goods_common` WHERE ( gc_id_3 = '481' ) AND ( is_own_shop = '1' ) AND ( goods_id IN ('100125','100130','100138') ) LIMIT 1  
[2016-02-04 12:18:47] /shop/cate-481-0-10-1-2-1-0-4-0.html ( act=search&op=index ) 
ERR: Db Error: Unknown column 'goods_id' in 'where clause'
SELECT COUNT(*) AS nc_count FROM `shopwwi_goods_common` WHERE ( gc_id_3 = '481' ) AND ( areaid_1 = '4' ) AND ( is_own_shop = '1' ) AND ( goods_id IN ('100125','100130','100138') ) LIMIT 1  
[2016-02-04 12:18:48] /shop/cate-481-0-10-0-0-1-0-0-0.html ( act=search&op=index ) 
ERR: Db Error: Unknown column 'goods_id' in 'where clause'
SELECT COUNT(*) AS nc_count FROM `shopwwi_goods_common` WHERE ( gc_id_3 = '481' ) AND ( is_own_shop = '1' ) AND ( goods_id IN ('100125','100130','100138') ) LIMIT 1  
[2016-02-04 12:18:49] /shop/cate-481-0-10-1-2-1-0-1-0.html ( act=search&op=index ) 
ERR: Db Error: Unknown column 'goods_id' in 'where clause'
SELECT COUNT(*) AS nc_count FROM `shopwwi_goods_common` WHERE ( gc_id_3 = '481' ) AND ( areaid_1 = '1' ) AND ( is_own_shop = '1' ) AND ( goods_id IN ('100125','100130','100138') ) LIMIT 1  
[2016-02-04 12:18:51] /shop/cate-481-0-10-3-2-1-0-0-0.html ( act=search&op=index ) 
ERR: Db Error: Unknown column 'goods_id' in 'where clause'
SELECT COUNT(*) AS nc_count FROM `shopwwi_goods_common` WHERE ( gc_id_3 = '481' ) AND ( is_own_shop = '1' ) AND ( goods_id IN ('100125','100130','100138') ) LIMIT 1  
[2016-02-04 12:18:53] /shop/cate-481-0-10-1-1-1-0-0-0.html ( act=search&op=index ) 
ERR: Db Error: Unknown column 'goods_id' in 'where clause'
SELECT COUNT(*) AS nc_count FROM `shopwwi_goods_common` WHERE ( gc_id_3 = '481' ) AND ( is_own_shop = '1' ) AND ( goods_id IN ('100125','100130','100138') ) LIMIT 1  
[2016-02-04 12:18:56] /shop/cate-481-0-10-1-2-1-0-6-0.html ( act=search&op=index ) 
ERR: Db Error: Unknown column 'goods_id' in 'where clause'
SELECT COUNT(*) AS nc_count FROM `shopwwi_goods_common` WHERE ( gc_id_3 = '481' ) AND ( areaid_1 = '6' ) AND ( is_own_shop = '1' ) AND ( goods_id IN ('100125','100130','100138') ) LIMIT 1  
[2016-02-04 12:18:59] /shop/cate-481-0-10-1-2-1-0-8-0.html ( act=search&op=index ) 
ERR: Db Error: Unknown column 'goods_id' in 'where clause'
SELECT COUNT(*) AS nc_count FROM `shopwwi_goods_common` WHERE ( gc_id_3 = '481' ) AND ( areaid_1 = '8' ) AND ( is_own_shop = '1' ) AND ( goods_id IN ('100125','100130','100138') ) LIMIT 1  
[2016-02-04 12:19:01] /shop/cate-481-0-10-1-2-1-0-5-0.html ( act=search&op=index ) 
ERR: Db Error: Unknown column 'goods_id' in 'where clause'
SELECT COUNT(*) AS nc_count FROM `shopwwi_goods_common` WHERE ( gc_id_3 = '481' ) AND ( areaid_1 = '5' ) AND ( is_own_shop = '1' ) AND ( goods_id IN ('100125','100130','100138') ) LIMIT 1  
[2016-02-04 12:19:04] /shop/cate-481-0-10-1-2-1-0-3-0.html ( act=search&op=index ) 
ERR: Db Error: Unknown column 'goods_id' in 'where clause'
SELECT COUNT(*) AS nc_count FROM `shopwwi_goods_common` WHERE ( gc_id_3 = '481' ) AND ( areaid_1 = '3' ) AND ( is_own_shop = '1' ) AND ( goods_id IN ('100125','100130','100138') ) LIMIT 1  
[2016-02-04 12:19:06] /shop/cate-481-0-10-1-2-1-0-9-0.html ( act=search&op=index ) 
ERR: Db Error: Unknown column 'goods_id' in 'where clause'
SELECT COUNT(*) AS nc_count FROM `shopwwi_goods_common` WHERE ( gc_id_3 = '481' ) AND ( areaid_1 = '9' ) AND ( is_own_shop = '1' ) AND ( goods_id IN ('100125','100130','100138') ) LIMIT 1  
[2016-02-04 12:19:09] /shop/cate-481-0-10-1-2-1-1-0-0.html ( act=search&op=index ) 
ERR: Db Error: Unknown column 'have_gift' in 'where clause'
SELECT COUNT(*) AS nc_count FROM `shopwwi_goods_common` WHERE ( gc_id_3 = '481' ) AND ( is_own_shop = '1' ) AND ( have_gift = '1' ) AND ( goods_id IN ('100125','100130','100138') ) LIMIT 1  
[2016-02-04 12:19:12] /shop/cate-481-0-10-1-2-1-0-26-0.html ( act=search&op=index ) 
ERR: Db Error: Unknown column 'goods_id' in 'where clause'
SELECT COUNT(*) AS nc_count FROM `shopwwi_goods_common` WHERE ( gc_id_3 = '481' ) AND ( areaid_1 = '26' ) AND ( is_own_shop = '1' ) AND ( goods_id IN ('100125','100130','100138') ) LIMIT 1  
[2016-02-04 12:19:14] /shop/cate-481-0-10-1-2-1-0-12-0.html ( act=search&op=index ) 
ERR: Db Error: Unknown column 'goods_id' in 'where clause'
SELECT COUNT(*) AS nc_count FROM `shopwwi_goods_common` WHERE ( gc_id_3 = '481' ) AND ( areaid_1 = '12' ) AND ( is_own_shop = '1' ) AND ( goods_id IN ('100125','100130','100138') ) LIMIT 1  
[2016-02-04 12:19:17] /shop/cate-481-0-10-1-2-1-0-13-0.html ( act=search&op=index ) 
ERR: Db Error: Unknown column 'goods_id' in 'where clause'
SELECT COUNT(*) AS nc_count FROM `shopwwi_goods_common` WHERE ( gc_id_3 = '481' ) AND ( areaid_1 = '13' ) AND ( is_own_shop = '1' ) AND ( goods_id IN ('100125','100130','100138') ) LIMIT 1  
[2016-02-04 12:19:19] /shop/cate-481-0-10-1-2-1-0-30-0.html ( act=search&op=index ) 
ERR: Db Error: Unknown column 'goods_id' in 'where clause'
SELECT COUNT(*) AS nc_count FROM `shopwwi_goods_common` WHERE ( gc_id_3 = '481' ) AND ( areaid_1 = '30' ) AND ( is_own_shop = '1' ) AND ( goods_id IN ('100125','100130','100138') ) LIMIT 1  
[2016-02-04 12:19:22] /shop/cate-481-0-10-1-2-1-0-35-0.html ( act=search&op=index ) 
ERR: Db Error: Unknown column 'goods_id' in 'where clause'
SELECT COUNT(*) AS nc_count FROM `shopwwi_goods_common` WHERE ( gc_id_3 = '481' ) AND ( areaid_1 = '35' ) AND ( is_own_shop = '1' ) AND ( goods_id IN ('100125','100130','100138') ) LIMIT 1  
[2016-02-04 12:19:25] /shop/cate-481-0-10-1-2-1-0-10-0.html ( act=search&op=index ) 
ERR: Db Error: Unknown column 'goods_id' in 'where clause'
SELECT COUNT(*) AS nc_count FROM `shopwwi_goods_common` WHERE ( gc_id_3 = '481' ) AND ( areaid_1 = '10' ) AND ( is_own_shop = '1' ) AND ( goods_id IN ('100125','100130','100138') ) LIMIT 1  
[2016-02-04 12:19:27] /shop/cate-481-0-10-1-2-1-0-21-0.html ( act=search&op=index ) 
ERR: Db Error: Unknown column 'goods_id' in 'where clause'
SELECT COUNT(*) AS nc_count FROM `shopwwi_goods_common` WHERE ( gc_id_3 = '481' ) AND ( areaid_1 = '21' ) AND ( is_own_shop = '1' ) AND ( goods_id IN ('100125','100130','100138') ) LIMIT 1  
[2016-02-04 12:19:30] /shop/cate-481-0-10-1-2-1-0-18-0.html ( act=search&op=index ) 
ERR: Db Error: Unknown column 'goods_id' in 'where clause'
SELECT COUNT(*) AS nc_count FROM `shopwwi_goods_common` WHERE ( gc_id_3 = '481' ) AND ( areaid_1 = '18' ) AND ( is_own_shop = '1' ) AND ( goods_id IN ('100125','100130','100138') ) LIMIT 1  
[2016-02-04 12:19:32] /shop/cate-481-0-10-1-2-1-0-17-0.html ( act=search&op=index ) 
ERR: Db Error: Unknown column 'goods_id' in 'where clause'
SELECT COUNT(*) AS nc_count FROM `shopwwi_goods_common` WHERE ( gc_id_3 = '481' ) AND ( areaid_1 = '17' ) AND ( is_own_shop = '1' ) AND ( goods_id IN ('100125','100130','100138') ) LIMIT 1  
[2016-02-04 12:19:35] /shop/cate-481-0-10-1-2-1-0-19-0.html ( act=search&op=index ) 
ERR: Db Error: Unknown column 'goods_id' in 'where clause'
SELECT COUNT(*) AS nc_count FROM `shopwwi_goods_common` WHERE ( gc_id_3 = '481' ) AND ( areaid_1 = '19' ) AND ( is_own_shop = '1' ) AND ( goods_id IN ('100125','100130','100138') ) LIMIT 1  
[2016-02-04 12:19:38] /shop/cate-481-0-10-1-2-1-0-15-0.html ( act=search&op=index ) 
ERR: Db Error: Unknown column 'goods_id' in 'where clause'
SELECT COUNT(*) AS nc_count FROM `shopwwi_goods_common` WHERE ( gc_id_3 = '481' ) AND ( areaid_1 = '15' ) AND ( is_own_shop = '1' ) AND ( goods_id IN ('100125','100130','100138') ) LIMIT 1  
[2016-02-04 12:19:40] /shop/cate-481-0-10-1-2-1-0-16-0.html ( act=search&op=index ) 
ERR: Db Error: Unknown column 'goods_id' in 'where clause'
SELECT COUNT(*) AS nc_count FROM `shopwwi_goods_common` WHERE ( gc_id_3 = '481' ) AND ( areaid_1 = '16' ) AND ( is_own_shop = '1' ) AND ( goods_id IN ('100125','100130','100138') ) LIMIT 1  
[2016-02-04 12:19:43] /shop/cate-481-0-10-1-2-1-0-23-0.html ( act=search&op=index ) 
ERR: Db Error: Unknown column 'goods_id' in 'where clause'
SELECT COUNT(*) AS nc_count FROM `shopwwi_goods_common` WHERE ( gc_id_3 = '481' ) AND ( areaid_1 = '23' ) AND ( is_own_shop = '1' ) AND ( goods_id IN ('100125','100130','100138') ) LIMIT 1  
[2016-02-04 12:19:45] /shop/cate-481-0-10-1-2-1-0-29-0.html ( act=search&op=index ) 
ERR: Db Error: Unknown column 'goods_id' in 'where clause'
SELECT COUNT(*) AS nc_count FROM `shopwwi_goods_common` WHERE ( gc_id_3 = '481' ) AND ( areaid_1 = '29' ) AND ( is_own_shop = '1' ) AND ( goods_id IN ('100125','100130','100138') ) LIMIT 1  
[2016-02-04 12:19:48] /shop/cate-481-0-10-1-2-1-0-11-0.html ( act=search&op=index ) 
ERR: Db Error: Unknown column 'goods_id' in 'where clause'
SELECT COUNT(*) AS nc_count FROM `shopwwi_goods_common` WHERE ( gc_id_3 = '481' ) AND ( areaid_1 = '11' ) AND ( is_own_shop = '1' ) AND ( goods_id IN ('100125','100130','100138') ) LIMIT 1  
[2016-02-04 12:19:51] /shop/cate-481-0-10-1-2-1-0-33-0.html ( act=search&op=index ) 
ERR: Db Error: Unknown column 'goods_id' in 'where clause'
SELECT COUNT(*) AS nc_count FROM `shopwwi_goods_common` WHERE ( gc_id_3 = '481' ) AND ( areaid_1 = '33' ) AND ( is_own_shop = '1' ) AND ( goods_id IN ('100125','100130','100138') ) LIMIT 1  
[2016-02-04 12:19:53] /shop/cate-481-0-10-1-2-1-0-24-0.html ( act=search&op=index ) 
ERR: Db Error: Unknown column 'goods_id' in 'where clause'
SELECT COUNT(*) AS nc_count FROM `shopwwi_goods_common` WHERE ( gc_id_3 = '481' ) AND ( areaid_1 = '24' ) AND ( is_own_shop = '1' ) AND ( goods_id IN ('100125','100130','100138') ) LIMIT 1  
[2016-02-04 12:19:53] /shop/cate-496-0-18_10_2-0-0-0-0-0-0.html ( act=search&op=index ) 
ERR: Db Error: Unknown column 'goods_id' in 'where clause'
SELECT COUNT(*) AS nc_count FROM `shopwwi_goods_common` WHERE ( gc_id_3 = '496' ) AND ( goods_id IN('') ) LIMIT 1  
[2016-02-04 12:19:56] /shop/cate-481-0-10-1-2-1-0-31-0.html ( act=search&op=index ) 
ERR: Db Error: Unknown column 'goods_id' in 'where clause'
SELECT COUNT(*) AS nc_count FROM `shopwwi_goods_common` WHERE ( gc_id_3 = '481' ) AND ( areaid_1 = '31' ) AND ( is_own_shop = '1' ) AND ( goods_id IN ('100125','100130','100138') ) LIMIT 1  
[2016-02-04 12:19:58] /shop/cate-481-0-10-1-2-1-0-22-0.html ( act=search&op=index ) 
ERR: Db Error: Unknown column 'goods_id' in 'where clause'
SELECT COUNT(*) AS nc_count FROM `shopwwi_goods_common` WHERE ( gc_id_3 = '481' ) AND ( areaid_1 = '22' ) AND ( is_own_shop = '1' ) AND ( goods_id IN ('100125','100130','100138') ) LIMIT 1  
[2016-02-04 12:20:01] /shop/cate-481-0-10-1-2-1-0-14-0.html ( act=search&op=index ) 
ERR: Db Error: Unknown column 'goods_id' in 'where clause'
SELECT COUNT(*) AS nc_count FROM `shopwwi_goods_common` WHERE ( gc_id_3 = '481' ) AND ( areaid_1 = '14' ) AND ( is_own_shop = '1' ) AND ( goods_id IN ('100125','100130','100138') ) LIMIT 1  
[2016-02-04 12:20:04] /shop/cate-481-0-10-1-2-1-0-28-0.html ( act=search&op=index ) 
ERR: Db Error: Unknown column 'goods_id' in 'where clause'
SELECT COUNT(*) AS nc_count FROM `shopwwi_goods_common` WHERE ( gc_id_3 = '481' ) AND ( areaid_1 = '28' ) AND ( is_own_shop = '1' ) AND ( goods_id IN ('100125','100130','100138') ) LIMIT 1  
[2016-02-04 12:20:06] /shop/cate-481-0-10-1-2-1-0-20-0.html ( act=search&op=index ) 
ERR: Db Error: Unknown column 'goods_id' in 'where clause'
SELECT COUNT(*) AS nc_count FROM `shopwwi_goods_common` WHERE ( gc_id_3 = '481' ) AND ( areaid_1 = '20' ) AND ( is_own_shop = '1' ) AND ( goods_id IN ('100125','100130','100138') ) LIMIT 1  
[2016-02-04 12:20:09] /shop/cate-481-0-10-1-2-1-0-32-0.html ( act=search&op=index ) 
ERR: Db Error: Unknown column 'goods_id' in 'where clause'
SELECT COUNT(*) AS nc_count FROM `shopwwi_goods_common` WHERE ( gc_id_3 = '481' ) AND ( areaid_1 = '32' ) AND ( is_own_shop = '1' ) AND ( goods_id IN ('100125','100130','100138') ) LIMIT 1  
[2016-02-04 12:20:11] /shop/cate-481-0-10-1-2-1-0-25-0.html ( act=search&op=index ) 
ERR: Db Error: Unknown column 'goods_id' in 'where clause'
SELECT COUNT(*) AS nc_count FROM `shopwwi_goods_common` WHERE ( gc_id_3 = '481' ) AND ( areaid_1 = '25' ) AND ( is_own_shop = '1' ) AND ( goods_id IN ('100125','100130','100138') ) LIMIT 1  
[2016-02-04 12:20:14] /shop/cate-481-0-10-1-2-1-0-34-0.html ( act=search&op=index ) 
ERR: Db Error: Unknown column 'goods_id' in 'where clause'
SELECT COUNT(*) AS nc_count FROM `shopwwi_goods_common` WHERE ( gc_id_3 = '481' ) AND ( areaid_1 = '34' ) AND ( is_own_shop = '1' ) AND ( goods_id IN ('100125','100130','100138') ) LIMIT 1  
[2016-02-04 12:20:17] /shop/cate-481-122-10-1-2-1-0-0-0.html ( act=search&op=index ) 
ERR: Db Error: Unknown column 'goods_id' in 'where clause'
SELECT COUNT(*) AS nc_count FROM `shopwwi_goods_common` WHERE ( gc_id_3 = '481' ) AND ( brand_id = '122' ) AND ( is_own_shop = '1' ) AND ( goods_id IN ('100125','100130','100138') ) LIMIT 1  
[2016-02-04 12:20:19] /shop/cate-481-129-10-1-2-1-0-0-0.html ( act=search&op=index ) 
ERR: Db Error: Unknown column 'goods_id' in 'where clause'
SELECT COUNT(*) AS nc_count FROM `shopwwi_goods_common` WHERE ( gc_id_3 = '481' ) AND ( brand_id = '129' ) AND ( is_own_shop = '1' ) AND ( goods_id IN ('100125','100130','100138') ) LIMIT 1  
[2016-02-04 12:20:22] /shop/cate-481-130-10-1-2-1-0-0-0.html ( act=search&op=index ) 
ERR: Db Error: Unknown column 'goods_id' in 'where clause'
SELECT COUNT(*) AS nc_count FROM `shopwwi_goods_common` WHERE ( gc_id_3 = '481' ) AND ( brand_id = '130' ) AND ( is_own_shop = '1' ) AND ( goods_id IN ('100125','100130','100138') ) LIMIT 1  
[2016-02-04 12:20:24] /shop/cate-481-121-10-1-2-1-0-0-0.html ( act=search&op=index ) 
ERR: Db Error: Unknown column 'goods_id' in 'where clause'
SELECT COUNT(*) AS nc_count FROM `shopwwi_goods_common` WHERE ( gc_id_3 = '481' ) AND ( brand_id = '121' ) AND ( is_own_shop = '1' ) AND ( goods_id IN ('100125','100130','100138') ) LIMIT 1  
[2016-02-04 12:20:27] /shop/cate-481-113-10-1-2-1-0-0-0.html ( act=search&op=index ) 
ERR: Db Error: Unknown column 'goods_id' in 'where clause'
SELECT COUNT(*) AS nc_count FROM `shopwwi_goods_common` WHERE ( gc_id_3 = '481' ) AND ( brand_id = '113' ) AND ( is_own_shop = '1' ) AND ( goods_id IN ('100125','100130','100138') ) LIMIT 1  
[2016-02-04 12:20:30] /shop/cate-481-118-10-1-2-1-0-0-0.html ( act=search&op=index ) 
ERR: Db Error: Unknown column 'goods_id' in 'where clause'
SELECT COUNT(*) AS nc_count FROM `shopwwi_goods_common` WHERE ( gc_id_3 = '481' ) AND ( brand_id = '118' ) AND ( is_own_shop = '1' ) AND ( goods_id IN ('100125','100130','100138') ) LIMIT 1  
[2016-02-04 12:20:33] /shop/cate-481-114-10-1-2-1-0-0-0.html ( act=search&op=index ) 
ERR: Db Error: Unknown column 'goods_id' in 'where clause'
SELECT COUNT(*) AS nc_count FROM `shopwwi_goods_common` WHERE ( gc_id_3 = '481' ) AND ( brand_id = '114' ) AND ( is_own_shop = '1' ) AND ( goods_id IN ('100125','100130','100138') ) LIMIT 1  
[2016-02-04 12:20:36] /shop/cate-481-131-10-1-2-1-0-0-0.html ( act=search&op=index ) 
ERR: Db Error: Unknown column 'goods_id' in 'where clause'
SELECT COUNT(*) AS nc_count FROM `shopwwi_goods_common` WHERE ( gc_id_3 = '481' ) AND ( brand_id = '131' ) AND ( is_own_shop = '1' ) AND ( goods_id IN ('100125','100130','100138') ) LIMIT 1  
[2016-02-04 12:20:39] /shop/cate-481-127-10-1-2-1-0-0-0.html ( act=search&op=index ) 
ERR: Db Error: Unknown column 'goods_id' in 'where clause'
SELECT COUNT(*) AS nc_count FROM `shopwwi_goods_common` WHERE ( gc_id_3 = '481' ) AND ( brand_id = '127' ) AND ( is_own_shop = '1' ) AND ( goods_id IN ('100125','100130','100138') ) LIMIT 1  
[2016-02-04 12:20:42] /shop/cate-481-117-10-1-2-1-0-0-0.html ( act=search&op=index ) 
ERR: Db Error: Unknown column 'goods_id' in 'where clause'
SELECT COUNT(*) AS nc_count FROM `shopwwi_goods_common` WHERE ( gc_id_3 = '481' ) AND ( brand_id = '117' ) AND ( is_own_shop = '1' ) AND ( goods_id IN ('100125','100130','100138') ) LIMIT 1  
[2016-02-04 12:20:45] /shop/cate-481-136-10-1-2-1-0-0-0.html ( act=search&op=index ) 
ERR: Db Error: Unknown column 'goods_id' in 'where clause'
SELECT COUNT(*) AS nc_count FROM `shopwwi_goods_common` WHERE ( gc_id_3 = '481' ) AND ( brand_id = '136' ) AND ( is_own_shop = '1' ) AND ( goods_id IN ('100125','100130','100138') ) LIMIT 1  
[2016-02-04 12:20:48] /shop/cate-481-126-10-1-2-1-0-0-0.html ( act=search&op=index ) 
ERR: Db Error: Unknown column 'goods_id' in 'where clause'
SELECT COUNT(*) AS nc_count FROM `shopwwi_goods_common` WHERE ( gc_id_3 = '481' ) AND ( brand_id = '126' ) AND ( is_own_shop = '1' ) AND ( goods_id IN ('100125','100130','100138') ) LIMIT 1  
[2016-02-04 12:20:52] /shop/cate-481-135-10-1-2-1-0-0-0.html ( act=search&op=index ) 
ERR: Db Error: Unknown column 'goods_id' in 'where clause'
SELECT COUNT(*) AS nc_count FROM `shopwwi_goods_common` WHERE ( gc_id_3 = '481' ) AND ( brand_id = '135' ) AND ( is_own_shop = '1' ) AND ( goods_id IN ('100125','100130','100138') ) LIMIT 1  
[2016-02-04 12:20:55] /shop/cate-481-0-10_2-1-2-1-0-0-0.html ( act=search&op=index ) 
ERR: Db Error: Unknown column 'goods_id' in 'where clause'
SELECT COUNT(*) AS nc_count FROM `shopwwi_goods_common` WHERE ( gc_id_3 = '481' ) AND ( is_own_shop = '1' ) AND ( goods_id IN ('100138') ) LIMIT 1  
[2016-02-04 12:20:58] /shop/cate-481-134-10-1-2-1-0-0-0.html ( act=search&op=index ) 
ERR: Db Error: Unknown column 'goods_id' in 'where clause'
SELECT COUNT(*) AS nc_count FROM `shopwwi_goods_common` WHERE ( gc_id_3 = '481' ) AND ( brand_id = '134' ) AND ( is_own_shop = '1' ) AND ( goods_id IN ('100125','100130','100138') ) LIMIT 1  
[2016-02-04 12:21:01] /shop/cate-481-133-10-1-2-1-0-0-0.html ( act=search&op=index ) 
ERR: Db Error: Unknown column 'goods_id' in 'where clause'
SELECT COUNT(*) AS nc_count FROM `shopwwi_goods_common` WHERE ( gc_id_3 = '481' ) AND ( brand_id = '133' ) AND ( is_own_shop = '1' ) AND ( goods_id IN ('100125','100130','100138') ) LIMIT 1  
[2016-02-04 12:21:04] /shop/cate-481-141-10-1-2-1-0-0-0.html ( act=search&op=index ) 
ERR: Db Error: Unknown column 'goods_id' in 'where clause'
SELECT COUNT(*) AS nc_count FROM `shopwwi_goods_common` WHERE ( gc_id_3 = '481' ) AND ( brand_id = '141' ) AND ( is_own_shop = '1' ) AND ( goods_id IN ('100125','100130','100138') ) LIMIT 1  
[2016-02-04 12:21:07] /shop/cate-481-0-10_4-1-2-1-0-0-0.html ( act=search&op=index ) 
ERR: Db Error: Unknown column 'goods_id' in 'where clause'
SELECT COUNT(*) AS nc_count FROM `shopwwi_goods_common` WHERE ( gc_id_3 = '481' ) AND ( is_own_shop = '1' ) AND ( goods_id IN ('100130') ) LIMIT 1  
[2016-02-04 12:21:10] /shop/cate-481-137-10-1-2-1-0-0-0.html ( act=search&op=index ) 
ERR: Db Error: Unknown column 'goods_id' in 'where clause'
SELECT COUNT(*) AS nc_count FROM `shopwwi_goods_common` WHERE ( gc_id_3 = '481' ) AND ( brand_id = '137' ) AND ( is_own_shop = '1' ) AND ( goods_id IN ('100125','100130','100138') ) LIMIT 1  
[2016-02-04 12:21:13] /shop/cate-481-0-10_3-1-2-1-0-0-0.html ( act=search&op=index ) 
ERR: Db Error: Unknown column 'goods_id' in 'where clause'
SELECT COUNT(*) AS nc_count FROM `shopwwi_goods_common` WHERE ( gc_id_3 = '481' ) AND ( is_own_shop = '1' ) AND ( goods_id IN ('100125') ) LIMIT 1  
[2016-02-04 12:21:16] /shop/cate-481-128-10-1-2-1-0-0-0.html ( act=search&op=index ) 
ERR: Db Error: Unknown column 'goods_id' in 'where clause'
SELECT COUNT(*) AS nc_count FROM `shopwwi_goods_common` WHERE ( gc_id_3 = '481' ) AND ( brand_id = '128' ) AND ( is_own_shop = '1' ) AND ( goods_id IN ('100125','100130','100138') ) LIMIT 1  
[2016-02-04 12:21:19] /shop/cate-481-120-10-1-2-1-0-0-0.html ( act=search&op=index ) 
ERR: Db Error: Unknown column 'goods_id' in 'where clause'
SELECT COUNT(*) AS nc_count FROM `shopwwi_goods_common` WHERE ( gc_id_3 = '481' ) AND ( brand_id = '120' ) AND ( is_own_shop = '1' ) AND ( goods_id IN ('100125','100130','100138') ) LIMIT 1  
[2016-02-04 12:21:22] /shop/cate-481-0-10_5-1-2-1-0-0-0.html ( act=search&op=index ) 
ERR: Db Error: Unknown column 'goods_id' in 'where clause'
SELECT COUNT(*) AS nc_count FROM `shopwwi_goods_common` WHERE ( gc_id_3 = '481' ) AND ( is_own_shop = '1' ) AND ( goods_id IN('') ) LIMIT 1  
[2016-02-04 12:21:25] /shop/cate-481-125-10-1-2-1-0-0-0.html ( act=search&op=index ) 
ERR: Db Error: Unknown column 'goods_id' in 'where clause'
SELECT COUNT(*) AS nc_count FROM `shopwwi_goods_common` WHERE ( gc_id_3 = '481' ) AND ( brand_id = '125' ) AND ( is_own_shop = '1' ) AND ( goods_id IN ('100125','100130','100138') ) LIMIT 1  
[2016-02-04 12:21:28] /shop/cate-481-132-10-1-2-1-0-0-0.html ( act=search&op=index ) 
ERR: Db Error: Unknown column 'goods_id' in 'where clause'
SELECT COUNT(*) AS nc_count FROM `shopwwi_goods_common` WHERE ( gc_id_3 = '481' ) AND ( brand_id = '132' ) AND ( is_own_shop = '1' ) AND ( goods_id IN ('100125','100130','100138') ) LIMIT 1  
[2016-02-04 12:21:31] /shop/cate-481-116-10-1-2-1-0-0-0.html ( act=search&op=index ) 
ERR: Db Error: Unknown column 'goods_id' in 'where clause'
SELECT COUNT(*) AS nc_count FROM `shopwwi_goods_common` WHERE ( gc_id_3 = '481' ) AND ( brand_id = '116' ) AND ( is_own_shop = '1' ) AND ( goods_id IN ('100125','100130','100138') ) LIMIT 1  
[2016-02-04 12:21:35] /shop/cate-481-124-10-1-2-1-0-0-0.html ( act=search&op=index ) 
ERR: Db Error: Unknown column 'goods_id' in 'where clause'
SELECT COUNT(*) AS nc_count FROM `shopwwi_goods_common` WHERE ( gc_id_3 = '481' ) AND ( brand_id = '124' ) AND ( is_own_shop = '1' ) AND ( goods_id IN ('100125','100130','100138') ) LIMIT 1  
[2016-02-04 12:21:38] /shop/cate-481-139-10-1-2-1-0-0-0.html ( act=search&op=index ) 
ERR: Db Error: Unknown column 'goods_id' in 'where clause'
SELECT COUNT(*) AS nc_count FROM `shopwwi_goods_common` WHERE ( gc_id_3 = '481' ) AND ( brand_id = '139' ) AND ( is_own_shop = '1' ) AND ( goods_id IN ('100125','100130','100138') ) LIMIT 1  
[2016-02-04 12:21:41] /shop/cate-481-140-10-1-2-1-0-0-0.html ( act=search&op=index ) 
ERR: Db Error: Unknown column 'goods_id' in 'where clause'
SELECT COUNT(*) AS nc_count FROM `shopwwi_goods_common` WHERE ( gc_id_3 = '481' ) AND ( brand_id = '140' ) AND ( is_own_shop = '1' ) AND ( goods_id IN ('100125','100130','100138') ) LIMIT 1  
[2016-02-04 12:21:44] /shop/cate-481-142-10-1-2-1-0-0-0.html ( act=search&op=index ) 
ERR: Db Error: Unknown column 'goods_id' in 'where clause'
SELECT COUNT(*) AS nc_count FROM `shopwwi_goods_common` WHERE ( gc_id_3 = '481' ) AND ( brand_id = '142' ) AND ( is_own_shop = '1' ) AND ( goods_id IN ('100125','100130','100138') ) LIMIT 1  
[2016-02-04 12:21:47] /shop/cate-481-115-10-1-2-1-0-0-0.html ( act=search&op=index ) 
ERR: Db Error: Unknown column 'goods_id' in 'where clause'
SELECT COUNT(*) AS nc_count FROM `shopwwi_goods_common` WHERE ( gc_id_3 = '481' ) AND ( brand_id = '115' ) AND ( is_own_shop = '1' ) AND ( goods_id IN ('100125','100130','100138') ) LIMIT 1  
[2016-02-04 12:21:50] /shop/cate-481-119-10-1-2-1-0-0-0.html ( act=search&op=index ) 
ERR: Db Error: Unknown column 'goods_id' in 'where clause'
SELECT COUNT(*) AS nc_count FROM `shopwwi_goods_common` WHERE ( gc_id_3 = '481' ) AND ( brand_id = '119' ) AND ( is_own_shop = '1' ) AND ( goods_id IN ('100125','100130','100138') ) LIMIT 1  
[2016-02-04 12:21:53] /shop/cate-481-123-10-1-2-1-0-0-0.html ( act=search&op=index ) 
ERR: Db Error: Unknown column 'goods_id' in 'where clause'
SELECT COUNT(*) AS nc_count FROM `shopwwi_goods_common` WHERE ( gc_id_3 = '481' ) AND ( brand_id = '123' ) AND ( is_own_shop = '1' ) AND ( goods_id IN ('100125','100130','100138') ) LIMIT 1  
[2016-02-04 12:21:56] /shop/cate-481-0-10_6-1-2-1-0-0-0.html ( act=search&op=index ) 
ERR: Db Error: Unknown column 'goods_id' in 'where clause'
SELECT COUNT(*) AS nc_count FROM `shopwwi_goods_common` WHERE ( gc_id_3 = '481' ) AND ( is_own_shop = '1' ) AND ( goods_id IN('') ) LIMIT 1  
[2016-02-04 12:21:59] /shop/cate-481-138-10-1-2-1-0-0-0.html ( act=search&op=index ) 
ERR: Db Error: Unknown column 'goods_id' in 'where clause'
SELECT COUNT(*) AS nc_count FROM `shopwwi_goods_common` WHERE ( gc_id_3 = '481' ) AND ( brand_id = '138' ) AND ( is_own_shop = '1' ) AND ( goods_id IN ('100125','100130','100138') ) LIMIT 1  
[2016-02-04 12:22:02] /shop/cate-481-0-10_1-1-2-1-0-0-0.html ( act=search&op=index ) 
ERR: Db Error: Unknown column 'goods_id' in 'where clause'
SELECT COUNT(*) AS nc_count FROM `shopwwi_goods_common` WHERE ( gc_id_3 = '481' ) AND ( is_own_shop = '1' ) AND ( goods_id IN('') ) LIMIT 1  
[2016-02-04 12:22:05] /shop/cate-481-0-10_20-1-2-1-0-0-0.html ( act=search&op=index ) 
ERR: Db Error: Unknown column 'goods_id' in 'where clause'
SELECT COUNT(*) AS nc_count FROM `shopwwi_goods_common` WHERE ( gc_id_3 = '481' ) AND ( is_own_shop = '1' ) AND ( goods_id IN('') ) LIMIT 1  
[2016-02-04 12:22:08] /shop/cate-481-0-10_22-1-2-1-0-0-0.html ( act=search&op=index ) 
ERR: Db Error: Unknown column 'goods_id' in 'where clause'
SELECT COUNT(*) AS nc_count FROM `shopwwi_goods_common` WHERE ( gc_id_3 = '481' ) AND ( is_own_shop = '1' ) AND ( goods_id IN ('100125','100130') ) LIMIT 1  
[2016-02-04 12:22:11] /shop/cate-481-0-10_21-1-2-1-0-0-0.html ( act=search&op=index ) 
ERR: Db Error: Unknown column 'goods_id' in 'where clause'
SELECT COUNT(*) AS nc_count FROM `shopwwi_goods_common` WHERE ( gc_id_3 = '481' ) AND ( is_own_shop = '1' ) AND ( goods_id IN ('100138') ) LIMIT 1  
[2016-02-04 12:22:15] /shop/cate-481-0-10_12-1-2-1-0-0-0.html ( act=search&op=index ) 
ERR: Db Error: Unknown column 'goods_id' in 'where clause'
SELECT COUNT(*) AS nc_count FROM `shopwwi_goods_common` WHERE ( gc_id_3 = '481' ) AND ( is_own_shop = '1' ) AND ( goods_id IN ('100125','100138') ) LIMIT 1  
[2016-02-04 12:22:18] /shop/cate-481-0-10_18-1-2-1-0-0-0.html ( act=search&op=index ) 
ERR: Db Error: Unknown column 'goods_id' in 'where clause'
SELECT COUNT(*) AS nc_count FROM `shopwwi_goods_common` WHERE ( gc_id_3 = '481' ) AND ( is_own_shop = '1' ) AND ( goods_id IN('') ) LIMIT 1  
[2016-02-04 12:22:21] /shop/cate-481-0-10_15-1-2-1-0-0-0.html ( act=search&op=index ) 
ERR: Db Error: Unknown column 'goods_id' in 'where clause'
SELECT COUNT(*) AS nc_count FROM `shopwwi_goods_common` WHERE ( gc_id_3 = '481' ) AND ( is_own_shop = '1' ) AND ( goods_id IN('') ) LIMIT 1  
[2016-02-04 12:22:25] /shop/cate-481-0-10_25-1-2-1-0-0-0.html ( act=search&op=index ) 
ERR: Db Error: Unknown column 'goods_id' in 'where clause'
SELECT COUNT(*) AS nc_count FROM `shopwwi_goods_common` WHERE ( gc_id_3 = '481' ) AND ( is_own_shop = '1' ) AND ( goods_id IN ('100130') ) LIMIT 1  
[2016-02-04 12:24:05] /shop/cate-481-139-10-3-2-1-0-0-0.html ( act=search&op=index ) 
ERR: Db Error: Unknown column 'goods_id' in 'where clause'
SELECT COUNT(*) AS nc_count FROM `shopwwi_goods_common` WHERE ( gc_id_3 = '481' ) AND ( brand_id = '139' ) AND ( is_own_shop = '1' ) AND ( goods_id IN ('100125','100130','100138') ) LIMIT 1  
[2016-02-04 12:27:55] /shop/cate-481-0-10_25-1-2-0-0-0-0.html ( act=search&op=index ) 
ERR: Db Error: Unknown column 'goods_id' in 'where clause'
SELECT COUNT(*) AS nc_count FROM `shopwwi_goods_common` WHERE ( gc_id_3 = '481' ) AND ( goods_id IN ('100130') ) LIMIT 1  
[2016-02-04 12:31:39] /shop/cate-481-0-10_25_4-1-2-1-0-0-0.html ( act=search&op=index ) 
ERR: Db Error: Unknown column 'goods_id' in 'where clause'
SELECT COUNT(*) AS nc_count FROM `shopwwi_goods_common` WHERE ( gc_id_3 = '481' ) AND ( is_own_shop = '1' ) AND ( goods_id IN ('100130') ) LIMIT 1  
[2016-02-04 12:46:38] /shop/cate-526-133-4_10-0-0-0-0-0-0.html ( act=search&op=index ) 
ERR: Db Error: Unknown column 'goods_id' in 'where clause'
SELECT COUNT(*) AS nc_count FROM `shopwwi_goods_common` WHERE ( gc_id_3 = '526' ) AND ( brand_id = '133' ) AND ( goods_id IN ('100130') ) LIMIT 1  
[2016-02-04 13:05:41] /shop/cate-724-0-0-2-2-1-1-0-0.html ( act=search&op=index ) 
ERR: Db Error: Unknown column 'have_gift' in 'where clause'
SELECT COUNT(*) AS nc_count FROM `shopwwi_goods_common` WHERE ( gc_id_3 = '724' ) AND ( is_own_shop = '1' ) AND ( have_gift = '1' ) LIMIT 1  
[2016-02-04 13:13:02] /shop/cate-724-0-0-2-2-1-1-1-0.html ( act=search&op=index ) 
ERR: Db Error: Unknown column 'have_gift' in 'where clause'
SELECT COUNT(*) AS nc_count FROM `shopwwi_goods_common` WHERE ( gc_id_3 = '724' ) AND ( areaid_1 = '1' ) AND ( is_own_shop = '1' ) AND ( have_gift = '1' ) LIMIT 1  
[2016-02-04 13:17:46] /shop/cate-724-0-0-1-2-1-1-1-0.html ( act=search&op=index ) 
ERR: Db Error: Unknown column 'have_gift' in 'where clause'
SELECT COUNT(*) AS nc_count FROM `shopwwi_goods_common` WHERE ( gc_id_3 = '724' ) AND ( areaid_1 = '1' ) AND ( is_own_shop = '1' ) AND ( have_gift = '1' ) LIMIT 1  
[2016-02-04 13:19:02] /shop/cate-724-0-0-3-2-1-1-1-0.html ( act=search&op=index ) 
ERR: Db Error: Unknown column 'have_gift' in 'where clause'
SELECT COUNT(*) AS nc_count FROM `shopwwi_goods_common` WHERE ( gc_id_3 = '724' ) AND ( areaid_1 = '1' ) AND ( is_own_shop = '1' ) AND ( have_gift = '1' ) LIMIT 1  
[2016-02-04 13:22:14] /shop/cate-724-0-0-0-0-1-1-1-0.html ( act=search&op=index ) 
ERR: Db Error: Unknown column 'have_gift' in 'where clause'
SELECT COUNT(*) AS nc_count FROM `shopwwi_goods_common` WHERE ( gc_id_3 = '724' ) AND ( areaid_1 = '1' ) AND ( is_own_shop = '1' ) AND ( have_gift = '1' ) LIMIT 1  
[2016-02-04 13:24:37] /shop/cate-724-0-0-1-2-1-1-4-0.html ( act=search&op=index ) 
ERR: Db Error: Unknown column 'have_gift' in 'where clause'
SELECT COUNT(*) AS nc_count FROM `shopwwi_goods_common` WHERE ( gc_id_3 = '724' ) AND ( areaid_1 = '4' ) AND ( is_own_shop = '1' ) AND ( have_gift = '1' ) LIMIT 1  
[2016-02-04 13:28:24] /shop/cate-724-0-0-1-1-1-1-4-0.html ( act=search&op=index ) 
ERR: Db Error: Unknown column 'have_gift' in 'where clause'
SELECT COUNT(*) AS nc_count FROM `shopwwi_goods_common` WHERE ( gc_id_3 = '724' ) AND ( areaid_1 = '4' ) AND ( is_own_shop = '1' ) AND ( have_gift = '1' ) LIMIT 1  
[2016-02-04 13:32:17] /shop/cate-724-0-0-1-2-0-1-4-0.html ( act=search&op=index ) 
ERR: Db Error: Unknown column 'have_gift' in 'where clause'
SELECT COUNT(*) AS nc_count FROM `shopwwi_goods_common` WHERE ( gc_id_3 = '724' ) AND ( areaid_1 = '4' ) AND ( have_gift = '1' ) LIMIT 1  
[2016-02-04 13:35:26] /shop/cate-526-122-4_10-0-0-0-0-0-0.html ( act=search&op=index ) 
ERR: Db Error: Unknown column 'goods_id' in 'where clause'
SELECT COUNT(*) AS nc_count FROM `shopwwi_goods_common` WHERE ( gc_id_3 = '526' ) AND ( brand_id = '122' ) AND ( goods_id IN ('100130') ) LIMIT 1  
[2016-02-04 13:35:58] /shop/cate-724-0-0-0-0-0-1-4-0.html ( act=search&op=index ) 
ERR: Db Error: Unknown column 'have_gift' in 'where clause'
SELECT COUNT(*) AS nc_count FROM `shopwwi_goods_common` WHERE ( gc_id_3 = '724' ) AND ( areaid_1 = '4' ) AND ( have_gift = '1' ) LIMIT 1  
[2016-02-04 13:39:45] /shop/cate-724-0-0-0-0-0-1-8-0.html ( act=search&op=index ) 
ERR: Db Error: Unknown column 'have_gift' in 'where clause'
SELECT COUNT(*) AS nc_count FROM `shopwwi_goods_common` WHERE ( gc_id_3 = '724' ) AND ( areaid_1 = '8' ) AND ( have_gift = '1' ) LIMIT 1  
[2016-02-04 13:43:32] /shop/cate-724-0-0-2-2-0-1-8-0.html ( act=search&op=index ) 
ERR: Db Error: Unknown column 'have_gift' in 'where clause'
SELECT COUNT(*) AS nc_count FROM `shopwwi_goods_common` WHERE ( gc_id_3 = '724' ) AND ( areaid_1 = '8' ) AND ( have_gift = '1' ) LIMIT 1  
[2016-02-04 13:47:19] /shop/cate-724-0-0-3-2-0-1-8-0.html ( act=search&op=index ) 
ERR: Db Error: Unknown column 'have_gift' in 'where clause'
SELECT COUNT(*) AS nc_count FROM `shopwwi_goods_common` WHERE ( gc_id_3 = '724' ) AND ( areaid_1 = '8' ) AND ( have_gift = '1' ) LIMIT 1  
[2016-02-04 13:47:38] /shop/cate-526-0-25_1-0-0-0-0-10-0.html ( act=search&op=index ) 
ERR: Db Error: Unknown column 'goods_id' in 'where clause'
SELECT COUNT(*) AS nc_count FROM `shopwwi_goods_common` WHERE ( gc_id_3 = '526' ) AND ( areaid_1 = '10' ) AND ( goods_id IN ('100093') ) LIMIT 1  
[2016-02-04 13:54:47] /shop/cate-724-0-0-2-2-0-1-5-0.html ( act=search&op=index ) 
ERR: Db Error: Unknown column 'have_gift' in 'where clause'
SELECT COUNT(*) AS nc_count FROM `shopwwi_goods_common` WHERE ( gc_id_3 = '724' ) AND ( areaid_1 = '5' ) AND ( have_gift = '1' ) LIMIT 1  
[2016-02-04 13:59:41] /circle/ ( act=index&op=index ) 
ERR: Db Error: Unknown table 'shopwwi.circle'
SELECT circle.*, is_hot*rand() as rand FROM `shopwwi_circle` WHERE ( circle_status = '1' ) AND ( is_hot = '1' ) ORDER BY rand desc LIMIT 3  
[2016-02-04 13:59:41] /circle/ ( act=index&op=index ) 
ERR: Db Error: Unknown table 'shopwwi.circle'
SELECT circle.*, is_recommend*rand() as rand FROM `shopwwi_circle` WHERE ( circle_status = '1' ) AND ( is_recommend = '1' ) ORDER BY rand desc LIMIT 20  
[2016-02-04 13:59:41] /circle/ ( act=index&op=index ) 
ERR: Db Error: Unknown table 'shopwwi.circle_theme'
SELECT circle_theme.*, is_recommend*rand() as rand FROM `shopwwi_circle_theme` WHERE ( has_affix = '1' ) AND ( is_closed = '0' ) AND ( is_recommend = '1' ) ORDER BY rand desc LIMIT 8  
[2016-02-04 13:59:41] /circle/ ( act=index&op=index ) 
ERR: Db Error: Unknown table 'shopwwi.circle_member'
SELECT circle_member.*, is_recommend*rand() as rand FROM `shopwwi_circle_member` WHERE ( is_recommend = '1' ) ORDER BY rand desc LIMIT 5  
[2016-02-04 13:59:50] /shop/cate-480-136-25-0-0-0-0-13-0.html ( act=search&op=index ) 
ERR: Db Error: Unknown column 'goods_id' in 'where clause'
SELECT COUNT(*) AS nc_count FROM `shopwwi_goods_common` WHERE ( gc_id_3 = '480' ) AND ( brand_id = '136' ) AND ( areaid_1 = '13' ) AND ( goods_id IN ('100093','100094','100096','100097','100098','100099','100100','100102','100103','100104','100105','100106','100107','100108','100109','100110','100111','100113','100114','100115','100118','100120','100121','100123','100126','100127','100130','100131','100136','100137','100139','100140','100141','100142','100145','100146') ) LIMIT 1  
[2016-02-04 14:01:37] /circle/ ( act=index&op=index ) 
ERR: Db Error: Unknown table 'shopwwi.circle'
SELECT circle.*, is_hot*rand() as rand FROM `shopwwi_circle` WHERE ( circle_status = '1' ) AND ( is_hot = '1' ) ORDER BY rand desc LIMIT 3  
[2016-02-04 14:01:37] /circle/ ( act=index&op=index ) 
ERR: Db Error: Unknown table 'shopwwi.circle'
SELECT circle.*, is_recommend*rand() as rand FROM `shopwwi_circle` WHERE ( circle_status = '1' ) AND ( is_recommend = '1' ) ORDER BY rand desc LIMIT 20  
[2016-02-04 14:01:37] /circle/ ( act=index&op=index ) 
ERR: Db Error: Unknown table 'shopwwi.circle_theme'
SELECT circle_theme.*, is_recommend*rand() as rand FROM `shopwwi_circle_theme` WHERE ( has_affix = '1' ) AND ( is_closed = '0' ) AND ( is_recommend = '1' ) ORDER BY rand desc LIMIT 8  
[2016-02-04 14:01:37] /circle/ ( act=index&op=index ) 
ERR: Db Error: Unknown table 'shopwwi.circle_member'
SELECT circle_member.*, is_recommend*rand() as rand FROM `shopwwi_circle_member` WHERE ( is_recommend = '1' ) ORDER BY rand desc LIMIT 5  
[2016-02-04 14:48:36] /shop/cate-526-0-25-0-0-0-0-10-0.html ( act=search&op=index ) 
ERR: Db Error: Unknown column 'goods_id' in 'where clause'
SELECT COUNT(*) AS nc_count FROM `shopwwi_goods_common` WHERE ( gc_id_3 = '526' ) AND ( areaid_1 = '10' ) AND ( goods_id IN ('100093','100094','100096','100097','100098','100099','100100','100102','100103','100104','100105','100106','100107','100108','100109','100110','100111','100113','100114','100115','100118','100120','100121','100123','100126','100127','100130','100131','100136','100137','100139','100140','100141','100142','100145','100146') ) LIMIT 1  
[2016-02-04 14:49:47] /circle/ ( act=index&op=index ) 
ERR: Db Error: Unknown table 'shopwwi.circle'
SELECT circle.*, is_hot*rand() as rand FROM `shopwwi_circle` WHERE ( circle_status = '1' ) AND ( is_hot = '1' ) ORDER BY rand desc LIMIT 3  
[2016-02-04 14:49:47] /circle/ ( act=index&op=index ) 
ERR: Db Error: Unknown table 'shopwwi.circle'
SELECT circle.*, is_recommend*rand() as rand FROM `shopwwi_circle` WHERE ( circle_status = '1' ) AND ( is_recommend = '1' ) ORDER BY rand desc LIMIT 20  
[2016-02-04 14:49:47] /circle/ ( act=index&op=index ) 
ERR: Db Error: Unknown table 'shopwwi.circle_theme'
SELECT circle_theme.*, is_recommend*rand() as rand FROM `shopwwi_circle_theme` WHERE ( has_affix = '1' ) AND ( is_closed = '0' ) AND ( is_recommend = '1' ) ORDER BY rand desc LIMIT 8  
[2016-02-04 14:49:47] /circle/ ( act=index&op=index ) 
ERR: Db Error: Unknown table 'shopwwi.circle_member'
SELECT circle_member.*, is_recommend*rand() as rand FROM `shopwwi_circle_member` WHERE ( is_recommend = '1' ) ORDER BY rand desc LIMIT 5  
[2016-02-04 15:34:46] /shop/cate-480-142-6-0-0-0-0-11-0.html ( act=search&op=index ) 
ERR: Db Error: Unknown column 'goods_id' in 'where clause'
SELECT COUNT(*) AS nc_count FROM `shopwwi_goods_common` WHERE ( gc_id_3 = '480' ) AND ( brand_id = '142' ) AND ( areaid_1 = '11' ) AND ( goods_id IN('') ) LIMIT 1  
[2016-02-04 16:20:55] /shop/cate-480-0-23_1_12-0-0-0-0-0-0.html ( act=search&op=index ) 
ERR: Db Error: Unknown column 'goods_id' in 'where clause'
SELECT COUNT(*) AS nc_count FROM `shopwwi_goods_common` WHERE ( gc_id_3 = '480' ) AND ( goods_id IN ('100093') ) LIMIT 1  
[2016-02-04 16:44:00] /shop/cate-496-0-18_10-0-0-0-0-10-0.html ( act=search&op=index ) 
ERR: Db Error: Unknown column 'goods_id' in 'where clause'
SELECT COUNT(*) AS nc_count FROM `shopwwi_goods_common` WHERE ( gc_id_3 = '496' ) AND ( areaid_1 = '10' ) AND ( goods_id IN('') ) LIMIT 1  
[2016-02-04 17:09:33] /circle/ ( act=index&op=index ) 
ERR: Db Error: Unknown table 'shopwwi.circle'
SELECT circle.*, is_hot*rand() as rand FROM `shopwwi_circle` WHERE ( circle_status = '1' ) AND ( is_hot = '1' ) ORDER BY rand desc LIMIT 3  
[2016-02-04 17:09:33] /circle/ ( act=index&op=index ) 
ERR: Db Error: Unknown table 'shopwwi.circle'
SELECT circle.*, is_recommend*rand() as rand FROM `shopwwi_circle` WHERE ( circle_status = '1' ) AND ( is_recommend = '1' ) ORDER BY rand desc LIMIT 20  
[2016-02-04 17:09:33] /circle/ ( act=index&op=index ) 
ERR: Db Error: Unknown table 'shopwwi.circle_theme'
SELECT circle_theme.*, is_recommend*rand() as rand FROM `shopwwi_circle_theme` WHERE ( has_affix = '1' ) AND ( is_closed = '0' ) AND ( is_recommend = '1' ) ORDER BY rand desc LIMIT 8  
[2016-02-04 17:09:33] /circle/ ( act=index&op=index ) 
ERR: Db Error: Unknown table 'shopwwi.circle_member'
SELECT circle_member.*, is_recommend*rand() as rand FROM `shopwwi_circle_member` WHERE ( is_recommend = '1' ) ORDER BY rand desc LIMIT 5  
[2016-02-04 17:31:53] /circle/ ( act=index&op=index ) 
ERR: Db Error: Unknown table 'shopwwi.circle'
SELECT circle.*, is_hot*rand() as rand FROM `shopwwi_circle` WHERE ( circle_status = '1' ) AND ( is_hot = '1' ) ORDER BY rand desc LIMIT 3  
[2016-02-04 17:31:53] /circle/ ( act=index&op=index ) 
ERR: Db Error: Unknown table 'shopwwi.circle'
SELECT circle.*, is_recommend*rand() as rand FROM `shopwwi_circle` WHERE ( circle_status = '1' ) AND ( is_recommend = '1' ) ORDER BY rand desc LIMIT 20  
[2016-02-04 17:31:53] /circle/ ( act=index&op=index ) 
ERR: Db Error: Unknown table 'shopwwi.circle_theme'
SELECT circle_theme.*, is_recommend*rand() as rand FROM `shopwwi_circle_theme` WHERE ( has_affix = '1' ) AND ( is_closed = '0' ) AND ( is_recommend = '1' ) ORDER BY rand desc LIMIT 8  
[2016-02-04 17:31:53] /circle/ ( act=index&op=index ) 
ERR: Db Error: Unknown table 'shopwwi.circle_member'
SELECT circle_member.*, is_recommend*rand() as rand FROM `shopwwi_circle_member` WHERE ( is_recommend = '1' ) ORDER BY rand desc LIMIT 5  
[2016-02-04 18:29:25] /shop/cate-494-0-12_10-0-0-0-0-0-0.html ( act=search&op=index ) 
ERR: Db Error: Unknown column 'goods_id' in 'where clause'
SELECT COUNT(*) AS nc_count FROM `shopwwi_goods_common` WHERE ( gc_id_3 = '494' ) AND ( goods_id IN ('100125','100138') ) LIMIT 1  
[2016-02-04 18:55:45] /shop/cate-526-137-14-0-0-0-0-0-0.html ( act=search&op=index ) 
ERR: Db Error: Unknown column 'goods_id' in 'where clause'
SELECT COUNT(*) AS nc_count FROM `shopwwi_goods_common` WHERE ( gc_id_3 = '526' ) AND ( brand_id = '137' ) AND ( goods_id IN ('100111','100112','100114','100121','100122','100128','100142') ) LIMIT 1  
[2016-02-04 19:16:46] /shop/cate-480-0-20_1-0-0-0-0-10-0.html ( act=search&op=index ) 
ERR: Db Error: Unknown column 'goods_id' in 'where clause'
SELECT COUNT(*) AS nc_count FROM `shopwwi_goods_common` WHERE ( gc_id_3 = '480' ) AND ( areaid_1 = '10' ) AND ( goods_id IN('') ) LIMIT 1  
[2016-02-04 19:58:48] /shop/cate-526-116-4_10-0-0-0-0-0-0.html ( act=search&op=index ) 
ERR: Db Error: Unknown column 'goods_id' in 'where clause'
SELECT COUNT(*) AS nc_count FROM `shopwwi_goods_common` WHERE ( gc_id_3 = '526' ) AND ( brand_id = '116' ) AND ( goods_id IN ('100130') ) LIMIT 1  
[2016-02-04 20:19:48] /shop/cate-480-113-6_11-0-0-0-0-0-0.html ( act=search&op=index ) 
ERR: Db Error: Unknown column 'goods_id' in 'where clause'
SELECT COUNT(*) AS nc_count FROM `shopwwi_goods_common` WHERE ( gc_id_3 = '480' ) AND ( brand_id = '113' ) AND ( goods_id IN('') ) LIMIT 1  
[2016-02-04 20:56:22] /shop/cate-526-135-4_10-0-0-0-0-0-0.html ( act=search&op=index ) 
ERR: Db Error: Unknown column 'goods_id' in 'where clause'
SELECT COUNT(*) AS nc_count FROM `shopwwi_goods_common` WHERE ( gc_id_3 = '526' ) AND ( brand_id = '135' ) AND ( goods_id IN ('100130') ) LIMIT 1  
[2016-02-04 21:11:55] /shop/cate-480-0-22_1-0-0-0-0-10-0.html ( act=search&op=index ) 
ERR: Db Error: Unknown column 'goods_id' in 'where clause'
SELECT COUNT(*) AS nc_count FROM `shopwwi_goods_common` WHERE ( gc_id_3 = '480' ) AND ( areaid_1 = '10' ) AND ( goods_id IN('') ) LIMIT 1  
[2016-02-04 21:27:28] /shop/cate-526-136-4_10-0-0-0-0-0-0.html ( act=search&op=index ) 
ERR: Db Error: Unknown column 'goods_id' in 'where clause'
SELECT COUNT(*) AS nc_count FROM `shopwwi_goods_common` WHERE ( gc_id_3 = '526' ) AND ( brand_id = '136' ) AND ( goods_id IN ('100130') ) LIMIT 1  
[2016-02-04 21:39:18] /circle/ ( act=index&op=index ) 
ERR: Db Error: Unknown table 'shopwwi.circle'
SELECT circle.*, is_hot*rand() as rand FROM `shopwwi_circle` WHERE ( circle_status = '1' ) AND ( is_hot = '1' ) ORDER BY rand desc LIMIT 3  
[2016-02-04 21:39:18] /circle/ ( act=index&op=index ) 
ERR: Db Error: Unknown table 'shopwwi.circle'
SELECT circle.*, is_recommend*rand() as rand FROM `shopwwi_circle` WHERE ( circle_status = '1' ) AND ( is_recommend = '1' ) ORDER BY rand desc LIMIT 20  
[2016-02-04 21:39:18] /circle/ ( act=index&op=index ) 
ERR: Db Error: Unknown table 'shopwwi.circle_theme'
SELECT circle_theme.*, is_recommend*rand() as rand FROM `shopwwi_circle_theme` WHERE ( has_affix = '1' ) AND ( is_closed = '0' ) AND ( is_recommend = '1' ) ORDER BY rand desc LIMIT 8  
[2016-02-04 21:39:18] /circle/ ( act=index&op=index ) 
ERR: Db Error: Unknown table 'shopwwi.circle_member'
SELECT circle_member.*, is_recommend*rand() as rand FROM `shopwwi_circle_member` WHERE ( is_recommend = '1' ) ORDER BY rand desc LIMIT 5  
[2016-02-04 21:43:01] /shop/cate-478-116-13-0-0-0-0-0-0.html ( act=search&op=index ) 
ERR: Db Error: Unknown column 'goods_id' in 'where clause'
SELECT COUNT(*) AS nc_count FROM `shopwwi_goods_common` WHERE ( gc_id_3 = '478' ) AND ( brand_id = '116' ) AND ( goods_id IN ('100095','100096','100098','100099','100100','100101','100104','100105','100106','100108','100113','100115','100116','100117','100118','100120','100123','100124','100127','100129','100130','100133','100136','100137','100139','100140','100141') ) LIMIT 1  
[2016-02-04 21:58:34] /shop/cate-526-140-14-0-0-0-0-0-0.html ( act=search&op=index ) 
ERR: Db Error: Unknown column 'goods_id' in 'where clause'
SELECT COUNT(*) AS nc_count FROM `shopwwi_goods_common` WHERE ( gc_id_3 = '526' ) AND ( brand_id = '140' ) AND ( goods_id IN ('100111','100112','100114','100121','100122','100128','100142') ) LIMIT 1  
[2016-02-04 22:29:39] /shop/cate-480-139-23_12-0-0-0-0-0-0.html ( act=search&op=index ) 
ERR: Db Error: Unknown column 'goods_id' in 'where clause'
SELECT COUNT(*) AS nc_count FROM `shopwwi_goods_common` WHERE ( gc_id_3 = '480' ) AND ( brand_id = '139' ) AND ( goods_id IN ('100093') ) LIMIT 1  
[2016-02-04 23:35:59] /circle/ ( act=index&op=index ) 
ERR: Db Error: Unknown table 'shopwwi.circle'
SELECT circle.*, is_hot*rand() as rand FROM `shopwwi_circle` WHERE ( circle_status = '1' ) AND ( is_hot = '1' ) ORDER BY rand desc LIMIT 3  
[2016-02-04 23:35:59] /circle/ ( act=index&op=index ) 
ERR: Db Error: Unknown table 'shopwwi.circle'
SELECT circle.*, is_recommend*rand() as rand FROM `shopwwi_circle` WHERE ( circle_status = '1' ) AND ( is_recommend = '1' ) ORDER BY rand desc LIMIT 20  
[2016-02-04 23:35:59] /circle/ ( act=index&op=index ) 
ERR: Db Error: Unknown table 'shopwwi.circle_theme'
SELECT circle_theme.*, is_recommend*rand() as rand FROM `shopwwi_circle_theme` WHERE ( has_affix = '1' ) AND ( is_closed = '0' ) AND ( is_recommend = '1' ) ORDER BY rand desc LIMIT 8  
[2016-02-04 23:35:59] /circle/ ( act=index&op=index ) 
ERR: Db Error: Unknown table 'shopwwi.circle_member'
SELECT circle_member.*, is_recommend*rand() as rand FROM `shopwwi_circle_member` WHERE ( is_recommend = '1' ) ORDER BY rand desc LIMIT 5  
[2016-02-04 23:41:42] /shop/cate-526-127-4_10-0-0-0-0-0-0.html ( act=search&op=index ) 
ERR: Db Error: Unknown column 'goods_id' in 'where clause'
SELECT COUNT(*) AS nc_count FROM `shopwwi_goods_common` WHERE ( gc_id_3 = '526' ) AND ( brand_id = '127' ) AND ( goods_id IN ('100130') ) LIMIT 1  
